0
0
13
0
23
9
<
g

g




;
K;a <aaN`a;gKgNg

g`a`
a
 a;g
g



<
g

g




;
K;a <aaN`a;gKgNg

g`a`
a
 a;g
g

 u


31
<
g

g




;
K;a <aaN`a;gKgNg

g`a`
a
 a;g
g

 u
c

a
K
1
<
g

g




;
K;a <aaN`a;gKgNg

g`a`
a
 a;g
g

 u
c

a
gg`K
g
K
gg<`ac 
0
<
g

g




;
K;a <aaN`a;gKgNg

g`a`
a
 a;g
g

 u
c

a
gg`K
gg
gg
gaNu
g
gg<`ac 
18
57
0
0
0
<
g

g




;
K;a <aaN`a;gKgNg

g`a`
a
 a;g
g

 u
c

a
gg`K
gg
g
;g cN
 g
g

g
a

NgK
;
KNgu;KNgu` g `
a
g<`ac 
0
70
0
<
g

g




;
K;a <aaN`a;gKgNg

g`a`
a
 a;g
g

 u
c

a
gg`K
gg
g
;g cN
 g
g

g
a

NgK
;
KNgu;KN<;
;N
a
 <
g;
 
N;<
gg;g;auu` g < <`c
;;g;auu` g < <`Kg<`ac 
< 
0
109
109
0
114
<
g

g




;
K;a <aaN`a;gKgNg

g`a`
a
 a;g
g

 u
c

a
gg`K
gg
g
;g cN
 g
g

g
a

NgK
;
KNgu;KN<;
;N
a
 <
g;
 
N;<
gg;g;auu` g < <`c
;;g;auu` g < <`Kg<`ac 
<Nc

N
cu
Nu;
<;guga<KN<`c<`Kggu

K
18
<
g

g




;
K;a <aaN`a;gKgNg

g`a`
a
 a;g
g

 u
c

a
gg`K
gg
g
;g cN
 g
g

g
a

NgK
;
KNgu;KN<;
;N
a
 <
g;
 
N;<
gg;g;auu` g < <`c
;;g;auu` g < <`Kg<`ac 
<Nc

N
cu
Nu;
<;g N;g`
119
123
0
15
12
<
g

g




;
K;a <aaN`a;gKgNg

g`a`
a
 a;g
g

 u
c

a
gg`K
gg
g
;g cN
 g
g

g
a

NgK
;
KNgu;KN<;
;N
a
 <
g;
 
N;<
gg;g;auu` g < <`c
;;g;auu` g < <`Kg<`ac 
<Nc

N
cucNu;  <K
gg;

 
cgN

Kg
Kg` <a

; a;`;
uag;  <
ug u;
141
<
g

g




;
K;a <aaN`a;gKgNg

g`a`
a
 a;g
g

 u
c

a
gg`K
gg
g
;g cN
 g
g

g
a

NgK
;
KNgu;KN<;
;N
a
 <
g;
 
N;<
gg;g;auu` g < <`c
;;g;auu` g < <`Kg<`ac 
<Nc

N
cucNu;  <K
gg;

 
cgN

Kg
K` <a
aK<cucug u;<<
 N
ua
ua;``u;`;
uag;  <
ug u;
<
g

g




;
K;a <aaN`a;gKgNg

g`a`
a
 a;g
g

 u
c

a
gg`K
gg
g
;g cN
 g
g

g
a

NgK
;
KNgu;KN<;
;N
a
 <
g;
 
N;<
gg;g;auu` g < <`c
;;g;auu` g < <`Kg<`ac 
<Nc

N
cucNu;  <K
gg;

 
cgN

Kg
K` <a
aK<cucug u;<<
 N
ua
KggNauag;  <a;K
Nuag;  <
c;<;<a
acNg u;
0
<
g

g




;
K;a <aaN`a;gKgNg

g`a`
a
 a;g
g

 u
c

a
gg`K
gg
g
;g cN
 g
g

g
a

NgK
;
KNgu;KN<;
;N
a
 <
g;
 
N;<
gg;g;auu` g < <`c
;;g;auu` g < <`Kg<`ac 
<Nc

N
cucNu;  <K
gg;

 
cgN

Kg
K` <a
aK<cucug u;<<
 N
ua
KggNauag;  <a;K
N
K;
Naag;  <
c;<;<a
acNg u;
<
g

g




;
K;a <aaN`a;gKgNg

g`a`
a
 a;g
g

 u
c

a
gg`K
gg
g
;g cN
 g
g

g
a

NgK
;
KNgu;KN<;
;N
a
 <
g;
 
N;<
gg;g;auu` g < <`c
;;g;auu` g < <`Kg<`ac 
<Nc

N
cucNu;  <K
gg;

 
cgN

Kg
K` <a
aK<cucug u;<<
 N
ua
KggNauag;  <a;K
N
K;
Naag;  <a <
 g`

c;<;<a
acNg u;
177
<
g

g




;
K;a <aaN`a;gKgNg

g`a`
a
 a;g
g

 u
c

a
gg`K
gg
g
;g cN
 g
g

g
a

NgK
;
KNgu;KN<;
;N
a
 <
g;
 
N;<
gg;g;auu` g < <`c
;;g;auu` g < <`Kg<`ac 
<Nc

N
cucNu;  <K
gg;

 
cgN

Kg
K` <a
aK<cucug u;<<
 N
ua
KggNauag;  <a;K
N
K;
Naag;  <a <
 g`

<;<a
acNg u;
<
g

g




;
K;a <aaN`a;gKgNg

g`a`
a
 a;g
g

 u
c

a
gg`K
gg
g
;g cN
 g
g

g
a

NgK
;
KNgu;KN<;
;N
a
 <
g;
 
N;<
gg;g;auu` g < <`c
;;g;auu` g < <`Kg<`ac 
<Nc

N
cucNu;  <K
gg;

 
cgN

Kg
K` <a
aK<cucug u;<<
 N
ua
KggNauag;  <a;K
N
K;
Naag;  <a <
 g`

K<;<a
a
cNg u;
<
g

g




;
K;a <aaN`a;gKgNg

g`a`
a
 a;g
g

 u
c

a
gg`K
gg
g
;g cN
 g
g

g
a

NgK
;
KNgu;KN<;
;N
a
 <
g;
 
N;<
gg;g;auu` g < <`c
;;g;auu` g < <`Kg<`ac 
<Nc

N
cucNu;  <K
gg;

 
cgN

Kg
K` <a
aK<cucug u;<<
 N
ua
KggNauag;  <a;K
N
K;
Naag;  <a <
 g`

K<;<a
a
a`Nguc
Ncg; u;KaNcg; u;
ag NN< g
0
209
209
<
g

g




;
K;a <aaN`a;gKgNg

g`a`
a
 a;g
g

 u
c

a
gg`K
gg
g
;g cN
 g
g

g
a

NgK
;
KNgu;KN<;
;N
a
 <
g;
 
N;<
gg;g;auu` g < <`c
;;g;auu` g < <`Kg<`ac 
<Nc

N
cucNu;  <K
gg;

 
cgN

Kg
K` <a
aK<cucug u;<<
 N
ua
KggNauag;  <a;K
N
K;
Naag;  <a <
 g`

K<;<a
a
a`Nguc`gg `gcg g NN< guNg; uKaNcg; u;
ag g NN< g
<
g

g




;
K;a <aaN`a;gKgNg

g`a`
a
 a;g
g

 u
c

a
gg`K
gg
g
;g cN
 g
g

g
a

NgK
;
KNgu;KN<;
;N
a
 <
g;
 
N;<
gg;g;auu` g < <`c
;;g;auu` g < <`Kg<`ac 
<Nc

N
cucNu;  <K
gg;

 
cgN

Kg
K` <a
aK<cucug u;<<
 N
ua
KggNauag;  <a;K
N
K;
Naag;  <a <
 g`

K<;<a
a
a`Nguc`gg `gc g g NN< guNg; uKaNcg; u;
ag g NN< g
<
g

g




;
K;a <aaN`a;gKgNg

g`a`
a
 a;g
g

 u
c

a
gg`K
gg
g
;g cN
 g
g

g
a

NgK
;
KNgu;KN<;
;N
a
 <
g;
 
N;<
gg;g;auu` g < <`c
;;g;auu` g < <`Kg<`ac 
<Nc

N
cucNu;  <K
gg;

 
cgN

Kg
K` <a
aK<cucug u;<<
 N
ua
KggNauag;  <a;K
N
K;
Naag;  <a <
 g`

K<;<a
a
a
g`Nguc`gg `gc g g NN< guNg; uKaNcg; u;
ag g NN< g
39
180
0
167
<
g

g




;
K;a <aaN`a;gKgNg

g`a`
a
 a;g
g

 u
c

a
gg`K
gg
g
;g cN
 g
g

g
a

NgK
;
KNgu;KN<;
;N
a
 <
g;
 
N;<
gg;g;auu` g < <`c
;;g;auu` g < <`Kg<`ac 
<Nc

N
cucNu;  <K
gg;

 
cgN

Kg
K` <a
aK<cucug u;<<
 N
ua
KggNauag;  <a;K
N
K;
Naag;  <a <
 g`

K
gg
K `uug
18
14
3
<
g

g




;
K;a <aaN`a;gKgNg

g`a`
a
 a;g
g

 u
c

a
gg`K
gg
g
;g cN
 g
g

g
a

NgK
;
KNgu;KN<;
;N
a
 <
g;
 
N;<
gg;g;auu` g < <`c
;;g;auu` g < <`Kg<`ac 
<Nc

N
cucNu;  <K
gg;

 
cgN

Kg
K` <a
aK<cucug u;<<
 N
ua
KggNauag;  <a;K
N
K;
Naag;  <a <
 g`

K<NNc<
cua

` Kga
g<;
a
K `uagg
<
g

g




;
K;a <aaN`a;gKgNg

g`a`
a
 a;g
g

 u
c

a
gg`K
gg
g
;g cN
 g
g

g
a

NgK
;
KNgu;KN<;
;N
a
 <
g;
 
N;<
gg;g;auu` g < <`c
;;g;auu` g < <`Kg<`ac 
<Nc

N
cucNu;  <K
gg;

 
cgN

Kg
K` <a
aK<cucug u;<<
 N
ua
KggNauag;  <a;K
N
K;
Naag;  <a <
 g`

K<NNc<
cua

` Kga
g<;
acKN
gu;gu

g `uagg;cK `uagg;Ng
 `uagg;;;



g `uagg;cK `uag
 
228
4
263
<
g

g




;
K;a <aaN`a;gKgNg

g`a`
a
 a;g
g

 u
c

a
gg`K
gg
g
;g cN
 g
g

g
a

NgK
;
KNgu;KN<;
;N
a
 <
g;
 
N;<
gg;g;auu` g < <`c
;;g;auu` g < <`Kg<`ac 
<Nc

N
cucNu;  <K
gg;

 
cgN

Kg
K` <a
aK<cucug u;<<
 N
ua
KggNauag;  <a;K
N
K;
Naag;  <a <
 g`

K<NNc<
cua

` Kga
g<;
acKN
gu;gu

g `uagg;cK `uagg;Ng
 `uagg;;;



g `uagg;cK `uag
 cc
Ngg `uagg;cK `uagg
 <gg`N 
<
;
;
guNK
`KgKgguaNu`gNg
<
g

g




;
K;a <aaN`a;gKgNg

g`a`
a
 a;g
g

 u
c

a
gg`K
gg
g
;g cN
 g
g

g
a

NgK
;
KNgu;KN<;
;N
a
 <
g;
 
N;<
gg;g;auu` g < <`c
;;g;auu` g < <`Kg<`ac 
<Nc

N
cucNu;  <K
gg;

 
cgN

Kg
K` <a
aK<cucug u;<<
 N
ua
KggNauag;  <a;K
N
K;
Naag;  <a <
 g`

K<NNc<
cua

` Kga
g<;
acKN
gu;gu

g `uagg;cK `uagg;Ng
 `uagg;;;



g `uagg;cK `uag
 cc
Ngg `uagg;cK `uagg
 <gg`N 
<
;
;
g<g

 a
uaNu`gNg
3
271
273
0
<
g

g




;
K;a <aaN`a;gKgNg

g`a`
a
 a;g
g

 u
c

a
gg`K
gg
g
;g cN
 g
g

g
a

NgK
;
KNgu;KN<;
;N
a
 <
g;
 
N;<
gg;g;auu` g < <`c
;;g;auu` g < <`Kg<`ac 
<Nc

N
cucNu;  <K
gg;

 
cgN

Kg
K` <a
aK<cucug u;<<
 N
ua
KggNauag;  <a;K
N
K;
Naag;  <a <
 g`

K<NNc<
cua

` Kga
g<;
acKN
gu;gu

g `uagg;cK `uagg;Ng
 `uagg;;;



g `uagg;cK `uag
 cc
Ngg `uagg;cK `uagg
 <gg`N 
<
;
;
g<g

 a
ua< 

N gu`
<g
c
<
g

g




;
K;a <aaN`a;gKgNg

g`a`
a
 a;g
g

 u
c

a
gg`K
gg
g
;g cN
 g
g

g
a

NgK
;
KNgu;KN<;
;N
a
 <
g;
 
N;<
gg;g;auu` g < <`c
;;g;auu` g < <`Kg<`ac 
<Nc

N
cucNu;  <K
gg;

 
cgN

Kg
K` <a
aK<cucug u;<<
 N
ua
KggNauag;  <a;K
N
K;
Naag;  <a <
 g`

K<NNc<
cua

` Kga
g<;
acKN
gu;gu

g `uagg;cK `uagg;Ng
 `uagg;;;



g `uagg;cK `uag
 cc
Ngg `uagg;cK `uagg
 <gg`N 
<
;
;
g<g

 a
ua< 

N gu`
<g`c
274
68
280
274
<
g

g




;
K;a <aaN`a;gKgNg

g`a`
a
 a;g
g

 u
c

a
gg`K
gg
g
;g cN
 g
g

g
a

NgK
;
KNgu;KN<;
;N
a
 <
g;
 
N;<
gg;g;auu` g < <`c
;;g;auu` g < <`Kg<`ac 
<Nc

N
cucNu;  <K
gg;

 
cgN

Kg
K` <a
aK<cucug u;<<
 N
ua
KggNauag;  <a;K
N
K;
Naag;  <a <
 g`

K<NNc<
cua

` Kga
g<;
acKN
gu;gu

g `uagg;cK `uagg;Ng
 `uagg;;;



g `uagg;cK `uag
 cc
Ngg `uagg;cK `uagg
 <gg`N 
<
;
;
g<g

 a
ua< 

N gu`
<g`cgNK

g
;aa
281
<
g

g




;
K;a <aaN`a;gKgNg

g`a`
a
 a;g
g

 u
c

a
gg`K
gg
g
;g cN
 g
g

g
a

NgK
;
KNgu;KN<;
;N
a
 <
g;
 
N;<
gg;g;auu` g < <`c
;;g;auu` g < <`Kg<`ac 
<Nc

N
cucNu;  <K
gg;

 
cgN

Kg
K` <a
aK<cucug u;<<
 N
ua
KggNauag;  <a;K
N
K;
Naag;  <a <
 g`

K<NNc<
cua

` Kga
g<;
acKN
gu;gu

g `uagg;cK `uagg;Ng
 `uagg;;;



g `uagg;cK `uag
 cc
Ngg `uagg;cK `uagg
 <gg`N 
<
;
;
g<g

 a
ua< 

N gu`
<g`cgNK
g

g`gc
69
<
g

g




;
K;a <aaN`a;gKgNg

g`a`
a
 a;g
g

 u
c

a
gg`K
gg
g
;g cN
 g
g

g
a

NgK
;
KNgu;KN<;
;N
a
 <
g;
 
N;<
gg;g;auu` g < <`c
;;g;auu` g < <`Kg<`ac 
<Nc

N
cucNu;  <K
gg;

 
cgN

Kg
K` <a
aK<cucug u;<<
 N
ua
KggNauag;  <a;K
N
K;
Naag;  <a <
 g`

K<NNc<
cua

` Kga
g<;
acKN
gu;gu

g `uagg;cK `uagg;Ng
 `uagg;;;



g `uagg;cK `uag
 cc
Ngg `uagg;cK `uagg
 <gg`N 
<
;
;
g<g

 a
ua< 

N gu`
<g`cgNK
g

g` u;
<ggc
<
g

g




;
K;a <aaN`a;gKgNg

g`a`
a
 a;g
g

 u
c

a
gg`K
gg
g
;g cN
 g
g

g
a

NgK
;
KNgu;KN<;
;N
a
 <
g;
 
N;<
gg;g;auu` g < <`c
;;g;auu` g < <`Kg<`ac 
<Nc

N
cucNu;  <K
gg;

 
cgN

Kg
K` <a
aK<cucug u;<<
 N
ua
KggNauag;  <a;K
N
K;
Naag;  <a <
 g`

K<NNc<
cua

` Kga
g<;
acKN
gu;gu

g `uagg;cK `uagg;Ng
 `uagg;;;



g `uagg;cK `uag
 cc
Ngg `uagg;cK `uagg
 <gg`N 
<
;
;
g<g

 a
ua< 

N gu`
<g`cgNK
g

g` u;
<gNc
26
<
g

g




;
K;a <aaN`a;gKgNg

g`a`
a
 a;g
g

 u
c

a
gg`K
gg
g
;g cN
 g
g

g
a

NgK
;
KNgu;KN<;
;N
a
 <
g;
 
N;<
gg;g;auu` g < <`c
;;g;auu` g < <`Kg<`ac 
<Nc

N
cucNu;  <K
gg;

 
cgN

Kg
K` <a
aK<cucug u;<<
 N
ua
KggNauag;  <a;K
N
K;
Naag;  <a <
 g`

K<NNc<
cua

` Kga
g<;
acKN
gu;gu

g `uagg;cK `uagg;Ng
 `uagg;;;



g `uagg;cK `uag
 cc
Ngg `uagg;cK `uagg
 <gg`N 
<
;
;
g<g

 a
ua< 

N gu`
<g`cgNK
g

g` u;
<gNg;aa<c
g
c
c

N<
0
26
<
g

g




;
K;a <aaN`a;gKgNg

g`a`
a
 a;g
g

 u
c

a
gg`K
gg
g
;g cN
 g
g

g
a

NgK
;
KNgu;KN<;
;N
a
 <
g;
 
N;<
gg;g;auu` g < <`c
;;g;auu` g < <`Kg<`ac 
<Nc

N
cucNu;  <K
gg;

 
cgN

Kg
K` <a
aK<cucug u;<<
 N
ua
KggNauag;  <a;K
N
K;
Naag;  <a <
 g`

K<NNc<
cua

` Kga
g<;
acKN
gu;gu

g `uagg;cK `uagg;Ng
 `uagg;;;



g `uagg;cK `uag
 cc
Ngg `uagg;cK `uagg
 <gg`N 
<
;
;
g<g

 a
ua< 

N gu`
<g`cgNK
g

g` u;
<gNg;aa<c
g
c
c

<;ccc
 ugNg;ca`
38
315
<
g

g




;
K;a <aaN`a;gKgNg

g`a`
a
 a;g
g

 u
c

a
gg`K
gg
g
;g cN
 g
g

g
a

NgK
;
KNgu;KN<;
;N
a
 <
g;
 
N;<
gg;g;auu` g < <`c
;;g;auu` g < <`Kg<`ac 
<Nc

N
cucNu;  <K
gg;

 
cgN

Kg
K` <a
aK<cucug u;<<
 N
ua
KggNauag;  <a;K
N
K;
Naag;  <a <
 g`

K<NNc<
cua

` Kga
g<;
acKN
gu;gu

g `uagg;cK `uagg;Ng
 `uagg;;;



g `uagg;cK `uag
 cc
Ngg `uagg;cK `uagg
 <gg`N 
<
;
;
g<g

 a
ua< 

N gu`
<g`cgNK
g

g` u;
<gNg;aa<c
g
c
c

<;
cccg
aauuNa ugNg;ca`K<gcgK
27
317
<
g

g




;
K;a <aaN`a;gKgNg

g`a`
a
 a;g
g

 u
c

a
gg`K
gg
g
;g cN
 g
g

g
a

NgK
;
KNgu;KN<;
;N
a
 <
g;
 
N;<
gg;g;auu` g < <`c
;;g;auu` g < <`Kg<`ac 
<Nc

N
cucNu;  <K
gg;

 
cgN

Kg
K` <a
aK<cucug u;<<
 N
ua
KggNauag;  <a;K
N
K;
Naag;  <a <
 g`

K<NNc<
cua

` Kga
g<;
acKN
gu;gu

g `uagg;cK `uagg;Ng
 `uagg;;;



g `uagg;cK `uag
 cc
Ngg `uagg;cK `uagg
 <gg`N 
<
;
;
g<g

 a
ua< 

N gu`
<g`cgNK
g

g` u;
<gNg;aa<c
g
c
c

<;
cccg

 g
K<
aauuNa ugNg;ca`K<gcgK;g
<
g

g




;
K;a <aaN`a;gKgNg

g`a`
a
 a;g
g

 u
c

a
gg`K
gg
g
;g cN
 g
g

g
a

NgK
;
KNgu;KN<;
;N
a
 <
g;
 
N;<
gg;g;auu` g < <`c
;;g;auu` g < <`Kg<`ac 
<Nc

N
cucNu;  <K
gg;

 
cgN

Kg
K` <a
aK<cucug u;<<
 N
ua
KggNauag;  <a;K
N
K;
Naag;  <a <
 g`

K<NNc<
cua

` Kga
g<;
acKN
gu;gu

g `uagg;cK `uagg;Ng
 `uagg;;;



g `uagg;cK `uag
 cc
Ngg `uagg;cK `uagg
 <gg`N 
<
;
;
g<g

 a
ua< 

N gu`
<g`cgNK
g

g` u;
<gNg;aa<c
g
c
c

<;
cccg

 g
K; 
aauuNa ugNg;ca`K<gcgK;g
320
0
308
<
g

g




;
K;a <aaN`a;gKgNg

g`a`
a
 a;g
g

 u
c

a
gg`K
gg
g
;g cN
 g
g

g
a

NgK
;
KNgu;KN<;
;N
a
 <
g;
 
N;<
gg;g;auu` g < <`c
;;g;auu` g < <`Kg<`ac 
<Nc

N
cucNu;  <K
gg;

 
cgN

Kg
K` <a
aK<cucug u;<<
 N
ua
KggNauag;  <a;K
N
K;
Naag;  <a <
 g`

K<NNc<
cua

` Kga
g<;
acKN
gu;gu

g `uagg;cK `uagg;Ng
 `uagg;;;



g `uagg;cK `uag
 cc
Ngg `uagg;cK `uagg
 <gg`N 
<
;
;
g<g

 a
ua< 

N gu`
<g`cgNK
g

g` u;
<gNg;aa<c
g
c
c

<;
cccg

  gucK`;NKaK


gNKugN

Nc
;`
aug`a;u<
<
g

g




;
K;a <aaN`a;gKgNg

g`a`
a
 a;g
g

 u
c

a
gg`K
gg
g
;g cN
 g
g

g
a

NgK
;
KNgu;KN<;
;N
a
 <
g;
 
N;<
gg;g;auu` g < <`c
;;g;auu` g < <`Kg<`ac 
<Nc

N
cucNu;  <K
gg;

 
cgN

Kg
K` <a
aK<cucug u;<<
 N
ua
KggNauag;  <a;K
N
K;
Naag;  <a <
 g`

K<NNc<
cua

` Kga
g<;
acKN
gu;gu

g `uagg;cK `uagg;Ng
 `uagg;;;



g `uagg;cK `uag
 cc
Ngg `uagg;cK `uagg
 <gg`N 
<
;
;
g<g

 a
ua< 

N gu`
<g`cgNK
g

g` u;
<gNg;aa<c
g
c
c

<;
cccg

  gucK`;NKaK


gNKugN

Nc
;`
N
`uNau
a;u<
31
<
g

g




;
K;a <aaN`a;gKgNg

g`a`
a
 a;g
g

 u
c

a
gg`K
gg
g
;g cN
 g
g

g
a

NgK
;
KNgu;KN<;
;N
a
 <
g;
 
N;<
gg;g;auu` g < <`c
;;g;auu` g < <`Kg<`ac 
<Nc

N
cucNu;  <K
gg;

 
cgN

Kg
K` <a
aK<cucug u;<<
 N
ua
KggNauag;  <a;K
N
K;
Naag;  <a <
 g`

K<NNc<
cua

` Kga
g<;
acKN
gu;gu

g `uagg;cK `uagg;Ng
 `uagg;;;



g `uagg;cK `uag
 cc
Ngg `uagg;cK `uagg
 <gg`N 
<
;
;
g<g

 a
ua< 

N gu`
<g`cgNK
g

g` u;
<gNg;aa<c
g
c
c

<;
cccg

  gucK`;NKaK


gNKugN

Nc
;`
N

`< <cug
`<;Nu<
 N
Kgagg;u<
<
g

g




;
K;a <aaN`a;gKgNg

g`a`
a
 a;g
g

 u
c

a
gg`K
gg
g
;g cN
 g
g

g
a

NgK
;
KNgu;KN<;
;N
a
 <
g;
 
N;<
gg;g;auu` g < <`c
;;g;auu` g < <`Kg<`ac 
<Nc

N
cucNu;  <K
gg;

 
cgN

Kg
K` <a
aK<cucug u;<<
 N
ua
KggNauag;  <a;K
N
K;
Naag;  <a <
 g`

K<NNc<
cua

` Kga
g<;
acKN
gu;gu

g `uagg;cK `uagg;Ng
 `uagg;;;



g `uagg;cK `uag
 cc
Ngg `uagg;cK `uagg
 <gg`N 
<
;
;
g<g

 a
ua< 

N gu`
<g`cgNK
g

g` u;
<gNg;aa<c
g
c
c

<;
cccg

  gucK`;NKaK


gNKugN

Nc
;`
N

`< <cug
`<;Nu<
 N
Kgagg;u<
<
g

g




;
K;a <aaN`a;gKgNg

g`a`
a
 a;g
g

 u
c

a
gg`K
gg
g
;g cN
 g
g

g
a

NgK
;
KNgu;KN<;
;N
a
 <
g;
 
N;<
gg;g;auu` g < <`c
;;g;auu` g < <`Kg<`ac 
<Nc

N
cucNu;  <K
gg;

 
cgN

Kg
K` <a
aK<cucug u;<<
 N
ua
KggNauag;  <a;K
N
K;
Naag;  <a <
 g`

K<NNc<
cua

` Kga
g<;
acKN
gu;gu

g `uagg;cK `uagg;Ng
 `uagg;;;



g `uagg;cK `uag
 cc
Ngg `uagg;cK `uagg
 <gg`N 
<
;
;
g<g

 a
ua< 

N gu`
<g`cgNK
g

g` u;
<gNg;aa<c
g
c
c

<;
cccg

  gucK`;NKaK


gNKugN

Nc
;`
N

`< <cug
`<;Nu<
 
N;c u
NuaNcg
g<
Kugagg;u<

<
g

g




;
K;a <aaN`a;gKgNg

g`a`
a
 a;g
g

 u
c

a
gg`K
gg
g
;g cN
 g
g

g
a

NgK
;
KNgu;KN<;
;N
a
 <
g;
 
N;<
gg;g;auu` g < <`c
;;g;auu` g < <`Kg<`ac 
<Nc

N
cucNu;  <K
gg;

 
cgN

Kg
K` <a
aK<cucug u;<<
 N
ua
KggNauag;  <a;K
N
K;
Naag;  <a <
 g`

K<NNc<
cua

` Kga
g<;
acKN
gu;gu

g `uagg;cK `uagg;Ng
 `uagg;;;



g `uagg;cK `uag
 cc
Ngg `uagg;cK `uagg
 <gg`N 
<
;
;
g<g

 a
ua< 

N gu`
<g`cgNK
g

g` u;
<gNg;aa<c
g
c
c

<;
cccg

  gucK`;NKaK


gNKugN

Nc
;`
N

`< <cug
`<;Nu<
 
N;c u
NuaNcg
g<
Kugagg;u<

42
0
0
5
3
<
g

g




;
K;a <aaN`a;gKgNg

g`a`
a
 a;g
g

 u
c

a
gg`K
gg
g
;g cN
 g
g

g
a

NgK
;
KNgu;KN<;
;N
a
 <
g;
 
N;<
gg;g;auu` g < <`c
;;g;auu` g < <`Kg<`ac 
<Nc

N
cucNu;  <K
gg;

 
cgN

Kg
K` <a
aK<cucug u;<<
 N
ua
KggNauag;  <a;K
N
K;
Naag;  <a <
 g`

K<NNc<
cua

` Kga
g<;
acKN
gu;gu

g `uagg;cK `uagg;Ng
 `uagg;;;



g `uagg;cK `uag
 cc
Ngg `uagg;cK `uagg
 <gg`N 
<
;
;
g<g

 a
ua< 

N gu`
<g`cgNK
g

g` u;
<gNg;aa<c
g
c
c

<;
cccg

  gucK`;NKaK


gNKugN

Nc
;`
N

`< <cug
`<;Nu<
 
N;c u
NuaNcg<Ng<uN <
Kugagg;ucKK

 <u
cg`a
`Nc<aN
378
<
g

g




;
K;a <aaN`a;gKgNg

g`a`
a
 a;g
g

 u
c

a
gg`K
gg
g
;g cN
 g
g

g
a

NgK
;
KNgu;KN<;
;N
a
 <
g;
 
N;<
gg;g;auu` g < <`c
;;g;auu` g < <`Kg<`ac 
<Nc

N
cucNu;  <K
gg;

 
cgN

Kg
K` <a
aK<cucug u;<<
 N
ua
KggNauag;  <a;K
N
K;
Naag;  <a <
 g`

K<NNc<
cua

` Kga
g<;
acKN
gu;gu

g `uagg;cK `uagg;Ng
 `uagg;;;



g `uagg;cK `uag
 cc
Ngg `uagg;cK `uagg
 <gg`N 
<
;
;
g<g

 a
ua< 

N gu`
<g`cgNK
g

g` u;
<gNg;aa<c
g
c
c

<;
cccg

  gucK`;NKaK


gNKugN

Nc
;`
N

`< <cug
`<;Nu<
 
N;c u
NuaNcg<Ng<uN <
Kugagg;ucKK

 <u

`cg`uaNcgg<  `Nc<;agg 

c
;Nu
<
g

g




;
K;a <aaN`a;gKgNg

g`a`
a
 a;g
g

 u
c

a
gg`K
gg
g
;g cN
 g
g

g
a

NgK
;
KNgu;KN<;
;N
a
 <
g;
 
N;<
gg;g;auu` g < <`c
;;g;auu` g < <`Kg<`ac 
<Nc

N
cucNu;  <K
gg;

 
cgN

Kg
K` <a
aK<cucug u;<<
 N
ua
KggNauag;  <a;K
N
K;
Naag;  <a <
 g`

K<NNc<
cua

` Kga
g<;
acKN
gu;gu

g `uagg;cK `uagg;Ng
 `uagg;;;



g `uagg;cK `uag
 cc
Ngg `uagg;cK `uagg
 <gg`N 
<
;
;
g<g

 a
ua< 

N gu`
<g`cgNK
g

g` u;
<gNg;aa<c
g
c
c

<;
cccg

  gucK`;NKaK


gNKugN

Nc
;`
N

`< <cug
`<;Nu<
 
N;c u
NuaNcg<Ng<uN <
Kugagg;ucKK

 <u

`cg`uaNcgg<  `Nc<;agg 

c
 
g<
ag;Nu;
a;ggN<
<
g

g




;
K;a <aaN`a;gKgNg

g`a`
a
 a;g
g

 u
c

a
gg`K
gg
g
;g cN
 g
g

g
a

NgK
;
KNgu;KN<;
;N
a
 <
g;
 
N;<
gg;g;auu` g < <`c
;;g;auu` g < <`Kg<`ac 
<Nc

N
cucNu;  <K
gg;

 
cgN

Kg
K` <a
aK<cucug u;<<
 N
ua
KggNauag;  <a;K
N
K;
Naag;  <a <
 g`

K<NNc<
cua

` Kga
g<;
acKN
gu;gu

g `uagg;cK `uagg;Ng
 `uagg;;;



g `uagg;cK `uag
 cc
Ngg `uagg;cK `uagg
 <gg`N 
<
;
;
g<g

 a
ua< 

N gu`
<g`cgNK
g

g` u;
<gNg;aa<c
g
c
c

<;
cccg

  gucK`;NKaK


gNKugN

Nc
;`
N

`< <cug
`<;Nu<
 
N;c u
NuaNcg<Ng<uN <
Kugagg;ucKK

 <u

`cg`uaNcgg<  `Nc<;agg 

c
 
g<
ag;Nu`<
2
<
g

g




;
K;a <aaN`a;gKgNg

g`a`
a
 a;g
g

 u
c

a
gg`K
gg
g
;g cN
 g
g

g
a

NgK
;
KNgu;KN<;
;N
a
 <
g;
 
N;<
gg;g;auu` g < <`c
;;g;auu` g < <`Kg<`ac 
<Nc

N
cucNu;  <K
gg;

 
cgN

Kg
K` <a
aK<cucug u;<<
 N
ua
KggNauag;  <a;K
N
K;
Naag;  <a <
 g`

K<NNc<
cua

` Kga
g<;
acKN
gu;gu

g `uagg;cK `uagg;Ng
 `uagg;;;



g `uagg;cK `uag
 cc
Ngg `uagg;cK `uagg
 <gg`N 
<
;
;
g<g

 a
ua< 

N gu`
<g`cgNK
g

g` u;
<gNg;aa<c
g
c
c

<;
cccg

  gucK`;NKaK


gNKugN

Nc
;`
N

`< <cug
`<;Nu<
 
N;c u
NuaNcg<Ng<uN <
Kugagg;ucKK

 <u

`cg`uaNcgg<  `Nc<;agg ;u<uu<
c
aK agKaK<
<
g

g




;
K;a <aaN`a;gKgNg

g`a`
a
 a;g
g

 u
c

a
gg`K
gg
g
;g cN
 g
g

g
a

NgK
;
KNgu;KN<;
;N
a
 <
g;
 
N;<
gg;g;auu` g < <`c
;;g;auu` g < <`Kg<`ac 
<Nc

N
cucNu;  <K
gg;

 
cgN

Kg
K` <a
aK<cucug u;<<
 N
ua
KggNauag;  <a;K
N
K;
Naag;  <a <
 g`

K<NNc<
cua

` Kga
g<;
acKN
gu;gu

g `uagg;cK `uagg;Ng
 `uagg;;;



g `uagg;cK `uag
 cc
Ngg `uagg;cK `uagg
 <gg`N 
<
;
;
g<g

 a
ua< 

N gu`
<g`cgNK
g

g` u;
<gNg;aa<c
g
c
c

<;
cccg

  gucK`;NKaK


gNKugN

Nc
;`
N

`< <cug
`<;Nu<
 
N;c u
NuaNcg<Ng<uN <
Kugagg;ucKK

 <u

`cg`uaNcgg<  `Nc<;agg ;u<uu<
c
aKg<c` agKaK<
396
<
g

g




;
K;a <aaN`a;gKgNg

g`a`
a
 a;g
g

 u
c

a
gg`K
gg
g
;g cN
 g
g

g
a

NgK
;
KNgu;KN<;
;N
a
 <
g;
 
N;<
gg;g;auu` g < <`c
;;g;auu` g < <`Kg<`ac 
<Nc

N
cucNu;  <K
gg;

 
cgN

Kg
K` <a
aK<cucug u;<<
 N
ua
KggNauag;  <a;K
N
K;
Naag;  <a <
 g`

K<NNc<
cua

` Kga
g<;
acKN
gu;gu

g `uagg;cK `uagg;Ng
 `uagg;;;



g `uagg;cK `uag
 cc
Ngg `uagg;cK `uagg
 <gg`N 
<
;
;
g<g

 a
ua< 

N gu`
<g`cgNK
g

g` u;
<gNg;aa<c
g
c
c

<;
cccg

  gucK`;NKaK


gNKugN

Nc
;`
N

`< <cug
`<;Nu<
 
N;c u
NuaNcg<Ng<uN <
Kugagg;ucKK

 <u

`cg`uaNcgg<  `Nc<;agg ;u<uu<
c
aKg
gK 

<a;ggNuNg<c<`uga` agKaK<
<
g

g




;
K;a <aaN`a;gKgNg

g`a`
a
 a;g
g

 u
c

a
gg`K
gg
g
;g cN
 g
g

g
a

NgK
;
KNgu;KN<;
;N
a
 <
g;
 
N;<
gg;g;auu` g < <`c
;;g;auu` g < <`Kg<`ac 
<Nc

N
cucNu;  <K
gg;

 
cgN

Kg
K` <a
aK<cucug u;<<
 N
ua
KggNauag;  <a;K
N
K;
Naag;  <a <
 g`

K<NNc<
cua

` Kga
g<;
acKN
gu;gu

g `uagg;cK `uagg;Ng
 `uagg;;;



g `uagg;cK `uag
 cc
Ngg `uagg;cK `uagg
 <gg`N 
<
;
;
g<g

 a
ua< 

N gu`
<g`cgNK
g

g` u;
<gNg;aa<c
g
c
c

<;
cccg

  gucK`;NKaK


gNKugN

Nc
;`
N

`< <cug
`<;Nu<
 
N;c u
NuaNcg<Ng<uN <
Kugagg;ucKK

 <u

`cg`uaNcgg<  `Nc<;agg ;u<uu<
c
aKg
gK 

<a;ggNuNg<c<`ug` a` agKaK;a
<
g

g




;
K;a <aaN`a;gKgNg

g`a`
a
 a;g
g

 u
c

a
gg`K
gg
g
;g cN
 g
g

g
a

NgK
;
KNgu;KN<;
;N
a
 <
g;
 
N;<
gg;g;auu` g < <`c
;;g;auu` g < <`Kg<`ac 
<Nc

N
cucNu;  <K
gg;

 
cgN

Kg
K` <a
aK<cucug u;<<
 N
ua
KggNauag;  <a;K
N
K;
Naag;  <a <
 g`

K<NNc<
cua

` Kga
g<;
acKN
gu;gu

g `uagg;cK `uagg;Ng
 `uagg;;;



g `uagg;cK `uag
 cc
Ngg `uagg;cK `uagg
 <gg`N 
<
;
;
g<g

 a
ua< 

N gu`
<g`cgNK
g

g` u;
<gNg;aa<c
g
c
c

<;
cccg

  gucK`;NKaK


gNKugN

Nc
;`
N

`< <cug
`<;Nu<
 
N;c u
NuaNcg<Ng<uN <
Kugagg;ucKK

 <u

`cg`uaNcgg<  `Nc<;agg ;u<uu<
c
aKg
gK 
K
a
gac

<
 `uuNg<c<`ug` a` agKaK;a <a;ggNuNg<c<`ug`a` agKaK<
6
<
g

g




;
K;a <aaN`a;gKgNg

g`a`
a
 a;g
g

 u
c

a
gg`K
gg
g
;g cN
 g
g

g
a

NgK
;
KNgu;KN<;
;N
a
 <
g;
 
N;<
gg;g;auu` g < <`c
;;g;auu` g < <`Kg<`ac 
<Nc

N
cucNu;  <K
gg;

 
cgN

Kg
K` <a
aK<cucug u;<<
 N
ua
KggNauag;  <a;K
N
K;
Naag;  <a <
 g`

K<NNc<
cua

` Kga
g<;
acKN
gu;gu

g `uagg;cK `uagg;Ng
 `uagg;;;



g `uagg;cK `uag
 cc
Ngg `uagg;cK `uagg
 <gg`N 
<
;
;
g<g

 a
ua< 

N gu`
<g`cgNK
g

g` u;
<gNg;aa<c
g
c
c

<;
cccg

  gucK`;NKaK


gNKugN

Nc
;`
N

`< <cug
`<;Nu<
 
N;c u
NuaNcg<Ng<uN <
Kugagg;ucKK

 <u

`cg`uaNcgg<  `Nc<;agg ;u<uu<
c
aKg
gK 
K
a
gac

<
 `u<a;ggNuNg<c<`ug`a` agKaK<<N<a;ggNuNg<c<`ug`a` agKaK<<g`K


<
g

g




;
K;a <aaN`a;gKgNg

g`a`
a
 a;g
g

 u
c

a
gg`K
gg
g
;g cN
 g
g

g
a

NgK
;
KNgu;KN<;
;N
a
 <
g;
 
N;<
gg;g;auu` g < <`c
;;g;auu` g < <`Kg<`ac 
<Nc

N
cucNu;  <K
gg;

 
cgN

Kg
K` <a
aK<cucug u;<<
 N
ua
KggNauag;  <a;K
N
K;
Naag;  <a <
 g`

K<NNc<
cua

` Kga
g<;
acKN
gu;gu

g `uagg;cK `uagg;Ng
 `uagg;;;



g `uagg;cK `uag
 cc
Ngg `uagg;cK `uagg
 <gg`N 
<
;
;
g<g

 a
ua< 

N gu`
<g`cgNK
g

g` u;
<gNg;aa<c
g
c
c

<;
cccg

  gucK`;NKaK


gNKugN

Nc
;`
N

`< <cug
`<;Nu<
 
N;c u
NuaNcg<Ng<uN <
Kugagg;ucKK

 <u

`cg`uaNcgg<  `Nc<;agg ;u<uu<
c
aKg
gK 
K
a
gac

<
 `u<a;ggNuNg<c<`ug`a` agKaK<<N<a;ggNuNg<c<`ug`a` agKaK<<g`K


<
g

g




;
K;a <aaN`a;gKgNg

g`a`
a
 a;g
g

 u
c

a
gg`K
gg
g
;g cN
 g
g

g
a

NgK
;
KNgu;KN<;
;N
a
 <
g;
 
N;<
gg;g;auu` g < <`c
;;g;auu` g < <`Kg<`ac 
<Nc

N
cucNu;  <K
gg;

 
cgN

Kg
K` <a
aK<cucug u;<<
 N
ua
KggNauag;  <a;K
N
K;
Naag;  <a <
 g`

K<NNc<
cua

` Kga
g<;
acKN
gu;gu

g `uagg;cK `uagg;Ng
 `uagg;;;



g `uagg;cK `uag
 cc
Ngg `uagg;cK `uagg
 <gg`N 
<
;
;
g<g

 a
ua< 

N gu`
<g`cgNK
g

g` u;
<gNg;aa<c
g
c
c

<;
cccg

  gucK`;NKaK


gNKugN

Nc
;`
N

`< <cug
`<;Nu<
 
N;c u
NuaNcg<Ng<uN <
Kugagg;ucKK

 <u

`cg`uaNcgg<  `Nc<;agg ;u<uu<
c
aKg
gK 
K
a
gac

<
 `u<a;ggNuNg<c<`ug`a` agKaK<<N<a;ggNuNg<c<`ug`a` agKaK<<g`K


gguK
469
106
0
<
g

g




;
K;a <aaN`a;gKgNg

g`a`
a
 a;g
g

 u
c

a
gg`K
gg
g
;g cN
 g
g

g
a

NgK
;
KNgu;KN<;
;N
a
 <
g;
 
N;<
gg;g;auu` g < <`c
;;g;auu` g < <`Kg<`ac 
<Nc

N
cucNu;  <K
gg;

 
cgN

Kg
K` <a
aK<cucug u;<<
 N
ua
KggNauag;  <a;K
N
K;
Naag;  <a <
 g`

K<NNc<
cua

` Kga
g<;
acKN
gu;gu

g `uagg;cK `uagg;Ng
 `uagg;;;



g `uagg;cK `uag
 cc
Ngg `uagg;cK `uagg
 <gg`N 
<
;
;
g<g

 a
ua< 

N gu`
<g`cgNK
g

g` u;
<gNg;aa<c
g
c
c

<;
cccg

  gucK`;NKaK


gNKugN

Nc
;`
N

`< <cug
`<;Nu<
 
N;c u
NuaNcg<Ng<uN <
Kugagg;ucKK

 <u

`cg`uaNcgg<  `Nc<;agg ;u<uu<
c
aKg
gK 
K
a
gac


`
 Ncgg
g; g
ug
Kgcu<a;ggNuNg<c<`ug`a` agKaK<<N<a;ggNuNg<c<`ug`a` agKaK<<g`KNaK<;ggKg Na<<
<
g

g




;
K;a <aaN`a;gKgNg

g`a`
a
 a;g
g

 u
c

a
gg`K
gg
g
;g cN
 g
g

g
a

NgK
;
KNgu;KN<;
;N
a
 <
g;
 
N;<
gg;g;auu` g < <`c
;;g;auu` g < <`Kg<`ac 
<Nc

N
cucNu;  <K
gg;

 
cgN

Kg
K` <a
aK<cucug u;<<
 N
ua
KggNauag;  <a;K
N
K;
Naag;  <a <
 g`

K<NNc<
cua

` Kga
g<;
acKN
gu;gu

g `uagg;cK `uagg;Ng
 `uagg;;;



g `uagg;cK `uag
 cc
Ngg `uagg;cK `uagg
 <gg`N 
<
;
;
g<g

 a
ua< 

N gu`
<g`cgNK
g

g` u;
<gNg;aa<c
g
c
c

<;
cccg

  gucK`;NKaK


gNKugN

Nc
;`
N

`< <cug
`<;Nu<
 
N;c u
NuaNcg<Ng<uN <
Kugagg;ucKK

 <u

`cg`uaNcgg<  `Nc<;agg ;u<uu<
c
aKg
gK 
K
a
gac


`
 Ncgg
g; g
ug
Kg

cu<a;ggNuNg<c<`ug`a` agKaK<<N<a;ggNuNg<c<`ug`a` agKaK<<g`KNaK<;ggKg Na<<
<
g

g




;
K;a <aaN`a;gKgNg

g`a`
a
 a;g
g

 u
c

a
gg`K
gg
g
;g cN
 g
g

g
a

NgK
;
KNgu;KN<;
;N
a
 <
g;
 
N;<
gg;g;auu` g < <`c
;;g;auu` g < <`Kg<`ac 
<Nc

N
cucNu;  <K
gg;

 
cgN

Kg
K` <a
aK<cucug u;<<
 N
ua
KggNauag;  <a;K
N
K;
Naag;  <a <
 g`

K<NNc<
cua

` Kga
g<;
acKN
gu;gu

g `uagg;cK `uagg;Ng
 `uagg;;;



g `uagg;cK `uag
 cc
Ngg `uagg;cK `uagg
 <gg`N 
<
;
;
g<g

 a
ua< 

N gu`
<g`cgNK
g

g` u;
<gNg;aa<c
g
c
c

<;
cccg

  gucK`;NKaK


gNKugN

Nc
;`
N

`< <cug
`<;Nu<
 
N;c u
NuaNcg<Ng<uN <
Kugagg;ucKK

 <u

`cg`uaNcgg<  `Nc<;agg ;u<uu<
c
aKg
gK 
K
a
gac


`
 Ncgg
g; g
ug
Kg

cu<a;ggNuNg<c<`ug`a` agKaK<<N<a;ggNuNg<c<`ug`a` agKaK<<g`KNaK<;ggKg Na<<ugK

Ka<g
<
g

g




;
K;a <aaN`a;gKgNg

g`a`
a
 a;g
g

 u
c

a
gg`K
gg
g
;g cN
 g
g

g
a

NgK
;
KNgu;KN<;
;N
a
 <
g;
 
N;<
gg;g;auu` g < <`c
;;g;auu` g < <`Kg<`ac 
<Nc

N
cucNu;  <K
gg;

 
cgN

Kg
K` <a
aK<cucug u;<<
 N
ua
KggNauag;  <a;K
N
K;
Naag;  <a <
 g`

K<NNc<
cua

` Kga
g<;
acKN
gu;gu

g `uagg;cK `uagg;Ng
 `uagg;;;



g `uagg;cK `uag
 cc
Ngg `uagg;cK `uagg
 <gg`N 
<
;
;
g<g

 a
ua< 

N gu`
<g`cgNK
g

g` u;
<gNg;aa<c
g
c
c

<;
cccg

  gucK`;NKaK


gNKugN

Nc
;`
N

`< <cug
`<;Nu<
 
N;c u
NuaNcg<Ng<uN <
Kugagg;ucKK

 <u

`cg`uaNcgg<  `Nc<;agg ;u<uu<
c
aKg
gK 
K
a
gac


`
 Ncgg
g; g
ug
Kg

cu<a;ggNuNg<c<`ug`a` agKaK<<N<a;ggNuNg<c<`ug`a` agKaK<<g`KNaK<;ggKg Na<<ugK

Ka<g
<
g

g




;
K;a <aaN`a;gKgNg

g`a`
a
 a;g
g

 u
c

a
gg`K
gg
g
;g cN
 g
g

g
a

NgK
;
KNgu;KN<;
;N
a
 <
g;
 
N;<
gg;g;auu` g < <`c
;;g;auu` g < <`Kg<`ac 
<Nc

N
cucNu;  <K
gg;

 
cgN

Kg
K` <a
aK<cucug u;<<
 N
ua
KggNauag;  <a;K
N
K;
Naag;  <a <
 g`

K<NNc<
cua

` Kga
g<;
acKN
gu;gu

g `uagg;cK `uagg;Ng
 `uagg;;;



g `uagg;cK `uag
 cc
Ngg `uagg;cK `uagg
 <gg`N 
<
;
;
g<g

 a
ua< 

N gu`
<g`cgNK
g

g` u;
<gNg;aa<c
g
c
c

<;
cccg

  gucK`;NKaK


gNKugN

Nc
;`
N

`< <cug
`<;Nu<
 
N;c u
NuaNcg<Ng<uN <
Kugagg;ucKK

 <u

`cg`uaNcgg<  `Nc<;agg ;u<uu<
c
aKg
gK 
K
a
gac


`
 Ncgg
g; g
ug
Kg

cu<a;ggNuNg<c<`ug`a` agKaK<<N<a;ggNuNg<c<`ug`a` agKaK<<g`KNaK<;ggKg Na<<ugK

Ka<;Kg;u

<gg
<
g

g




;
K;a <aaN`a;gKgNg

g`a`
a
 a;g
g

 u
c

a
gg`K
gg
g
;g cN
 g
g

g
a

NgK
;
KNgu;KN<;
;N
a
 <
g;
 
N;<
gg;g;auu` g < <`c
;;g;auu` g < <`Kg<`ac 
<Nc

N
cucNu;  <K
gg;

 
cgN

Kg
K` <a
aK<cucug u;<<
 N
ua
KggNauag;  <a;K
N
K;
Naag;  <a <
 g`

K<NNc<
cua

` Kga
g<;
acKN
gu;gu

g `uagg;cK `uagg;Ng
 `uagg;;;



g `uagg;cK `uag
 cc
Ngg `uagg;cK `uagg
 <gg`N 
<
;
;
g<g

 a
ua< 

N gu`
<g`cgNK
g

g` u;
<gNg;aa<c
g
c
c

<;
cccg

  gucK`;NKaK


gNKugN

Nc
;`
N

`< <cug
`<;Nu<
 
N;c u
NuaNcg<Ng<uN <
Kugagg;ucKK

 <u

`cg`uaNcgg<  `Nc<;agg ;u<uu<
c
aKg
gK 
K
a
gac


`
 Ncgg
g; g
ug
Kg

cu<a;ggNuNg<c<`ug`a` agKaK<<N<a;ggNuNg<c<`ug`a` agKaK<<g`KNaK<;ggKg Na<<ugK
`Naag<g`N;N;g; g`KK

;g
<g
<
g

g




;
K;a <aaN`a;gKgNg

g`a`
a
 a;g
g

 u
c

a
gg`K
gg
g
;g cN
 g
g

g
a

NgK
;
KNgu;KN<;
;N
a
 <
g;
 
N;<
gg;g;auu` g < <`c
;;g;auu` g < <`Kg<`ac 
<Nc

N
cucNu;  <K
gg;

 
cgN

Kg
K` <a
aK<cucug u;<<
 N
ua
KggNauag;  <a;K
N
K;
Naag;  <a <
 g`

K<NNc<
cua

` Kga
g<;
acKN
gu;gu

g `uagg;cK `uagg;Ng
 `uagg;;;



g `uagg;cK `uag
 cc
Ngg `uagg;cK `uagg
 <gg`N 
<
;
;
g<g

 a
ua< 

N gu`
<g`cgNK
g

g` u;
<gNg;aa<c
g
c
c

<;
cccg

  gucK`;NKaK


gNKugN

Nc
;`
N

`< <cug
`<;Nu<
 
N;c u
NuaNcg<Ng<uN <
Kugagg;ucKK

 <u

`cg`uaNcgg<  `Nc<;agg ;u<uu<
c
aKg
gK 
K
a
gac


`
 Ncgg
g; g
ug
Kg

cu<a;ggNuNg<c<`ug`a` agKaK<<N<a;ggNuNg<c<`ug`a` agKaK<<g`KNaK<;ggKg Na<<ugK
`Naag<g`N;N;g; g`KK
Ku
`ug
;gu`;

g
g<gcacg; g
<
g

g




;
K;a <aaN`a;gKgNg

g`a`
a
 a;g
g

 u
c

a
gg`K
gg
g
;g cN
 g
g

g
a

NgK
;
KNgu;KN<;
;N
a
 <
g;
 
N;<
gg;g;auu` g < <`c
;;g;auu` g < <`Kg<`ac 
<Nc

N
cucNu;  <K
gg;

 
cgN

Kg
K` <a
aK<cucug u;<<
 N
ua
KggNauag;  <a;K
N
K;
Naag;  <a <
 g`

K<NNc<
cua

` Kga
g<;
acKN
gu;gu

g `uagg;cK `uagg;Ng
 `uagg;;;



g `uagg;cK `uag
 cc
Ngg `uagg;cK `uagg
 <gg`N 
<
;
;
g<g

 a
ua< 

N gu`
<g`cgNK
g

g` u;
<gNg;aa<c
g
c
c

<;
cccg

  gucK`;NKaK


gNKugN

Nc
;`
N

`< <cug
`<;Nu<
 
N;c u
NuaNcg<Ng<uN <
Kugagg;ucKK

 <u

`cg`uaNcgg<  `Nc<;agg ;u<uu<
c
aKg
gK 
K
a
gac


`
 Ncgg
g; g
ug
Kg

cu<a;ggNuNg<c<`ug`a` agKaK<<N<a;ggNuNg<c<`ug`a` agKaK<<g`KNaK<;ggKg Na<<ugK
`Naag<g`N;N;g; g`KK
Ku
`ug
;gu`;

g

`gug<cgNK<gcacg; g
<
g

g




;
K;a <aaN`a;gKgNg

g`a`
a
 a;g
g

 u
c

a
gg`K
gg
g
;g cN
 g
g

g
a

NgK
;
KNgu;KN<;
;N
a
 <
g;
 
N;<
gg;g;auu` g < <`c
;;g;auu` g < <`Kg<`ac 
<Nc

N
cucNu;  <K
gg;

 
cgN

Kg
K` <a
aK<cucug u;<<
 N
ua
KggNauag;  <a;K
N
K;
Naag;  <a <
 g`

K<NNc<
cua

` Kga
g<;
acKN
gu;gu

g `uagg;cK `uagg;Ng
 `uagg;;;



g `uagg;cK `uag
 cc
Ngg `uagg;cK `uagg
 <gg`N 
<
;
;
g<g

 a
ua< 

N gu`
<g`cgNK
g

g` u;
<gNg;aa<c
g
c
c

<;
cccg

  gucK`;NKaK


gNKugN

Nc
;`
N

`< <cug
`<;Nu<
 
N;c u
NuaNcg<Ng<uN <
Kugagg;ucKK

 <u

`cg`uaNcgg<  `Nc<;agg ;u<uu<
c
aKg
gK 
K
a
gac


`
 Ncgg
g; g
ug
Kg

cu<a;ggNuNg<c<`ug`a` agKaK<<N<a;ggNuNg<c<`ug`a` agKaK<<g`KNaK<;ggKg Na<<ugK
`Naag<g`N;N;g; g`KK
Ku
`ug
;gu`;

g

`gug<cgNK<gcacg; g
525
526
531
<
g

g




;
K;a <aaN`a;gKgNg

g`a`
a
 a;g
g

 u
c

a
gg`K
gg
g
;g cN
 g
g

g
a

NgK
;
KNgu;KN<;
;N
a
 <
g;
 
N;<
gg;g;auu` g < <`c
;;g;auu` g < <`Kg<`ac 
<Nc

N
cucNu;  <K
gg;

 
cgN

Kg
K` <a
aK<cucug u;<<
 N
ua
KggNauag;  <a;K
N
K;
Naag;  <a <
 g`

K<NNc<
cua

` Kga
g<;
acKN
gu;gu

g `uagg;cK `uagg;Ng
 `uagg;;;



g `uagg;cK `uag
 cc
Ngg `uagg;cK `uagg
 <gg`N 
<
;
;
g<g

 a
ua< 

N gu`
<g`cgNK
g

g` u;
<gNg;aa<c
g
c
c

<;
cccg

  gucK`;NKaK


gNKugN

Nc
;`
N

`< <cug
`<;Nu<
 
N;c u
NuaNcg<Ng<uN <
Kugagg;ucKK

 <u

`cg`uaNcgg<  `Nc<;agg ;u<uu<
c
aKg
gK 
K
a
gac


`
 Ncgg
g; g
ug
Kg

cu<a;ggNuNg<c<`ug`a` agKaK<<N<a;ggNuNg<c<`ug`a` agKaK<<g`KNaK<;ggKg Na<<ugK
`Naag<g`N;N;g; g`KK
Ku
`ug
;gu`;

g

g
`gug<cgN`c<< cgN 

;
ggcacg; gKK
 ;N
gg
<
g

g




;
K;a <aaN`a;gKgNg

g`a`
a
 a;g
g

 u
c

a
gg`K
gg
g
;g cN
 g
g

g
a

NgK
;
KNgu;KN<;
;N
a
 <
g;
 
N;<
gg;g;auu` g < <`c
;;g;auu` g < <`Kg<`ac 
<Nc

N
cucNu;  <K
gg;

 
cgN

Kg
K` <a
aK<cucug u;<<
 N
ua
KggNauag;  <a;K
N
K;
Naag;  <a <
 g`

K<NNc<
cua

` Kga
g<;
acKN
gu;gu

g `uagg;cK `uagg;Ng
 `uagg;;;



g `uagg;cK `uag
 cc
Ngg `uagg;cK `uagg
 <gg`N 
<
;
;
g<g

 a
ua< 

N gu`
<g`cgNK
g

g` u;
<gNg;aa<c
g
c
c

<;
cccg

  gucK`;NKaK


gNKugN

Nc
;`
N

`< <cug
`<;Nu<
 
N;c u
NuaNcg<Ng<uN <
Kugagg;ucKK

 <u

`cg`uaNcgg<  `Nc<;agg ;u<uu<
c
aKg
gK 
K
a
gac


`
 Ncgg
g; g
ug
Kg

cu<a;ggNuNg<c<`ug`a` agKaK<<N<a;ggNuNg<c<`ug`a` agKaK<<g`KNaK<;ggKg Na<<ugK
`Naag<g`N;N;g; g`KK
Ku
`ug
;gu`;

g

g
`gug<cgN`c<< cgN 

;
;a`Kag
guu
<
g

g




;
K;a <aaN`a;gKgNg

g`a`
a
 a;g
g

 u
c

a
gg`K
gg
g
;g cN
 g
g

g
a

NgK
;
KNgu;KN<;
;N
a
 <
g;
 
N;<
gg;g;auu` g < <`c
;;g;auu` g < <`Kg<`ac 
<Nc

N
cucNu;  <K
gg;

 
cgN

Kg
K` <a
aK<cucug u;<<
 N
ua
KggNauag;  <a;K
N
K;
Naag;  <a <
 g`

K<NNc<
cua

` Kga
g<;
acKN
gu;gu

g `uagg;cK `uagg;Ng
 `uagg;;;



g `uagg;cK `uag
 cc
Ngg `uagg;cK `uagg
 <gg`N 
<
;
;
g<g

 a
ua< 

N gu`
<g`cgNK
g

g` u;
<gNg;aa<c
g
c
c

<;
cccg

  gucK`;NKaK


gNKugN

Nc
;`
N

`< <cug
`<;Nu<
 
N;c u
NuaNcg<Ng<uN <
Kugagg;ucKK

 <u

`cg`uaNcgg<  `Nc<;agg ;u<uu<
c
aKg
gK 
K
a
gac


`
 Ncgg
g; g
ug
Kg

cu<a;ggNuNg<c<`ug`a` agKaK<<N<a;ggNuNg<c<`ug`a` agKaK<<g`KNaK<;ggKg Na<<ugK
`Naag<g`N;N;g; g`KK
Ku
`ug
;gu`;

g

g
`gug<cgN`c<< cgN 

;
;a`Kag
guu
536
<
g

g




;
K;a <aaN`a;gKgNg

g`a`
a
 a;g
g

 u
c

a
gg`K
gg
g
;g cN
 g
g

g
a

NgK
;
KNgu;KN<;
;N
a
 <
g;
 
N;<
gg;g;auu` g < <`c
;;g;auu` g < <`Kg<`ac 
<Nc

N
cucNu;  <K
gg;

 
cgN

Kg
K` <a
aK<cucug u;<<
 N
ua
KggNauag;  <a;K
N
K;
Naag;  <a <
 g`

K<NNc<
cua

` Kga
g<;
acKN
gu;gu

g `uagg;cK `uagg;Ng
 `uagg;;;



g `uagg;cK `uag
 cc
Ngg `uagg;cK `uagg
 <gg`N 
<
;
;
g<g

 a
ua< 

N gu`
<g`cgNK
g

g` u;
<gNg;aa<c
g
c
c

<;
cccg

  gucK`;NKaK


gNKugN

Nc
;`
N

`< <cug
`<;Nu<
 
N;c u
NuaNcg<Ng<uN <
Kugagg;ucKK

 <u

`cg`uaNcgg<  `Nc<;agg ;u<uu<
c
aKg
gK 
K
a
gac


`
 Ncgg
g; g
ug
Kg

cu<a;ggNuNg<c<`ug`a` agKaK<<N<a;ggNuNg<c<`ug`a` agKaK<<g`KNaK<;ggKg Na<<ugK
`Naag<g`N;N;g; g`KK
Ku
`ug
;gu`;

g

g
`gug<cgN`c<< cgN 

;g<

g
;

g ;
<
g

g




;
K;a <aaN`a;gKgNg

g`a`
a
 a;g
g

 u
c

a
gg`K
gg
g
;g cN
 g
g

g
a

NgK
;
KNgu;KN<;
;N
a
 <
g;
 
N;<
gg;g;auu` g < <`c
;;g;auu` g < <`Kg<`ac 
<Nc

N
cucNu;  <K
gg;

 
cgN

Kg
K` <a
aK<cucug u;<<
 N
ua
KggNauag;  <a;K
N
K;
Naag;  <a <
 g`

K<NNc<
cua

` Kga
g<;
acKN
gu;gu

g `uagg;cK `uagg;Ng
 `uagg;;;



g `uagg;cK `uag
 cc
Ngg `uagg;cK `uagg
 <gg`N 
<
;
;
g<g

 a
ua< 

N gu`
<g`cgNK
g

g` u;
<gNg;aa<c
g
c
c

<;
cccg

  gucK`;NKaK


gNKugN

Nc
;`
N

`< <cug
`<;Nu<
 
N;c u
NuaNcg<Ng<uN <
Kugagg;ucKK

 <u

`cg`uaNcgg<  `Nc<;agg ;u<uu<
c
aKg
gK 
K
a
gac


`
 Ncgg
g; g
ug
Kg

cu<a;ggNuNg<c<`ug`a` agKaK<<N<a;ggNuNg<c<`ug`a` agKaK<<g`KNaK<;ggKg Na<<ugK
`Naag<g`N;N;g; g`KK
Ku
`ug
;gu`;

g

g
`gug<cgN`c<< cgN 

;g<

g
;
a
c` ua
`u;K

<
g

g




;
K;a <aaN`a;gKgNg

g`a`
a
 a;g
g

 u
c

a
gg`K
gg
g
;g cN
 g
g

g
a

NgK
;
KNgu;KN<;
;N
a
 <
g;
 
N;<
gg;g;auu` g < <`c
;;g;auu` g < <`Kg<`ac 
<Nc

N
cucNu;  <K
gg;

 
cgN

Kg
K` <a
aK<cucug u;<<
 N
ua
KggNauag;  <a;K
N
K;
Naag;  <a <
 g`

K<NNc<
cua

` Kga
g<;
acKN
gu;gu

g `uagg;cK `uagg;Ng
 `uagg;;;



g `uagg;cK `uag
 cc
Ngg `uagg;cK `uagg
 <gg`N 
<
;
;
g<g

 a
ua< 

N gu`
<g`cgNK
g

g` u;
<gNg;aa<c
g
c
c

<;
cccg

  gucK`;NKaK


gNKugN

Nc
;`
N

`< <cug
`<;Nu<
 
N;c u
NuaNcg<Ng<uN <
Kugagg;ucKK

 <u

`cg`uaNcgg<  `Nc<;agg ;u<uu<
c
aKg
gK 
K
a
gac


`
 Ncgg
g; g
ug
Kg

cu<a;ggNuNg<c<`ug`a` agKaK<<N<a;ggNuNg<c<`ug`a` agKaK<<g`KNaK<;ggKg Na<<ugK
`Naag<g`N;N;g; g`KK
Ku
`ug
;gu`;

g

g
`gug<cgN`c<< cgN 

;g<

g
N;
;
a
`guN
ga;
a

4
548
550
0
549
0
<
g

g




;
K;a <aaN`a;gKgNg

g`a`
a
 a;g
g

 u
c

a
gg`K
gg
g
;g cN
 g
g

g
a

NgK
;
KNgu;KN<;
;N
a
 <
g;
 
N;<
gg;g;auu` g < <`c
;;g;auu` g < <`Kg<`ac 
<Nc

N
cucNu;  <K
gg;

 
cgN

Kg
K` <a
aK<cucug u;<<
 N
ua
KggNauag;  <a;K
N
K;
Naag;  <a <
 g`

K<NNc<
cua

` Kga
g<;
acKN
gu;gu

g `uagg;cK `uagg;Ng
 `uagg;;;



g `uagg;cK `uag
 cc
Ngg `uagg;cK `uagg
 <gg`N 
<
;
;
g<g

 a
ua< 

N gu`
<g`cgNK
g

g` u;
<gNg;aa<c
g
c
c

<;
cccg

  gucK`;NKaK


gNKugN

Nc
;`
N

`< <cug
`<;Nu<
 
N;c u
NuaNcg<Ng<uN <
Kugagg;ucKK

 <u

`cg`uaNcgg<  `Nc<;agg ;u<uu<
c
aKg
gK 
K
a
gac


`
 Ncgg
g; g
ug
Kg

cu<a;ggNuNg<c<`ug`a` agKaK<<N<a;ggNuNg<c<`ug`a` agKaK<<g`KNaK<;ggKg Na<<ugK
`Naag<g`N;N;g; g`KK
Ku
`ug
;gu`;

g

g
`gug<cgN`c<< cgN 

;g<

g
N;

ggNKcg;u
Nu`N
ga;`u
 
` a;
gg< 
<
gK;


`
N

c`; gaK
Kc;
;K
<
g

g




;
K;a <aaN`a;gKgNg

g`a`
a
 a;g
g

 u
c

a
gg`K
gg
g
;g cN
 g
g

g
a

NgK
;
KNgu;KN<;
;N
a
 <
g;
 
N;<
gg;g;auu` g < <`c
;;g;auu` g < <`Kg<`ac 
<Nc

N
cucNu;  <K
gg;

 
cgN

Kg
K` <a
aK<cucug u;<<
 N
ua
KggNauag;  <a;K
N
K;
Naag;  <a <
 g`

K<NNc<
cua

` Kga
g<;
acKN
gu;gu

g `uagg;cK `uagg;Ng
 `uagg;;;



g `uagg;cK `uag
 cc
Ngg `uagg;cK `uagg
 <gg`N 
<
;
;
g<g

 a
ua< 

N gu`
<g`cgNK
g

g` u;
<gNg;aa<c
g
c
c

<;
cccg

  gucK`;NKaK


gNKugN

Nc
;`
N

`< <cug
`<;Nu<
 
N;c u
NuaNcg<Ng<uN <
Kugagg;ucKK

 <u

`cg`uaNcgg<  `Nc<;agg ;u<uu<
c
aKg
gK 
K
a
gac


`
 Ncgg
g; g
ug
Kg

cu<a;ggNuNg<c<`ug`a` agKaK<<N<a;ggNuNg<c<`ug`a` agKaK<<g`KNaK<;ggKg Na<<ugK
`Naag<g`N;N;g; g`KK
Ku
`ug
;gu`;

g

g
`gug<cgN`c<< cgN 

;g<

g
N;

ggNKcg;u
Nu`N
ga;`u
 
` a;
gg< 
<
gK;


`
N

c`; gaK
Kc;
;
<
g

g




;
K;a <aaN`a;gKgNg

g`a`
a
 a;g
g

 u
c

a
gg`K
gg
g
;g cN
 g
g

g
a

NgK
;
KNgu;KN<;
;N
a
 <
g;
 
N;<
gg;g;auu` g < <`c
;;g;auu` g < <`Kg<`ac 
<Nc

N
cucNu;  <K
gg;

 
cgN

Kg
K` <a
aK<cucug u;<<
 N
ua
KggNauag;  <a;K
N
K;
Naag;  <a <
 g`

K<NNc<
cua

` Kga
g<;
acKN
gu;gu

g `uagg;cK `uagg;Ng
 `uagg;;;



g `uagg;cK `uag
 cc
Ngg `uagg;cK `uagg
 <gg`N 
<
;
;
g<g

 a
ua< 

N gu`
<g`cgNK
g

g` u;
<gNg;aa<c
g
c
c

<;
cccg

  gucK`;NKaK


gNKugN

Nc
;`
N

`< <cug
`<;Nu<
 
N;c u
NuaNcg<Ng<uN <
Kugagg;ucKK

 <u

`cg`uaNcgg<  `Nc<;agg ;u<uu<
c
aKg
gK 
K
a
gac


`
 Ncgg
g; g
ug
Kg

cu<a;ggNuNg<c<`ug`a` agKaK<<N<a;ggNuNg<c<`ug`a` agKaK<<g`KNaK<;ggKg Na<<ugK
`Naag<g`N;N;g; g`KK
Ku
`ug
;gu`;

g

g
`gug<cgN`c<< cgN 

;g<

g
N;

ggNKcg;u
Nu`N
ga;`u
 
` a;
gg< 
<
gK;


`
N

c`; gaK
ag

Kc;cu;NNca
c`N;
<
g

g




;
K;a <aaN`a;gKgNg

g`a`
a
 a;g
g

 u
c

a
gg`K
gg
g
;g cN
 g
g

g
a

NgK
;
KNgu;KN<;
;N
a
 <
g;
 
N;<
gg;g;auu` g < <`c
;;g;auu` g < <`Kg<`ac 
<Nc

N
cucNu;  <K
gg;

 
cgN

Kg
K` <a
aK<cucug u;<<
 N
ua
KggNauag;  <a;K
N
K;
Naag;  <a <
 g`

K<NNc<
cua

` Kga
g<;
acKN
gu;gu

g `uagg;cK `uagg;Ng
 `uagg;;;



g `uagg;cK `uag
 cc
Ngg `uagg;cK `uagg
 <gg`N 
<
;
;
g<g

 a
ua< 

N gu`
<g`cgNK
g

g` u;
<gNg;aa<c
g
c
c

<;
cccg

  gucK`;NKaK


gNKugN

Nc
;`
N

`< <cug
`<;Nu<
 
N;c u
NuaNcg<Ng<uN <
Kugagg;ucKK

 <u

`cg`uaNcgg<  `Nc<;agg ;u<uu<
c
aKg
gK 
K
a
gac


`
 Ncgg
g; g
ug
Kg

cu<a;ggNuNg<c<`ug`a` agKaK<<N<a;ggNuNg<c<`ug`a` agKaK<<g`KNaK<;ggKg Na<<ugK
`Naag<g`N;N;g; g`KK
Ku
`ug
;gu`;

g

g
`gug<cgN`c<< cgN 

;g<

g
N;

ggNKcg;u
Nu`N
ga;`u
 
` a;
gg< 
<
gK;


`
N

c`; gaK
<;Kccc`N;
<
g

g




;
K;a <aaN`a;gKgNg

g`a`
a
 a;g
g

 u
c

a
gg`K
gg
g
;g cN
 g
g

g
a

NgK
;
KNgu;KN<;
;N
a
 <
g;
 
N;<
gg;g;auu` g < <`c
;;g;auu` g < <`Kg<`ac 
<Nc

N
cucNu;  <K
gg;

 
cgN

Kg
K` <a
aK<cucug u;<<
 N
ua
KggNauag;  <a;K
N
K;
Naag;  <a <
 g`

K<NNc<
cua

` Kga
g<;
acKN
gu;gu

g `uagg;cK `uagg;Ng
 `uagg;;;



g `uagg;cK `uag
 cc
Ngg `uagg;cK `uagg
 <gg`N 
<
;
;
g<g

 a
ua< 

N gu`
<g`cgNK
g

g` u;
<gNg;aa<c
g
c
c

<;
cccg

  gucK`;NKaK


gNKugN

Nc
;`
N

`< <cug
`<;Nu<
 
N;c u
NuaNcg<Ng<uN <
Kugagg;ucKK

 <u

`cg`uaNcgg<  `Nc<;agg ;u<uu<
c
aKg
gK 
K
a
gac


`
 Ncgg
g; g
ug
Kg

cu<a;ggNuNg<c<`ug`a` agKaK<<N<a;ggNuNg<c<`ug`a` agKaK<<g`KNaK<;ggKg Na<<ugK
`Naag<g`N;N;g; g`KK
Ku
`ug
;gu`;

g

g
`gug<cgN`c<< cgN 

;g<

g
N;

ggNKcg;u
Nu`N
ga;`u
 
` a;
gg< 
<
gK;


`
N

gKc


gc 
cg
1
566
0
569
<
g

g




;
K;a <aaN`a;gKgNg

g`a`
a
 a;g
g

 u
c

a
gg`K
gg
g
;g cN
 g
g

g
a

NgK
;
KNgu;KN<;
;N
a
 <
g;
 
N;<
gg;g;auu` g < <`c
;;g;auu` g < <`Kg<`ac 
<Nc

N
cucNu;  <K
gg;

 
cgN

Kg
K` <a
aK<cucug u;<<
 N
ua
KggNauag;  <a;K
N
K;
Naag;  <a <
 g`

K<NNc<
cua

` Kga
g<;
acKN
gu;gu

g `uagg;cK `uagg;Ng
 `uagg;;;



g `uagg;cK `uag
 cc
Ngg `uagg;cK `uagg
 <gg`N 
<
;
;
g<g

 a
ua< 

N gu`
<g`cgNK
g

g` u;
<gNg;aa<c
g
c
c

<;
cccg

  gucK`;NKaK


gNKugN

Nc
;`
N

`< <cug
`<;Nu<
 
N;c u
NuaNcg<Ng<uN <
Kugagg;ucKK

 <u

`cg`uaNcgg<  `Nc<;agg ;u<uu<
c
aKg
gK 
K
a
gac


`
 Ncgg
g; g
ug
Kg

cu<a;ggNuNg<c<`ug`a` agKaK<<N<a;ggNuNg<c<`ug`a` agKaK<<g`KNaK<;ggKg Na<<ugK
`Naag<g`N;N;g; g`KK
Ku
`ug
;gu`;

g

g
`gug<cgN`c<< cgN 

;g<

g
N;

ggNKcg;u
Nu`N
ga;`u
 
` a;
gg< 
<
gK;


`
N

gKc

gg

<
 

;a
Kg;gcKu
<
g

g




;
K;a <aaN`a;gKgNg

g`a`
a
 a;g
g

 u
c

a
gg`K
gg
g
;g cN
 g
g

g
a

NgK
;
KNgu;KN<;
;N
a
 <
g;
 
N;<
gg;g;auu` g < <`c
;;g;auu` g < <`Kg<`ac 
<Nc

N
cucNu;  <K
gg;

 
cgN

Kg
K` <a
aK<cucug u;<<
 N
ua
KggNauag;  <a;K
N
K;
Naag;  <a <
 g`

K<NNc<
cua

` Kga
g<;
acKN
gu;gu

g `uagg;cK `uagg;Ng
 `uagg;;;



g `uagg;cK `uag
 cc
Ngg `uagg;cK `uagg
 <gg`N 
<
;
;
g<g

 a
ua< 

N gu`
<g`cgNK
g

g` u;
<gNg;aa<c
g
c
c

<;
cccg

  gucK`;NKaK


gNKugN

Nc
;`
N

`< <cug
`<;Nu<
 
N;c u
NuaNcg<Ng<uN <
Kugagg;ucKK

 <u

`cg`uaNcgg<  `Nc<;agg ;u<uu<
c
aKg
gK 
K
a
gac


`
 Ncgg
g; g
ug
Kg

cu<a;ggNuNg<c<`ug`a` agKaK<<N<a;ggNuNg<c<`ug`a` agKaK<<g`KNaK<;ggKg Na<<ugK
`Naag<g`N;N;g; g`KK
Ku
`ug
;gu`;

g

g
`gug<cgN`c<< cgN 

;g<

g
N;

ggNKcg;u
Nu`N
ga;`u
 
` a;
gg< 
<
gK;


`
N

gKc

gg

<
 

;a
K
N
g`
<cKuN
578
<
g

g




;
K;a <aaN`a;gKgNg

g`a`
a
 a;g
g

 u
c

a
gg`K
gg
g
;g cN
 g
g

g
a

NgK
;
KNgu;KN<;
;N
a
 <
g;
 
N;<
gg;g;auu` g < <`c
;;g;auu` g < <`Kg<`ac 
<Nc

N
cucNu;  <K
gg;

 
cgN

Kg
K` <a
aK<cucug u;<<
 N
ua
KggNauag;  <a;K
N
K;
Naag;  <a <
 g`

K<NNc<
cua

` Kga
g<;
acKN
gu;gu

g `uagg;cK `uagg;Ng
 `uagg;;;



g `uagg;cK `uag
 cc
Ngg `uagg;cK `uagg
 <gg`N 
<
;
;
g<g

 a
ua< 

N gu`
<g`cgNK
g

g` u;
<gNg;aa<c
g
c
c

<;
cccg

  gucK`;NKaK


gNKugN

Nc
;`
N

`< <cug
`<;Nu<
 
N;c u
NuaNcg<Ng<uN <
Kugagg;ucKK

 <u

`cg`uaNcgg<  `Nc<;agg ;u<uu<
c
aKg
gK 
K
a
gac


`
 Ncgg
g; g
ug
Kg

cu<a;ggNuNg<c<`ug`a` agKaK<<N<a;ggNuNg<c<`ug`a` agKaK<<g`KNaK<;ggKg Na<<ugK
`Naag<g`N;N;g; g`KK
Ku
`ug
;gu`;

g

g
`gug<cgN`c<< cgN 

;g<

g
N;

ggNKcg;u
Nu`N
ga;`u
 
` a;
gg< 
<
gK;


`
N

gKc

gg

<
 

;a
K
N
g`
<cKuN
Nc `

<
g

g




;
K;a <aaN`a;gKgNg

g`a`
a
 a;g
g

 u
c

a
gg`K
gg
g
;g cN
 g
g

g
a

NgK
;
KNgu;KN<;
;N
a
 <
g;
 
N;<
gg;g;auu` g < <`c
;;g;auu` g < <`Kg<`ac 
<Nc

N
cucNu;  <K
gg;

 
cgN

Kg
K` <a
aK<cucug u;<<
 N
ua
KggNauag;  <a;K
N
K;
Naag;  <a <
 g`

K<NNc<
cua

` Kga
g<;
acKN
gu;gu

g `uagg;cK `uagg;Ng
 `uagg;;;



g `uagg;cK `uag
 cc
Ngg `uagg;cK `uagg
 <gg`N 
<
;
;
g<g

 a
ua< 

N gu`
<g`cgNK
g

g` u;
<gNg;aa<c
g
c
c

<;
cccg

  gucK`;NKaK


gNKugN

Nc
;`
N

`< <cug
`<;Nu<
 
N;c u
NuaNcg<Ng<uN <
Kugagg;ucKK

 <u

`cg`uaNcgg<  `Nc<;agg ;u<uu<
c
aKg
gK 
K
a
gac


`
 Ncgg
g; g
ug
Kg

cu<a;ggNuNg<c<`ug`a` agKaK<<N<a;ggNuNg<c<`ug`a` agKaK<<g`KNaK<;ggKg Na<<ugK
`Naag<g`N;N;g; g`KK
Ku
`ug
;gu`;

g

g
`gug<cgN`c<< cgN 

;g<

g
N;

ggNKcg;u
Nu`N
ga;`u
 
` a;
gg< 
<
gK;


`
N

gKc

gg

<
 

;a
K
N

ug <a
<cKuN
ac
<N
<
g

g




;
K;a <aaN`a;gKgNg

g`a`
a
 a;g
g

 u
c

a
gg`K
gg
g
;g cN
 g
g

g
a

NgK
;
KNgu;KN<;
;N
a
 <
g;
 
N;<
gg;g;auu` g < <`c
;;g;auu` g < <`Kg<`ac 
<Nc

N
cucNu;  <K
gg;

 
cgN

Kg
K` <a
aK<cucug u;<<
 N
ua
KggNauag;  <a;K
N
K;
Naag;  <a <
 g`

K<NNc<
cua

` Kga
g<;
acKN
gu;gu

g `uagg;cK `uagg;Ng
 `uagg;;;



g `uagg;cK `uag
 cc
Ngg `uagg;cK `uagg
 <gg`N 
<
;
;
g<g

 a
ua< 

N gu`
<g`cgNK
g

g` u;
<gNg;aa<c
g
c
c

<;
cccg

  gucK`;NKaK


gNKugN

Nc
;`
N

`< <cug
`<;Nu<
 
N;c u
NuaNcg<Ng<uN <
Kugagg;ucKK

 <u

`cg`uaNcgg<  `Nc<;agg ;u<uu<
c
aKg
gK 
K
a
gac


`
 Ncgg
g; g
ug
Kg

cu<a;ggNuNg<c<`ug`a` agKaK<<N<a;ggNuNg<c<`ug`a` agKaK<<g`KNaK<;ggKg Na<<ugK
`Naag<g`N;N;g; g`KK
Ku
`ug
;gu`;

g

g
`gug<cgN`c<< cgN 

;g<

g
N;

ggNKcg;u
Nu`N
ga;`u
 
` a;
gg< 
<
gK;


`
N

gKc

gg

<
 

;a
K
N

ug <a
<cKuN
acN
<
g

g




;
K;a <aaN`a;gKgNg

g`a`
a
 a;g
g

 u
c

a
gg`K
gg
g
;g cN
 g
g

g
a

NgK
;
KNgu;KN<;
;N
a
 <
g;
 
N;<
gg;g;auu` g < <`c
;;g;auu` g < <`Kg<`ac 
<Nc

N
cucNu;  <K
gg;

 
cgN

Kg
K` <a
aK<cucug u;<<
 N
ua
KggNauag;  <a;K
N
K;
Naag;  <a <
 g`

K<NNc<
cua

` Kga
g<;
acKN
gu;gu

g `uagg;cK `uagg;Ng
 `uagg;;;



g `uagg;cK `uag
 cc
Ngg `uagg;cK `uagg
 <gg`N 
<
;
;
g<g

 a
ua< 

N gu`
<g`cgNK
g

g` u;
<gNg;aa<c
g
c
c

<;
cccg

  gucK`;NKaK


gNKugN

Nc
;`
N

`< <cug
`<;Nu<
 
N;c u
NuaNcg<Ng<uN <
Kugagg;ucKK

 <u

`cg`uaNcgg<  `Nc<;agg ;u<uu<
c
aKg
gK 
K
a
gac


`
 Ncgg
g; g
ug
Kg

cu<a;ggNuNg<c<`ug`a` agKaK<<N<a;ggNuNg<c<`ug`a` agKaK<<g`KNaK<;ggKg Na<<ugK
`Naag<g`N;N;g; g`KK
Ku
`ug
;gu`;

g

g
`gug<cgN`c<< cgN 

;g<

g
N;

ggNKcg;u
Nu`N
ga;`u
 
` a;
gg< 
<
gK;


`
N

gKc

gg

<
 

;a
K
N
u
acaa;N
<
g

g




;
K;a <aaN`a;gKgNg

g`a`
a
 a;g
g

 u
c

a
gg`K
gg
g
;g cN
 g
g

g
a

NgK
;
KNgu;KN<;
;N
a
 <
g;
 
N;<
gg;g;auu` g < <`c
;;g;auu` g < <`Kg<`ac 
<Nc

N
cucNu;  <K
gg;

 
cgN

Kg
K` <a
aK<cucug u;<<
 N
ua
KggNauag;  <a;K
N
K;
Naag;  <a <
 g`

K<NNc<
cua

` Kga
g<;
acKN
gu;gu

g `uagg;cK `uagg;Ng
 `uagg;;;



g `uagg;cK `uag
 cc
Ngg `uagg;cK `uagg
 <gg`N 
<
;
;
g<g

 a
ua< 

N gu`
<g`cgNK
g

g` u;
<gNg;aa<c
g
c
c

<;
cccg

  gucK`;NKaK


gNKugN

Nc
;`
N

`< <cug
`<;Nu<
 
N;c u
NuaNcg<Ng<uN <
Kugagg;ucKK

 <u

`cg`uaNcgg<  `Nc<;agg ;u<uu<
c
aKg
gK 
K
a
gac


`
 Ncgg
g; g
ug
Kg

cu<a;ggNuNg<c<`ug`a` agKaK<<N<a;ggNuNg<c<`ug`a` agKaK<<g`KNaK<;ggKg Na<<ugK
`Naag<g`N;N;g; g`KK
Ku
`ug
;gu`;

g

g
`gug<cgN`c<< cgN 

;g<

g
N;

ggNKcg;u
Nu`N
ga;`u
 
` a;
gg< 
<
gK;


`
N

gKc

gg

<
 

;a
K

57
<
g

g




;
K;a <aaN`a;gKgNg

g`a`
a
 a;g
g

 u
c

a
gg`K
gg
g
;g cN
 g
g

g
a

NgK
;
KNgu;KN<;
;N
a
 <
g;
 
N;<
gg;g;auu` g < <`c
;;g;auu` g < <`Kg<`ac 
<Nc

N
cucNu;  <K
gg;

 
cgN

Kg
K` <a
aK<cucug u;<<
 N
ua
KggNauag;  <a;K
N
K;
Naag;  <a <
 g`

K<NNc<
cua

` Kga
g<;
acKN
gu;gu

g `uagg;cK `uagg;Ng
 `uagg;;;



g `uagg;cK `uag
 cc
Ngg `uagg;cK `uagg
 <gg`N 
<
;
;
g<g

 a
ua< 

N gu`
<g`cgNK
g

g` u;
<gNg;aa<c
g
c
c

<;
cccg

  gucK`;NKaK


gNKugN

Nc
;`
N

`< <cug
`<;Nu<
 
N;c u
NuaNcg<Ng<uN <
Kugagg;ucKK

 <u

`cg`uaNcgg<  `Nc<;agg ;u<uu<
c
aKg
gK 
K
a
gac


`
 Ncgg
g; g
ug
Kg

cu<a;ggNuNg<c<`ug`a` agKaK<<N<a;ggNuNg<c<`ug`a` agKaK<<g`KNaK<;ggKg Na<<ugK
`Naag<g`N;N;g; g`KK
Ku
`ug
;gu`;

g

g
`gug<cgN`c<< cgN 

;g<

g
N;

ggNKcg;u
Nu`N
ga;`u
 
` a;
gg< 
<
gK;


`
N

gKc

gg

<
 

;a
K


K; ;a
NgK
cgc
cg`K
64
598
139
<
g

g




;
K;a <aaN`a;gKgNg

g`a`
a
 a;g
g

 u
c

a
gg`K
gg
g
;g cN
 g
g

g
a

NgK
;
KNgu;KN<;
;N
a
 <
g;
 
N;<
gg;g;auu` g < <`c
;;g;auu` g < <`Kg<`ac 
<Nc

N
cucNu;  <K
gg;

 
cgN

Kg
K` <a
aK<cucug u;<<
 N
ua
KggNauag;  <a;K
N
K;
Naag;  <a <
 g`

K<NNc<
cua

` Kga
g<;
acKN
gu;gu

g `uagg;cK `uagg;Ng
 `uagg;;;



g `uagg;cK `uag
 cc
Ngg `uagg;cK `uagg
 <gg`N 
<
;
;
g<g

 a
ua< 

N gu`
<g`cgNK
g

g` u;
<gNg;aa<c
g
c
c

<;
cccg

  gucK`;NKaK


gNKugN

Nc
;`
N

`< <cug
`<;Nu<
 
N;c u
NuaNcg<Ng<uN <
Kugagg;ucKK

 <u

`cg`uaNcgg<  `Nc<;agg ;u<uu<
c
aKg
gK 
K
a
gac


`
 Ncgg
g; g
ug
Kg

cu<a;ggNuNg<c<`ug`a` agKaK<<N<a;ggNuNg<c<`ug`a` agKaK<<g`KNaK<;ggKg Na<<ugK
`Naag<g`N;N;g; g`KK
Ku
`ug
;gu`;

g

g
`gug<cgN`c<< cgN 

;g<

g
N;

ggNKcg;u
Nu`N
ga;`u
 
` a;
gg< 
<
gK;


`
N

gKc

gg

<
 

;a
K


K; ;a
<
`<`g`K 
Kca
NgK
cgc
Kgg<`K<N< caNKc

614
620
145
5
<
g

g




;
K;a <aaN`a;gKgNg

g`a`
a
 a;g
g

 u
c

a
gg`K
gg
g
;g cN
 g
g

g
a

NgK
;
KNgu;KN<;
;N
a
 <
g;
 
N;<
gg;g;auu` g < <`c
;;g;auu` g < <`Kg<`ac 
<Nc

N
cucNu;  <K
gg;

 
cgN

Kg
K` <a
aK<cucug u;<<
 N
ua
KggNauag;  <a;K
N
K;
Naag;  <a <
 g`

K<NNc<
cua

` Kga
g<;
acKN
gu;gu

g `uagg;cK `uagg;Ng
 `uagg;;;



g `uagg;cK `uag
 cc
Ngg `uagg;cK `uagg
 <gg`N 
<
;
;
g<g

 a
ua< 

N gu`
<g`cgNK
g

g` u;
<gNg;aa<c
g
c
c

<;
cccg

  gucK`;NKaK


gNKugN

Nc
;`
N

`< <cug
`<;Nu<
 
N;c u
NuaNcg<Ng<uN <
Kugagg;ucKK

 <u

`cg`uaNcgg<  `Nc<;agg ;u<uu<
c
aKg
gK 
K
a
gac


`
 Ncgg
g; g
ug
Kg

cu<a;ggNuNg<c<`ug`a` agKaK<<N<a;ggNuNg<c<`ug`a` agKaK<<g`KNaK<;ggKg Na<<ugK
`Naag<g`N;N;g; g`KK
Ku
`ug
;gu`;

g

g
`gug<cgN`c<< cgN 

;g<

g
N;

ggNKcg;u
Nu`N
ga;`u
 
` a;
gg< 
<
gK;


`
N

gKc

gg

<
 

;a
K


K; ;a
<
`<`g`K 
Kca
NgK
cgc
Kgg<`K<N< caNKc



;g<gaa`ggu 

`
` g;`;`gu;Nu;
<
g

g




;
K;a <aaN`a;gKgNg

g`a`
a
 a;g
g

 u
c

a
gg`K
gg
g
;g cN
 g
g

g
a

NgK
;
KNgu;KN<;
;N
a
 <
g;
 
N;<
gg;g;auu` g < <`c
;;g;auu` g < <`Kg<`ac 
<Nc

N
cucNu;  <K
gg;

 
cgN

Kg
K` <a
aK<cucug u;<<
 N
ua
KggNauag;  <a;K
N
K;
Naag;  <a <
 g`

K<NNc<
cua

` Kga
g<;
acKN
gu;gu

g `uagg;cK `uagg;Ng
 `uagg;;;



g `uagg;cK `uag
 cc
Ngg `uagg;cK `uagg
 <gg`N 
<
;
;
g<g

 a
ua< 

N gu`
<g`cgNK
g

g` u;
<gNg;aa<c
g
c
c

<;
cccg

  gucK`;NKaK


gNKugN

Nc
;`
N

`< <cug
`<;Nu<
 
N;c u
NuaNcg<Ng<uN <
Kugagg;ucKK

 <u

`cg`uaNcgg<  `Nc<;agg ;u<uu<
c
aKg
gK 
K
a
gac


`
 Ncgg
g; g
ug
Kg

cu<a;ggNuNg<c<`ug`a` agKaK<<N<a;ggNuNg<c<`ug`a` agKaK<<g`KNaK<;ggKg Na<<ugK
`Naag<g`N;N;g; g`KK
Ku
`ug
;gu`;

g

g
`gug<cgN`c<< cgN 

;g<

g
N;

ggNKcg;u
Nu`N
ga;`u
 
` a;
gg< 
<
gK;


`
N

gKc

gg

<
 

;a
K


K; ;a
<
`<`g`K 
Kca
NgK
cgc
Kgg<`K<N< caNKc



;g<gaa`ggu 

`g g;`;`guu;
0
623
2
<
g

g




;
K;a <aaN`a;gKgNg

g`a`
a
 a;g
g

 u
c

a
gg`K
gg
g
;g cN
 g
g

g
a

NgK
;
KNgu;KN<;
;N
a
 <
g;
 
N;<
gg;g;auu` g < <`c
;;g;auu` g < <`Kg<`ac 
<Nc

N
cucNu;  <K
gg;

 
cgN

Kg
K` <a
aK<cucug u;<<
 N
ua
KggNauag;  <a;K
N
K;
Naag;  <a <
 g`

K<NNc<
cua

` Kga
g<;
acKN
gu;gu

g `uagg;cK `uagg;Ng
 `uagg;;;



g `uagg;cK `uag
 cc
Ngg `uagg;cK `uagg
 <gg`N 
<
;
;
g<g

 a
ua< 

N gu`
<g`cgNK
g

g` u;
<gNg;aa<c
g
c
c

<;
cccg

  gucK`;NKaK


gNKugN

Nc
;`
N

`< <cug
`<;Nu<
 
N;c u
NuaNcg<Ng<uN <
Kugagg;ucKK

 <u

`cg`uaNcgg<  `Nc<;agg ;u<uu<
c
aKg
gK 
K
a
gac


`
 Ncgg
g; g
ug
Kg

cu<a;ggNuNg<c<`ug`a` agKaK<<N<a;ggNuNg<c<`ug`a` agKaK<<g`KNaK<;ggKg Na<<ugK
`Naag<g`N;N;g; g`KK
Ku
`ug
;gu`;

g

g
`gug<cgN`c<< cgN 

;g<

g
N;

ggNKcg;u
Nu`N
ga;`u
 
` a;
gg< 
<
gK;


`
N

gKc

gg

<
 

;a
K


K; ;a
<
`<`g`K 
Kca
NgK
cgc
Kgg<`K<N< caNKc

a
N
Ng
NKga ;<Ngc
ua
ca;<gN
gg`cKguc 
<
g

g




;
K;a <aaN`a;gKgNg

g`a`
a
 a;g
g

 u
c

a
gg`K
gg
g
;g cN
 g
g

g
a

NgK
;
KNgu;KN<;
;N
a
 <
g;
 
N;<
gg;g;auu` g < <`c
;;g;auu` g < <`Kg<`ac 
<Nc

N
cucNu;  <K
gg;

 
cgN

Kg
K` <a
aK<cucug u;<<
 N
ua
KggNauag;  <a;K
N
K;
Naag;  <a <
 g`

K<NNc<
cua

` Kga
g<;
acKN
gu;gu

g `uagg;cK `uagg;Ng
 `uagg;;;



g `uagg;cK `uag
 cc
Ngg `uagg;cK `uagg
 <gg`N 
<
;
;
g<g

 a
ua< 

N gu`
<g`cgNK
g

g` u;
<gNg;aa<c
g
c
c

<;
cccg

  gucK`;NKaK


gNKugN

Nc
;`
N

`< <cug
`<;Nu<
 
N;c u
NuaNcg<Ng<uN <
Kugagg;ucKK

 <u

`cg`uaNcgg<  `Nc<;agg ;u<uu<
c
aKg
gK 
K
a
gac


`
 Ncgg
g; g
ug
Kg

cu<a;ggNuNg<c<`ug`a` agKaK<<N<a;ggNuNg<c<`ug`a` agKaK<<g`KNaK<;ggKg Na<<ugK
`Naag<g`N;N;g; g`KK
Ku
`ug
;gu`;

g

g
`gug<cgN`c<< cgN 

;g<

g
N;

ggNKcg;u
Nu`N
ga;`u
 
` a;
gg< 
<
gK;


`
N

gKc

gg

<
 

;a
K


K; ;a
<
`<`g`K 
Kca
NgK
cgc
Kgg<`K<N< caNKc

a
N
Ng
NKga ;<Ngc
ua
ca;<gN
gg`cKguc 
<
g

g




;
K;a <aaN`a;gKgNg

g`a`
a
 a;g
g

 u
c

a
gg`K
gg
g
;g cN
 g
g

g
a

NgK
;
KNgu;KN<;
;N
a
 <
g;
 
N;<
gg;g;auu` g < <`c
;;g;auu` g < <`Kg<`ac 
<Nc

N
cucNu;  <K
gg;

 
cgN

Kg
K` <a
aK<cucug u;<<
 N
ua
KggNauag;  <a;K
N
K;
Naag;  <a <
 g`

K<NNc<
cua

` Kga
g<;
acKN
gu;gu

g `uagg;cK `uagg;Ng
 `uagg;;;



g `uagg;cK `uag
 cc
Ngg `uagg;cK `uagg
 <gg`N 
<
;
;
g<g

 a
ua< 

N gu`
<g`cgNK
g

g` u;
<gNg;aa<c
g
c
c

<;
cccg

  gucK`;NKaK


gNKugN

Nc
;`
N

`< <cug
`<;Nu<
 
N;c u
NuaNcg<Ng<uN <
Kugagg;ucKK

 <u

`cg`uaNcgg<  `Nc<;agg ;u<uu<
c
aKg
gK 
K
a
gac


`
 Ncgg
g; g
ug
Kg

cu<a;ggNuNg<c<`ug`a` agKaK<<N<a;ggNuNg<c<`ug`a` agKaK<<g`KNaK<;ggKg Na<<ugK
`Naag<g`N;N;g; g`KK
Ku
`ug
;gu`;

g

g
`gug<cgN`c<< cgN 

;g<

g
N;

ggNKcg;u
Nu`N
ga;`u
 
` a;
gg< 
<
gK;


`
N

gKc

gg

<
 

;a
K


K; ;a
<
`<`g`K 
Kca
NgK
cgc
Kgg<`K<N< caNKc

a
N
Ng
NKga ;<Ngc
ua
ca;<gNc
gg`cKguc 
<
g

g




;
K;a <aaN`a;gKgNg

g`a`
a
 a;g
g

 u
c

a
gg`K
gg
g
;g cN
 g
g

g
a

NgK
;
KNgu;KN<;
;N
a
 <
g;
 
N;<
gg;g;auu` g < <`c
;;g;auu` g < <`Kg<`ac 
<Nc

N
cucNu;  <K
gg;

 
cgN

Kg
K` <a
aK<cucug u;<<
 N
ua
KggNauag;  <a;K
N
K;
Naag;  <a <
 g`

K<NNc<
cua

` Kga
g<;
acKN
gu;gu

g `uagg;cK `uagg;Ng
 `uagg;;;



g `uagg;cK `uag
 cc
Ngg `uagg;cK `uagg
 <gg`N 
<
;
;
g<g

 a
ua< 

N gu`
<g`cgNK
g

g` u;
<gNg;aa<c
g
c
c

<;
cccg

  gucK`;NKaK


gNKugN

Nc
;`
N

`< <cug
`<;Nu<
 
N;c u
NuaNcg<Ng<uN <
Kugagg;ucKK

 <u

`cg`uaNcgg<  `Nc<;agg ;u<uu<
c
aKg
gK 
K
a
gac


`
 Ncgg
g; g
ug
Kg

cu<a;ggNuNg<c<`ug`a` agKaK<<N<a;ggNuNg<c<`ug`a` agKaK<<g`KNaK<;ggKg Na<<ugK
`Naag<g`N;N;g; g`KK
Ku
`ug
;gu`;

g

g
`gug<cgN`c<< cgN 

;g<

g
N;

ggNKcg;u
Nu`N
ga;`u
 
` a;
gg< 
<
gK;


`
N

gKc

gg

<
 

;a
K


K; ;a
<
`<`g`K 
Kca
NgK
cgc
Kgg<`K<N< caNKc

a
N
Ng
NKga ;<Ngc
uacNgcca;<gNc
gg`cKguc 
1
<
g

g




;
K;a <aaN`a;gKgNg

g`a`
a
 a;g
g

 u
c

a
gg`K
gg
g
;g cN
 g
g

g
a

NgK
;
KNgu;KN<;
;N
a
 <
g;
 
N;<
gg;g;auu` g < <`c
;;g;auu` g < <`Kg<`ac 
<Nc

N
cucNu;  <K
gg;

 
cgN

Kg
K` <a
aK<cucug u;<<
 N
ua
KggNauag;  <a;K
N
K;
Naag;  <a <
 g`

K<NNc<
cua

` Kga
g<;
acKN
gu;gu

g `uagg;cK `uagg;Ng
 `uagg;;;



g `uagg;cK `uag
 cc
Ngg `uagg;cK `uagg
 <gg`N 
<
;
;
g<g

 a
ua< 

N gu`
<g`cgNK
g

g` u;
<gNg;aa<c
g
c
c

<;
cccg

  gucK`;NKaK


gNKugN

Nc
;`
N

`< <cug
`<;Nu<
 
N;c u
NuaNcg<Ng<uN <
Kugagg;ucKK

 <u

`cg`uaNcgg<  `Nc<;agg ;u<uu<
c
aKg
gK 
K
a
gac


`
 Ncgg
g; g
ug
Kg

cu<a;ggNuNg<c<`ug`a` agKaK<<N<a;ggNuNg<c<`ug`a` agKaK<<g`KNaK<;ggKg Na<<ugK
`Naag<g`N;N;g; g`KK
Ku
`ug
;gu`;

g

g
`gug<cgN`c<< cgN 

;g<

g
N;

ggNKcg;u
Nu`N
ga;`u
 
` a;
gg< 
<
gK;


`
N

gKc

gg

<
 

;a
K


K; ;a
<
`<`g`K 
Kca
NgK
cgc
Kgg<`K<N< caNKc

a
N
Ng
NKga ;<Ngc
uacNgcca;<gNc
gg`cKguc 

Ku

<
gc<
<
g

g




;
K;a <aaN`a;gKgNg

g`a`
a
 a;g
g

 u
c

a
gg`K
gg
g
;g cN
 g
g

g
a

NgK
;
KNgu;KN<;
;N
a
 <
g;
 
N;<
gg;g;auu` g < <`c
;;g;auu` g < <`Kg<`ac 
<Nc

N
cucNu;  <K
gg;

 
cgN

Kg
K` <a
aK<cucug u;<<
 N
ua
KggNauag;  <a;K
N
K;
Naag;  <a <
 g`

K<NNc<
cua

` Kga
g<;
acKN
gu;gu

g `uagg;cK `uagg;Ng
 `uagg;;;



g `uagg;cK `uag
 cc
Ngg `uagg;cK `uagg
 <gg`N 
<
;
;
g<g

 a
ua< 

N gu`
<g`cgNK
g

g` u;
<gNg;aa<c
g
c
c

<;
cccg

  gucK`;NKaK


gNKugN

Nc
;`
N

`< <cug
`<;Nu<
 
N;c u
NuaNcg<Ng<uN <
Kugagg;ucKK

 <u

`cg`uaNcgg<  `Nc<;agg ;u<uu<
c
aKg
gK 
K
a
gac


`
 Ncgg
g; g
ug
Kg

cu<a;ggNuNg<c<`ug`a` agKaK<<N<a;ggNuNg<c<`ug`a` agKaK<<g`KNaK<;ggKg Na<<ugK
`Naag<g`N;N;g; g`KK
Ku
`ug
;gu`;

g

g
`gug<cgN`c<< cgN 

;g<

g
N;

ggNKcg;u
Nu`N
ga;`u
 
` a;
gg< 
<
gK;


`
N

gKc

gg

<
 

;a
K


K; ;a
<
`<`g`K 
Kca
NgK
cgc
Kgg<`K<N< caNKc

a
N
Ng
NKga ;<Ngc
uacNgcca;<gNc
gg`cKguc 

Ku

<

gg
;c;
Kgu
 Ku<KN
<
g

g




;
K;a <aaN`a;gKgNg

g`a`
a
 a;g
g

 u
c

a
gg`K
gg
g
;g cN
 g
g

g
a

NgK
;
KNgu;KN<;
;N
a
 <
g;
 
N;<
gg;g;auu` g < <`c
;;g;auu` g < <`Kg<`ac 
<Nc

N
cucNu;  <K
gg;

 
cgN

Kg
K` <a
aK<cucug u;<<
 N
ua
KggNauag;  <a;K
N
K;
Naag;  <a <
 g`

K<NNc<
cua

` Kga
g<;
acKN
gu;gu

g `uagg;cK `uagg;Ng
 `uagg;;;



g `uagg;cK `uag
 cc
Ngg `uagg;cK `uagg
 <gg`N 
<
;
;
g<g

 a
ua< 

N gu`
<g`cgNK
g

g` u;
<gNg;aa<c
g
c
c

<;
cccg

  gucK`;NKaK


gNKugN

Nc
;`
N

`< <cug
`<;Nu<
 
N;c u
NuaNcg<Ng<uN <
Kugagg;ucKK

 <u

`cg`uaNcgg<  `Nc<;agg ;u<uu<
c
aKg
gK 
K
a
gac


`
 Ncgg
g; g
ug
Kg

cu<a;ggNuNg<c<`ug`a` agKaK<<N<a;ggNuNg<c<`ug`a` agKaK<<g`KNaK<;ggKg Na<<ugK
`Naag<g`N;N;g; g`KK
Ku
`ug
;gu`;

g

g
`gug<cgN`c<< cgN 

;g<

g
N;

ggNKcg;u
Nu`N
ga;`u
 
` a;
gg< 
<
gK;


`
N

gKc

gg

<
 

;a
K


K; ;a
<
`<`g`K 
Kca
NgK
cgc
Kgg<`K<N< caNKc

a
N
Ng
NKga ;<Ngc
uacNgcca;<gNc
gg`cKguc 

Ku

<

gg
;c;
Kgu
 Ku<KN
<
g

g




;
K;a <aaN`a;gKgNg

g`a`
a
 a;g
g

 u
c

a
gg`K
gg
g
;g cN
 g
g

g
a

NgK
;
KNgu;KN<;
;N
a
 <
g;
 
N;<
gg;g;auu` g < <`c
;;g;auu` g < <`Kg<`ac 
<Nc

N
cucNu;  <K
gg;

 
cgN

Kg
K` <a
aK<cucug u;<<
 N
ua
KggNauag;  <a;K
N
K;
Naag;  <a <
 g`

K<NNc<
cua

` Kga
g<;
acKN
gu;gu

g `uagg;cK `uagg;Ng
 `uagg;;;



g `uagg;cK `uag
 cc
Ngg `uagg;cK `uagg
 <gg`N 
<
;
;
g<g

 a
ua< 

N gu`
<g`cgNK
g

g` u;
<gNg;aa<c
g
c
c

<;
cccg

  gucK`;NKaK


gNKugN

Nc
;`
N

`< <cug
`<;Nu<
 
N;c u
NuaNcg<Ng<uN <
Kugagg;ucKK

 <u

`cg`uaNcgg<  `Nc<;agg ;u<uu<
c
aKg
gK 
K
a
gac


`
 Ncgg
g; g
ug
Kg

cu<a;ggNuNg<c<`ug`a` agKaK<<N<a;ggNuNg<c<`ug`a` agKaK<<g`KNaK<;ggKg Na<<ugK
`Naag<g`N;N;g; g`KK
Ku
`ug
;gu`;

g

g
`gug<cgN`c<< cgN 

;g<

g
N;

ggNKcg;u
Nu`N
ga;`u
 
` a;
gg< 
<
gK;


`
N

gKc

gg

<
 

;a
K


K; ;a
<
`<`g`K 
Kca
NgK
cgc
Kgg<`K<N< caNKc

a
N
Ng
NKga ;<Ngc
uacNgcca;<gNc
gg`cKguc 

Ku

<

gg
;c;
Kgu

ugg`
;
NgNN gNc;ga`Ku<KNuK``NgNN gNc;ga`Ku<K


`< <uu`< <`< <;
700
<
g

g




;
K;a <aaN`a;gKgNg

g`a`
a
 a;g
g

 u
c

a
gg`K
gg
g
;g cN
 g
g

g
a

NgK
;
KNgu;KN<;
;N
a
 <
g;
 
N;<
gg;g;auu` g < <`c
;;g;auu` g < <`Kg<`ac 
<Nc

N
cucNu;  <K
gg;

 
cgN

Kg
K` <a
aK<cucug u;<<
 N
ua
KggNauag;  <a;K
N
K;
Naag;  <a <
 g`

K<NNc<
cua

` Kga
g<;
acKN
gu;gu

g `uagg;cK `uagg;Ng
 `uagg;;;



g `uagg;cK `uag
 cc
Ngg `uagg;cK `uagg
 <gg`N 
<
;
;
g<g

 a
ua< 

N gu`
<g`cgNK
g

g` u;
<gNg;aa<c
g
c
c

<;
cccg

  gucK`;NKaK


gNKugN

Nc
;`
N

`< <cug
`<;Nu<
 
N;c u
NuaNcg<Ng<uN <
Kugagg;ucKK

 <u

`cg`uaNcgg<  `Nc<;agg ;u<uu<
c
aKg
gK 
K
a
gac


`
 Ncgg
g; g
ug
Kg

cu<a;ggNuNg<c<`ug`a` agKaK<<N<a;ggNuNg<c<`ug`a` agKaK<<g`KNaK<;ggKg Na<<ugK
`Naag<g`N;N;g; g`KK
Ku
`ug
;gu`;

g

g
`gug<cgN`c<< cgN 

;g<

g
N;

ggNKcg;u
Nu`N
ga;`u
 
` a;
gg< 
<
gK;


`
N

gKc

gg

<
 

;a
K


K; ;a
<
`<`g`K 
Kca
NgK
cgc
Kgg<`K<N< caNKc

a
N
Ng
NKga ;<Ngc
uacNgcca;<gNc
gg`cKguc 

Ku

<

gg
;c;
Kgu

ugg`
;
NgNN gNc;ga`Ku<KNuK``NgNN gNc;ga`Ku<K


<KuK`< <uu`< <`< <;
<
g

g




;
K;a <aaN`a;gKgNg

g`a`
a
 a;g
g

 u
c

a
gg`K
gg
g
;g cN
 g
g

g
a

NgK
;
KNgu;KN<;
;N
a
 <
g;
 
N;<
gg;g;auu` g < <`c
;;g;auu` g < <`Kg<`ac 
<Nc

N
cucNu;  <K
gg;

 
cgN

Kg
K` <a
aK<cucug u;<<
 N
ua
KggNauag;  <a;K
N
K;
Naag;  <a <
 g`

K<NNc<
cua

` Kga
g<;
acKN
gu;gu

g `uagg;cK `uagg;Ng
 `uagg;;;



g `uagg;cK `uag
 cc
Ngg `uagg;cK `uagg
 <gg`N 
<
;
;
g<g

 a
ua< 

N gu`
<g`cgNK
g

g` u;
<gNg;aa<c
g
c
c

<;
cccg

  gucK`;NKaK


gNKugN

Nc
;`
N

`< <cug
`<;Nu<
 
N;c u
NuaNcg<Ng<uN <
Kugagg;ucKK

 <u

`cg`uaNcgg<  `Nc<;agg ;u<uu<
c
aKg
gK 
K
a
gac


`
 Ncgg
g; g
ug
Kg

cu<a;ggNuNg<c<`ug`a` agKaK<<N<a;ggNuNg<c<`ug`a` agKaK<<g`KNaK<;ggKg Na<<ugK
`Naag<g`N;N;g; g`KK
Ku
`ug
;gu`;

g

g
`gug<cgN`c<< cgN 

;g<

g
N;

ggNKcg;u
Nu`N
ga;`u
 
` a;
gg< 
<
gK;


`
N

gKc

gg

<
 

;a
K


K; ;a
<
`<`g`K 
Kca
NgK
cgc
Kgg<`K<N< caNKc

a
N
Ng
NKga ;<Ngc
uacNgcca;<gNc
gg`cKguc 

Ku

<

gg
;c;
Kgu

ugg`
;
NgNN gNc;ga`Ku<KNuK``NgNN gNc;ga`Ku<K
<

 u< <uu`< <`< <;
705
705
<
g

g




;
K;a <aaN`a;gKgNg

g`a`
a
 a;g
g

 u
c

a
gg`K
gg
g
;g cN
 g
g

g
a

NgK
;
KNgu;KN<;
;N
a
 <
g;
 
N;<
gg;g;auu` g < <`c
;;g;auu` g < <`Kg<`ac 
<Nc

N
cucNu;  <K
gg;

 
cgN

Kg
K` <a
aK<cucug u;<<
 N
ua
KggNauag;  <a;K
N
K;
Naag;  <a <
 g`

K<NNc<
cua

` Kga
g<;
acKN
gu;gu

g `uagg;cK `uagg;Ng
 `uagg;;;



g `uagg;cK `uag
 cc
Ngg `uagg;cK `uagg
 <gg`N 
<
;
;
g<g

 a
ua< 

N gu`
<g`cgNK
g

g` u;
<gNg;aa<c
g
c
c

<;
cccg

  gucK`;NKaK


gNKugN

Nc
;`
N

`< <cug
`<;Nu<
 
N;c u
NuaNcg<Ng<uN <
Kugagg;ucKK

 <u

`cg`uaNcgg<  `Nc<;agg ;u<uu<
c
aKg
gK 
K
a
gac


`
 Ncgg
g; g
ug
Kg

cu<a;ggNuNg<c<`ug`a` agKaK<<N<a;ggNuNg<c<`ug`a` agKaK<<g`KNaK<;ggKg Na<<ugK
`Naag<g`N;N;g; g`KK
Ku
`ug
;gu`;

g

g
`gug<cgN`c<< cgN 

;g<

g
N;

ggNKcg;u
Nu`N
ga;`u
 
` a;
gg< 
<
gK;


`
N

gKc

gg

<
 

;a
K


K; ;a
<
`<`g`K 
Kca
NgK
cgc
Kgg<`K<N< caNKc

a
N
Ng
NKga ;<Ngc
uacNgcca;<gNc
gg`cKguc 

Ku

<

gg
;c;
Kgu

ugg`
;
NgNN gNc;ga`Ku<KNuK``NgNN gNc;ga`Ku<K

uu`< <`< <;
u
<g;cNK
<
g

g




;
K;a <aaN`a;gKgNg

g`a`
a
 a;g
g

 u
c

a
gg`K
gg
g
;g cN
 g
g

g
a

NgK
;
KNgu;KN<;
;N
a
 <
g;
 
N;<
gg;g;auu` g < <`c
;;g;auu` g < <`Kg<`ac 
<Nc

N
cucNu;  <K
gg;

 
cgN

Kg
K` <a
aK<cucug u;<<
 N
ua
KggNauag;  <a;K
N
K;
Naag;  <a <
 g`

K<NNc<
cua

` Kga
g<;
acKN
gu;gu

g `uagg;cK `uagg;Ng
 `uagg;;;



g `uagg;cK `uag
 cc
Ngg `uagg;cK `uagg
 <gg`N 
<
;
;
g<g

 a
ua< 

N gu`
<g`cgNK
g

g` u;
<gNg;aa<c
g
c
c

<;
cccg

  gucK`;NKaK


gNKugN

Nc
;`
N

`< <cug
`<;Nu<
 
N;c u
NuaNcg<Ng<uN <
Kugagg;ucKK

 <u

`cg`uaNcgg<  `Nc<;agg ;u<uu<
c
aKg
gK 
K
a
gac


`
 Ncgg
g; g
ug
Kg

cu<a;ggNuNg<c<`ug`a` agKaK<<N<a;ggNuNg<c<`ug`a` agKaK<<g`KNaK<;ggKg Na<<ugK
`Naag<g`N;N;g; g`KK
Ku
`ug
;gu`;

g

g
`gug<cgN`c<< cgN 

;g<

g
N;

ggNKcg;u
Nu`N
ga;`u
 
` a;
gg< 
<
gK;


`
N

gKc

gg

<
 

;a
K


K; ;a
<
`<`g`K 
Kca
NgK
cgc
Kgg<`K<N< caNKc

a
N
Ng
NKga ;<Ngc
uacNgcca;<gNc
gg`cKguc 

Ku

<

gg
;c;
Kgu

ugg`
;
NgNN gNc;ga`Ku<KNuK``NgNN gNc;ga`Ku<KK<g;cNK
745
749
<
g

g




;
K;a <aaN`a;gKgNg

g`a`
a
 a;g
g

 u
c

a
gg`K
gg
g
;g cN
 g
g

g
a

NgK
;
KNgu;KN<;
;N
a
 <
g;
 
N;<
gg;g;auu` g < <`c
;;g;auu` g < <`Kg<`ac 
<Nc

N
cucNu;  <K
gg;

 
cgN

Kg
K` <a
aK<cucug u;<<
 N
ua
KggNauag;  <a;K
N
K;
Naag;  <a <
 g`

K<NNc<
cua

` Kga
g<;
acKN
gu;gu

g `uagg;cK `uagg;Ng
 `uagg;;;



g `uagg;cK `uag
 cc
Ngg `uagg;cK `uagg
 <gg`N 
<
;
;
g<g

 a
ua< 

N gu`
<g`cgNK
g

g` u;
<gNg;aa<c
g
c
c

<;
cccg

  gucK`;NKaK


gNKugN

Nc
;`
N

`< <cug
`<;Nu<
 
N;c u
NuaNcg<Ng<uN <
Kugagg;ucKK

 <u

`cg`uaNcgg<  `Nc<;agg ;u<uu<
c
aKg
gK 
K
a
gac


`
 Ncgg
g; g
ug
Kg

cu<a;ggNuNg<c<`ug`a` agKaK<<N<a;ggNuNg<c<`ug`a` agKaK<<g`KNaK<;ggKg Na<<ugK
`Naag<g`N;N;g; g`KK
Ku
`ug
;gu`;

g

g
`gug<cgN`c<< cgN 

;g<

g
N;

ggNKcg;u
Nu`N
ga;`u
 
` a;
gg< 
<
gK;


`
N

gKc

gg

<
 

;a
K


K; ;a
<
`<`g`K 
Kca
NgK
cgc
Kgg<`K<N< caNKc

a
N
Ng
NKga ;<Ngc
uacNgcca;<gNc
gg`cKguc 

Ku

<

gg
;c;
Kgu

ugg`
;a
Nc
gNN gNc;ga`Ku<KNuK``NgNN gNc;ga`Ku<KK<g;cNKu<`KaK
702
<
g

g




;
K;a <aaN`a;gKgNg

g`a`
a
 a;g
g

 u
c

a
gg`K
gg
g
;g cN
 g
g

g
a

NgK
;
KNgu;KN<;
;N
a
 <
g;
 
N;<
gg;g;auu` g < <`c
;;g;auu` g < <`Kg<`ac 
<Nc

N
cucNu;  <K
gg;

 
cgN

Kg
K` <a
aK<cucug u;<<
 N
ua
KggNauag;  <a;K
N
K;
Naag;  <a <
 g`

K<NNc<
cua

` Kga
g<;
acKN
gu;gu

g `uagg;cK `uagg;Ng
 `uagg;;;



g `uagg;cK `uag
 cc
Ngg `uagg;cK `uagg
 <gg`N 
<
;
;
g<g

 a
ua< 

N gu`
<g`cgNK
g

g` u;
<gNg;aa<c
g
c
c

<;
cccg

  gucK`;NKaK


gNKugN

Nc
;`
N

`< <cug
`<;Nu<
 
N;c u
NuaNcg<Ng<uN <
Kugagg;ucKK

 <u

`cg`uaNcgg<  `Nc<;agg ;u<uu<
c
aKg
gK 
K
a
gac


`
 Ncgg
g; g
ug
Kg

cu<a;ggNuNg<c<`ug`a` agKaK<<N<a;ggNuNg<c<`ug`a` agKaK<<g`KNaK<;ggKg Na<<ugK
`Naag<g`N;N;g; g`KK
Ku
`ug
;gu`;

g

g
`gug<cgN`c<< cgN 

;g<

g
N;

ggNKcg;u
Nu`N
ga;`u
 
` a;
gg< 
<
gK;


`
N

gKc

gg

<
 

;a
K


K; ;a
<
`<`g`K 
Kca
NgK
cgc
Kgg<`K<N< caNKc

a
N
Ng
NKga ;<Ngc
uacNgcca;<gNc
gg`cKguc 

Ku

<

gg
;c;
Kgu

uggN`
;caa
NcugNN gNc;ga`Ku<KNuK``NgNN gNc;ga`Ku<KK<g;cNKu<`KaK
<
g

g




;
K;a <aaN`a;gKgNg

g`a`
a
 a;g
g

 u
c

a
gg`K
gg
g
;g cN
 g
g

g
a

NgK
;
KNgu;KN<;
;N
a
 <
g;
 
N;<
gg;g;auu` g < <`c
;;g;auu` g < <`Kg<`ac 
<Nc

N
cucNu;  <K
gg;

 
cgN

Kg
K` <a
aK<cucug u;<<
 N
ua
KggNauag;  <a;K
N
K;
Naag;  <a <
 g`

K<NNc<
cua

` Kga
g<;
acKN
gu;gu

g `uagg;cK `uagg;Ng
 `uagg;;;



g `uagg;cK `uag
 cc
Ngg `uagg;cK `uagg
 <gg`N 
<
;
;
g<g

 a
ua< 

N gu`
<g`cgNK
g

g` u;
<gNg;aa<c
g
c
c

<;
cccg

  gucK`;NKaK


gNKugN

Nc
;`
N

`< <cug
`<;Nu<
 
N;c u
NuaNcg<Ng<uN <
Kugagg;ucKK

 <u

`cg`uaNcgg<  `Nc<;agg ;u<uu<
c
aKg
gK 
K
a
gac


`
 Ncgg
g; g
ug
Kg

cu<a;ggNuNg<c<`ug`a` agKaK<<N<a;ggNuNg<c<`ug`a` agKaK<<g`KNaK<;ggKg Na<<ugK
`Naag<g`N;N;g; g`KK
Ku
`ug
;gu`;

g

g
`gug<cgN`c<< cgN 

;g<

g
N;

ggNKcg;u
Nu`N
ga;`u
 
` a;
gg< 
<
gK;


`
N

gKc

gg

<
 

;a
K


K; ;a
<
`<`g`K 
Kca
NgK
cgc
Kgg<`K<N< caNKc

a
N
Ng
NKga ;<Ngc
uacNgcca;<gNc
gg`cKguc 

Ku

<

gg
;c;
Kgug
uggN`
;caa
NcugNN gNc;ga`Ku<KNuK``NgNN gNc;ga`Ku<KK<g;cNKu<`KaK
712
714
<
g

g




;
K;a <aaN`a;gKgNg

g`a`
a
 a;g
g

 u
c

a
gg`K
gg
g
;g cN
 g
g

g
a

NgK
;
KNgu;KN<;
;N
a
 <
g;
 
N;<
gg;g;auu` g < <`c
;;g;auu` g < <`Kg<`ac 
<Nc

N
cucNu;  <K
gg;

 
cgN

Kg
K` <a
aK<cucug u;<<
 N
ua
KggNauag;  <a;K
N
K;
Naag;  <a <
 g`

K<NNc<
cua

` Kga
g<;
acKN
gu;gu

g `uagg;cK `uagg;Ng
 `uagg;;;



g `uagg;cK `uag
 cc
Ngg `uagg;cK `uagg
 <gg`N 
<
;
;
g<g

 a
ua< 

N gu`
<g`cgNK
g

g` u;
<gNg;aa<c
g
c
c

<;
cccg

  gucK`;NKaK


gNKugN

Nc
;`
N

`< <cug
`<;Nu<
 
N;c u
NuaNcg<Ng<uN <
Kugagg;ucKK

 <u

`cg`uaNcgg<  `Nc<;agg ;u<uu<
c
aKg
gK 
K
a
gac


`
 Ncgg
g; g
ug
Kg

cu<a;ggNuNg<c<`ug`a` agKaK<<N<a;ggNuNg<c<`ug`a` agKaK<<g`KNaK<;ggKg Na<<ugK
`Naag<g`N;N;g; g`KK
Ku
`ug
;gu`;

g

g
`gug<cgN`c<< cgN 

;g<

g
N;

ggNKcg;u
Nu`N
ga;`u
 
` a;
gg< 
<
gK;


`
N

gKc

gg

<
 

;a
K


K; ;a
<
`<`g`K 
Kca
NgK
cgc
Kgg<`K<N< caNKc

a
N
Ng
NKga ;<Ngc
uacNgcca;<gNc
gg`cKguc 

Ku

<

gg
;c;
gK
gN<ag;
<
Na


gg
NNN;
<;
uggNNgKN<
aK 
K<
;caa
NcugNN gNc;ga`Ku<KNuK``NgNN gNc;ga`Ku<KK<g;cNKu<`KaK
<
g

g




;
K;a <aaN`a;gKgNg

g`a`
a
 a;g
g

 u
c

a
gg`K
gg
g
;g cN
 g
g

g
a

NgK
;
KNgu;KN<;
;N
a
 <
g;
 
N;<
gg;g;auu` g < <`c
;;g;auu` g < <`Kg<`ac 
<Nc

N
cucNu;  <K
gg;

 
cgN

Kg
K` <a
aK<cucug u;<<
 N
ua
KggNauag;  <a;K
N
K;
Naag;  <a <
 g`

K<NNc<
cua

` Kga
g<;
acKN
gu;gu

g `uagg;cK `uagg;Ng
 `uagg;;;



g `uagg;cK `uag
 cc
Ngg `uagg;cK `uagg
 <gg`N 
<
;
;
g<g

 a
ua< 

N gu`
<g`cgNK
g

g` u;
<gNg;aa<c
g
c
c

<;
cccg

  gucK`;NKaK


gNKugN

Nc
;`
N

`< <cug
`<;Nu<
 
N;c u
NuaNcg<Ng<uN <
Kugagg;ucKK

 <u

`cg`uaNcgg<  `Nc<;agg ;u<uu<
c
aKg
gK 
K
a
gac


`
 Ncgg
g; g
ug
Kg

cu<a;ggNuNg<c<`ug`a` agKaK<<N<a;ggNuNg<c<`ug`a` agKaK<<g`KNaK<;ggKg Na<<ugK
`Naag<g`N;N;g; g`KK
Ku
`ug
;gu`;

g

g
`gug<cgN`c<< cgN 

;g<

g
N;

ggNKcg;u
Nu`N
ga;`u
 
` a;
gg< 
<
gK;


`
N

gKc

gg

<
 

;a
K


K; ;a
<
`<`g`K 
Kca
NgK
cgc
Kgg<`K<N< caNKc

a
N
Ng
NKga ;<Ngc
uacNgcca;<gNc
gg`cKguc 

Ku

<

gg
;c;
gK
gN<ag;
<
Na


gg
NNN;
<;
uggNNgKN<
aK 
K<
;caa
NcugNN gNc;ga`Ku<KNuK``NgNN gNc;ga`Ku<KK<g;cNKu<`KaK
0
80
0
