0
2
0

`1T  1
_1_1_o
G`
`T
0
0
9
 
T
11
G_G  
`T
 
T
11
G_G  
`T
 
T
11
GG_G  
`T
4
6
 
T
11_
GTG1o`
11_ GG1
1oG `11 1_o`G_Go o1
 
T
11TG1o`
1
 
T
1oT``1TG1o`
11`G1
0
45
 
T
1oT``1TG1o`
11`G1G_

11 `1oG 11
`T1`oo

 `T 
o G
G
o1 `TTG1T
o11
1o11
11 T
0
 
T
1oT``1TG1o`
11`G1G_

11 `1oG 11
`T1`oo

 `T 
o G
G
o1 `TTG1T
o11
_
T1
G`
_T

T_ o
11
o1 T
 
T
1oT``1TG1o`
11`G1G_

11 `1oG 11
`T1`oo

 `T 
o G
G
o1 `TTG1T
o11
_
T1
G`
_T

T_  1o
11
o1 T
 
T
1oT``1TG1o`
11`G1G_

11 `1oG 11
`T1`oo

 `T 
o G
G
o1 `TTG1T
o11
_
T1
G`
_T

T_  1
G
o
11
o1 T
65
 
T
1oT``1TG1o`
11`G1G_

11 `1oG 11
`T1`oo

 `T 
o G
G
o1 `TTG1T
o11
_
T1
G`
_T
`
`
G`
`
_T_  1T`
11
o1 T
75
23
4
 
T
1oT``1TG1o`
11`G1G_

11 `1oG 11
`T1`oo

 `T 
o G
G
o1 `TTG1T
o11
_
T1
G`
_T
`

GoTG`
`T1_`
_T_  1T`
11
 T`
1


G T

10
85
 
T
1oT``1TG1o`
11`G1G_

11 `1oG 11
`T1`oo

 `T 
o G
G
o1 `TTG1T
o11
_
T1
G`
_T
`

GoTG`
`T1_`
_T_  1T`
11
 T`
1


G T
Go1
 1`1_ `o
`
`

 
T
1oT``1TG1o`
11`G1G_

11 `1oG 11
`T1`oo

 `T 
o G
G
o1 `TTG1T
o11
_
T1
G`
_T
`

GoTG`
`T1_`
_T_  1T`
11
 T`
1


G T
Go1
 1`1_ `o
`1`1o

 

T
 
T
1oT``1TG1o`
11`G1G_

11 `1oG 11
`T1`oo

 `T 
o G
G
o1 `TTG1T
o11
_
T1
G`
_T
`

GoTG`
`T1_`
_T_  1T`
11
 T`
1


G T
Go1
 1`1_ `o
`1`1o

 

1
11G_TG1o
109
 
T
1oT``1TG1o`
11`G1G_

11 `1oG 11
`T1`oo

 `T 
o G
G
o1 `TTG1T
o11
_
T1
G`
_T
`

GoTG`
`T1_`
_T_  1T`
11
 T`
1


G T
Go1
 1`1_ `o
`1`1o

 
_1_1o`1o o
__
_
T1o
 
T
1oT``1TG1o`
11`G1G_

11 `1oG 11
`T1`oo

 `T 
o G
G
o1 `TTG1T
o11
_
T1
G`
_T
`

GoTG`
`T1_`
_T_  1T`
11
 T`
1


G T
Go1
 1`1_ `o
`1`1o

 `
_1_1o`1o o
__
_
T1o
 
T
1oT``1TG1o`
11`G1G_

11 `1oG 11
`T1`oo

 `T 
o G
G
o1 `TTG1T
o11
_
T1
G`
_T
`

GoTG`
`T1_`
_T_  1T`
11
 T`
1


G T
Go1
 1`1_ `o
`1`1o

 `
_111`G ToT_
_
T1o
123
0
 
T
1oT``1TG1o`
11`G1G_

11 `1oG 11
`T1`oo

 `T 
o G
G
o1 `TTG1T
o11
_
T1
G`
_T
`

GoTG`
`T1_`
_T_  1T`
11
 T`
1


G T
Go1
 1`1_ `o
`1`1o

 `
_111`G ToT`


o_11_o_1Go1G
1_
TG
`
`_`
 
T
1oT``1TG1o`
11`G1G_

11 `1oG 11
`T1`oo

 `T 
o G
G
o1 `TTG1T
o11
_
T1
G`
_T
`

GoTG`
`T1_`
_T_  1T`
11
 T`
1


G T
Go1
 1`1_ `o
`1`1o

 `
_111`G ToT`


o_11_o_1Go1G
1_
TG
`
`_`T1
129
 
T
1oT``1TG1o`
11`G1G_

11 `1oG 11
`T1`oo

 `T 
o G
G
o1 `TTG1T
o11
_
T1
G`
_T
`

GoTG`
`T1_`
_T_  1T`
11
 T`
1


G T
Go1
 1`1_ `o
`1`1o

 `
_111`G ToT`


o_11_o_1Go1G
1_
T1T
G
``_`T1
135
153
 
T
1oT``1TG1o`
11`G1G_

11 `1oG 11
`T1`oo

 `T 
o G
G
o1 `TTG1T
o11
_
T1
G`
_T
`

GoTG`
`T1_`
_T_  1T`
11
 T`
1


G T
Go1
 1`1_ `o
`1`1o

 `
_111`G ToT`


o_11_o_1Go1G
__

1  o11_ 1T1T
 
o11 1_ 11G`1To
TT11 ` 1 GG``_`T1
154
24
6
0
1
 
T
1oT``1TG1o`
11`G1G_

11 `1oG 11
`T1`oo

 `T 
o G
G
o1 `TTG1T
o11
_
T1
G`
_T
`

GoTG`
`T1_`
_T_  1T`
11
 T`
1


G T
Go1
 1`1_ `o
`1`1o

 `
_111`G ToT`


o_11_o_1Go1G
__

1  o11_ 1T1T
 
o11 1_ 11G`1To
TT11 ` 1 ` GG``_`T1  1G
1_ 1T1T

T
G

oG1TG1oo``T1
1_ 1T1T 1_ 1T1To_T
 
T
1oT``1TG1o`
11`G1G_

11 `1oG 11
`T1`oo

 `T 
o G
G
o1 `TTG1T
o11
_
T1
G`
_T
`

GoTG`
`T1_`
_T_  1T`
11
 T`
1


G T
Go1
 1`1_ `o
`1`1o

 `
_111`G ToT`


o_11_o_1Go1G
__

1  o11_ 1T1T
 
o11 1_ 11G`1To
TT11 ` 1 ` GG``_`T1  1G
1_ 1T1T

T
G

oG1TG1oo``T1 oT
1_ 1T1T 1_ 1T1To_T
3
 
T
1oT``1TG1o`
11`G1G_

11 `1oG 11
`T1`oo

 `T 
o G
G
o1 `TTG1T
o11
_
T1
G`
_T
`

GoTG`
`T1_`
_T_  1T`
11
 T`
1


G T
Go1
 1`1_ `o
`1`1o

 `
_111`G ToT`


o_11_o_1Go1G
__

1  o11_ 1T1T
 
o11 1_ 11G`1To
TT11 ` 1 ` GG``_`T1  1G
1_ 1T1T

T
G`_1o
1T
_ 1
`
G1
11
1 ooGGoG1TG1oo``T1 oToG
1_ 1T1T 1_ 1T1T`oo_T
10
1
69
69
 
T
1oT``1TG1o`
11`G1G_

11 `1oG 11
`T1`oo

 `T 
o G
G
o1 `TTG1T
o11
_
T1
G`
_T
`

GoTG`
`T1_`
_T_  1T`
11
 T`
1


G T
Go1
 1`1_ `o
`1`1o

 `
_111`G ToT`


o_11_o_1Go1G
__

1  o11_ 1T1T
 
o11 1_ 11G`1To
TT11 ` 1 ` GG``_`T1  1G
1_ 1T1T

T
G`_1o
1T
_ 1
`
G1
11
11G
 1   ooGGoG1TG1oo``T1 oToG

 G 
1G
_G1o1`G_oG1

 ` 1
218
 
T
1oT``1TG1o`
11`G1G_

11 `1oG 11
`T1`oo

 `T 
o G
G
o1 `TTG1T
o11
_
T1
G`
_T
`

GoTG`
`T1_`
_T_  1T`
11
 T`
1


G T
Go1
 1`1_ `o
`1`1o

 `
_111`G ToT`


o_11_o_1Go1G
__

1  o11_ 1T1T
 
o11 1_ 11G`1To
TT11 ` 1 ` GG``_`T1  1G
1_ 1T1T

T
G`_1o
1T
_ 1
`
G1
11
11G
 1   ooGGoG1TG1oo``T1 oToG

 G 
1G
_G1o1`G_oG1

 `  
 1
11
1
225
226
231
10
4
245
248
7
252
 
T
1oT``1TG1o`
11`G1G_

11 `1oG 11
`T1`oo

 `T 
o G
G
o1 `TTG1T
o11
_
T1
G`
_T
`

GoTG`
`T1_`
_T_  1T`
11
 T`
1


G T
Go1
 1`1_ `o
`1`1o

 `
_111`G ToT`


o_11_o_1Go1G
__

1  o11_ 1T1T
 
o11 1_ 11G`1To
TT11 ` 1 ` GG``_`T1  1G
1_ 1T1T

T
G`_1o
1T
_ 1
`
G1
11
11G
 1   ooGGoG1TG1oo``T1 oToG

 G 
1G
_G1o1`G_oG1

 `  
 1
G 
1 
o 1

oo
11`o` 11o1

1o` 1_`1 o1``
`
G 

o
T1_1o` 1 T 1 _ To`1
262
0
 
T
1oT``1TG1o`
11`G1G_

11 `1oG 11
`T1`oo

 `T 
o G
G
o1 `TTG1T
o11
_
T1
G`
_T
`

GoTG`
`T1_`
_T_  1T`
11
 T`
1


G T
Go1
 1`1_ `o
`1`1o

 `
_111`G ToT`


o_11_o_1Go1G
__

1  o11_ 1T1T
 
o11 1_ 11G`1To
TT11 ` 1 ` GG``_`T1  1G
1_ 1T1T

T
G`_1o
1T
_ 1
`
G1
11
11G
 1   ooGGoG1TG1oo``T1 oToG

 G 
1G
_G1o1`G_oG1

 `  
 1
G 
1 
o 1

oo
11`o` 11o1

1o` 1_`1 o1``
`
G 

o
T


T1`111G
 
1oo

_ooo1o` 11_`1G1
275
 
T
1oT``1TG1o`
11`G1G_

11 `1oG 11
`T1`oo

 `T 
o G
G
o1 `TTG1T
o11
_
T1
G`
_T
`

GoTG`
`T1_`
_T_  1T`
11
 T`
1


G T
Go1
 1`1_ `o
`1`1o

 `
_111`G ToT`


o_11_o_1Go1G
__

1  o11_ 1T1T
 
o11 1_ 11G`1To
TT11 ` 1 ` GG``_`T1  1G
1_ 1T1T

T
G`_1o
1T
_ 1
`
G1
11
11G
 1   ooGGoG1TG1oo``T1 oToG

 G 
1G
_G1o1`G_oG1

 `  
 1
G 
1 
o 1

oo
11`o` 11o1

1o` 1_`1 o1``
`
G 

o
T


T1`1o11`G
  1_1oTTG`o_` 11`_`1G1`
 
T
1oT``1TG1o`
11`G1G_

11 `1oG 11
`T1`oo

 `T 
o G
G
o1 `TTG1T
o11
_
T1
G`
_T
`

GoTG`
`T1_`
_T_  1T`
11
 T`
1


G T
Go1
 1`1_ `o
`1`1o

 `
_111`G ToT`


o_11_o_1Go1G
__

1  o11_ 1T1T
 
o11 1_ 11G`1To
TT11 ` 1 ` GG``_`T1  1G
1_ 1T1T

T
G`_1o
1T
_ 1
`
G1
11
11G
 1   ooGGoG1TG1oo``T1 oToG

 G 
1G
_G1o1`G_oG1

 `  
 1
G 
1 
o 1

oo
11`o` 11o1

1o` 1_`1 o1``
`
G 

o
T


T1`1o11`G
  1_1oTTG`o_` 11`_`1G1`
`G
_
_T 
5
 
T
1oT``1TG1o`
11`G1G_

11 `1oG 11
`T1`oo

 `T 
o G
G
o1 `TTG1T
o11
_
T1
G`
_T
`

GoTG`
`T1_`
_T_  1T`
11
 T`
1


G T
Go1
 1`1_ `o
`1`1o

 `
_111`G ToT`


o_11_o_1Go1G
__

1  o11_ 1T1T
 
o11 1_ 11G`1To
TT11 ` 1 ` GG``_`T1  1G
1_ 1T1T

T
G`_1o
1T
_ 1
`
G1
11
11G
 1   ooGGoG1TG1oo``T1 oToG

 G 
1G
_G1o1`G_oG1

 `  
 1
G 
1 
o 1

oo
11`o` 11o1

1o` 1_`1 o1``
`
G 

o
T


T1`1o11`G
  1_1oTTG`o_` 11`_`1G1`
`G
_
_T
T
 
 o
T 
287
 
T
1oT``1TG1o`
11`G1G_

11 `1oG 11
`T1`oo

 `T 
o G
G
o1 `TTG1T
o11
_
T1
G`
_T
`

GoTG`
`T1_`
_T_  1T`
11
 T`
1


G T
Go1
 1`1_ `o
`1`1o

 `
_111`G ToT`


o_11_o_1Go1G
__

1  o11_ 1T1T
 
o11 1_ 11G`1To
TT11 ` 1 ` GG``_`T1  1G
1_ 1T1T

T
G`_1o
1T
_ 1
`
G1
11
11G
 1   ooGGoG1TG1oo``T1 oToG

 G 
1G
_G1o1`G_oG1

 `  
 1
G 
1 
o 1

oo
11`o` 11o1

1o` 1_`1 o1``
`
G 

o
T


T1`1o11`G
  1_1oTTG`o_` 11`_`1G1`
`G
_
_T
T
 
 o
T `o1_GT1
307
 
T
1oT``1TG1o`
11`G1G_

11 `1oG 11
`T1`oo

 `T 
o G
G
o1 `TTG1T
o11
_
T1
G`
_T
`

GoTG`
`T1_`
_T_  1T`
11
 T`
1


G T
Go1
 1`1_ `o
`1`1o

 `
_111`G ToT`


o_11_o_1Go1G
__

1  o11_ 1T1T
 
o11 1_ 11G`1To
TT11 ` 1 ` GG``_`T1  1G
1_ 1T1T

T
G`_1o
1T
_ 1
`
G1
11
11G
 1   ooGGoG1TG1oo``T1 oToG

 G 
1G
_G1o1`G_oG1

 `  
 1
G 
1 
o 1

oo
11`o` 11o1

1o` 1_`1 o1``
`
G 

o
T


T1`1o11`G
  1_1oTTG`o_` 11`_`1G1`
`G
_
_T
T
 
 o
T `o1_GT1


G11G1o` 1_
T`
1 `
 `
1
1 `
315
 
T
1oT``1TG1o`
11`G1G_

11 `1oG 11
`T1`oo

 `T 
o G
G
o1 `TTG1T
o11
_
T1
G`
_T
`

GoTG`
`T1_`
_T_  1T`
11
 T`
1


G T
Go1
 1`1_ `o
`1`1o

 `
_111`G ToT`


o_11_o_1Go1G
__

1  o11_ 1T1T
 
o11 1_ 11G`1To
TT11 ` 1 ` GG``_`T1  1G
1_ 1T1T

T
G`_1o
1T
_ 1
`
G1
11
11G
 1   ooGGoG1TG1oo``T1 oToG

 G 
1G
_G1o1`G_oG1

 `  
 1
G 
1 
o 1

oo
11`o` 11o1

1o` 1_`1 o1``
`
G 

o
T


T1`1o11`G
  1_1oTTG`o_` 11`_`1G1`
`G
_
_T
T
 
 o
T `o1_GT1


G11G1o` 1_
T`
1 `
 `
1o1
11 `
 
T
1oT``1TG1o`
11`G1G_

11 `1oG 11
`T1`oo

 `T 
o G
G
o1 `TTG1T
o11
_
T1
G`
_T
`

GoTG`
`T1_`
_T_  1T`
11
 T`
1


G T
Go1
 1`1_ `o
`1`1o

 `
_111`G ToT`


o_11_o_1Go1G
__

1  o11_ 1T1T
 
o11 1_ 11G`1To
TT11 ` 1 ` GG``_`T1  1G
1_ 1T1T

T
G`_1o
1T
_ 1
`
G1
11
11G
 1   ooGGoG1TG1oo``T1 oToG

 G 
1G
_G1o1`G_oG1

 `  
 1
G 
1 
o 1

oo
11`o` 11o1

1o` 1_`1 o1``
`
G 

o
T


T1`1o11`G
  1_1oTTG`o_` 11`_`1G1`
`G
_
_T
T
 
 o
T `o1_GT1


G11G1o` 1_
T`
1 `
 `
1o

G11 `
 
T
1oT``1TG1o`
11`G1G_

11 `1oG 11
`T1`oo

 `T 
o G
G
o1 `TTG1T
o11
_
T1
G`
_T
`

GoTG`
`T1_`
_T_  1T`
11
 T`
1


G T
Go1
 1`1_ `o
`1`1o

 `
_111`G ToT`


o_11_o_1Go1G
__

1  o11_ 1T1T
 
o11 1_ 11G`1To
TT11 ` 1 ` GG``_`T1  1G
1_ 1T1T

T
G`_1o
1T
_ 1
`
G1
11
11G
 1   ooGGoG1TG1oo``T1 oToG

 G 
1G
_G1o1`G_oG1

 `  
 1
G 
1 
o 1

oo
11`o` 11o1

1o` 1_`1 o1``
`
G 

o
T


T1`1o11`G
  1_1oTTG`o_` 11`_`1G1`
`G
_
_T
T
 
 o
T `o1_GT1


G11G1o` 1_
T`
1 `
 `
1o

G
o11 `
318
 
T
1oT``1TG1o`
11`G1G_

11 `1oG 11
`T1`oo

 `T 
o G
G
o1 `TTG1T
o11
_
T1
G`
_T
`

GoTG`
`T1_`
_T_  1T`
11
 T`
1


G T
Go1
 1`1_ `o
`1`1o

 `
_111`G ToT`


o_11_o_1Go1G
__

1  o11_ 1T1T
 
o11 1_ 11G`1To
TT11 ` 1 ` GG``_`T1  1G
1_ 1T1T

T
G`_1o
1T
_ 1
`
G1
11
11G
 1   ooGGoG1TG1oo``T1 oToG

 G 
1G
_G1o1`G_oG1

 `  
 1
G 
1 
o 1

oo
11`o` 11o1

1o` 1_`1 o1``
`
G 

o
T


T1`1o11`G
  1_1oTTG`o_` 11`_`1G1`
`G
_
_T
T
 
 o
T `o1_GT1


G11G1o` 1_
T`
1 `
 `
1o

G
T 1TG1
o11 `
 
T
1oT``1TG1o`
11`G1G_

11 `1oG 11
`T1`oo

 `T 
o G
G
o1 `TTG1T
o11
_
T1
G`
_T
`

GoTG`
`T1_`
_T_  1T`
11
 T`
1


G T
Go1
 1`1_ `o
`1`1o

 `
_111`G ToT`


o_11_o_1Go1G
__

1  o11_ 1T1T
 
o11 1_ 11G`1To
TT11 ` 1 ` GG``_`T1  1G
1_ 1T1T

T
G`_1o
1T
_ 1
`
G1
11
11G
 1   ooGGoG1TG1oo``T1 oToG

 G 
1G
_G1o1`G_oG1

 `  
 1
G 
1 
o 1

oo
11`o` 11o1

1o` 1_`1 o1``
`
G 

o
T


T1`1o11`G
  1_1oTTG`o_` 11`_`1G1`
`G
_
_T
T
 
 o
T `o1_GT1


G11G1o` 1_
T`
1 `
 `
1o

G
11

`oTG1
o11 `
 
T
1oT``1TG1o`
11`G1G_

11 `1oG 11
`T1`oo

 `T 
o G
G
o1 `TTG1T
o11
_
T1
G`
_T
`

GoTG`
`T1_`
_T_  1T`
11
 T`
1


G T
Go1
 1`1_ `o
`1`1o

 `
_111`G ToT`


o_11_o_1Go1G
__

1  o11_ 1T1T
 
o11 1_ 11G`1To
TT11 ` 1 ` GG``_`T1  1G
1_ 1T1T

T
G`_1o
1T
_ 1
`
G1
11
11G
 1   ooGGoG1TG1oo``T1 oToG

 G 
1G
_G1o1`G_oG1

 `  
 1
G 
1 
o 1

oo
11`o` 11o1

1o` 1_`1 o1``
`
G 

o
T


T1`1o11`G
  1_1oTTG`o_` 11`_`1G1`
`G
_
_T
T
 
 o
T `o1_GT1


G11G1o` 1_
T`
1 `
 `
1o

G
11

`oTG1
o11 `
14
 
T
1oT``1TG1o`
11`G1G_

11 `1oG 11
`T1`oo

 `T 
o G
G
o1 `TTG1T
o11
_
T1
G`
_T
`

GoTG`
`T1_`
_T_  1T`
11
 T`
1


G T
Go1
 1`1_ `o
`1`1o

 `
_111`G ToT`


o_11_o_1Go1G
__

1  o11_ 1T1T
 
o11 1_ 11G`1To
TT11 ` 1 ` GG``_`T1  1G
1_ 1T1T

T
G`_1o
1T
_ 1
`
G1
11
11G
 1   ooGGoG1TG1oo``T1 oToG

 G 
1G
_G1o1`G_oG1

 `  
 1
G 
1 
o 1

oo
11`o` 11o1

1o` 1_`1 o1``
`
G 

o
T


T1`1o11`G
  1_1oTTG`o_` 11`_`1G1`
`G
_
_T
T
 
 o
T `o1_GT1


G11G1o` 1_
T`
1 `
 `
1o

G
11
oo
`TG1
_G11

G1 _
_ 
TG 
_
`o
o1GGT`_1Go
o`
0
352
61
354
 
T
1oT``1TG1o`
11`G1G_

11 `1oG 11
`T1`oo

 `T 
o G
G
o1 `TTG1T
o11
_
T1
G`
_T
`

GoTG`
`T1_`
_T_  1T`
11
 T`
1


G T
Go1
 1`1_ `o
`1`1o

 `
_111`G ToT`


o_11_o_1Go1G
__

1  o11_ 1T1T
 
o11 1_ 11G`1To
TT11 ` 1 ` GG``_`T1  1G
1_ 1T1T

T
G`_1o
1T
_ 1
`
G1
11
11G
 1   ooGGoG1TG1oo``T1 oToG

 G 
1G
_G1o1`G_oG1

 `  
 1
G 
1 
o 1

oo
11`o` 11o1

1o` 1_`1 o1``
`
G 

o
T


T1`1o11`G
  1_1oTTG`o_` 11`_`1G1`
`G
_
_T
T
 
 o
T `o1_GT1


G11G1o` 1_
T`
1 `
 `
1o

G
11
oo
`TG1
_G11

G1 _
_ 
TG 
_
`o
o1GGTG11
`_1GoG`G

1T
`

 
T
1oT``1TG1o`
11`G1G_

11 `1oG 11
`T1`oo

 `T 
o G
G
o1 `TTG1T
o11
_
T1
G`
_T
`

GoTG`
`T1_`
_T_  1T`
11
 T`
1


G T
Go1
 1`1_ `o
`1`1o

 `
_111`G ToT`


o_11_o_1Go1G
__

1  o11_ 1T1T
 
o11 1_ 11G`1To
TT11 ` 1 ` GG``_`T1  1G
1_ 1T1T

T
G`_1o
1T
_ 1
`
G1
11
11G
 1   ooGGoG1TG1oo``T1 oToG

 G 
1G
_G1o1`G_oG1

 `  
 1
G 
1 
o 1

oo
11`o` 11o1

1o` 1_`1 o1``
`
G 

o
T


T1`1o11`G
  1_1oTTG`o_` 11`_`1G1`
`G
_
_T
T
 
 o
T `o1_GT1


G11G1o` 1_
T`
1 `
 `
1o

G
11
oo
`TG1
_G11

G1 _
_ 
TG 
_
`o
o1GGTG11
`_1GoG`G

1T

`

T
352
3
 
T
1oT``1TG1o`
11`G1G_

11 `1oG 11
`T1`oo

 `T 
o G
G
o1 `TTG1T
o11
_
T1
G`
_T
`

GoTG`
`T1_`
_T_  1T`
11
 T`
1


G T
Go1
 1`1_ `o
`1`1o

 `
_111`G ToT`


o_11_o_1Go1G
__

1  o11_ 1T1T
 
o11 1_ 11G`1To
TT11 ` 1 ` GG``_`T1  1G
1_ 1T1T

T
G`_1o
1T
_ 1
`
G1
11
11G
 1   ooGGoG1TG1oo``T1 oToG

 G 
1G
_G1o1`G_oG1

 `  
 1
G 
1 
o 1

oo
11`o` 11o1

1o` 1_`1 o1``
`
G 

o
T


T1`1o11`G
  1_1oTTG`o_` 11`_`1G1`
`G
_
_T
T
 
 o
T `o1_GT1


G11G1o` 1_
T`
1 `
 `
1o

G
11
oo
`TG1
_G11

G1 _
_ 
TG 
_
`o
o1GGTG11
`_1GoG`G

1
T
T 

G11_
 
T
1oT``1TG1o`
11`G1G_

11 `1oG 11
`T1`oo

 `T 
o G
G
o1 `TTG1T
o11
_
T1
G`
_T
`

GoTG`
`T1_`
_T_  1T`
11
 T`
1


G T
Go1
 1`1_ `o
`1`1o

 `
_111`G ToT`


o_11_o_1Go1G
__

1  o11_ 1T1T
 
o11 1_ 11G`1To
TT11 ` 1 ` GG``_`T1  1G
1_ 1T1T

T
G`_1o
1T
_ 1
`
G1
11
11G
 1   ooGGoG1TG1oo``T1 oToG

 G 
1G
_G1o1`G_oG1

 `  
 1
G 
1 
o 1

oo
11`o` 11o1

1o` 1_`1 o1``
`
G 

o
T


T1`1o11`G
  1_1oTTG`o_` 11`_`1G1`
`G
_
_T
T
 
 o
T `o1_GT1


G11G1o` 1_
T`
1 `
 `
1o

G
11
oo
`TG1
_G11

G1 _
_ 
TG 
_
`o
o1GGTG11
`_1GoG`G

1
T
_
TTTT 1

G11_
 
T
1oT``1TG1o`
11`G1G_

11 `1oG 11
`T1`oo

 `T 
o G
G
o1 `TTG1T
o11
_
T1
G`
_T
`

GoTG`
`T1_`
_T_  1T`
11
 T`
1


G T
Go1
 1`1_ `o
`1`1o

 `
_111`G ToT`


o_11_o_1Go1G
__

1  o11_ 1T1T
 
o11 1_ 11G`1To
TT11 ` 1 ` GG``_`T1  1G
1_ 1T1T

T
G`_1o
1T
_ 1
`
G1
11
11G
 1   ooGGoG1TG1oo``T1 oToG

 G 
1G
_G1o1`G_oG1

 `  
 1
G 
1 
o 1

oo
11`o` 11o1

1o` 1_`1 o1``
`
G 

o
T


T1`1o11`G
  1_1oTTG`o_` 11`_`1G1`
`G
_
_T
T
 
 o
T `o1_GT1


G11G1o` 1_
T`
1 `
 `
1o

G
11
oo
`TG1
_G11

G1 _
_ 
TG 
_
`o
o1GGTG11
`_1GoG`G

1
T
_
TTT oT`o
 1
1`T


G1
11_
 
T
1oT``1TG1o`
11`G1G_

11 `1oG 11
`T1`oo

 `T 
o G
G
o1 `TTG1T
o11
_
T1
G`
_T
`

GoTG`
`T1_`
_T_  1T`
11
 T`
1


G T
Go1
 1`1_ `o
`1`1o

 `
_111`G ToT`


o_11_o_1Go1G
__

1  o11_ 1T1T
 
o11 1_ 11G`1To
TT11 ` 1 ` GG``_`T1  1G
1_ 1T1T

T
G`_1o
1T
_ 1
`
G1
11
11G
 1   ooGGoG1TG1oo``T1 oToG

 G 
1G
_G1o1`G_oG1

 `  
 1
G 
1 
o 1

oo
11`o` 11o1

1o` 1_`1 o1``
`
G 

o
T


T1`1o11`G
  1_1oTTG`o_` 11`_`1G1`
`G
_
_T
T
 
 o
T `o1_GT1


G11G1o` 1_
T`
1 `
 `
1o

G
11
oo
`TG1
_G11

G1 _
_ 
TG 
_
`o
o1GGTG11
`_1GoG`G

1
T
_
TTT oT`o
 1
1`T


G  `1
11_
390
401
404
 
T
1oT``1TG1o`
11`G1G_

11 `1oG 11
`T1`oo

 `T 
o G
G
o1 `TTG1T
o11
_
T1
G`
_T
`

GoTG`
`T1_`
_T_  1T`
11
 T`
1


G T
Go1
 1`1_ `o
`1`1o

 `
_111`G ToT`


o_11_o_1Go1G
__

1  o11_ 1T1T
 
o11 1_ 11G`1To
TT11 ` 1 ` GG``_`T1  1G
1_ 1T1T

T
G`_1o
1T
_ 1
`
G1
11
11G
 1   ooGGoG1TG1oo``T1 oToG

 G 
1G
_G1o1`G_oG1

 `  
 1
G 
1 
o 1

oo
11`o` 11o1

1o` 1_`1 o1``
`
G 

o
T


T1`1o11`G
  1_1oTTG`o_` 11`_`1G1`
`G
_
_T
T
 
 o
T `o1_GT1


G11G1o` 1_
T`
1 `
 `
1o

G
11
oo
`TG1
_G11

G1 _
_ 
TG 
_
`o
o1GGTG11
`_1GoG`G

1
T
_
TTT oT`o
 1
1`T


G  `1G1
T 1
`
1G` _1G

G1
G GG_G1
o1G
o
1_

_

 G1Go_11_1oo11GGo`11_1oo11G
__
 
T
1oT``1TG1o`
11`G1G_

11 `1oG 11
`T1`oo

 `T 
o G
G
o1 `TTG1T
o11
_
T1
G`
_T
`

GoTG`
`T1_`
_T_  1T`
11
 T`
1


G T
Go1
 1`1_ `o
`1`1o

 `
_111`G ToT`


o_11_o_1Go1G
__

1  o11_ 1T1T
 
o11 1_ 11G`1To
TT11 ` 1 ` GG``_`T1  1G
1_ 1T1T

T
G`_1o
1T
_ 1
`
G1
11
11G
 1   ooGGoG1TG1oo``T1 oToG

 G 
1G
_G1o1`G_oG1

 `  
 1
G 
1 
o 1

oo
11`o` 11o1

1o` 1_`1 o1``
`
G 

o
T


T1`1o11`G
  1_1oTTG`o_` 11`_`1G1`
`G
_
_T
T
 
 o
T `o1_GT1


G11G1o` 1_
T`
1 `
 `
1o

G
11
oo
`TG1
_G11

G1 _
_ 
TG 
_
`o
o1GGTG11
`_1GoG`G

1
T
_
TTT oT`o
 1
1`T


G  `1G1
T 1
`
1G` _1G

G1
G GG_G1
o1G
o
1_

_

 G1Go_11_1oo11GGo`11_1oo11G
__
1
 
T
1oT``1TG1o`
11`G1G_

11 `1oG 11
`T1`oo

 `T 
o G
G
o1 `TTG1T
o11
_
T1
G`
_T
`

GoTG`
`T1_`
_T_  1T`
11
 T`
1


G T
Go1
 1`1_ `o
`1`1o

 `
_111`G ToT`


o_11_o_1Go1G
__

1  o11_ 1T1T
 
o11 1_ 11G`1To
TT11 ` 1 ` GG``_`T1  1G
1_ 1T1T

T
G`_1o
1T
_ 1
`
G1
11
11G
 1   ooGGoG1TG1oo``T1 oToG

 G 
1G
_G1o1`G_oG1

 `  
 1
G 
1 
o 1

oo
11`o` 11o1

1o` 1_`1 o1``
`
G 

o
T


T1`1o11`G
  1_1oTTG`o_` 11`_`1G1`
`G
_
_T
T
 
 o
T `o1_GT1


G11G1o` 1_
T`
1 `
 `
1o

G
11
oo
`TG1
_G11

G1 _
_ 
TG 
_
`o
o1GGTG11
`_1GoG`G

1
T
_
TTT oT`o
 1
1`T


G  `1G1
T 1
`
1G` _1G

G1
G GG_G1
o1G
o
1_
o
G`GT__
 
T
1oT``1TG1o`
11`G1G_

11 `1oG 11
`T1`oo

 `T 
o G
G
o1 `TTG1T
o11
_
T1
G`
_T
`

GoTG`
`T1_`
_T_  1T`
11
 T`
1


G T
Go1
 1`1_ `o
`1`1o

 `
_111`G ToT`


o_11_o_1Go1G
__

1  o11_ 1T1T
 
o11 1_ 11G`1To
TT11 ` 1 ` GG``_`T1  1G
1_ 1T1T

T
G`_1o
1T
_ 1
`
G1
11
11G
 1   ooGGoG1TG1oo``T1 oToG

 G 
1G
_G1o1`G_oG1

 `  
 1
G 
1 
o 1

oo
11`o` 11o1

1o` 1_`1 o1``
`
G 

o
T


T1`1o11`G
  1_1oTTG`o_` 11`_`1G1`
`G
_
_T
T
 
 o
T `o1_GT1


G11G1o` 1_
T`
1 `
 `
1o

G
11
oo
`TG1
_G11

G1 _
_ 
TG 
_
`o
o1GGTG11
`_1GoG`G

1
T
_
TTT oT`o
 1
1`T


G  `1G1
T 1
`
1G` _1G

G1
G GG_G1
o1G
o
1_
o
 _

G`GT__oo

121
 
T
1oT``1TG1o`
11`G1G_

11 `1oG 11
`T1`oo

 `T 
o G
G
o1 `TTG1T
o11
_
T1
G`
_T
`

GoTG`
`T1_`
_T_  1T`
11
 T`
1


G T
Go1
 1`1_ `o
`1`1o

 `
_111`G ToT`


o_11_o_1Go1G
__

1  o11_ 1T1T
 
o11 1_ 11G`1To
TT11 ` 1 ` GG``_`T1  1G
1_ 1T1T

T
G`_1o
1T
_ 1
`
G1
11
11G
 1   ooGGoG1TG1oo``T1 oToG

 G 
1G
_G1o1`G_oG1

 `  
 1
G 
1 
o 1

oo
11`o` 11o1

1o` 1_`1 o1``
`
G 

o
T


T1`1o11`G
  1_1oTTG`o_` 11`_`1G1`
`G
_
_T
T
 
 o
T `o1_GT1


G11G1o` 1_
T`
1 `
 `
1o

G
11
oo
`TG1
_G11

G1 _
_ 
TG 
_
`o
o1GGTG11
`_1GoG`G

1
T
_
TTT oT`o
 1
1`T


G  `1G1
T 1
`
1G` _1G

G1
G GG_G1
o1G
o
1_
o
 _
o`



T1o
1  _G`GT__o GG TT
66
 
T
1oT``1TG1o`
11`G1G_

11 `1oG 11
`T1`oo

 `T 
o G
G
o1 `TTG1T
o11
_
T1
G`
_T
`

GoTG`
`T1_`
_T_  1T`
11
 T`
1


G T
Go1
 1`1_ `o
`1`1o

 `
_111`G ToT`


o_11_o_1Go1G
__

1  o11_ 1T1T
 
o11 1_ 11G`1To
TT11 ` 1 ` GG``_`T1  1G
1_ 1T1T

T
G`_1o
1T
_ 1
`
G1
11
11G
 1   ooGGoG1TG1oo``T1 oToG

 G 
1G
_G1o1`G_oG1

 `  
 1
G 
1 
o 1

oo
11`o` 11o1

1o` 1_`1 o1``
`
G 

o
T


T1`1o11`G
  1_1oTTG`o_` 11`_`1G1`
`G
_
_T
T
 
 o
T `o1_GT1


G11G1o` 1_
T`
1 `
 `
1o

G
11
oo
`TG1
_G11

G1 _
_ 
TG 
_
`o
o1GGTG11
`_1GoG`G

1
T
_
TTT oT`o
 1
1`T


G  `1G1
T 1
`
1G` _1G

G1
G GG_G1
o1G
o
1_
o
 _
o`



T1o
1
 

_11_ 1G
 
T
1oT``1TG1o`
11`G1G_

11 `1oG 11
`T1`oo

 `T 
o G
G
o1 `TTG1T
o11
_
T1
G`
_T
`

GoTG`
`T1_`
_T_  1T`
11
 T`
1


G T
Go1
 1`1_ `o
`1`1o

 `
_111`G ToT`


o_11_o_1Go1G
__

1  o11_ 1T1T
 
o11 1_ 11G`1To
TT11 ` 1 ` GG``_`T1  1G
1_ 1T1T

T
G`_1o
1T
_ 1
`
G1
11
11G
 1   ooGGoG1TG1oo``T1 oToG

 G 
1G
_G1o1`G_oG1

 `  
 1
G 
1 
o 1

oo
11`o` 11o1

1o` 1_`1 o1``
`
G 

o
T


T1`1o11`G
  1_1oTTG`o_` 11`_`1G1`
`G
_
_T
T
 
 o
T `o1_GT1


G11G1o` 1_
T`
1 `
 `
1o

G
11
oo
`TG1
_G11

G1 _
_ 
TG 
_
`o
o1GGTG11
`_1GoG`G

1
T
_
TTT oT`o
 1
1`T


G  `1G1
T 1
`
1G` _1G

G1
G GG_G1
o1G
o
1_
o
 _
o`



T1o
1
 

_11_ 1G 
o1
11 To_G_G`GT__o GG T 
GG1
1o1
1
427
429
24
 
T
1oT``1TG1o`
11`G1G_

11 `1oG 11
`T1`oo

 `T 
o G
G
o1 `TTG1T
o11
_
T1
G`
_T
`

GoTG`
`T1_`
_T_  1T`
11
 T`
1


G T
Go1
 1`1_ `o
`1`1o

 `
_111`G ToT`


o_11_o_1Go1G
__

1  o11_ 1T1T
 
o11 1_ 11G`1To
TT11 ` 1 ` GG``_`T1  1G
1_ 1T1T

T
G`_1o
1T
_ 1
`
G1
11
11G
 1   ooGGoG1TG1oo``T1 oToG

 G 
1G
_G1o1`G_oG1

 `  
 1
G 
1 
o 1

oo
11`o` 11o1

1o` 1_`1 o1``
`
G 

o
T


T1`1o11`G
  1_1oTTG`o_` 11`_`1G1`
`G
_
_T
T
 
 o
T `o1_GT1


G11G1o` 1_
T`
1 `
 `
1o

G
11
oo
`TG1
_G11

G1 _
_ 
TG 
_
`o
o1GGTG11
`_1GoG`G

1
T
_
TTT oT`o
 1
1`T


G  `1G1
T 1
`
1G` _1G

G1
G GG_G1
o1G
o
1_
o
 _
o`



T1o
1
 

_11_ 1G 
o1
1

G

 `


TG``11G1o1_1o1GTG``11G1o1 `T1GG
``To
`
T
 
T
1oT``1TG1o`
11`G1G_

11 `1oG 11
`T1`oo

 `T 
o G
G
o1 `TTG1T
o11
_
T1
G`
_T
`

GoTG`
`T1_`
_T_  1T`
11
 T`
1


G T
Go1
 1`1_ `o
`1`1o

 `
_111`G ToT`


o_11_o_1Go1G
__

1  o11_ 1T1T
 
o11 1_ 11G`1To
TT11 ` 1 ` GG``_`T1  1G
1_ 1T1T

T
G`_1o
1T
_ 1
`
G1
11
11G
 1   ooGGoG1TG1oo``T1 oToG

 G 
1G
_G1o1`G_oG1

 `  
 1
G 
1 
o 1

oo
11`o` 11o1

1o` 1_`1 o1``
`
G 

o
T


T1`1o11`G
  1_1oTTG`o_` 11`_`1G1`
`G
_
_T
T
 
 o
T `o1_GT1


G11G1o` 1_
T`
1 `
 `
1o

G
11
oo
`TG1
_G11

G1 _
_ 
TG 
_
`o
o1GGTG11
`_1GoG`G

1
T
_
TTT oT`o
 1
1`T


G  `1G1
T 1
`
1G` _1G

G1
G GG_G1
o1G
o
1_
o
 _
o`



T1o
1
 

_11_ 1G 
o1
1

G

 `


TG``11G1o1_1o1GTG``11G1o1 `T1GG
``To
``_

 
T
1oT``1TG1o`
11`G1G_

11 `1oG 11
`T1`oo

 `T 
o G
G
o1 `TTG1T
o11
_
T1
G`
_T
`

GoTG`
`T1_`
_T_  1T`
11
 T`
1


G T
Go1
 1`1_ `o
`1`1o

 `
_111`G ToT`


o_11_o_1Go1G
__

1  o11_ 1T1T
 
o11 1_ 11G`1To
TT11 ` 1 ` GG``_`T1  1G
1_ 1T1T

T
G`_1o
1T
_ 1
`
G1
11
11G
 1   ooGGoG1TG1oo``T1 oToG

 G 
1G
_G1o1`G_oG1

 `  
 1
G 
1 
o 1

oo
11`o` 11o1

1o` 1_`1 o1``
`
G 

o
T


T1`1o11`G
  1_1oTTG`o_` 11`_`1G1`
`G
_
_T
T
 
 o
T `o1_GT1


G11G1o` 1_
T`
1 `
 `
1o

G
11
oo
`TG1
_G11

G1 _
_ 
TG 
_
`o
o1GGTG11
`_1GoG`G

1
T
_
TTT oT`o
 1
1`T


G  `1G1
T 1
`
1G` _1G

G1
G GG_G1
o1G
o
1_
o
 _
o`



T1o
1
 

_11_ 1G 
o1
1

G

 `


TG``11G1o1_1o1GTG``11G1o1 `T1GG
``To
``_
Go_`1GG
1

 
T
1oT``1TG1o`
11`G1G_

11 `1oG 11
`T1`oo

 `T 
o G
G
o1 `TTG1T
o11
_
T1
G`
_T
`

GoTG`
`T1_`
_T_  1T`
11
 T`
1


G T
Go1
 1`1_ `o
`1`1o

 `
_111`G ToT`


o_11_o_1Go1G
__

1  o11_ 1T1T
 
o11 1_ 11G`1To
TT11 ` 1 ` GG``_`T1  1G
1_ 1T1T

T
G`_1o
1T
_ 1
`
G1
11
11G
 1   ooGGoG1TG1oo``T1 oToG

 G 
1G
_G1o1`G_oG1

 `  
 1
G 
1 
o 1

oo
11`o` 11o1

1o` 1_`1 o1``
`
G 

o
T


T1`1o11`G
  1_1oTTG`o_` 11`_`1G1`
`G
_
_T
T
 
 o
T `o1_GT1


G11G1o` 1_
T`
1 `
 `
1o

G
11
oo
`TG1
_G11

G1 _
_ 
TG 
_
`o
o1GGTG11
`_1GoG`G

1
T
_
TTT oT`o
 1
1`T


G  `1G1
T 1
`
1G` _1G

G1
G GG_G1
o1G
o
1_
o
 _
o`



T1o
1
 

_11_ 1G 
o1
1

G

 `


TG``11G1o1_1o1GTG``11G1o1 `T1GG
``To
``_
Go_`1GG
1
T

`G1_G
 
T
1oT``1TG1o`
11`G1G_

11 `1oG 11
`T1`oo

 `T 
o G
G
o1 `TTG1T
o11
_
T1
G`
_T
`

GoTG`
`T1_`
_T_  1T`
11
 T`
1


G T
Go1
 1`1_ `o
`1`1o

 `
_111`G ToT`


o_11_o_1Go1G
__

1  o11_ 1T1T
 
o11 1_ 11G`1To
TT11 ` 1 ` GG``_`T1  1G
1_ 1T1T

T
G`_1o
1T
_ 1
`
G1
11
11G
 1   ooGGoG1TG1oo``T1 oToG

 G 
1G
_G1o1`G_oG1

 `  
 1
G 
1 
o 1

oo
11`o` 11o1

1o` 1_`1 o1``
`
G 

o
T


T1`1o11`G
  1_1oTTG`o_` 11`_`1G1`
`G
_
_T
T
 
 o
T `o1_GT1


G11G1o` 1_
T`
1 `
 `
1o

G
11
oo
`TG1
_G11

G1 _
_ 
TG 
_
`o
o1GGTG11
`_1GoG`G

1
T
_
TTT oT`o
 1
1`T


G  `1G1
T 1
`
1G` _1G

G1
G GG_G1
o1G
o
1_
o
 _
o`



T1o
1
 

_11_ 1G 
o1
1

G

 `


TG``11G1o1_1o1GTG``11G1o1 `T1GG
``To
``_
Go_`1GG
1
1T

`G1_G
464
 
T
1oT``1TG1o`
11`G1G_

11 `1oG 11
`T1`oo

 `T 
o G
G
o1 `TTG1T
o11
_
T1
G`
_T
`

GoTG`
`T1_`
_T_  1T`
11
 T`
1


G T
Go1
 1`1_ `o
`1`1o

 `
_111`G ToT`


o_11_o_1Go1G
__

1  o11_ 1T1T
 
o11 1_ 11G`1To
TT11 ` 1 ` GG``_`T1  1G
1_ 1T1T

T
G`_1o
1T
_ 1
`
G1
11
11G
 1   ooGGoG1TG1oo``T1 oToG

 G 
1G
_G1o1`G_oG1

 `  
 1
G 
1 
o 1

oo
11`o` 11o1

1o` 1_`1 o1``
`
G 

o
T


T1`1o11`G
  1_1oTTG`o_` 11`_`1G1`
`G
_
_T
T
 
 o
T `o1_GT1


G11G1o` 1_
T`
1 `
 `
1o

G
11
oo
`TG1
_G11

G1 _
_ 
TG 
_
`o
o1GGTG11
`_1GoG`G

1
T
_
TTT oT`o
 1
1`T


G  `1G1
T 1
`
1G` _1G

G1
G GG_G1
o1G
o
1_
o
 _
o`



T1o
1
 

_11_ 1G 
o1
1

G

 `


TG``11G1o1_1o1GTG``11G1o1 `T1GG
``To
``_
Go_`1GG
1
11_`
_
`G1_G1

1
T
 
T
1oT``1TG1o`
11`G1G_

11 `1oG 11
`T1`oo

 `T 
o G
G
o1 `TTG1T
o11
_
T1
G`
_T
`

GoTG`
`T1_`
_T_  1T`
11
 T`
1


G T
Go1
 1`1_ `o
`1`1o

 `
_111`G ToT`


o_11_o_1Go1G
__

1  o11_ 1T1T
 
o11 1_ 11G`1To
TT11 ` 1 ` GG``_`T1  1G
1_ 1T1T

T
G`_1o
1T
_ 1
`
G1
11
11G
 1   ooGGoG1TG1oo``T1 oToG

 G 
1G
_G1o1`G_oG1

 `  
 1
G 
1 
o 1

oo
11`o` 11o1

1o` 1_`1 o1``
`
G 

o
T


T1`1o11`G
  1_1oTTG`o_` 11`_`1G1`
`G
_
_T
T
 
 o
T `o1_GT1


G11G1o` 1_
T`
1 `
 `
1o

G
11
oo
`TG1
_G11

G1 _
_ 
TG 
_
`o
o1GGTG11
`_1GoG`G

1
T
_
TTT oT`o
 1
1`T


G  `1G1
T 1
`
1G` _1G

G1
G GG_G1
o1G
o
1_
o
 _
o`



T1o
1
 

_11_ 1G 
o1
1

G

 `


TG``11G1o1_1o1GTG``11G1o1 `T1GG
``To
``_
Go_`1GG
1
11_`
_
`G1_G1

1T

T 
 
T
1oT``1TG1o`
11`G1G_

11 `1oG 11
`T1`oo

 `T 
o G
G
o1 `TTG1T
o11
_
T1
G`
_T
`

GoTG`
`T1_`
_T_  1T`
11
 T`
1


G T
Go1
 1`1_ `o
`1`1o

 `
_111`G ToT`


o_11_o_1Go1G
__

1  o11_ 1T1T
 
o11 1_ 11G`1To
TT11 ` 1 ` GG``_`T1  1G
1_ 1T1T

T
G`_1o
1T
_ 1
`
G1
11
11G
 1   ooGGoG1TG1oo``T1 oToG

 G 
1G
_G1o1`G_oG1

 `  
 1
G 
1 
o 1

oo
11`o` 11o1

1o` 1_`1 o1``
`
G 

o
T


T1`1o11`G
  1_1oTTG`o_` 11`_`1G1`
`G
_
_T
T
 
 o
T `o1_GT1


G11G1o` 1_
T`
1 `
 `
1o

G
11
oo
`TG1
_G11

G1 _
_ 
TG 
_
`o
o1GGTG11
`_1GoG`G

1
T
_
TTT oT`o
 1
1`T


G  `1G1
T 1
`
1G` _1G

G1
G GG_G1
o1G
o
1_
o
 _
o`



T1o
1
 

_11_ 1G 
o1
1

G

 `


TG``11G1o1_1o1GTG``11G1o1 `T1GG
``To
``_
Go_`1GG
1
11_`
_
`G1_G1

1T
T 
 
T
1oT``1TG1o`
11`G1G_

11 `1oG 11
`T1`oo

 `T 
o G
G
o1 `TTG1T
o11
_
T1
G`
_T
`

GoTG`
`T1_`
_T_  1T`
11
 T`
1


G T
Go1
 1`1_ `o
`1`1o

 `
_111`G ToT`


o_11_o_1Go1G
__

1  o11_ 1T1T
 
o11 1_ 11G`1To
TT11 ` 1 ` GG``_`T1  1G
1_ 1T1T

T
G`_1o
1T
_ 1
`
G1
11
11G
 1   ooGGoG1TG1oo``T1 oToG

 G 
1G
_G1o1`G_oG1

 `  
 1
G 
1 
o 1

oo
11`o` 11o1

1o` 1_`1 o1``
`
G 

o
T


T1`1o11`G
  1_1oTTG`o_` 11`_`1G1`
`G
_
_T
T
 
 o
T `o1_GT1


G11G1o` 1_
T`
1 `
 `
1o

G
11
oo
`TG1
_G11

G1 _
_ 
TG 
_
`o
o1GGTG11
`_1GoG`G

1
T
_
TTT oT`o
 1
1`T


G  `1G1
T 1
`
1G` _1G

G1
G GG_G1
o1G
o
1_
o
 _
o`



T1o
1
 

_11_ 1G 
o1
1

G

 `


TG``11G1o1_1o1GTG``11G1o1 `T1GG
``To
``_
Go_`1GG
1
11_`
_
`G1_G1

1T
T` 
T _
 
T
1oT``1TG1o`
11`G1G_

11 `1oG 11
`T1`oo

 `T 
o G
G
o1 `TTG1T
o11
_
T1
G`
_T
`

GoTG`
`T1_`
_T_  1T`
11
 T`
1


G T
Go1
 1`1_ `o
`1`1o

 `
_111`G ToT`


o_11_o_1Go1G
__

1  o11_ 1T1T
 
o11 1_ 11G`1To
TT11 ` 1 ` GG``_`T1  1G
1_ 1T1T

T
G`_1o
1T
_ 1
`
G1
11
11G
 1   ooGGoG1TG1oo``T1 oToG

 G 
1G
_G1o1`G_oG1

 `  
 1
G 
1 
o 1

oo
11`o` 11o1

1o` 1_`1 o1``
`
G 

o
T


T1`1o11`G
  1_1oTTG`o_` 11`_`1G1`
`G
_
_T
T
 
 o
T `o1_GT1


G11G1o` 1_
T`
1 `
 `
1o

G
11
oo
`TG1
_G11

G1 _
_ 
TG 
_
`o
o1GGTG11
`_1GoG`G

1
T
_
TTT oT`o
 1
1`T


G  `1G1
T 1
`
1G` _1G

G1
G GG_G1
o1G
o
1_
o
 _
o`



T1o
1
 

_11_ 1G 
o1
1

G

 `


TG``11G1o1_1o1GTG``11G1o1 `T1GG
``To
``_
Go_`1GG
1
11_`
_
`G1_G1

1T
T` 
 _
 
T
1oT``1TG1o`
11`G1G_

11 `1oG 11
`T1`oo

 `T 
o G
G
o1 `TTG1T
o11
_
T1
G`
_T
`

GoTG`
`T1_`
_T_  1T`
11
 T`
1


G T
Go1
 1`1_ `o
`1`1o

 `
_111`G ToT`


o_11_o_1Go1G
__

1  o11_ 1T1T
 
o11 1_ 11G`1To
TT11 ` 1 ` GG``_`T1  1G
1_ 1T1T

T
G`_1o
1T
_ 1
`
G1
11
11G
 1   ooGGoG1TG1oo``T1 oToG

 G 
1G
_G1o1`G_oG1

 `  
 1
G 
1 
o 1

oo
11`o` 11o1

1o` 1_`1 o1``
`
G 

o
T


T1`1o11`G
  1_1oTTG`o_` 11`_`1G1`
`G
_
_T
T
 
 o
T `o1_GT1


G11G1o` 1_
T`
1 `
 `
1o

G
11
oo
`TG1
_G11

G1 _
_ 
TG 
_
`o
o1GGTG11
`_1GoG`G

1
T
_
TTT oT`o
 1
1`T


G  `1G1
T 1
`
1G` _1G

G1
G GG_G1
o1G
o
1_
o
 _
o`



T1o
1
 

_11_ 1G 
o1
1

G

 `


TG``11G1o1_1o1GTG``11G1o1 `T1GG
``To
``_
Go_`1GG
1
11_`
_
`G1_G1

1T
T` 
 _
48
 
T
1oT``1TG1o`
11`G1G_

11 `1oG 11
`T1`oo

 `T 
o G
G
o1 `TTG1T
o11
_
T1
G`
_T
`

GoTG`
`T1_`
_T_  1T`
11
 T`
1


G T
Go1
 1`1_ `o
`1`1o

 `
_111`G ToT`


o_11_o_1Go1G
__

1  o11_ 1T1T
 
o11 1_ 11G`1To
TT11 ` 1 ` GG``_`T1  1G
1_ 1T1T

T
G`_1o
1T
_ 1
`
G1
11
11G
 1   ooGGoG1TG1oo``T1 oToG

 G 
1G
_G1o1`G_oG1

 `  
 1
G 
1 
o 1

oo
11`o` 11o1

1o` 1_`1 o1``
`
G 

o
T


T1`1o11`G
  1_1oTTG`o_` 11`_`1G1`
`G
_
_T
T
 
 o
T `o1_GT1


G11G1o` 1_
T`
1 `
 `
1o

G
11
oo
`TG1
_G11

G1 _
_ 
TG 
_
`o
o1GGTG11
`_1GoG`G

1
T
_
TTT oT`o
 1
1`T


G  `1G1
T 1
`
1G` _1G

G1
G GG_G1
o1G
o
1_
o
 _
o`



T1o
1
 

_11_ 1G 
o1
1

G

 `


TG``11G1o1_1o1GTG``11G1o1 `T1GG
``To
``_
Go_`1GG
1
11_`
_
`G1_G1

1T
T` 
o T
0
145
 
T
1oT``1TG1o`
11`G1G_

11 `1oG 11
`T1`oo

 `T 
o G
G
o1 `TTG1T
o11
_
T1
G`
_T
`

GoTG`
`T1_`
_T_  1T`
11
 T`
1


G T
Go1
 1`1_ `o
`1`1o

 `
_111`G ToT`


o_11_o_1Go1G
__

1  o11_ 1T1T
 
o11 1_ 11G`1To
TT11 ` 1 ` GG``_`T1  1G
1_ 1T1T

T
G`_1o
1T
_ 1
`
G1
11
11G
 1   ooGGoG1TG1oo``T1 oToG

 G 
1G
_G1o1`G_oG1

 `  
 1
G 
1 
o 1

oo
11`o` 11o1

1o` 1_`1 o1``
`
G 

o
T


T1`1o11`G
  1_1oTTG`o_` 11`_`1G1`
`G
_
_T
T
 
 o
T `o1_GT1


G11G1o` 1_
T`
1 `
 `
1o

G
11
oo
`TG1
_G11

G1 _
_ 
TG 
_
`o
o1GGTG11
`_1GoG`G

1
T
_
TTT oT`o
 1
1`T


G  `1G1
T 1
`
1G` _1G

G1
G GG_G1
o1G
o
1_
o
 _
o`



T1o
1
 

_11_ 1G 
o1
1

G

 `


TG``11G1o1_1o1GTG``11G1o1 `T1GG
``To
``_
Go_`1GG
1
11_`
_
`G1_G1

T_T
T

 
T
1oT``1TG1o`
11`G1G_

11 `1oG 11
`T1`oo

 `T 
o G
G
o1 `TTG1T
o11
_
T1
G`
_T
`

GoTG`
`T1_`
_T_  1T`
11
 T`
1


G T
Go1
 1`1_ `o
`1`1o

 `
_111`G ToT`


o_11_o_1Go1G
__

1  o11_ 1T1T
 
o11 1_ 11G`1To
TT11 ` 1 ` GG``_`T1  1G
1_ 1T1T

T
G`_1o
1T
_ 1
`
G1
11
11G
 1   ooGGoG1TG1oo``T1 oToG

 G 
1G
_G1o1`G_oG1

 `  
 1
G 
1 
o 1

oo
11`o` 11o1

1o` 1_`1 o1``
`
G 

o
T


T1`1o11`G
  1_1oTTG`o_` 11`_`1G1`
`G
_
_T
T
 
 o
T `o1_GT1


G11G1o` 1_
T`
1 `
 `
1o

G
11
oo
`TG1
_G11

G1 _
_ 
TG 
_
`o
o1GGTG11
`_1GoG`G

1
T
_
TTT oT`o
 1
1`T


G  `1G1
T 1
`
1G` _1G

G1
G GG_G1
o1G
o
1_
o
 _
o`



T1o
1
 

_11_ 1G 
o1
1

G

 `


TG``11G1o1_1o1GTG``11G1o1 `T1GG
``To
``_
Go_`1GG
1
11_`
_

`G1_G1

T_T
T

5
77
22
482
484
 
T
1oT``1TG1o`
11`G1G_

11 `1oG 11
`T1`oo

 `T 
o G
G
o1 `TTG1T
o11
_
T1
G`
_T
`

GoTG`
`T1_`
_T_  1T`
11
 T`
1


G T
Go1
 1`1_ `o
`1`1o

 `
_111`G ToT`


o_11_o_1Go1G
__

1  o11_ 1T1T
 
o11 1_ 11G`1To
TT11 ` 1 ` GG``_`T1  1G
1_ 1T1T

T
G`_1o
1T
_ 1
`
G1
11
11G
 1   ooGGoG1TG1oo``T1 oToG

 G 
1G
_G1o1`G_oG1

 `  
 1
G 
1 
o 1

oo
11`o` 11o1

1o` 1_`1 o1``
`
G 

o
T


T1`1o11`G
  1_1oTTG`o_` 11`_`1G1`
`G
_
_T
T
 
 o
T `o1_GT1


G11G1o` 1_
T`
1 `
 `
1o

G
11
oo
`TG1
_G11

G1 _
_ 
TG 
_
`o
o1GGTG11
`_1GoG`G

1
T
_
TTT oT`o
 1
1`T


G  `1G1
T 1
`
1G` _1G

G1
G GG_G1
o1G
o
1_
o
 _
o`



T1o
1
 

_11_ 1G 
o1
1

G

 `


TG``11G1o1_1o1GTG``11G1o1 `T1GG
``To
``_
Go_`1GG
1
 T_111_`
_oo
11 _ G
G T1GGT  _G1_G1

T`T_
_

 
T
1oT``1TG1o`
11`G1G_

11 `1oG 11
`T1`oo

 `T 
o G
G
o1 `TTG1T
o11
_
T1
G`
_T
`

GoTG`
`T1_`
_T_  1T`
11
 T`
1


G T
Go1
 1`1_ `o
`1`1o

 `
_111`G ToT`


o_11_o_1Go1G
__

1  o11_ 1T1T
 
o11 1_ 11G`1To
TT11 ` 1 ` GG``_`T1  1G
1_ 1T1T

T
G`_1o
1T
_ 1
`
G1
11
11G
 1   ooGGoG1TG1oo``T1 oToG

 G 
1G
_G1o1`G_oG1

 `  
 1
G 
1 
o 1

oo
11`o` 11o1

1o` 1_`1 o1``
`
G 

o
T


T1`1o11`G
  1_1oTTG`o_` 11`_`1G1`
`G
_
_T
T
 
 o
T `o1_GT1


G11G1o` 1_
T`
1 `
 `
1o

G
11
oo
`TG1
_G11

G1 _
_ 
TG 
_
`o
o1GGTG11
`_1GoG`G

1
T
_
TTT oT`o
 1
1`T


G  `1G1
T 1
`
1G` _1G

G1
G GG_G1
o1G
o
1_
o
 _
o`



T1o
1
 

_11_ 1G 
o1
1

G

 `


TG``11G1o1_1o1GTG``11G1o1 `T1GG
``To
``_
Go_`1GG
1
 T_111_`
_oo
11 _ G
G T1 
T`_
11TT1T_
_o G`11`
 
T
1oT``1TG1o`
11`G1G_

11 `1oG 11
`T1`oo

 `T 
o G
G
o1 `TTG1T
o11
_
T1
G`
_T
`

GoTG`
`T1_`
_T_  1T`
11
 T`
1


G T
Go1
 1`1_ `o
`1`1o

 `
_111`G ToT`


o_11_o_1Go1G
__

1  o11_ 1T1T
 
o11 1_ 11G`1To
TT11 ` 1 ` GG``_`T1  1G
1_ 1T1T

T
G`_1o
1T
_ 1
`
G1
11
11G
 1   ooGGoG1TG1oo``T1 oToG

 G 
1G
_G1o1`G_oG1

 `  
 1
G 
1 
o 1

oo
11`o` 11o1

1o` 1_`1 o1``
`
G 

o
T


T1`1o11`G
  1_1oTTG`o_` 11`_`1G1`
`G
_
_T
T
 
 o
T `o1_GT1


G11G1o` 1_
T`
1 `
 `
1o

G
11
oo
`TG1
_G11

G1 _
_ 
TG 
_
`o
o1GGTG11
`_1GoG`G

1
T
_
TTT oT`o
 1
1`T


G  `1G1
T 1
`
1G` _1G

G1
G GG_G1
o1G
o
1_
o
 _
o`



T1o
1
 

_11_ 1G 
o1
1

G

 `


TG``11G1o1_1o1GTG``11G1o1 `T1GG
``To
``_
Go_`1GG
1
 T_111_`
_oo
11 _ G
G T1 
T`_
11TT1T__
Go_o G```11`
 
T
1oT``1TG1o`
11`G1G_

11 `1oG 11
`T1`oo

 `T 
o G
G
o1 `TTG1T
o11
_
T1
G`
_T
`

GoTG`
`T1_`
_T_  1T`
11
 T`
1


G T
Go1
 1`1_ `o
`1`1o

 `
_111`G ToT`


o_11_o_1Go1G
__

1  o11_ 1T1T
 
o11 1_ 11G`1To
TT11 ` 1 ` GG``_`T1  1G
1_ 1T1T

T
G`_1o
1T
_ 1
`
G1
11
11G
 1   ooGGoG1TG1oo``T1 oToG

 G 
1G
_G1o1`G_oG1

 `  
 1
G 
1 
o 1

oo
11`o` 11o1

1o` 1_`1 o1``
`
G 

o
T


T1`1o11`G
  1_1oTTG`o_` 11`_`1G1`
`G
_
_T
T
 
 o
T `o1_GT1


G11G1o` 1_
T`
1 `
 `
1o

G
11
oo
`TG1
_G11

G1 _
_ 
TG 
_
`o
o1GGTG11
`_1GoG`G

1
T
_
TTT oT`o
 1
1`T


G  `1G1
T 1
`
1G` _1G

G1
G GG_G1
o1G
o
1_
o
 _
o`



T1o
1
 

_11_ 1G 
o1
1

G

 `


TG``11G1o1_1o1GTG``11G1o1 `T1GG
``To
``_
Go_`1GG
1
 T_111_`
_oo
11 _ G
G T1 
T`_
11TT1T__
T
 o_o G```11`
492
494
 
T
1oT``1TG1o`
11`G1G_

11 `1oG 11
`T1`oo

 `T 
o G
G
o1 `TTG1T
o11
_
T1
G`
_T
`

GoTG`
`T1_`
_T_  1T`
11
 T`
1


G T
Go1
 1`1_ `o
`1`1o

 `
_111`G ToT`


o_11_o_1Go1G
__

1  o11_ 1T1T
 
o11 1_ 11G`1To
TT11 ` 1 ` GG``_`T1  1G
1_ 1T1T

T
G`_1o
1T
_ 1
`
G1
11
11G
 1   ooGGoG1TG1oo``T1 oToG

 G 
1G
_G1o1`G_oG1

 `  
 1
G 
1 
o 1

oo
11`o` 11o1

1o` 1_`1 o1``
`
G 

o
T


T1`1o11`G
  1_1oTTG`o_` 11`_`1G1`
`G
_
_T
T
 
 o
T `o1_GT1


G11G1o` 1_
T`
1 `
 `
1o

G
11
oo
`TG1
_G11

G1 _
_ 
TG 
_
`o
o1GGTG11
`_1GoG`G

1
T
_
TTT oT`o
 1
1`T


G  `1G1
T 1
`
1G` _1G

G1
G GG_G1
o1G
o
1_
o
 _
o`



T1o
1
 

_11_ 1G 
o1
1

G

 `


TG``11G1o1_1o1GTG``11G1o1 `T1GG
``To
``_
Go_`1GG
1
 T_111_`
_oo
11 _ G
G T1 
T`_
11TT1T__
T
 G

1T
  o_o G```11`
497
 
T
1oT``1TG1o`
11`G1G_

11 `1oG 11
`T1`oo

 `T 
o G
G
o1 `TTG1T
o11
_
T1
G`
_T
`

GoTG`
`T1_`
_T_  1T`
11
 T`
1


G T
Go1
 1`1_ `o
`1`1o

 `
_111`G ToT`


o_11_o_1Go1G
__

1  o11_ 1T1T
 
o11 1_ 11G`1To
TT11 ` 1 ` GG``_`T1  1G
1_ 1T1T

T
G`_1o
1T
_ 1
`
G1
11
11G
 1   ooGGoG1TG1oo``T1 oToG

 G 
1G
_G1o1`G_oG1

 `  
 1
G 
1 
o 1

oo
11`o` 11o1

1o` 1_`1 o1``
`
G 

o
T


T1`1o11`G
  1_1oTTG`o_` 11`_`1G1`
`G
_
_T
T
 
 o
T `o1_GT1


G11G1o` 1_
T`
1 `
 `
1o

G
11
oo
`TG1
_G11

G1 _
_ 
TG 
_
`o
o1GGTG11
`_1GoG`G

1
T
_
TTT oT`o
 1
1`T


G  `1G1
T 1
`
1G` _1G

G1
G GG_G1
o1G
o
1_
o
 _
o`



T1o
1
 

_11_ 1G 
o1
1

G

 `


TG``11G1o1_1o1GTG``11G1o1 `T1GG
``To
``_
Go_`1GG
1
 T_111_`
_oo
11 _ G
G T1 
T`_
11TT1T__
T
 G

1G1 1T_T11_
 
T
   _G1o_o G```11`
 
T
1oT``1TG1o`
11`G1G_

11 `1oG 11
`T1`oo

 `T 
o G
G
o1 `TTG1T
o11
_
T1
G`
_T
`

GoTG`
`T1_`
_T_  1T`
11
 T`
1


G T
Go1
 1`1_ `o
`1`1o

 `
_111`G ToT`


o_11_o_1Go1G
__

1  o11_ 1T1T
 
o11 1_ 11G`1To
TT11 ` 1 ` GG``_`T1  1G
1_ 1T1T

T
G`_1o
1T
_ 1
`
G1
11
11G
 1   ooGGoG1TG1oo``T1 oToG

 G 
1G
_G1o1`G_oG1

 `  
 1
G 
1 
o 1

oo
11`o` 11o1

1o` 1_`1 o1``
`
G 

o
T


T1`1o11`G
  1_1oTTG`o_` 11`_`1G1`
`G
_
_T
T
 
 o
T `o1_GT1


G11G1o` 1_
T`
1 `
 `
1o

G
11
oo
`TG1
_G11

G1 _
_ 
TG 
_
`o
o1GGTG11
`_1GoG`G

1
T
_
TTT oT`o
 1
1`T


G  `1G1
T 1
`
1G` _1G

G1
G GG_G1
o1G
o
1_
o
 _
o`



T1o
1
 

_11_ 1G 
o1
1

G

 `


TG``11G1o1_1o1GTG``11G1o1 `T1GG
``To
``_
Go_`1GG
1
 T_111_`
_oo
11 _ G
G T1 
T`_
11TT1T__
T
 G

1G1 1T_T11_
 
T
   _G1o_o G```11`
507
 
T
1oT``1TG1o`
11`G1G_

11 `1oG 11
`T1`oo

 `T 
o G
G
o1 `TTG1T
o11
_
T1
G`
_T
`

GoTG`
`T1_`
_T_  1T`
11
 T`
1


G T
Go1
 1`1_ `o
`1`1o

 `
_111`G ToT`


o_11_o_1Go1G
__

1  o11_ 1T1T
 
o11 1_ 11G`1To
TT11 ` 1 ` GG``_`T1  1G
1_ 1T1T

T
G`_1o
1T
_ 1
`
G1
11
11G
 1   ooGGoG1TG1oo``T1 oToG

 G 
1G
_G1o1`G_oG1

 `  
 1
G 
1 
o 1

oo
11`o` 11o1

1o` 1_`1 o1``
`
G 

o
T


T1`1o11`G
  1_1oTTG`o_` 11`_`1G1`
`G
_
_T
T
 
 o
T `o1_GT1


G11G1o` 1_
T`
1 `
 `
1o

G
11
oo
`TG1
_G11

G1 _
_ 
TG 
_
`o
o1GGTG11
`_1GoG`G

1
T
_
TTT oT`o
 1
1`T


G  `1G1
T 1
`
1G` _1G

G1
G GG_G1
o1G
o
1_
o
 _
o`



T1o
1
 

_11_ 1G 
o1
1

G

 `


TG``11G1o1_1o1GTG``11G1o1 `T1GG
``To
``_
Go_`1GG
1
 T_111_`
_oo
11 _ G
G T1 
T`_
11TT1T__
T
 G

1G1 1T_T11_
 _
T
   _G1o_o G```11`
23
 
T
1oT``1TG1o`
11`G1G_

11 `1oG 11
`T1`oo

 `T 
o G
G
o1 `TTG1T
o11
_
T1
G`
_T
`

GoTG`
`T1_`
_T_  1T`
11
 T`
1


G T
Go1
 1`1_ `o
`1`1o

 `
_111`G ToT`


o_11_o_1Go1G
__

1  o11_ 1T1T
 
o11 1_ 11G`1To
TT11 ` 1 ` GG``_`T1  1G
1_ 1T1T

T
G`_1o
1T
_ 1
`
G1
11
11G
 1   ooGGoG1TG1oo``T1 oToG

 G 
1G
_G1o1`G_oG1

 `  
 1
G 
1 
o 1

oo
11`o` 11o1

1o` 1_`1 o1``
`
G 

o
T


T1`1o11`G
  1_1oTTG`o_` 11`_`1G1`
`G
_
_T
T
 
 o
T `o1_GT1


G11G1o` 1_
T`
1 `
 `
1o

G
11
oo
`TG1
_G11

G1 _
_ 
TG 
_
`o
o1GGTG11
`_1GoG`G

1
T
_
TTT oT`o
 1
1`T


G  `1G1
T 1
`
1G` _1G

G1
G GG_G1
o1G
o
1_
o
 _
o`



T1o
1
 

_11_ 1G 
o1
1

G

 `


TG``11G1o1_1o1GTG``11G1o1 `T1GG
``To
``_
Go_`1GG
1
 T_111_`
_oo
11 _ G
G T1 
T`_
11TT1T__
T
 G

1G1 1T_T11_
 TTG1`1
``1


 
T
1oT``1TG1o`
11`G1G_

11 `1oG 11
`T1`oo

 `T 
o G
G
o1 `TTG1T
o11
_
T1
G`
_T
`

GoTG`
`T1_`
_T_  1T`
11
 T`
1


G T
Go1
 1`1_ `o
`1`1o

 `
_111`G ToT`


o_11_o_1Go1G
__

1  o11_ 1T1T
 
o11 1_ 11G`1To
TT11 ` 1 ` GG``_`T1  1G
1_ 1T1T

T
G`_1o
1T
_ 1
`
G1
11
11G
 1   ooGGoG1TG1oo``T1 oToG

 G 
1G
_G1o1`G_oG1

 `  
 1
G 
1 
o 1

oo
11`o` 11o1

1o` 1_`1 o1``
`
G 

o
T


T1`1o11`G
  1_1oTTG`o_` 11`_`1G1`
`G
_
_T
T
 
 o
T `o1_GT1


G11G1o` 1_
T`
1 `
 `
1o

G
11
oo
`TG1
_G11

G1 _
_ 
TG 
_
`o
o1GGTG11
`_1GoG`G

1
T
_
TTT oT`o
 1
1`T


G  `1G1
T 1
`
1G` _1G

G1
G GG_G1
o1G
o
1_
o
 _
o`



T1o
1
 

_11_ 1G 
o1
1

G

 `


TG``11G1o1_1o1GTG``11G1o1 `T1GG
``To
``_
Go_`1GG
1
 T_111_`
_oo
11 _ G
G T1 
T`_
11TT1T__
T
 G

1G1 1T_T11_
 TTG1`1
``1
T 
G`
_1_11T

64
82
 
T
1oT``1TG1o`
11`G1G_

11 `1oG 11
`T1`oo

 `T 
o G
G
o1 `TTG1T
o11
_
T1
G`
_T
`

GoTG`
`T1_`
_T_  1T`
11
 T`
1


G T
Go1
 1`1_ `o
`1`1o

 `
_111`G ToT`


o_11_o_1Go1G
__

1  o11_ 1T1T
 
o11 1_ 11G`1To
TT11 ` 1 ` GG``_`T1  1G
1_ 1T1T

T
G`_1o
1T
_ 1
`
G1
11
11G
 1   ooGGoG1TG1oo``T1 oToG

 G 
1G
_G1o1`G_oG1

 `  
 1
G 
1 
o 1

oo
11`o` 11o1

1o` 1_`1 o1``
`
G 

o
T


T1`1o11`G
  1_1oTTG`o_` 11`_`1G1`
`G
_
_T
T
 
 o
T `o1_GT1


G11G1o` 1_
T`
1 `
 `
1o

G
11
oo
`TG1
_G11

G1 _
_ 
TG 
_
`o
o1GGTG11
`_1GoG`G

1
T
_
TTT oT`o
 1
1`T


G  `1G1
T 1
`
1G` _1G

G1
G GG_G1
o1G
o
1_
o
 _
o`



T1o
1
 

_11_ 1G 
o1
1

G

 `


TG``11G1o1_1o1GTG``11G1o1 `T1GG
``To
``_
Go_`1GG
1
 T_111_`
_oo
11 _ G
G T1 
T`_
11TT1T__
T
 G

1G1 1T_T11_
 TTG1`1
``1
T 
G


G`1T
__
_1`_11T

 
T
1oT``1TG1o`
11`G1G_

11 `1oG 11
`T1`oo

 `T 
o G
G
o1 `TTG1T
o11
_
T1
G`
_T
`

GoTG`
`T1_`
_T_  1T`
11
 T`
1


G T
Go1
 1`1_ `o
`1`1o

 `
_111`G ToT`


o_11_o_1Go1G
__

1  o11_ 1T1T
 
o11 1_ 11G`1To
TT11 ` 1 ` GG``_`T1  1G
1_ 1T1T

T
G`_1o
1T
_ 1
`
G1
11
11G
 1   ooGGoG1TG1oo``T1 oToG

 G 
1G
_G1o1`G_oG1

 `  
 1
G 
1 
o 1

oo
11`o` 11o1

1o` 1_`1 o1``
`
G 

o
T


T1`1o11`G
  1_1oTTG`o_` 11`_`1G1`
`G
_
_T
T
 
 o
T `o1_GT1


G11G1o` 1_
T`
1 `
 `
1o

G
11
oo
`TG1
_G11

G1 _
_ 
TG 
_
`o
o1GGTG11
`_1GoG`G

1
T
_
TTT oT`o
 1
1`T


G  `1G1
T 1
`
1G` _1G

G1
G GG_G1
o1G
o
1_
o
 _
o`



T1o
1
 

_11_ 1G 
o1
1

G

 `


TG``11G1o1_1o1GTG``11G1o1 `T1GG
``To
``_
Go_`1GG
1
 T_111_`
_oo
11 _ G
G T1 
T`_
11TT1T__
T
 G

1G1 1T_T11_
 TTG1`1
``1
T 
G


G`1T
__
_1`__`T11`    _G1o_o G```11`11
11T
 o

 _ o1_11_
G
T`
1_o_o
 
T
1oT``1TG1o`
11`G1G_

11 `1oG 11
`T1`oo

 `T 
o G
G
o1 `TTG1T
o11
_
T1
G`
_T
`

GoTG`
`T1_`
_T_  1T`
11
 T`
1


G T
Go1
 1`1_ `o
`1`1o

 `
_111`G ToT`


o_11_o_1Go1G
__

1  o11_ 1T1T
 
o11 1_ 11G`1To
TT11 ` 1 ` GG``_`T1  1G
1_ 1T1T

T
G`_1o
1T
_ 1
`
G1
11
11G
 1   ooGGoG1TG1oo``T1 oToG

 G 
1G
_G1o1`G_oG1

 `  
 1
G 
1 
o 1

oo
11`o` 11o1

1o` 1_`1 o1``
`
G 

o
T


T1`1o11`G
  1_1oTTG`o_` 11`_`1G1`
`G
_
_T
T
 
 o
T `o1_GT1


G11G1o` 1_
T`
1 `
 `
1o

G
11
oo
`TG1
_G11

G1 _
_ 
TG 
_
`o
o1GGTG11
`_1GoG`G

1
T
_
TTT oT`o
 1
1`T


G  `1G1
T 1
`
1G` _1G

G1
G GG_G1
o1G
o
1_
o
 _
o`



T1o
1
 

_11_ 1G 
o1
1

G

 `


TG``11G1o1_1o1GTG``11G1o1 `T1GG
``To
``_
Go_`1GG
1
 T_111_`
_oo
11 _ G
G T1 
T`_
11TT1T__
T
 G

1G1 1T_T11_
 TTG1`1
``1
T 
G


G`1T
__
_1`__`T11`    _G1o_o G```11`11
11T
 o

 _ o1_11_
G
T`
1_o_o
GT




1
1
 
T
1oT``1TG1o`
11`G1G_

11 `1oG 11
`T1`oo

 `T 
o G
G
o1 `TTG1T
o11
_
T1
G`
_T
`

GoTG`
`T1_`
_T_  1T`
11
 T`
1


G T
Go1
 1`1_ `o
`1`1o

 `
_111`G ToT`


o_11_o_1Go1G
__

1  o11_ 1T1T
 
o11 1_ 11G`1To
TT11 ` 1 ` GG``_`T1  1G
1_ 1T1T

T
G`_1o
1T
_ 1
`
G1
11
11G
 1   ooGGoG1TG1oo``T1 oToG

 G 
1G
_G1o1`G_oG1

 `  
 1
G 
1 
o 1

oo
11`o` 11o1

1o` 1_`1 o1``
`
G 

o
T


T1`1o11`G
  1_1oTTG`o_` 11`_`1G1`
`G
_
_T
T
 
 o
T `o1_GT1


G11G1o` 1_
T`
1 `
 `
1o

G
11
oo
`TG1
_G11

G1 _
_ 
TG 
_
`o
o1GGTG11
`_1GoG`G

1
T
_
TTT oT`o
 1
1`T


G  `1G1
T 1
`
1G` _1G

G1
G GG_G1
o1G
o
1_
o
 _
o`



T1o
1
 

_11_ 1G 
o1
1

G

 `


TG``11G1o1_1o1GTG``11G1o1 `T1GG
``To
``_
Go_`1GG
1
 T_111_`
_oo
11 _ G
G T1 
T`_
11TT1T__
T
 G

1G1 1T_T11_
 TTG1`1
``1
T 
G


G`1T
__
_1`__`T11`    _G1o_o G```11`11
11T
 o

 _ o1_11_
G
T`
1_o_oTG
_1``GGT


_1
73
 
T
1oT``1TG1o`
11`G1G_

11 `1oG 11
`T1`oo

 `T 
o G
G
o1 `TTG1T
o11
_
T1
G`
_T
`

GoTG`
`T1_`
_T_  1T`
11
 T`
1


G T
Go1
 1`1_ `o
`1`1o

 `
_111`G ToT`


o_11_o_1Go1G
__

1  o11_ 1T1T
 
o11 1_ 11G`1To
TT11 ` 1 ` GG``_`T1  1G
1_ 1T1T

T
G`_1o
1T
_ 1
`
G1
11
11G
 1   ooGGoG1TG1oo``T1 oToG

 G 
1G
_G1o1`G_oG1

 `  
 1
G 
1 
o 1

oo
11`o` 11o1

1o` 1_`1 o1``
`
G 

o
T


T1`1o11`G
  1_1oTTG`o_` 11`_`1G1`
`G
_
_T
T
 
 o
T `o1_GT1


G11G1o` 1_
T`
1 `
 `
1o

G
11
oo
`TG1
_G11

G1 _
_ 
TG 
_
`o
o1GGTG11
`_1GoG`G

1
T
_
TTT oT`o
 1
1`T


G  `1G1
T 1
`
1G` _1G

G1
G GG_G1
o1G
o
1_
o
 _
o`



T1o
1
 

_11_ 1G 
o1
1

G

 `


TG``11G1o1_1o1GTG``11G1o1 `T1GG
``To
``_
Go_`1GG
1
 T_111_`
_oo
11 _ G
G T1 
T`_
11TT1T__
T
 G

1G1 1T_T11_
 TTG1`1
``1
T 
G


G`1T
__
_1`__`T11`    _G1o_o G```11`11
11T
 o

 _ o1_11_
G
T`
1_o_oTGo`oT
11o
_T 
1
_1_`1
 
 `1``GGT


_1
75
 
T
1oT``1TG1o`
11`G1G_

11 `1oG 11
`T1`oo

 `T 
o G
G
o1 `TTG1T
o11
_
T1
G`
_T
`

GoTG`
`T1_`
_T_  1T`
11
 T`
1


G T
Go1
 1`1_ `o
`1`1o

 `
_111`G ToT`


o_11_o_1Go1G
__

1  o11_ 1T1T
 
o11 1_ 11G`1To
TT11 ` 1 ` GG``_`T1  1G
1_ 1T1T

T
G`_1o
1T
_ 1
`
G1
11
11G
 1   ooGGoG1TG1oo``T1 oToG

 G 
1G
_G1o1`G_oG1

 `  
 1
G 
1 
o 1

oo
11`o` 11o1

1o` 1_`1 o1``
`
G 

o
T


T1`1o11`G
  1_1oTTG`o_` 11`_`1G1`
`G
_
_T
T
 
 o
T `o1_GT1


G11G1o` 1_
T`
1 `
 `
1o

G
11
oo
`TG1
_G11

G1 _
_ 
TG 
_
`o
o1GGTG11
`_1GoG`G

1
T
_
TTT oT`o
 1
1`T


G  `1G1
T 1
`
1G` _1G

G1
G GG_G1
o1G
o
1_
o
 _
o`



T1o
1
 

_11_ 1G 
o1
1

G

 `


TG``11G1o1_1o1GTG``11G1o1 `T1GG
``To
``_
Go_`1GG
1
 T_111_`
_oo
11 _ G
G T1 
T`_
11TT1T__
T
 G

1G1 1T_T11_
 TTG1`1
``1
T 
G


G`1T
__
_1`__`T11`    _G1o_o G```11`11
11T
 o

 _ o1_11_
G
T`
1_o_oTGo`oT
11o
_T 
1
_1_`1
 1_1T
`Go1oT
`1
11



 
T
1oT``1TG1o`
11`G1G_

11 `1oG 11
`T1`oo

 `T 
o G
G
o1 `TTG1T
o11
_
T1
G`
_T
`

GoTG`
`T1_`
_T_  1T`
11
 T`
1


G T
Go1
 1`1_ `o
`1`1o

 `
_111`G ToT`


o_11_o_1Go1G
__

1  o11_ 1T1T
 
o11 1_ 11G`1To
TT11 ` 1 ` GG``_`T1  1G
1_ 1T1T

T
G`_1o
1T
_ 1
`
G1
11
11G
 1   ooGGoG1TG1oo``T1 oToG

 G 
1G
_G1o1`G_oG1

 `  
 1
G 
1 
o 1

oo
11`o` 11o1

1o` 1_`1 o1``
`
G 

o
T


T1`1o11`G
  1_1oTTG`o_` 11`_`1G1`
`G
_
_T
T
 
 o
T `o1_GT1


G11G1o` 1_
T`
1 `
 `
1o

G
11
oo
`TG1
_G11

G1 _
_ 
TG 
_
`o
o1GGTG11
`_1GoG`G

1
T
_
TTT oT`o
 1
1`T


G  `1G1
T 1
`
1G` _1G

G1
G GG_G1
o1G
o
1_
o
 _
o`



T1o
1
 

_11_ 1G 
o1
1

G

 `


TG``11G1o1_1o1GTG``11G1o1 `T1GG
``To
``_
Go_`1GG
1
 T_111_`
_oo
11 _ G
G T1 
T`_
11TT1T__
T
 G

1G1 1T_T11_
 TTG1`1
``1
T 
G


G`1T
__
_1`__`T11`    _G1o_o G```11`11
11T
 o

 _ o1_11_
G
T`
1_o_oTGo`oT
11o
_T 
1
_1_`1
 1_1T
`Go1oT
`1
11


`o1
587
 
T
1oT``1TG1o`
11`G1G_

11 `1oG 11
`T1`oo

 `T 
o G
G
o1 `TTG1T
o11
_
T1
G`
_T
`

GoTG`
`T1_`
_T_  1T`
11
 T`
1


G T
Go1
 1`1_ `o
`1`1o

 `
_111`G ToT`


o_11_o_1Go1G
__

1  o11_ 1T1T
 
o11 1_ 11G`1To
TT11 ` 1 ` GG``_`T1  1G
1_ 1T1T

T
G`_1o
1T
_ 1
`
G1
11
11G
 1   ooGGoG1TG1oo``T1 oToG

 G 
1G
_G1o1`G_oG1

 `  
 1
G 
1 
o 1

oo
11`o` 11o1

1o` 1_`1 o1``
`
G 

o
T


T1`1o11`G
  1_1oTTG`o_` 11`_`1G1`
`G
_
_T
T
 
 o
T `o1_GT1


G11G1o` 1_
T`
1 `
 `
1o

G
11
oo
`TG1
_G11

G1 _
_ 
TG 
_
`o
o1GGTG11
`_1GoG`G

1
T
_
TTT oT`o
 1
1`T


G  `1G1
T 1
`
1G` _1G

G1
G GG_G1
o1G
o
1_
o
 _
o`



T1o
1
 

_11_ 1G 
o1
1

G

 `


TG``11G1o1_1o1GTG``11G1o1 `T1GG
``To
``_
Go_`1GG
1
 T_111_`
_oo
11 _ G
G T1 
T`_
11TT1T__
T
 G

1G1 1T_T11_
 TTG1`1
``1
T 
G


G`1T
__
_1`__`T11`    _G1o_o G```11`11
11T
 o

 _ o1_11_
G
T`
1_o_oTGo`oT
11o
_T 
1
_1_`1
 1_1T
`Go1oT
`1
11


`o1
592
 
T
1oT``1TG1o`
11`G1G_

11 `1oG 11
`T1`oo

 `T 
o G
G
o1 `TTG1T
o11
_
T1
G`
_T
`

GoTG`
`T1_`
_T_  1T`
11
 T`
1


G T
Go1
 1`1_ `o
`1`1o

 `
_111`G ToT`


o_11_o_1Go1G
__

1  o11_ 1T1T
 
o11 1_ 11G`1To
TT11 ` 1 ` GG``_`T1  1G
1_ 1T1T

T
G`_1o
1T
_ 1
`
G1
11
11G
 1   ooGGoG1TG1oo``T1 oToG

 G 
1G
_G1o1`G_oG1

 `  
 1
G 
1 
o 1

oo
11`o` 11o1

1o` 1_`1 o1``
`
G 

o
T


T1`1o11`G
  1_1oTTG`o_` 11`_`1G1`
`G
_
_T
T
 
 o
T `o1_GT1


G11G1o` 1_
T`
1 `
 `
1o

G
11
oo
`TG1
_G11

G1 _
_ 
TG 
_
`o
o1GGTG11
`_1GoG`G

1
T
_
TTT oT`o
 1
1`T


G  `1G1
T 1
`
1G` _1G

G1
G GG_G1
o1G
o
1_
o
 _
o`



T1o
1
 

_11_ 1G 
o1
1

G

 `


TG``11G1o1_1o1GTG``11G1o1 `T1GG
``To
``_
Go_`1GG
1
 T_111_`
_oo
11 _ G
G T1 
T`_
11TT1T__
T
 G

1G1 1T_T11_
 TTG1`1
``1
T 
G


G`1T
__
_1`__`T11`    _G1o_o G```11`11
11T
 o

 _ o1_11_
G
T`
1_o_oTGo`oT
11o
_T 
1
_1_`1
 1_1T
`Go1oT
`1
11

G
1__
oGo111
`
TG_1`
 
T
1oT``1TG1o`
11`G1G_

11 `1oG 11
`T1`oo

 `T 
o G
G
o1 `TTG1T
o11
_
T1
G`
_T
`

GoTG`
`T1_`
_T_  1T`
11
 T`
1


G T
Go1
 1`1_ `o
`1`1o

 `
_111`G ToT`


o_11_o_1Go1G
__

1  o11_ 1T1T
 
o11 1_ 11G`1To
TT11 ` 1 ` GG``_`T1  1G
1_ 1T1T

T
G`_1o
1T
_ 1
`
G1
11
11G
 1   ooGGoG1TG1oo``T1 oToG

 G 
1G
_G1o1`G_oG1

 `  
 1
G 
1 
o 1

oo
11`o` 11o1

1o` 1_`1 o1``
`
G 

o
T


T1`1o11`G
  1_1oTTG`o_` 11`_`1G1`
`G
_
_T
T
 
 o
T `o1_GT1


G11G1o` 1_
T`
1 `
 `
1o

G
11
oo
`TG1
_G11

G1 _
_ 
TG 
_
`o
o1GGTG11
`_1GoG`G

1
T
_
TTT oT`o
 1
1`T


G  `1G1
T 1
`
1G` _1G

G1
G GG_G1
o1G
o
1_
o
 _
o`



T1o
1
 

_11_ 1G 
o1
1

G

 `


TG``11G1o1_1o1GTG``11G1o1 `T1GG
``To
``_
Go_`1GG
1
 T_111_`
_oo
11 _ G
G T1 
T`_
11TT1T__
T
 G

1G1 1T_T11_
 TTG1`1
``1
T 
G


G`1T
__
_1`__`T11`    _G1o_o G```11`11
11T
 o

 _ o1_11_
G
T`
1_o_oTGo`oT
11o
_T 
1
_1_`1
 1_1T
`Go1oT
`1
11

G
1__
oGo111
`
TG_`T1`
 
T
1oT``1TG1o`
11`G1G_

11 `1oG 11
`T1`oo

 `T 
o G
G
o1 `TTG1T
o11
_
T1
G`
_T
`

GoTG`
`T1_`
_T_  1T`
11
 T`
1


G T
Go1
 1`1_ `o
`1`1o

 `
_111`G ToT`


o_11_o_1Go1G
__

1  o11_ 1T1T
 
o11 1_ 11G`1To
TT11 ` 1 ` GG``_`T1  1G
1_ 1T1T

T
G`_1o
1T
_ 1
`
G1
11
11G
 1   ooGGoG1TG1oo``T1 oToG

 G 
1G
_G1o1`G_oG1

 `  
 1
G 
1 
o 1

oo
11`o` 11o1

1o` 1_`1 o1``
`
G 

o
T


T1`1o11`G
  1_1oTTG`o_` 11`_`1G1`
`G
_
_T
T
 
 o
T `o1_GT1


G11G1o` 1_
T`
1 `
 `
1o

G
11
oo
`TG1
_G11

G1 _
_ 
TG 
_
`o
o1GGTG11
`_1GoG`G

1
T
_
TTT oT`o
 1
1`T


G  `1G1
T 1
`
1G` _1G

G1
G GG_G1
o1G
o
1_
o
 _
o`



T1o
1
 

_11_ 1G 
o1
1

G

 `


TG``11G1o1_1o1GTG``11G1o1 `T1GG
``To
``_
Go_`1GG
1
 T_111_`
_oo
11 _ G
G T1 
T`_
11TT1T__
T
 G

1G1 1T_T11_
 TTG1`1
``1
T 
G


G`1T
__
_1`__`T11`    _G1o_o G```11`11
11T
 o

 _ o1_11_
G
T`
1_o_oTGo`oT
11o
_T 
1
_1_`1
 1_1T
`Go1oT
`1
11

G
1__
oGo111
oT1o1`
595
0
 
T
1oT``1TG1o`
11`G1G_

11 `1oG 11
`T1`oo

 `T 
o G
G
o1 `TTG1T
o11
_
T1
G`
_T
`

GoTG`
`T1_`
_T_  1T`
11
 T`
1


G T
Go1
 1`1_ `o
`1`1o

 `
_111`G ToT`


o_11_o_1Go1G
__

1  o11_ 1T1T
 
o11 1_ 11G`1To
TT11 ` 1 ` GG``_`T1  1G
1_ 1T1T

T
G`_1o
1T
_ 1
`
G1
11
11G
 1   ooGGoG1TG1oo``T1 oToG

 G 
1G
_G1o1`G_oG1

 `  
 1
G 
1 
o 1

oo
11`o` 11o1

1o` 1_`1 o1``
`
G 

o
T


T1`1o11`G
  1_1oTTG`o_` 11`_`1G1`
`G
_
_T
T
 
 o
T `o1_GT1


G11G1o` 1_
T`
1 `
 `
1o

G
11
oo
`TG1
_G11

G1 _
_ 
TG 
_
`o
o1GGTG11
`_1GoG`G

1
T
_
TTT oT`o
 1
1`T


G  `1G1
T 1
`
1G` _1G

G1
G GG_G1
o1G
o
1_
o
 _
o`



T1o
1
 

_11_ 1G 
o1
1

G

 `


TG``11G1o1_1o1GTG``11G1o1 `T1GG
``To
``_
Go_`1GG
1
 T_111_`
_oo
11 _ G
G T1 
T`_
11TT1T__
T
 G

1G1 1T_T11_
 TTG1`1
``1
T 
G


G`1T
__
_1`__`T11`    _G1o_o G```11`11
11T
 o

 _ o1_11_
G
T`
1_o_oTGo`oT
11o
_T 
1
_1_`1
 1_1T
`Go1oT
`1
11

G
1__
oGo111
 1ooG

1
To`
1`
`_
`
TG1Go
619
643
 
T
1oT``1TG1o`
11`G1G_

11 `1oG 11
`T1`oo

 `T 
o G
G
o1 `TTG1T
o11
_
T1
G`
_T
`

GoTG`
`T1_`
_T_  1T`
11
 T`
1


G T
Go1
 1`1_ `o
`1`1o

 `
_111`G ToT`


o_11_o_1Go1G
__

1  o11_ 1T1T
 
o11 1_ 11G`1To
TT11 ` 1 ` GG``_`T1  1G
1_ 1T1T

T
G`_1o
1T
_ 1
`
G1
11
11G
 1   ooGGoG1TG1oo``T1 oToG

 G 
1G
_G1o1`G_oG1

 `  
 1
G 
1 
o 1

oo
11`o` 11o1

1o` 1_`1 o1``
`
G 

o
T


T1`1o11`G
  1_1oTTG`o_` 11`_`1G1`
`G
_
_T
T
 
 o
T `o1_GT1


G11G1o` 1_
T`
1 `
 `
1o

G
11
oo
`TG1
_G11

G1 _
_ 
TG 
_
`o
o1GGTG11
`_1GoG`G

1
T
_
TTT oT`o
 1
1`T


G  `1G1
T 1
`
1G` _1G

G1
G GG_G1
o1G
o
1_
o
 _
o`



T1o
1
 

_11_ 1G 
o1
1

G

 `


TG``11G1o1_1o1GTG``11G1o1 `T1GG
``To
``_
Go_`1GG
1
 T_111_`
_oo
11 _ G
G T1 
T`_
11TT1T__
T
 G

1G1 1T_T11_
 TTG1`1
``1
T 
G


G`1T
__
_1`__`T11`    _G1o_o G```11`11
11T
 o

 _ o1_11_
G
T`
1_o_oTGo`oT
11o
_T 
1
_1_`1
 1_1T
`Go1oT
`1
11

G
1__
oGo111
 1ooG

1
To`
1`
`_
`
1o1
 1`T
T1`GG1_1`G_`1
_11G`1
G1`oTG111 
oG1G`T
1
650
 
T
1oT``1TG1o`
11`G1G_

11 `1oG 11
`T1`oo

 `T 
o G
G
o1 `TTG1T
o11
_
T1
G`
_T
`

GoTG`
`T1_`
_T_  1T`
11
 T`
1


G T
Go1
 1`1_ `o
`1`1o

 `
_111`G ToT`


o_11_o_1Go1G
__

1  o11_ 1T1T
 
o11 1_ 11G`1To
TT11 ` 1 ` GG``_`T1  1G
1_ 1T1T

T
G`_1o
1T
_ 1
`
G1
11
11G
 1   ooGGoG1TG1oo``T1 oToG

 G 
1G
_G1o1`G_oG1

 `  
 1
G 
1 
o 1

oo
11`o` 11o1

1o` 1_`1 o1``
`
G 

o
T


T1`1o11`G
  1_1oTTG`o_` 11`_`1G1`
`G
_
_T
T
 
 o
T `o1_GT1


G11G1o` 1_
T`
1 `
 `
1o

G
11
oo
`TG1
_G11

G1 _
_ 
TG 
_
`o
o1GGTG11
`_1GoG`G

1
T
_
TTT oT`o
 1
1`T


G  `1G1
T 1
`
1G` _1G

G1
G GG_G1
o1G
o
1_
o
 _
o`



T1o
1
 

_11_ 1G 
o1
1

G

 `


TG``11G1o1_1o1GTG``11G1o1 `T1GG
``To
``_
Go_`1GG
1
 T_111_`
_oo
11 _ G
G T1 
T`_
11TT1T__
T
 G

1G1 1T_T11_
 TTG1`1
``1
T 
G


G`1T
__
_1`__`T11`    _G1o_o G```11`11
11T
 o

 _ o1_11_
G
T`
1_o_oTGo`oT
11o
_T 
1
_1_`1
 1_1T
`Go1oT
`1
11

G
1__
oGo111
 1ooG

1
To`
1`
`_
`
1o1
 1`T
T1`GG1_1`G_`1
`

G1
_11G`1
G1`oTG111 
oG1G`T
1
77
108
 
T
1oT``1TG1o`
11`G1G_

11 `1oG 11
`T1`oo

 `T 
o G
G
o1 `TTG1T
o11
_
T1
G`
_T
`

GoTG`
`T1_`
_T_  1T`
11
 T`
1


G T
Go1
 1`1_ `o
`1`1o

 `
_111`G ToT`


o_11_o_1Go1G
__

1  o11_ 1T1T
 
o11 1_ 11G`1To
TT11 ` 1 ` GG``_`T1  1G
1_ 1T1T

T
G`_1o
1T
_ 1
`
G1
11
11G
 1   ooGGoG1TG1oo``T1 oToG

 G 
1G
_G1o1`G_oG1

 `  
 1
G 
1 
o 1

oo
11`o` 11o1

1o` 1_`1 o1``
`
G 

o
T


T1`1o11`G
  1_1oTTG`o_` 11`_`1G1`
`G
_
_T
T
 
 o
T `o1_GT1


G11G1o` 1_
T`
1 `
 `
1o

G
11
oo
`TG1
_G11

G1 _
_ 
TG 
_
`o
o1GGTG11
`_1GoG`G

1
T
_
TTT oT`o
 1
1`T


G  `1G1
T 1
`
1G` _1G

G1
G GG_G1
o1G
o
1_
o
 _
o`



T1o
1
 

_11_ 1G 
o1
1

G

 `


TG``11G1o1_1o1GTG``11G1o1 `T1GG
``To
``_
Go_`1GG
1
 T_111_`
_oo
11 _ G
G T1 
T`_
11TT1T__
T
 G

1G1 1T_T11_
 TTG1`1
``1
T 
G


G`1T
__
_1`__`T11`    _G1o_o G```11`11
11T
 o

 _ o1_11_
G
T`
1_o_oTGo`oT
11o
_T 
1
_1_`1
 1_1T
`Go1oT
`1
11

G
1__
oGo111
 1ooG

1
To`
1`
`_
`
1o1
 1`T
T1`GG1_1`G_`

1T``
TT
`__o _``1G1GGGT_Go
_11G`1
G1`oTG111 
oG1G`T
1
 
T
1oT``1TG1o`
11`G1G_

11 `1oG 11
`T1`oo

 `T 
o G
G
o1 `TTG1T
o11
_
T1
G`
_T
`

GoTG`
`T1_`
_T_  1T`
11
 T`
1


G T
Go1
 1`1_ `o
`1`1o

 `
_111`G ToT`


o_11_o_1Go1G
__

1  o11_ 1T1T
 
o11 1_ 11G`1To
TT11 ` 1 ` GG``_`T1  1G
1_ 1T1T

T
G`_1o
1T
_ 1
`
G1
11
11G
 1   ooGGoG1TG1oo``T1 oToG

 G 
1G
_G1o1`G_oG1

 `  
 1
G 
1 
o 1

oo
11`o` 11o1

1o` 1_`1 o1``
`
G 

o
T


T1`1o11`G
  1_1oTTG`o_` 11`_`1G1`
`G
_
_T
T
 
 o
T `o1_GT1


G11G1o` 1_
T`
1 `
 `
1o

G
11
oo
`TG1
_G11

G1 _
_ 
TG 
_
`o
o1GGTG11
`_1GoG`G

1
T
_
TTT oT`o
 1
1`T


G  `1G1
T 1
`
1G` _1G

G1
G GG_G1
o1G
o
1_
o
 _
o`



T1o
1
 

_11_ 1G 
o1
1

G

 `


TG``11G1o1_1o1GTG``11G1o1 `T1GG
``To
``_
Go_`1GG
1
 T_111_`
_oo
11 _ G
G T1 
T`_
11TT1T__
T
 G

1G1 1T_T11_
 TTG1`1
``1
T 
G


G`1T
__
_1`__`T11`    _G1o_o G```11`11
11T
 o

 _ o1_11_
G
T`
1_o_oTGo`oT
11o
_T 
1
_1_`1
 1_1T
`Go1oT
`1
11

G
1__
oGo111
 1ooG

1
To`
1`
`_
`
1o1
 1`T
T1`GG1_1`G_`

1T``
TT
`__o _``1G1GGGT_Go
_11G`1
G1`oTG111 
oG1G`T
1
 
T
1oT``1TG1o`
11`G1G_

11 `1oG 11
`T1`oo

 `T 
o G
G
o1 `TTG1T
o11
_
T1
G`
_T
`

GoTG`
`T1_`
_T_  1T`
11
 T`
1


G T
Go1
 1`1_ `o
`1`1o

 `
_111`G ToT`


o_11_o_1Go1G
__

1  o11_ 1T1T
 
o11 1_ 11G`1To
TT11 ` 1 ` GG``_`T1  1G
1_ 1T1T

T
G`_1o
1T
_ 1
`
G1
11
11G
 1   ooGGoG1TG1oo``T1 oToG

 G 
1G
_G1o1`G_oG1

 `  
 1
G 
1 
o 1

oo
11`o` 11o1

1o` 1_`1 o1``
`
G 

o
T


T1`1o11`G
  1_1oTTG`o_` 11`_`1G1`
`G
_
_T
T
 
 o
T `o1_GT1


G11G1o` 1_
T`
1 `
 `
1o

G
11
oo
`TG1
_G11

G1 _
_ 
TG 
_
`o
o1GGTG11
`_1GoG`G

1
T
_
TTT oT`o
 1
1`T


G  `1G1
T 1
`
1G` _1G

G1
G GG_G1
o1G
o
1_
o
 _
o`



T1o
1
 

_11_ 1G 
o1
1

G

 `


TG``11G1o1_1o1GTG``11G1o1 `T1GG
``To
``_
Go_`1GG
1
 T_111_`
_oo
11 _ G
G T1 
T`_
11TT1T__
T
 G

1G1 1T_T11_
 TTG1`1
``1
T 
G


G`1T
__
_1`__`T11`    _G1o_o G```11`11
11T
 o

 _ o1_11_
G
T`
1_o_oTGo`oT
11o
_T 
1
_1_`1
 1_1T
`Go1oT
`1
11

G
1__
oGo111
 1ooG

1
To`
1`
`_
`
1o1
 1`T
T1`GG1_1`G_`

1T``
G 11
630
 
T
1oT``1TG1o`
11`G1G_

11 `1oG 11
`T1`oo

 `T 
o G
G
o1 `TTG1T
o11
_
T1
G`
_T
`

GoTG`
`T1_`
_T_  1T`
11
 T`
1


G T
Go1
 1`1_ `o
`1`1o

 `
_111`G ToT`


o_11_o_1Go1G
__

1  o11_ 1T1T
 
o11 1_ 11G`1To
TT11 ` 1 ` GG``_`T1  1G
1_ 1T1T

T
G`_1o
1T
_ 1
`
G1
11
11G
 1   ooGGoG1TG1oo``T1 oToG

 G 
1G
_G1o1`G_oG1

 `  
 1
G 
1 
o 1

oo
11`o` 11o1

1o` 1_`1 o1``
`
G 

o
T


T1`1o11`G
  1_1oTTG`o_` 11`_`1G1`
`G
_
_T
T
 
 o
T `o1_GT1


G11G1o` 1_
T`
1 `
 `
1o

G
11
oo
`TG1
_G11

G1 _
_ 
TG 
_
`o
o1GGTG11
`_1GoG`G

1
T
_
TTT oT`o
 1
1`T


G  `1G1
T 1
`
1G` _1G

G1
G GG_G1
o1G
o
1_
o
 _
o`



T1o
1
 

_11_ 1G 
o1
1

G

 `


TG``11G1o1_1o1GTG``11G1o1 `T1GG
``To
``_
Go_`1GG
1
 T_111_`
_oo
11 _ G
G T1 
T`_
11TT1T__
T
 G

1G1 1T_T11_
 TTG1`1
``1
T 
G


G`1T
__
_1`__`T11`    _G1o_o G```11`11
11T
 o

 _ o1_11_
G
T`
1_o_oTGo`oT
11o
_T 
1
_1_`1
 1_1T
`Go1oT
`1
11

G
1__
oGo111
 1ooG

1
To`
1`
`_
`
1o1
 1`T
T1`GG1_1`G_`
T
G 11
 
T
1oT``1TG1o`
11`G1G_

11 `1oG 11
`T1`oo

 `T 
o G
G
o1 `TTG1T
o11
_
T1
G`
_T
`

GoTG`
`T1_`
_T_  1T`
11
 T`
1


G T
Go1
 1`1_ `o
`1`1o

 `
_111`G ToT`


o_11_o_1Go1G
__

1  o11_ 1T1T
 
o11 1_ 11G`1To
TT11 ` 1 ` GG``_`T1  1G
1_ 1T1T

T
G`_1o
1T
_ 1
`
G1
11
11G
 1   ooGGoG1TG1oo``T1 oToG

 G 
1G
_G1o1`G_oG1

 `  
 1
G 
1 
o 1

oo
11`o` 11o1

1o` 1_`1 o1``
`
G 

o
T


T1`1o11`G
  1_1oTTG`o_` 11`_`1G1`
`G
_
_T
T
 
 o
T `o1_GT1


G11G1o` 1_
T`
1 `
 `
1o

G
11
oo
`TG1
_G11

G1 _
_ 
TG 
_
`o
o1GGTG11
`_1GoG`G

1
T
_
TTT oT`o
 1
1`T


G  `1G1
T 1
`
1G` _1G

G1
G GG_G1
o1G
o
1_
o
 _
o`



T1o
1
 

_11_ 1G 
o1
1

G

 `


TG``11G1o1_1o1GTG``11G1o1 `T1GG
``To
``_
Go_`1GG
1
 T_111_`
_oo
11 _ G
G T1 
T`_
11TT1T__
T
 G

1G1 1T_T11_
 TTG1`1
``1
T 
G


G`1T
__
_1`__`T11`    _G1o_o G```11`11
11T
 o

 _ o1_11_
G
T`
1_o_oTGo`oT
11o
_T 
1
_1_`1
 1_1T
`Go1oT
`1
11

G
1__
oGo111
 1ooG

1
To`
1`
`_
`
1o1
 1`T
T1`GG1_1`G_`
T1 1T
G11
G 11
639
 
T
1oT``1TG1o`
11`G1G_

11 `1oG 11
`T1`oo

 `T 
o G
G
o1 `TTG1T
o11
_
T1
G`
_T
`

GoTG`
`T1_`
_T_  1T`
11
 T`
1


G T
Go1
 1`1_ `o
`1`1o

 `
_111`G ToT`


o_11_o_1Go1G
__

1  o11_ 1T1T
 
o11 1_ 11G`1To
TT11 ` 1 ` GG``_`T1  1G
1_ 1T1T

T
G`_1o
1T
_ 1
`
G1
11
11G
 1   ooGGoG1TG1oo``T1 oToG

 G 
1G
_G1o1`G_oG1

 `  
 1
G 
1 
o 1

oo
11`o` 11o1

1o` 1_`1 o1``
`
G 

o
T


T1`1o11`G
  1_1oTTG`o_` 11`_`1G1`
`G
_
_T
T
 
 o
T `o1_GT1


G11G1o` 1_
T`
1 `
 `
1o

G
11
oo
`TG1
_G11

G1 _
_ 
TG 
_
`o
o1GGTG11
`_1GoG`G

1
T
_
TTT oT`o
 1
1`T


G  `1G1
T 1
`
1G` _1G

G1
G GG_G1
o1G
o
1_
o
 _
o`



T1o
1
 

_11_ 1G 
o1
1

G

 `


TG``11G1o1_1o1GTG``11G1o1 `T1GG
``To
``_
Go_`1GG
1
 T_111_`
_oo
11 _ G
G T1 
T`_
11TT1T__
T
 G

1G1 1T_T11_
 TTG1`1
``1
T 
G


G`1T
__
_1`__`T11`    _G1o_o G```11`11
11T
 o

 _ o1_11_
G
T`
1_o_oTGo`oT
11o
_T 
1
_1_`1
 1_1T
`Go1oT
`1
11

G
1__
oGo111
 1ooG

1
To`
1`
`_
`
_

`1o1 1 Go_ G_T1 1T_`111T111 
 
1G1`GG`1 G 

 
T
1oT``1TG1o`
11`G1G_

11 `1oG 11
`T1`oo

 `T 
o G
G
o1 `TTG1T
o11
_
T1
G`
_T
`

GoTG`
`T1_`
_T_  1T`
11
 T`
1


G T
Go1
 1`1_ `o
`1`1o

 `
_111`G ToT`


o_11_o_1Go1G
__

1  o11_ 1T1T
 
o11 1_ 11G`1To
TT11 ` 1 ` GG``_`T1  1G
1_ 1T1T

T
G`_1o
1T
_ 1
`
G1
11
11G
 1   ooGGoG1TG1oo``T1 oToG

 G 
1G
_G1o1`G_oG1

 `  
 1
G 
1 
o 1

oo
11`o` 11o1

1o` 1_`1 o1``
`
G 

o
T


T1`1o11`G
  1_1oTTG`o_` 11`_`1G1`
`G
_
_T
T
 
 o
T `o1_GT1


G11G1o` 1_
T`
1 `
 `
1o

G
11
oo
`TG1
_G11

G1 _
_ 
TG 
_
`o
o1GGTG11
`_1GoG`G

1
T
_
TTT oT`o
 1
1`T


G  `1G1
T 1
`
1G` _1G

G1
G GG_G1
o1G
o
1_
o
 _
o`



T1o
1
 

_11_ 1G 
o1
1

G

 `


TG``11G1o1_1o1GTG``11G1o1 `T1GG
``To
``_
Go_`1GG
1
 T_111_`
_oo
11 _ G
G T1 
T`_
11TT1T__
T
 G

1G1 1T_T11_
 TTG1`1
``1
T 
G


G`1T
__
_1`__`T11`    _G1o_o G```11`11
11T
 o

 _ o1_11_
G
T`
1_o_oTGo`oT
11o
_T 
1
_1_`1
 1_1T
`Go1oT
`1
11

G
1__
oGo111
 1ooG

1
To`
1`
`_
`
_

`1o1 1 Go_ G_T1 1T_`111T111 
 
1GT1 1T_`111T111 T1`GG`1 G 
T_T
oT 
`o1 oG
 
T
1oT``1TG1o`
11`G1G_

11 `1oG 11
`T1`oo

 `T 
o G
G
o1 `TTG1T
o11
_
T1
G`
_T
`

GoTG`
`T1_`
_T_  1T`
11
 T`
1


G T
Go1
 1`1_ `o
`1`1o

 `
_111`G ToT`


o_11_o_1Go1G
__

1  o11_ 1T1T
 
o11 1_ 11G`1To
TT11 ` 1 ` GG``_`T1  1G
1_ 1T1T

T
G`_1o
1T
_ 1
`
G1
11
11G
 1   ooGGoG1TG1oo``T1 oToG

 G 
1G
_G1o1`G_oG1

 `  
 1
G 
1 
o 1

oo
11`o` 11o1

1o` 1_`1 o1``
`
G 

o
T


T1`1o11`G
  1_1oTTG`o_` 11`_`1G1`
`G
_
_T
T
 
 o
T `o1_GT1


G11G1o` 1_
T`
1 `
 `
1o

G
11
oo
`TG1
_G11

G1 _
_ 
TG 
_
`o
o1GGTG11
`_1GoG`G

1
T
_
TTT oT`o
 1
1`T


G  `1G1
T 1
`
1G` _1G

G1
G GG_G1
o1G
o
1_
o
 _
o`



T1o
1
 

_11_ 1G 
o1
1

G

 `


TG``11G1o1_1o1GTG``11G1o1 `T1GG
``To
``_
Go_`1GG
1
 T_111_`
_oo
11 _ G
G T1 
T`_
11TT1T__
T
 G

1G1 1T_T11_
 TTG1`1
``1
T 
G


G`1T
__
_1`__`T11`    _G1o_o G```11`11
11T
 o

 _ o1_11_
G
T`
1_o_oTGo`oT
11o
_T 
1
_1_`1
 1_1T
`Go1oT
`1
11

G
1__
oGo111
 1ooG

1
To`
1`
`_
`
_

`1o1 1 Go_ G_T1 1T_`111T111 
 
1GT1 1T_`111T111 T1`GG`1 G 
T_T
oT 
` o`o1 oG
 
T
1oT``1TG1o`
11`G1G_

11 `1oG 11
`T1`oo

 `T 
o G
G
o1 `TTG1T
o11
_
T1
G`
_T
`

GoTG`
`T1_`
_T_  1T`
11
 T`
1


G T
Go1
 1`1_ `o
`1`1o

 `
_111`G ToT`


o_11_o_1Go1G
__

1  o11_ 1T1T
 
o11 1_ 11G`1To
TT11 ` 1 ` GG``_`T1  1G
1_ 1T1T

T
G`_1o
1T
_ 1
`
G1
11
11G
 1   ooGGoG1TG1oo``T1 oToG

 G 
1G
_G1o1`G_oG1

 `  
 1
G 
1 
o 1

oo
11`o` 11o1

1o` 1_`1 o1``
`
G 

o
T


T1`1o11`G
  1_1oTTG`o_` 11`_`1G1`
`G
_
_T
T
 
 o
T `o1_GT1


G11G1o` 1_
T`
1 `
 `
1o

G
11
oo
`TG1
_G11

G1 _
_ 
TG 
_
`o
o1GGTG11
`_1GoG`G

1
T
_
TTT oT`o
 1
1`T


G  `1G1
T 1
`
1G` _1G

G1
G GG_G1
o1G
o
1_
o
 _
o`



T1o
1
 

_11_ 1G 
o1
1

G

 `


TG``11G1o1_1o1GTG``11G1o1 `T1GG
``To
``_
Go_`1GG
1
 T_111_`
_oo
11 _ G
G T1 
T`_
11TT1T__
T
 G

1G1 1T_T11_
 TTG1`1
``1
T 
G


G`1T
__
_1`__`T11`    _G1o_o G```11`11
11T
 o

 _ o1_11_
G
T`
1_o_oTGo`oT
11o
_T 
1
_1_`1
 1_1T
`Go1oT
`1
11

G
1__
oGo111
 1ooG

1
To`
1`
`_
`
_

`1o1 1 Go_ G_T1 1T_`111T111 
 
1GT1 1T_`111T111 T1`GG`1 G 
T_T
oT 
` Go`
 1
o
1
 
T
1oT``1TG1o`
11`G1G_

11 `1oG 11
`T1`oo

 `T 
o G
G
o1 `TTG1T
o11
_
T1
G`
_T
`

GoTG`
`T1_`
_T_  1T`
11
 T`
1


G T
Go1
 1`1_ `o
`1`1o

 `
_111`G ToT`


o_11_o_1Go1G
__

1  o11_ 1T1T
 
o11 1_ 11G`1To
TT11 ` 1 ` GG``_`T1  1G
1_ 1T1T

T
G`_1o
1T
_ 1
`
G1
11
11G
 1   ooGGoG1TG1oo``T1 oToG

 G 
1G
_G1o1`G_oG1

 `  
 1
G 
1 
o 1

oo
11`o` 11o1

1o` 1_`1 o1``
`
G 

o
T


T1`1o11`G
  1_1oTTG`o_` 11`_`1G1`
`G
_
_T
T
 
 o
T `o1_GT1


G11G1o` 1_
T`
1 `
 `
1o

G
11
oo
`TG1
_G11

G1 _
_ 
TG 
_
`o
o1GGTG11
`_1GoG`G

1
T
_
TTT oT`o
 1
1`T


G  `1G1
T 1
`
1G` _1G

G1
G GG_G1
o1G
o
1_
o
 _
o`



T1o
1
 

_11_ 1G 
o1
1

G

 `


TG``11G1o1_1o1GTG``11G1o1 `T1GG
``To
``_
Go_`1GG
1
 T_111_`
_oo
11 _ G
G T1 
T`_
11TT1T__
T
 G

1G1 1T_T11_
 TTG1`1
``1
T 
G


G`1T
__
_1`__`T11`    _G1o_o G```11`11
11T
 o

 _ o1_11_
G
T`
1_o_oTGo`oT
11o
_T 
1
_1_`1
 1_1T
`Go1oT
`1
11

G
1__
oGo111
 1ooG

1
To`
1`
`_
`
_

`1o1 1 Go_ G_T1 1T_`111T111 
 
1GT1 1T_`111T111 T1`GG`1 G 
T_T
oT 
` Go`
 1
o
1
G

_
 
T
1oT``1TG1o`
11`G1G_

11 `1oG 11
`T1`oo

 `T 
o G
G
o1 `TTG1T
o11
_
T1
G`
_T
`

GoTG`
`T1_`
_T_  1T`
11
 T`
1


G T
Go1
 1`1_ `o
`1`1o

 `
_111`G ToT`


o_11_o_1Go1G
__

1  o11_ 1T1T
 
o11 1_ 11G`1To
TT11 ` 1 ` GG``_`T1  1G
1_ 1T1T

T
G`_1o
1T
_ 1
`
G1
11
11G
 1   ooGGoG1TG1oo``T1 oToG

 G 
1G
_G1o1`G_oG1

 `  
 1
G 
1 
o 1

oo
11`o` 11o1

1o` 1_`1 o1``
`
G 

o
T


T1`1o11`G
  1_1oTTG`o_` 11`_`1G1`
`G
_
_T
T
 
 o
T `o1_GT1


G11G1o` 1_
T`
1 `
 `
1o

G
11
oo
`TG1
_G11

G1 _
_ 
TG 
_
`o
o1GGTG11
`_1GoG`G

1
T
_
TTT oT`o
 1
1`T


G  `1G1
T 1
`
1G` _1G

G1
G GG_G1
o1G
o
1_
o
 _
o`



T1o
1
 

_11_ 1G 
o1
1

G

 `


TG``11G1o1_1o1GTG``11G1o1 `T1GG
``To
``_
Go_`1GG
1
 T_111_`
_oo
11 _ G
G T1 
T`_
11TT1T__
T
 G

1G1 1T_T11_
 TTG1`1
``1
T 
G


G`1T
__
_1`__`T11`    _G1o_o G```11`11
11T
 o

 _ o1_11_
G
T`
1_o_oTGo`oT
11o
_T 
1
_1_`1
 1_1T
`Go1oT
`1
11

G
1__
oGo111
 1ooG

1
To`
1`
`_
`
_

`1o1 1 Go_ G_T1 1T_`111T111 
 
1GT1 1T_`111T111 T1`GG`1 G 
T_T
oT 
` Go`
 1
o
1
G

_ 1
 
T
1oT``1TG1o`
11`G1G_

11 `1oG 11
`T1`oo

 `T 
o G
G
o1 `TTG1T
o11
_
T1
G`
_T
`

GoTG`
`T1_`
_T_  1T`
11
 T`
1


G T
Go1
 1`1_ `o
`1`1o

 `
_111`G ToT`


o_11_o_1Go1G
__

1  o11_ 1T1T
 
o11 1_ 11G`1To
TT11 ` 1 ` GG``_`T1  1G
1_ 1T1T

T
G`_1o
1T
_ 1
`
G1
11
11G
 1   ooGGoG1TG1oo``T1 oToG

 G 
1G
_G1o1`G_oG1

 `  
 1
G 
1 
o 1

oo
11`o` 11o1

1o` 1_`1 o1``
`
G 

o
T


T1`1o11`G
  1_1oTTG`o_` 11`_`1G1`
`G
_
_T
T
 
 o
T `o1_GT1


G11G1o` 1_
T`
1 `
 `
1o

G
11
oo
`TG1
_G11

G1 _
_ 
TG 
_
`o
o1GGTG11
`_1GoG`G

1
T
_
TTT oT`o
 1
1`T


G  `1G1
T 1
`
1G` _1G

G1
G GG_G1
o1G
o
1_
o
 _
o`



T1o
1
 

_11_ 1G 
o1
1

G

 `


TG``11G1o1_1o1GTG``11G1o1 `T1GG
``To
``_
Go_`1GG
1
 T_111_`
_oo
11 _ G
G T1 
T`_
11TT1T__
T
 G

1G1 1T_T11_
 TTG1`1
``1
T 
G


G`1T
__
_1`__`T11`    _G1o_o G```11`11
11T
 o

 _ o1_11_
G
T`
1_o_oTGo`oT
11o
_T 
1
_1_`1
 1_1T
`Go1oT
`1
11

G
1__
oGo111
 1ooG

1
To`
1`
`_
`
_

`1o1 1 Go_ G_T1 1T_`111T111 
 
1GT1 1T_`111T111 T1`GG`1 G 
T_T
oT 
` Go`
 1
o
1
G

_ 1
679
680
8
 
T
1oT``1TG1o`
11`G1G_

11 `1oG 11
`T1`oo

 `T 
o G
G
o1 `TTG1T
o11
_
T1
G`
_T
`

GoTG`
`T1_`
_T_  1T`
11
 T`
1


G T
Go1
 1`1_ `o
`1`1o

 `
_111`G ToT`


o_11_o_1Go1G
__

1  o11_ 1T1T
 
o11 1_ 11G`1To
TT11 ` 1 ` GG``_`T1  1G
1_ 1T1T

T
G`_1o
1T
_ 1
`
G1
11
11G
 1   ooGGoG1TG1oo``T1 oToG

 G 
1G
_G1o1`G_oG1

 `  
 1
G 
1 
o 1

oo
11`o` 11o1

1o` 1_`1 o1``
`
G 

o
T


T1`1o11`G
  1_1oTTG`o_` 11`_`1G1`
`G
_
_T
T
 
 o
T `o1_GT1


G11G1o` 1_
T`
1 `
 `
1o

G
11
oo
`TG1
_G11

G1 _
_ 
TG 
_
`o
o1GGTG11
`_1GoG`G

1
T
_
TTT oT`o
 1
1`T


G  `1G1
T 1
`
1G` _1G

G1
G GG_G1
o1G
o
1_
o
 _
o`



T1o
1
 

_11_ 1G 
o1
1

G

 `


TG``11G1o1_1o1GTG``11G1o1 `T1GG
``To
``_
Go_`1GG
1
 T_111_`
_oo
11 _ G
G T1 
T`_
11TT1T__
T
 G

1G1 1T_T11_
 TTG1`1
``1
T 
G


G`1T
__
_1`__`T11`    _G1o_o G```11`11
11T
 o

 _ o1_11_
G
T`
1_o_oTGo`oT
11o
_T 
1
_1_`1
 1_1T
`Go1oT
`1
11

G
1__
oGo111
 1ooG

1
To`
1`
`_
`
_

`1o1 1 Go_ G_T1 1T_`111T111 
 
1GT1 1T_`111T111 T1`GG`1 G 
T_T
oT 
` Go`
 1
o
1
GT1o1
1_ 1_
o
`1__
o``
` 
111 1TG`T1 1T_`111T111 _ 1
713
 
T
1oT``1TG1o`
11`G1G_

11 `1oG 11
`T1`oo

 `T 
o G
G
o1 `TTG1T
o11
_
T1
G`
_T
`

GoTG`
`T1_`
_T_  1T`
11
 T`
1


G T
Go1
 1`1_ `o
`1`1o

 `
_111`G ToT`


o_11_o_1Go1G
__

1  o11_ 1T1T
 
o11 1_ 11G`1To
TT11 ` 1 ` GG``_`T1  1G
1_ 1T1T

T
G`_1o
1T
_ 1
`
G1
11
11G
 1   ooGGoG1TG1oo``T1 oToG

 G 
1G
_G1o1`G_oG1

 `  
 1
G 
1 
o 1

oo
11`o` 11o1

1o` 1_`1 o1``
`
G 

o
T


T1`1o11`G
  1_1oTTG`o_` 11`_`1G1`
`G
_
_T
T
 
 o
T `o1_GT1


G11G1o` 1_
T`
1 `
 `
1o

G
11
oo
`TG1
_G11

G1 _
_ 
TG 
_
`o
o1GGTG11
`_1GoG`G

1
T
_
TTT oT`o
 1
1`T


G  `1G1
T 1
`
1G` _1G

G1
G GG_G1
o1G
o
1_
o
 _
o`



T1o
1
 

_11_ 1G 
o1
1

G

 `


TG``11G1o1_1o1GTG``11G1o1 `T1GG
``To
``_
Go_`1GG
1
 T_111_`
_oo
11 _ G
G T1 
T`_
11TT1T__
T
 G

1G1 1T_T11_
 TTG1`1
``1
T 
G


G`1T
__
_1`__`T11`    _G1o_o G```11`11
11T
 o

 _ o1_11_
G
T`
1_o_oTGo`oT
11o
_T 
1
_1_`1
 1_1T
`Go1oT
`1
11

G
1__
oGo111
 1ooG

1
To`
1`
`_
`
_

`1o1 1 Go_ G_T1 1T_`111T111 
 
1GT1 1T_`111T111 T1`GG`1 G 
T_T
oT 
` Go`
 1
o
1
GT1o1
1_ 1_
o
`1__
o``
` GT` 111 1TG`T1 1T_`111T111 _ 1

1G
o
1_1  `1` GT`111 1TG`T1 1T_`111T111 _ 1_`o
748
749
749
 
T
1oT``1TG1o`
11`G1G_

11 `1oG 11
`T1`oo

 `T 
o G
G
o1 `TTG1T
o11
_
T1
G`
_T
`

GoTG`
`T1_`
_T_  1T`
11
 T`
1


G T
Go1
 1`1_ `o
`1`1o

 `
_111`G ToT`


o_11_o_1Go1G
__

1  o11_ 1T1T
 
o11 1_ 11G`1To
TT11 ` 1 ` GG``_`T1  1G
1_ 1T1T

T
G`_1o
1T
_ 1
`
G1
11
11G
 1   ooGGoG1TG1oo``T1 oToG

 G 
1G
_G1o1`G_oG1

 `  
 1
G 
1 
o 1

oo
11`o` 11o1

1o` 1_`1 o1``
`
G 

o
T


T1`1o11`G
  1_1oTTG`o_` 11`_`1G1`
`G
_
_T
T
 
 o
T `o1_GT1


G11G1o` 1_
T`
1 `
 `
1o

G
11
oo
`TG1
_G11

G1 _
_ 
TG 
_
`o
o1GGTG11
`_1GoG`G

1
T
_
TTT oT`o
 1
1`T


G  `1G1
T 1
`
1G` _1G

G1
G GG_G1
o1G
o
1_
o
 _
o`



T1o
1
 

_11_ 1G 
o1
1

G

 `


TG``11G1o1_1o1GTG``11G1o1 `T1GG
``To
``_
Go_`1GG
1
 T_111_`
_oo
11 _ G
G T1 
T`_
11TT1T__
T
 G

1G1 1T_T11_
 TTG1`1
``1
T 
G


G`1T
__
_1`__`T11`    _G1o_o G```11`11
11T
 o

 _ o1_11_
G
T`
1_o_oTGo`oT
11o
_T 
1
_1_`1
 1_1T
`Go1oT
`1
11

G
1__
oGo111
 1ooG

1
To`
1`
`_
`
_

`1o1 1 Go_ G_T1 1T_`111T111 
 
1GT1 1T_`111T111 T1`GG`1 G 
T_T
oT 
` Go`
 1
o
1
GT1o1
1_ 1_
o
`1__
o``
` GT` 111 1TG`T1 1T_`111T111 _ 1

__To1oGG
o
1_1  `1` GT`111 1TG`T1 1T_`111T111 _ 1_`o
 
T
1oT``1TG1o`
11`G1G_

11 `1oG 11
`T1`oo

 `T 
o G
G
o1 `TTG1T
o11
_
T1
G`
_T
`

GoTG`
`T1_`
_T_  1T`
11
 T`
1


G T
Go1
 1`1_ `o
`1`1o

 `
_111`G ToT`


o_11_o_1Go1G
__

1  o11_ 1T1T
 
o11 1_ 11G`1To
TT11 ` 1 ` GG``_`T1  1G
1_ 1T1T

T
G`_1o
1T
_ 1
`
G1
11
11G
 1   ooGGoG1TG1oo``T1 oToG

 G 
1G
_G1o1`G_oG1

 `  
 1
G 
1 
o 1

oo
11`o` 11o1

1o` 1_`1 o1``
`
G 

o
T


T1`1o11`G
  1_1oTTG`o_` 11`_`1G1`
`G
_
_T
T
 
 o
T `o1_GT1


G11G1o` 1_
T`
1 `
 `
1o

G
11
oo
`TG1
_G11

G1 _
_ 
TG 
_
`o
o1GGTG11
`_1GoG`G

1
T
_
TTT oT`o
 1
1`T


G  `1G1
T 1
`
1G` _1G

G1
G GG_G1
o1G
o
1_
o
 _
o`



T1o
1
 

_11_ 1G 
o1
1

G

 `


TG``11G1o1_1o1GTG``11G1o1 `T1GG
``To
``_
Go_`1GG
1
 T_111_`
_oo
11 _ G
G T1 
T`_
11TT1T__
T
 G

1G1 1T_T11_
 TTG1`1
``1
T 
G


G`1T
__
_1`__`T11`    _G1o_o G```11`11
11T
 o

 _ o1_11_
G
T`
1_o_oTGo`oT
11o
_T 
1
_1_`1
 1_1T
`Go1oT
`1
11

G
1__
oGo111
 1ooG

1
To`
1`
`_
`
_

`1o1 1 Go_ G_T1 1T_`111T111 
 
1GT1 1T_`111T111 T1`GG`1 G 
T_T
oT 
` Go`
 1
o
1
GT1o1
1_ 1_
o
`1__
o``
` GT` 111 1TG`T1 1T_`111T111 _ 1

__To_`
To`o`o
o
1_1  `1` GT`111 1TG`T1 1T_`111T111 _ 1_`o
 
T
1oT``1TG1o`
11`G1G_

11 `1oG 11
`T1`oo

 `T 
o G
G
o1 `TTG1T
o11
_
T1
G`
_T
`

GoTG`
`T1_`
_T_  1T`
11
 T`
1


G T
Go1
 1`1_ `o
`1`1o

 `
_111`G ToT`


o_11_o_1Go1G
__

1  o11_ 1T1T
 
o11 1_ 11G`1To
TT11 ` 1 ` GG``_`T1  1G
1_ 1T1T

T
G`_1o
1T
_ 1
`
G1
11
11G
 1   ooGGoG1TG1oo``T1 oToG

 G 
1G
_G1o1`G_oG1

 `  
 1
G 
1 
o 1

oo
11`o` 11o1

1o` 1_`1 o1``
`
G 

o
T


T1`1o11`G
  1_1oTTG`o_` 11`_`1G1`
`G
_
_T
T
 
 o
T `o1_GT1


G11G1o` 1_
T`
1 `
 `
1o

G
11
oo
`TG1
_G11

G1 _
_ 
TG 
_
`o
o1GGTG11
`_1GoG`G

1
T
_
TTT oT`o
 1
1`T


G  `1G1
T 1
`
1G` _1G

G1
G GG_G1
o1G
o
1_
o
 _
o`



T1o
1
 

_11_ 1G 
o1
1

G

 `


TG``11G1o1_1o1GTG``11G1o1 `T1GG
``To
``_
Go_`1GG
1
 T_111_`
_oo
11 _ G
G T1 
T`_
11TT1T__
T
 G

1G1 1T_T11_
 TTG1`1
``1
T 
G


G`1T
__
_1`__`T11`    _G1o_o G```11`11
11T
 o

 _ o1_11_
G
T`
1_o_oTGo`oT
11o
_T 
1
_1_`1
 1_1T
`Go1oT
`1
11

G
1__
oGo111
 1ooG

1
To`
1`
`_
`
_

`1o1 1 Go_ G_T1 1T_`111T111 
 
1GT1 1T_`111T111 T1`GG`1 G 
T_T
oT 
` Go`
 1
o
1
GT1o1
1_ 1_
o
`1__
o``
` GT` 111 1TG`T1 1T_`111T111 _ 1
_oGG
To`o`oT
o
1_1  `1` GT`111 1TG`T1 1T_`111T111 _ 1_`o
 
T
1oT``1TG1o`
11`G1G_

11 `1oG 11
`T1`oo

 `T 
o G
G
o1 `TTG1T
o11
_
T1
G`
_T
`

GoTG`
`T1_`
_T_  1T`
11
 T`
1


G T
Go1
 1`1_ `o
`1`1o

 `
_111`G ToT`


o_11_o_1Go1G
__

1  o11_ 1T1T
 
o11 1_ 11G`1To
TT11 ` 1 ` GG``_`T1  1G
1_ 1T1T

T
G`_1o
1T
_ 1
`
G1
11
11G
 1   ooGGoG1TG1oo``T1 oToG

 G 
1G
_G1o1`G_oG1

 `  
 1
G 
1 
o 1

oo
11`o` 11o1

1o` 1_`1 o1``
`
G 

o
T


T1`1o11`G
  1_1oTTG`o_` 11`_`1G1`
`G
_
_T
T
 
 o
T `o1_GT1


G11G1o` 1_
T`
1 `
 `
1o

G
11
oo
`TG1
_G11

G1 _
_ 
TG 
_
`o
o1GGTG11
`_1GoG`G

1
T
_
TTT oT`o
 1
1`T


G  `1G1
T 1
`
1G` _1G

G1
G GG_G1
o1G
o
1_
o
 _
o`



T1o
1
 

_11_ 1G 
o1
1

G

 `


TG``11G1o1_1o1GTG``11G1o1 `T1GG
``To
``_
Go_`1GG
1
 T_111_`
_oo
11 _ G
G T1 
T`_
11TT1T__
T
 G

1G1 1T_T11_
 TTG1`1
``1
T 
G


G`1T
__
_1`__`T11`    _G1o_o G```11`11
11T
 o

 _ o1_11_
G
T`
1_o_oTGo`oT
11o
_T 
1
_1_`1
 1_1T
`Go1oT
`1
11

G
1__
oGo111
 1ooG

1
To`
1`
`_
`
_

`1o1 1 Go_ G_T1 1T_`111T111 
 
1GT1 1T_`111T111 T1`GG`1 G 
T_T
oT 
` Go`
 1
o
1
GT1o1
1_ 1_
o
`1__
o``
` GT` 111 1TG`T1 1T_`111T111 _ 1
G` GT`111 1TG`T1 1T_`111T111 _ 1G`G

 o_
 GT1__1_T
o_`11GTo`o`oT
o
1_1  `1` GT`111 1TG`T1 1T_`111T111 _ 1_`o
 
T
1oT``1TG1o`
11`G1G_

11 `1oG 11
`T1`oo

 `T 
o G
G
o1 `TTG1T
o11
_
T1
G`
_T
`

GoTG`
`T1_`
_T_  1T`
11
 T`
1


G T
Go1
 1`1_ `o
`1`1o

 `
_111`G ToT`


o_11_o_1Go1G
__

1  o11_ 1T1T
 
o11 1_ 11G`1To
TT11 ` 1 ` GG``_`T1  1G
1_ 1T1T

T
G`_1o
1T
_ 1
`
G1
11
11G
 1   ooGGoG1TG1oo``T1 oToG

 G 
1G
_G1o1`G_oG1

 `  
 1
G 
1 
o 1

oo
11`o` 11o1

1o` 1_`1 o1``
`
G 

o
T


T1`1o11`G
  1_1oTTG`o_` 11`_`1G1`
`G
_
_T
T
 
 o
T `o1_GT1


G11G1o` 1_
T`
1 `
 `
1o

G
11
oo
`TG1
_G11

G1 _
_ 
TG 
_
`o
o1GGTG11
`_1GoG`G

1
T
_
TTT oT`o
 1
1`T


G  `1G1
T 1
`
1G` _1G

G1
G GG_G1
o1G
o
1_
o
 _
o`



T1o
1
 

_11_ 1G 
o1
1

G

 `


TG``11G1o1_1o1GTG``11G1o1 `T1GG
``To
``_
Go_`1GG
1
 T_111_`
_oo
11 _ G
G T1 
T`_
11TT1T__
T
 G

1G1 1T_T11_
 TTG1`1
``1
T 
G


G`1T
__
_1`__`T11`    _G1o_o G```11`11
11T
 o

 _ o1_11_
G
T`
1_o_oTGo`oT
11o
_T 
1
_1_`1
 1_1T
`Go1oT
`1
11

G
1__
oGo111
 1ooG

1
To`
1`
`_
`
_

`1o1 1 Go_ G_T1 1T_`111T111 
 
1GT1 1T_`111T111 T1`GG`1 G 
T_T
oT 
` Go`
 1
o
1
GT1o1
1_ 1_
o
`1__
o``_
` GT` 111 1TG`T1 1T_`111T111 _ 11
 
T
1oT``1TG1o`
11`G1G_

11 `1oG 11
`T1`oo

 `T 
o G
G
o1 `TTG1T
o11
_
T1
G`
_T
`

GoTG`
`T1_`
_T_  1T`
11
 T`
1


G T
Go1
 1`1_ `o
`1`1o

 `
_111`G ToT`


o_11_o_1Go1G
__

1  o11_ 1T1T
 
o11 1_ 11G`1To
TT11 ` 1 ` GG``_`T1  1G
1_ 1T1T

T
G`_1o
1T
_ 1
`
G1
11
11G
 1   ooGGoG1TG1oo``T1 oToG

 G 
1G
_G1o1`G_oG1

 `  
 1
G 
1 
o 1

oo
11`o` 11o1

1o` 1_`1 o1``
`
G 

o
T


T1`1o11`G
  1_1oTTG`o_` 11`_`1G1`
`G
_
_T
T
 
 o
T `o1_GT1


G11G1o` 1_
T`
1 `
 `
1o

G
11
oo
`TG1
_G11

G1 _
_ 
TG 
_
`o
o1GGTG11
`_1GoG`G

1
T
_
TTT oT`o
 1
1`T


G  `1G1
T 1
`
1G` _1G

G1
G GG_G1
o1G
o
1_
o
 _
o`



T1o
1
 

_11_ 1G 
o1
1

G

 `


TG``11G1o1_1o1GTG``11G1o1 `T1GG
``To
``_
Go_`1GG
1
 T_111_`
_oo
11 _ G
G T1 
T`_
11TT1T__
T
 G

1G1 1T_T11_
 TTG1`1
``1
T 
G


G`1T
__
_1`__`T11`    _G1o_o G```11`11
11T
 o

 _ o1_11_
G
T`
1_o_oTGo`oT
11o
_T 
1
_1_`1
 1_1T
`Go1oT
`1
11

G
1__
oGo111
 1ooG

1
To`
1`
`_
`
_

`1o1 1 Go_ G_T1 1T_`111T111 
 
1GT1 1T_`111T111 T1`GG`1 G 
T_T
oT 
` Go`
 1
o
1
GT1o1
1_ 1_
o
`1__
o`` 
o
 GT` 111 1TG`T1 1T_`111T111 _ 11
7
5
