-

3
9-9



9-9

99-
z 
 zzz
14
9-9

99-
z 
 -z  

z

 
9z9z
13
9-9

99-
z 
 -z  

z

 
9 9z
9-9

99-
z 
 -z  

z

 
 -zz9 9z -z
9-9

99-
z 
 -z  

z

 
 -z9zz-z9 9z -z
9-9

99-
z 
 -z  

z

 
 -z9zzz -z9zz-z9 9z -9z
9-9

99-
z 
 -z  

z

 
 -z9zzz -z9zz-z9 9z -9zz
9-9

99-

z9


 
 -z9zzz -z9zz-z9 9z -9zz-
54
58
0
26
1
9-9

99-

99-  -z9zzz -z9zz-z9 9z -9zz z9
9z999
z
--- z

  
  
- 9
- - -z9zzz -z9zz-z9 9z -9zz 
z99
 z9 -z9zzz -z9zz-z9 9z -9zz-
0
9-9

99-

99-  -z9zzz -z9zz-z9 9z -9zz z9
9z999
z
--- z

  
  
- 9
- - -z9zzz -z9zz-z9 9z -9zz 
9-
zzz  -
 9999zz
 z99 -z9zzz -z9zz-z9 9z -9zz- z
zz -
-
9-9

99-

99-  -z9zzz -z9zz-z9 9z -9zz z9
9z999
z
--- z

  
  
- 9
- - -z9zzz -z9zz-z9 9z -9zz 
9-
zzz  -
 9999zz
 z99 -z9zzz -z9zz-z9 9z -9zz- z
zz - -
-
28
9-9

99-

99-  -z9zzz -z9zz-z9 9z -9zz z9
9z999
z
--- z

  
  
- 9
- - -z9zzz -z9zz-z9 9z -9zz 
9-
zzz  -
 9999zz
 z99 -z9zzz -z9zz-z9 9z -9zz- z-
zz99-
zz-
-
 9
113
0
9-9

99-

99-  -z9zzz -z9zz-z9 9z -9zz z9
9z999
z
--- z

  
  
- 9
- - -z9zzz -z9zz-z9 9z -9zz 
9-
zzz  -
 9999zz
 z99 -z9zzz -z9zz-z9 9z -9zz- z-
zz99-
zz-
-



-  -9- 9
9-9

99-

99-  -z9zzz -z9zz-z9 9z -9zz z9
9z999
z
--- z

  
  
- 9
- - -z9zzz -z9zz-z9 9z -9zz 
9-
zzz  -
 9999zz
 z99 -z9zzz -z9zz-z9 9z -9zz- z-
zz99-
zz-
-



-   z 
 --9- 9-z9
128
9-9

99-

99-  -z9zzz -z9zz-z9 9z -9zz z9
9z999
z
--- z

  
  
- 9
- - -z9zzz -z9zz-z9 9z -9zz 
9-
zzz  -
 9999zz
 z99 -z9zzz -z9zz-z9 9z -9zz- z-
zz99-
zz-
-



-   z 
 --9- 
  9-z9  --9-

 

--zz-9

9
9 
46
9-9

99-

99-  -z9zzz -z9zz-z9 9z -9zz z9
9z999
z
--- z

  
  
- 9
- - -z9zzz -z9zz-z9 9z -9zz 
9-
zzz  -
 9999zz
 z99 -z9zzz -z9zz-z9 9z -9zz- z-
zz99-
zz-
-



-   z 
 --9- 
  9-z9  --9-

 

--zz-9

9
9 
999

10
9-9

99-

99-  -z9zzz -z9zz-z9 9z -9zz z9
9z999
z
--- z

  
  
- 9
- - -z9zzz -z9zz-z9 9z -9zz 
9-
zzz  -
 9999zz
 z99 -z9zzz -z9zz-z9 9z -9zz- z-
zz99-
zz-
-



-   z 
 --9- 
  9-z9  --9-

 

--zz-9

9
9 
999z
zzz-
134
9-9

99-

99-  -z9zzz -z9zz-z9 9z -9zz z9
9z999
z
--- z

  
  
- 9
- - -z9zzz -z9zz-z9 9z -9zz 
9-
zzz  -
 9999zz
 z99 -z9zzz -z9zz-z9 9z -9zz- z-
zz99-
zz-
-



-   z 
 --9- 
  9-z9  --9-

 

--zz-9

9
99
135
9-9

99-

99-  -z9zzz -z9zz-z9 9z -9zz z9
9z999
z
--- z

  
  
- 9
- - -z9zzz -z9zz-z9 9z -9zz 
9-
zzz  -
 9999zz
 z99 -z9zzz -z9zz-z9 9z -9zz- z-
zz99-
zz-
-



-   z 
 --9- 
  9-z9  --9-

 

--zz-9

9
-z 9
 
9-9

99-

99-  -z9zzz -z9zz-z9 9z -9zz z9
9z999
z
--- z

  
  
- 9
- - -z9zzz -z9zz-z9 9z -9zz 
9-
zzz  -
 9999zz
 z99 -z9zzz -z9zz-z9 9z -9zz- z-
zz99-
zz-
-



-   z 
 --9- 
  9-z9  --9-

 

--zz-9

9
-z 9
 
 

-99 -9-99z9zz 99
10
9-9

99-

99-  -z9zzz -z9zz-z9 9z -9zz z9
9z999
z
--- z

  
  
- 9
- - -z9zzz -z9zz-z9 9z -9zz 
9-
zzz  -
 9999zz
 z99 -z9zzz -z9zz-z9 9z -9zz- z-
zz99-
zz-
-



-   z 
 --9- 
  9-z9  --9-

 

--zz-9

9
-z 9
 
 

-99 -9-99z9zzz 99
152
154
43
9-9

99-

99-  -z9zzz -z9zz-z9 9z -9zz z9
9z999
z
--- z

  
  
- 9
- - -z9zzz -z9zz-z9 9z -9zz 
9-
zzz  -
 9999zz
 z99 -z9zzz -z9zz-z9 9z -9zz- z-
zz99-
zz-
-



-   z 
 --9- 
  9-z9  --9-

 

--zz-9

9
-z 9
 
 

-99 -9-99z9zzz99

z9 99
9-9

99-

99-  -z9zzz -z9zz-z9 9z -9zz z9
9z999
z
--- z

  
  
- 9
- - -z9zzz -z9zz-z9 9z -9zz 
9-
zzz  -
 9999zz
 z99 -z9zzz -z9zz-z9 9z -9zz- z-
zz99-
zz-
-



-   z 
 --9- 
  9-z9  --9-

 

--zz-9

9
-z 9
 
 

-99 -9-99z9zzz99

zz9 99
9-9

99-

99-  -z9zzz -z9zz-z9 9z -9zz z9
9z999
z
--- z

  
  
- 9
- - -z9zzz -z9zz-z9 9z -9zz 
9-
zzz  -
 9999zz
 z99 -z9zzz -z9zz-z9 9z -9zz- z-
zz99-
zz-
-



-   z 
 --9- 
  9-z9  --9-

 

--zz-9

9
-z 9
 
 

-99 -9-99z9zzz99


z
zz
9zz9 99
165
9-9

99-

99-  -z9zzz -z9zz-z9 9z -9zz z9
9z999
z
--- z

  
  
- 9
- - -z9zzz -z9zz-z9 9z -9zz 
9-
zzz  -
 9999zz
 z99 -z9zzz -z9zz-z9 9z -9zz- z-
zz99-
zz-
-



-   z 
 --9- 
  9-z9  --9-

 

--zz-9

9
-z 9
 
 

-99 -9-99z9zzz99


z




z
 9zzz9
9  9
  - z9 99
9-9

99-

99-  -z9zzz -z9zz-z9 9z -9zz z9
9z999
z
--- z

  
  
- 9
- - -z9zzz -z9zz-z9 9z -9zz 
9-
zzz  -
 9999zz
 z99 -z9zzz -z9zz-z9 9z -9zz- z-
zz99-
zz-
-



-   z 
 --9- 
  9-z9  --9-

 

--zz-9

9
-z 9
 
 

-99 -9-99z9zzz99


z




z
 9zzz9
9 9
  - z9 99
9-9

99-

99-  -z9zzz -z9zz-z9 9z -9zz z9
9z999
z
--- z

  
  
- 9
- - -z9zzz -z9zz-z9 9z -9zz 
9-
zzz  -
 9999zz
 z99 -z9zzz -z9zz-z9 9z -9zz- z-
zz99-
zz-
-



-   z 
 --9- 
  9-z9  --9-

 

--zz-9

9
-z 9
 
 

-99 -9-99z9zzz99


z




z
 9zzz9
-9z- 9z
zz -
 - z9 99
174
182
187
9-9

99-

99-  -z9zzz -z9zz-z9 9z -9zz z9
9z999
z
--- z

  
  
- 9
- - -z9zzz -z9zz-z9 9z -9zz 
9-
zzz  -
 9999zz
 z99 -z9zzz -z9zz-z9 9z -9zz- z-
zz99-
zz-
-



-   z 
 --9- 
  9-z9  --9-

 

--zz-9

9
-z 9
 
 

-99 -9-99z9zzz99


z







--- z9 
9

   
zz -9z -9zz9
-9z- 9zzz - 999- z99- z9 99
9-9

99-

99-  -z9zzz -z9zz-z9 9z -9zz z9
9z999
z
--- z

  
  
- 9
- - -z9zzz -z9zz-z9 9z -9zz 
9-
zzz  -
 9999zz
 z99 -z9zzz -z9zz-z9 9z -9zz- z-
zz99-
zz-
-



-   z 
 --9- 
  9-z9  --9-

 

--zz-9

9
-z 9
 
 

-99 -9-99z9zzz99


z







--- z9 
9


   
zz -9z -9zz9
-9z- 9zzz - 999- z99- z9 99
196
10
69
204
25
206
74
210
76
214
6
77
9-9

99-

99-  -z9zzz -z9zz-z9 9z -9zz z9
9z999
z
--- z

  
  
- 9
- - -z9zzz -z9zz-z9 9z -9zz 
9-
zzz  -
 9999zz
 z99 -z9zzz -z9zz-z9 9z -9zz- z-
zz99-
zz-
-



-   z 
 --9- 
  9-z9  --9-

 

--zz-9

9
-z 9
 
 

-99 -9-99z9zzz99



 




z --9
-z
z


-

z-
-9z-
-zz
--z
9
-9-
9--- z9----    99 
9--  - zz-z-
zz -9z -9zz9
-9z- 9zzz - 999- z99- z9 99
77
9-9

99-

99-  -z9zzz -z9zz-z9 9z -9zz z9
9z999
z
--- z

  
  
- 9
- - -z9zzz -z9zz-z9 9z -9zz 
9-
zzz  -
 9999zz
 z99 -z9zzz -z9zz-z9 9z -9zz- z-
zz99-
zz-
-



-   z 
 --9- 
  9-z9  --9-

 

--zz-9

9
-z 9
 
 

-99 -9-99z9zzz99



 




z --9
-z
z


-

z-
-9z-
- -z9 --zz
--z9 99
9
-9-
9--- z9----    99 
9--  - zz-z-
zz -9z -9zz9
-9z- 9zzz - 999- z99- z9 99
9-9

99-

99-  -z9zzz -z9zz-z9 9z -9zz z9
9z999
z
--- z

  
  
- 9
- - -z9zzz -z9zz-z9 9z -9zz 
9-
zzz  -
 9999zz
 z99 -z9zzz -z9zz-z9 9z -9zz- z-
zz99-
zz-
-



-   z 
 --9- 
  9-z9  --9-

 

--zz-9

9
-z 9
 
 

-99 -9-99z9zzz99



 




z --9
-z
z


-

z-
-9z-
- -z9 --zz
--z9 99
9 
-9-
9--- z9----    99 
9--  - zz-z-
zz -9z -9zz9
-9z- 9zzz - 999- z99- z9 99
9-9

99-

99-  -z9zzz -z9zz-z9 9z -9zz z9
9z999
z
--- z

  
  
- 9
- - -z9zzz -z9zz-z9 9z -9zz 
9-
zzz  -
 9999zz
 z99 -z9zzz -z9zz-z9 9z -9zz- z-
zz99-
zz-
-



-   z 
 --9- 
  9-z9  --9-

 

--zz-9

9
-z 9
 
 

-99 -9-99z9zzz99



 




z --9
-z
z


-

z-
-9z-
- -z9 --zz
--z9 99
9 --

-9-
9--- z9----    99 
9--  - zz-z-
zz -9z -9zz9
-9z- 9zzz - 999- z99- z9 99
9-9

99-

99-  -z9zzz -z9zz-z9 9z -9zz z9
9z999
z
--- z

  
  
- 9
- - -z9zzz -z9zz-z9 9z -9zz 
9-
zzz  -
 9999zz
 z99 -z9zzz -z9zz-z9 9z -9zz- z-
zz99-
zz-
-



-   z 
 --9- 
  9-z9  --9-

 

--zz-9

9
-z 9
 
 

-99 -9-99z9zzz99



 




z --9
-z
z


-

z-
-9z-
- -z9 --zz
--z9 99
9 --
-
  -
-9-
9--- z9----    99 
9--  - zz-z-
zz -9z -9zz9
-9z- 9zzz - 999- z99- z9 99
234
9-9

99-

99-  -z9zzz -z9zz-z9 9z -9zz z9
9z999
z
--- z

  
  
- 9
- - -z9zzz -z9zz-z9 9z -9zz 
9-
zzz  -
 9999zz
 z99 -z9zzz -z9zz-z9 9z -9zz- z-
zz99-
zz-
-



-   z 
 --9- 
  9-z9  --9-

 

--zz-9

9
-z 9
 
 

-99 -9-99z9zzz99



 




z --9
-z
z


-

z-
-9z-
- -z9 --zz
--z9 99
-9  

  

 9-- 9--
9--- z9----    99 
9z-z- -zz -9z -9zz9
-9z- 9zzz - 999- z99- z9 99
9-9

99-

99-  -z9zzz -z9zz-z9 9z -9zz z9
9z999
z
--- z

  
  
- 9
- - -z9zzz -z9zz-z9 9z -9zz 
9-
zzz  -
 9999zz
 z99 -z9zzz -z9zz-z9 9z -9zz- z-
zz99-
zz-
-



-   z 
 --9- 
  9-z9  --9-

 

--zz-9

9
-z 9
 
 

-99 -9-99z9zzz99



 




z --9
-z
z


-

z-
-9z-
- -z9 --zz
--z9 99
-9  

  

 9-- 9--
9--- z9----    99 
9z-z--zz -9z -9zz9
-9z- 9zzz - 999- z99- z9 99
78
14
209
9-9

99-

99-  -z9zzz -z9zz-z9 9z -9zz z9
9z999
z
--- z

  
  
- 9
- - -z9zzz -z9zz-z9 9z -9zz 
9-
zzz  -
 9999zz
 z99 -z9zzz -z9zz-z9 9z -9zz- z-
zz99-
zz-
-



-   z 
 --9- 
  9-z9  --9-

 

--zz-9

9
-z 9
 
 

-99 -9-99z9zzz99



 




z --9
-z
z


-

z-
-9z-
- -z9 --zz
--z9 99
-9  

  

 9-- 9--
9--- z9- ---    99 zz9-z9z9
z9 -z-

z
z
 
-   9
9-9

99-

99-  -z9zzz -z9zz-z9 9z -9zz z9
9z999
z
--- z

  
  
- 9
- - -z9zzz -z9zz-z9 9z -9zz 
9-
zzz  -
 9999zz
 z99 -z9zzz -z9zz-z9 9z -9zz- z-
zz99-
zz-
-



-   z 
 --9- 
  9-z9  --9-

 

--zz-9

9
-z 9
 
 

-99 -9-99z9zzz99



 




z --9
-z
z


-

z-
-9z-
- -z9 --zz
--z9 99
-9  

  

 9-- 9--
9--- z9- ---    99 zz9-z9z9
z9 -z-

z
z
z

9
9 
-   9
221
222
221
9-9

99-

99-  -z9zzz -z9zz-z9 9z -9zz z9
9z999
z
--- z

  
  
- 9
- - -z9zzz -z9zz-z9 9z -9zz 
9-
zzz  -
 9999zz
 z99 -z9zzz -z9zz-z9 9z -9zz- z-
zz99-
zz-
-



-   z 
 --9- 
  9-z9  --9-

 

--zz-9

9
-z 9
 
 

-99 -9-99z9zzz99



 




z --9
-z
z


-

z-
-9z-
- -z9 --zz
--z9 99
-9  

  

 9-- 9--
9--- z9- ---    99 zz9-z9z9
z9 -z-

z
z
z

9  -

z
z z  --

9    9
8
9-9

99-

99-  -z9zzz -z9zz-z9 9z -9zz z9
9z999
z
--- z

  
  
- 9
- - -z9zzz -z9zz-z9 9z -9zz 
9-
zzz  -
 9999zz
 z99 -z9zzz -z9zz-z9 9z -9zz- z-
zz99-
zz-
-



-   z 
 --9- 
  9-z9  --9-

 

--zz-9

9
-z 9
 
 

-99 -9-99z9zzz99



 




z --9
-z
z


-

z-
-9z-
- -z9 --zz
--z9 99
-9  

  

 9-- 9--
9--- z9- ---    99 zz9-z9z9
z9 -z-

z
z
z
zz 

z
9    9
225
228
9-9

99-

99-  -z9zzz -z9zz-z9 9z -9zz z9
9z999
z
--- z

  
  
- 9
- - -z9zzz -z9zz-z9 9z -9zz 
9-
zzz  -
 9999zz
 z99 -z9zzz -z9zz-z9 9z -9zz- z-
zz99-
zz-
-



-   z 
 --9- 
  9-z9  --9-

 

--zz-9

9
-z 9
 
 

-99 -9-99z9zzz99



 




z --9
-z
z


-

z-
-9z-
- -z9 --zz
--z9 99
-9  

  

 9-- 9--
9--- z9- ---    99 zz9-z9z9
z9 -z-

z
z
zzz

9
z
zz
9z
9 -z9-z
9    9
9-9

99-

99-  -z9zzz -z9zz-z9 9z -9zz z9
9z999
z
--- z

  
  
- 9
- - -z9zzz -z9zz-z9 9z -9zz 
9-
zzz  -
 9999zz
 z99 -z9zzz -z9zz-z9 9z -9zz- z-
zz99-
zz-
-



-   z 
 --9- 
  9-z9  --9-

 

--zz-9

9
-z 9
 
 

-99 -9-99z9zzz99



 




z --9
-z
z


-

z-
-9z-
- -z9 --zz
--z9 99
-9  

  

 9-- 9--
9--- z9- ---    99 zz9-z9z9
z9 -z-

z
z
zzz

9
z
-9 zz9z9 
9

9 -z9-z
9    9
240
9-9

99-

99-  -z9zzz -z9zz-z9 9z -9zz z9
9z999
z
--- z

  
  
- 9
- - -z9zzz -z9zz-z9 9z -9zz 
9-
zzz  -
 9999zz
 z99 -z9zzz -z9zz-z9 9z -9zz- z-
zz99-
zz-
-



-   z 
 --9- 
  9-z9  --9-

 

--zz-9

9
-z 9
 
 

-99 -9-99z9zzz99



 




z --9
-z
z


-

z-
-9z-
- -z9 --zz
--z9 99
-9  

  

 9-- 9--
9--- z9- ---    99 zz9-z9z9
z9 -z-

z
z
zzz

9
z
-9 zz9z9 
9

z9z
-9z

9
z
- -z9-z
9    9
237
18
242
9-9

99-

99-  -z9zzz -z9zz-z9 9z -9zz z9
9z999
z
--- z

  
  
- 9
- - -z9zzz -z9zz-z9 9z -9zz 
9-
zzz  -
 9999zz
 z99 -z9zzz -z9zz-z9 9z -9zz- z-
zz99-
zz-
-



-   z 
 --9- 
  9-z9  --9-

 

--zz-9

9
-z 9
 
 

-99 -9-99z9zzz99



 




z --9
-z
z


-

z-
-9z-
- -z9 --zz
--z9 99
-9  

  

 9-- 9--
9--- z9- ---    99 zz9-z9z9
z9 -z-

z
z
zzz

9
z
-9 zz9z9 
9

z9z
-9z

9
z9
z9z --
   z
z
245
9-9

99-

99-  -z9zzz -z9zz-z9 9z -9zz z9
9z999
z
--- z

  
  
- 9
- - -z9zzz -z9zz-z9 9z -9zz 
9-
zzz  -
 9999zz
 z99 -z9zzz -z9zz-z9 9z -9zz- z-
zz99-
zz-
-



-   z 
 --9- 
  9-z9  --9-

 

--zz-9

9
-z 9
 
 

-99 -9-99z9zzz99



 




z --9
-z
z


-

z-
-9z-
- -z9 --zz
--z9 99
-9  

  

 9-- 9--
9--- z9- ---    99 zz9-z9z9
z9 -z-

z
z
zzz

9
z
-9 zz9z9 
9

z9z
-9z

9
z9
z9z --
   z
z-
 9z
 

247
9-9

99-

99-  -z9zzz -z9zz-z9 9z -9zz z9
9z999
z
--- z

  
  
- 9
- - -z9zzz -z9zz-z9 9z -9zz 
9-
zzz  -
 9999zz
 z99 -z9zzz -z9zz-z9 9z -9zz- z-
zz99-
zz-
-



-   z 
 --9- 
  9-z9  --9-

 

--zz-9

9
-z 9
 
 

-99 -9-99z9zzz99



 




z --9
-z
z


-

z-
-9z-
- -z9 --zz
--z9 99
-9  

  

 9-- 9--
9--- z9- ---    99 zz9-z9z9
z9 -z-

z
z
zzz

9
z
-9 zz9z9 
9

z9z
-9z

9
z9
z9z --
   z
z-


 z- zz
 9

9-9

99-

99-  -z9zzz -z9zz-z9 9z -9zz z9
9z999
z
--- z

  
  
- 9
- - -z9zzz -z9zz-z9 9z -9zz 
9-
zzz  -
 9999zz
 z99 -z9zzz -z9zz-z9 9z -9zz- z-
zz99-
zz-
-



-   z 
 --9- 
  9-z9  --9-

 

--zz-9

9
-z 9
 
 

-99 -9-99z9zzz99



 




z --9
-z
z


-

z-
-9z-
- -z9 --zz
--z9 99
-9  

  

 9-- 9--
9--- z9- ---    99 zz9-z9z9
z9 -z-

z
z
zzz

9
z
-9 zz9z9 
9

z9z
-9z

9
z9
z9z 
-

 z-9 zz
 9

248
9-9

99-

99-  -z9zzz -z9zz-z9 9z -9zz z9
9z999
z
--- z

  
  
- 9
- - -z9zzz -z9zz-z9 9z -9zz 
9-
zzz  -
 9999zz
 z99 -z9zzz -z9zz-z9 9z -9zz- z-
zz99-
zz-
-



-   z 
 --9- 
  9-z9  --9-

 

--zz-9

9
-z 9
 
 

-99 -9-99z9zzz99



 




z --9
-z
z


-

z-
-9z-
- -z9 --zz
--z9 99
-9  

  

 9-- 9--
9--- z9- ---    99 zz9-z9z9
z9 -z-

z
z
zzz

9
z
-9 zz9z9 
9

z9z
-9z

9
z9
z9z 
-
-
9
   
z9
9
9z 9

 z-9 zz
 9

85
9-9

99-

99-  -z9zzz -z9zz-z9 9z -9zz z9
9z999
z
--- z

  
  
- 9
- - -z9zzz -z9zz-z9 9z -9zz 
9-
zzz  -
 9999zz
 z99 -z9zzz -z9zz-z9 9z -9zz- z-
zz99-
zz-
-



-   z 
 --9- 
  9-z9  --9-

 

--zz-9

9
-z 9
 
 

-99 -9-99z9zzz99



 




z --9
-z
z


-

z-
-9z-
- -z9 --zz
--z9 99
-9  

  

 9-- 9--
9--- z9- ---    99 zz9-z9z9
z9 -z-

z
z
zzz

9
z
-9 zz9z9 
9

z9z
-9z

9
z9
z9z 
-
-
9
   
z9
9
9z 
z-
-9
 
  


78
9-9

99-

99-  -z9zzz -z9zz-z9 9z -9zz z9
9z999
z
--- z

  
  
- 9
- - -z9zzz -z9zz-z9 9z -9zz 
9-
zzz  -
 9999zz
 z99 -z9zzz -z9zz-z9 9z -9zz- z-
zz99-
zz-
-



-   z 
 --9- 
  9-z9  --9-

 

--zz-9

9
-z 9
 
 

-99 -9-99z9zzz99



 




z --9
-z
z


-

z-
-9z-
- -z9 --zz
--z9 99
-9  

  

 9-- 9--
9--- z9- ---    99 zz9-z9z9
z9 -z-

z
z
zzz

9
z
-9 zz9z9 
9

z9z
-9z

9
z9
z9z 
-
-
9
   
z9
9
9z 
z-
-9
 
  

-
9-9

99-

99-  -z9zzz -z9zz-z9 9z -9zz z9
9z999
z
--- z

  
  
- 9
- - -z9zzz -z9zz-z9 9z -9zz 
9-
zzz  -
 9999zz
 z99 -z9zzz -z9zz-z9 9z -9zz- z-
zz99-
zz-
-



-   z 
 --9- 
  9-z9  --9-

 

--zz-9

9
-z 9
 
 

-99 -9-99z9zzz99



 




z --9
-z
z


-

z-
-9z-
- -z9 --zz
--z9 99
-9  

  

 9-- 9--
9--- z9- ---    99 zz9-z9z9
z9 -z-

z
z
zzz

9
z
-9 zz9z9 
9

z9z
-9z

9
z9
z9z 
-
-
9
   
z9
9
9z 
z-
-9
 
  

-zz 9z9--9
9-9

99-

99-  -z9zzz -z9zz-z9 9z -9zz z9
9z999
z
--- z

  
  
- 9
- - -z9zzz -z9zz-z9 9z -9zz 
9-
zzz  -
 9999zz
 z99 -z9zzz -z9zz-z9 9z -9zz- z-
zz99-
zz-
-



-   z 
 --9- 
  9-z9  --9-

 

--zz-9

9
-z 9
 
 

-99 -9-99z9zzz99



 




z --9
-z
z


-

z-
-9z-
- -z9 --zz
--z9 99
-9  

  

 9-- 9--
9--- z9- ---    99 zz9-z9z9
z9 -z-

z
z
zzz

9
z
-9 zz9z9 
9

z9z
-9z

9
z9
z9z 
-
-
9
   
z9
9
9z 
z-
-9
 
  

-zz 9z9--9
-
 - z
-
 -9 -99- 

2
9-9

99-

99-  -z9zzz -z9zz-z9 9z -9zz z9
9z999
z
--- z

  
  
- 9
- - -z9zzz -z9zz-z9 9z -9zz 
9-
zzz  -
 9999zz
 z99 -z9zzz -z9zz-z9 9z -9zz- z-
zz99-
zz-
-



-   z 
 --9- 
  9-z9  --9-

 

--zz-9

9
-z 9
 
 

-99 -9-99z9zzz99



 




z --9
-z
z


-

z-
-9z-
- -z9 --zz
--z9 99
-9  

  

 9-- 9--
9--- z9- ---    99 zz9-z9z9
z9 -z-

z
z
zzz

9
z
-9 zz9z9 
9

z9z
-9z

9
z9
z9z 
-
-
9
   
z9
9
9z 
z-
-9
 
  

-zz 9z9--9
-9
9zz-


- 9-9 -- z
-
 -9 -99- 

9-9

99-

99-  -z9zzz -z9zz-z9 9z -9zz z9
9z999
z
--- z

  
  
- 9
- - -z9zzz -z9zz-z9 9z -9zz 
9-
zzz  -
 9999zz
 z99 -z9zzz -z9zz-z9 9z -9zz- z-
zz99-
zz-
-



-   z 
 --9- 
  9-z9  --9-

 

--zz-9

9
-z 9
 
 

-99 -9-99z9zzz99



 




z --9
-z
z


-

z-
-9z-
- -z9 --zz
--z9 99
-9  

  

 9-- 9--
9--- z9- ---    99 zz9-z9z9
z9 -z-

z
z
zzz

9
z
-9 zz9z9 
9

z9z
-9z

9
z9
z9z 
-
-
9
   
z9
9
9z 
z-
-9
 
  

--zz--zz
z --zz-


zz
z  9-z z -- z
-
 -9 -99- 

283
9-9

99-

99-  -z9zzz -z9zz-z9 9z -9zz z9
9z999
z
--- z

  
  
- 9
- - -z9zzz -z9zz-z9 9z -9zz 
9-
zzz  -
 9999zz
 z99 -z9zzz -z9zz-z9 9z -9zz- z-
zz99-
zz-
-



-   z 
 --9- 
  9-z9  --9-

 

--zz-9

9
-z 9
 
 

-99 -9-99z9zzz99



 




z --9
-z
z


-

z-
-9z-
- -z9 --zz
--z9 99
-9  

  

 9-- 9--
9--- z9- ---    99 zz9-z9z9
z9 -z-

z
z
zzz

9
z
-9 zz9z9 
9

z9z
-9z

9
z9
z9z 
-
-
9
   
z9
9
9z 
z-
-9
 
  

---zz--zz
9
z
z z
z-zz-


zz
z  9-z z -- z
-
 -9 -99- 

9-9

99-

99-  -z9zzz -z9zz-z9 9z -9zz z9
9z999
z
--- z

  
  
- 9
- - -z9zzz -z9zz-z9 9z -9zz 
9-
zzz  -
 9999zz
 z99 -z9zzz -z9zz-z9 9z -9zz- z-
zz99-
zz-
-



-   z 
 --9- 
  9-z9  --9-

 

--zz-9

9
-z 9
 
 

-99 -9-99z9zzz99



 




z --9
-z
z


-

z-
-9z-
- -z9 --zz
--z9 99
-9  

  

 9-- 9--
9--- z9- ---    99 zz9-z9z9
z9 -z-

z
z
zzz

9
z
-9 zz9z9 
9

z9z
-9z

9
z9
z9z 
-
-
9
   
z9
9
9z 
z-
-9
 
  

---zz--zz
9
z
zz 9z z

-z-9
9-z-zz-z-


zz
z  9-z z -- z
-
 -9 -99- 

9-9

99-

99-  -z9zzz -z9zz-z9 9z -9zz z9
9z999
z
--- z

  
  
- 9
- - -z9zzz -z9zz-z9 9z -9zz 
9-
zzz  -
 9999zz
 z99 -z9zzz -z9zz-z9 9z -9zz- z-
zz99-
zz-
-



-   z 
 --9- 
  9-z9  --9-

 

--zz-9

9
-z 9
 
 

-99 -9-99z9zzz99



 




z --9
-z
z


-

z-
-9z-
- -z9 --zz
--z9 99
-9  

  

 9-- 9--
9--- z9- ---    99 zz9-z9z9
z9 -z-

z
z
zzz

9
z
-9 zz9z9 
9

z9z
-9z

9
z9
z9z 
-
-
9
   
z9
9
9z 
z-
-9
 
  

---zz--zz
9
z
zz 9z z

-z-9
9- z-zz-z-


zz
z  9-z z -- z
-
 -9 -99- 

95
15
319
3
9-9

99-

99-  -z9zzz -z9zz-z9 9z -9zz z9
9z999
z
--- z

  
  
- 9
- - -z9zzz -z9zz-z9 9z -9zz 
9-
zzz  -
 9999zz
 z99 -z9zzz -z9zz-z9 9z -9zz- z-
zz99-
zz-
-



-   z 
 --9- 
  9-z9  --9-

 

--zz-9

9
-z 9
 
 

-99 -9-99z9zzz99



 




z --9
-z
z


-

z-
-9z-
- -z9 --zz
--z9 99
-9  

  

 9-- 9--
9--- z9- ---    99 zz9-z9z9
z9 -z-

z
z
zzz

9
z
-9 zz9z9 
9

z9z
-9z

9
z9
z9z 
-
-
9
   
z9
9
9z 
z-
-9
 
  

---zz--zz
9
z


9z z 9z9 z zzzz
 --9
9- z-zz-z-9
  
zz  
9
z9zz 9z9 zzzz 9-z z -- z-zz-
 -9 -99- 

9-9

99-

99-  -z9zzz -z9zz-z9 9z -9zz z9
9z999
z
--- z

  
  
- 9
- - -z9zzz -z9zz-z9 9z -9zz 
9-
zzz  -
 9999zz
 z99 -z9zzz -z9zz-z9 9z -9zz- z-
zz99-
zz-
-



-   z 
 --9- 
  9-z9  --9-

 

--zz-9

9
-z 9
 
 

-99 -9-99z9zzz99



 




z --9
-z
z


-

z-
-9z-
- -z9 --zz
--z9 99
-9  

  

 9-- 9--
9--- z9- ---    99 zz9-z9z9
z9 -z-

z
z
zzz

9
z
-9 zz9z9 
9

z9z
-9z

9
z9
z9z 
-
-
9
   
z9
9
9z 
z-
-9
 
  

---zz--zz
9
z


9z z 9z9 z zzzz
 --9
9- z-zz-z-9
  
zzz  
9
z9zz 9z9 zzzz 9-z z -- z-zz-
 -9 -99- 

9-9

99-

99-  -z9zzz -z9zz-z9 9z -9zz z9
9z999
z
--- z

  
  
- 9
- - -z9zzz -z9zz-z9 9z -9zz 
9-
zzz  -
 9999zz
 z99 -z9zzz -z9zz-z9 9z -9zz- z-
zz99-
zz-
-



-   z 
 --9- 
  9-z9  --9-

 

--zz-9

9
-z 9
 
 

-99 -9-99z9zzz99



 




z --9
-z
z


-

z-
-9z-
- -z9 --zz
--z9 99
-9  

  

 9-- 9--
9--- z9- ---    99 zz9-z9z9
z9 -z-

z
z
zzz

9
z
-9 zz9z9 
9

z9z
-9z

9
z9
z9z 
-
-
9
   
z9
9
9z 
z-
-9
 
  

---zz--zz
9
z


9z z 9z9 z zzzz
 --9
9- z-zz-z-9
  
zzz
  
 --
 
z9- 

9
9zz 9z9 zzzz 9-z z -- z-zz-

z
z
z
9-9

99-

99-  -z9zzz -z9zz-z9 9z -9zz z9
9z999
z
--- z

  
  
- 9
- - -z9zzz -z9zz-z9 9z -9zz 
9-
zzz  -
 9999zz
 z99 -z9zzz -z9zz-z9 9z -9zz- z-
zz99-
zz-
-



-   z 
 --9- 
  9-z9  --9-

 

--zz-9

9
-z 9
 
 

-99 -9-99z9zzz99



 




z --9
-z
z


-

z-
-9z-
- -z9 --zz
--z9 99
-9  

  

 9-- 9--
9--- z9- ---    99 zz9-z9z9
z9 -z-

z
z
zzz

9
z
-9 zz9z9 
9

z9z
-9z

9
z9
z9z 
-
-
9
   
z9
9
9z 
z-
-9
 
  

---zz--zz
9
z


9z z 9z9 z zzzz
 --9
9- z-zz-z-9
  
zzz
  
 --
 
z9- 

9
9zz 9z9 zzzz 9-z z -- z-zz-

z
z
z z-z
9-9

99-

99-  -z9zzz -z9zz-z9 9z -9zz z9
9z999
z
--- z

  
  
- 9
- - -z9zzz -z9zz-z9 9z -9zz 
9-
zzz  -
 9999zz
 z99 -z9zzz -z9zz-z9 9z -9zz- z-
zz99-
zz-
-



-   z 
 --9- 
  9-z9  --9-

 

--zz-9

9
-z 9
 
 

-99 -9-99z9zzz99



 




z --9
-z
z


-

z-
-9z-
- -z9 --zz
--z9 99
-9  

  

 9-- 9--
9--- z9- ---    99 zz9-z9z9
z9 -z-

z
z
zzz

9
z
-9 zz9z9 
9

z9z
-9z

9
z9
z9z 
-
-
9
   
z9
9
9z 
z-
-9
 
  

---zz--zz
9
z


9z z 9z9 z zzzz
 --9
9- z-zz-z-9
  
zzz
  
 --
 
z9- 

9
9zz 9z9 zzzz 9-z z -- z-zz-

z
z
z 

z-z
11
9-9

99-

99-  -z9zzz -z9zz-z9 9z -9zz z9
9z999
z
--- z

  
  
- 9
- - -z9zzz -z9zz-z9 9z -9zz 
9-
zzz  -
 9999zz
 z99 -z9zzz -z9zz-z9 9z -9zz- z-
zz99-
zz-
-



-   z 
 --9- 
  9-z9  --9-

 

--zz-9

9
-z 9
 
 

-99 -9-99z9zzz99



 




z --9
-z
z


-

z-
-9z-
- -z9 --zz
--z9 99
-9  

  

 9-- 9--
9--- z9- ---    99 zz9-z9z9
z9 -z-

z
z
zzz

9
z
-9 zz9z9 
9

z9z
-9z

9
z9
z9z 
-
-
9
   
z9
9
9z 
z-
-9
 
  

---zz--zz
9
z


9z z 9z9 z zzzz
 --9
9- z-zz-z-9
  
zzz
  
 --
 
z9- 

9
9zz 9z9 zzzz 9-z z -- z-zz-

z
z
z 

z-z
9- z9

 
9z
 z 
z-9z9
999
 -z- 
9-9

99-

99-  -z9zzz -z9zz-z9 9z -9zz z9
9z999
z
--- z

  
  
- 9
- - -z9zzz -z9zz-z9 9z -9zz 
9-
zzz  -
 9999zz
 z99 -z9zzz -z9zz-z9 9z -9zz- z-
zz99-
zz-
-



-   z 
 --9- 
  9-z9  --9-

 

--zz-9

9
-z 9
 
 

-99 -9-99z9zzz99



 




z --9
-z
z


-

z-
-9z-
- -z9 --zz
--z9 99
-9  

  

 9-- 9--
9--- z9- ---    99 zz9-z9z9
z9 -z-

z
z
zzz

9
z
-9 zz9z9 
9

z9z
-9z

9
z9
z9z 
-
-
9
   
z9
9
9z 
z-
-9
 
  

---zz--zz
9
z


9z z 9z9 z zzzz
 --9
9- z-zz-z-9
  
zzz
  
 --
 
z9- 

9
9zz 9z9 zzzz 9-z z -- z-zz-

z
z
z 

z-z
9- z9

 
9z
 z 
z-9z9
999
 -z- 9
z 9-9 
9-9

99-

99-  -z9zzz -z9zz-z9 9z -9zz z9
9z999
z
--- z

  
  
- 9
- - -z9zzz -z9zz-z9 9z -9zz 
9-
zzz  -
 9999zz
 z99 -z9zzz -z9zz-z9 9z -9zz- z-
zz99-
zz-
-



-   z 
 --9- 
  9-z9  --9-

 

--zz-9

9
-z 9
 
 

-99 -9-99z9zzz99



 




z --9
-z
z


-

z-
-9z-
- -z9 --zz
--z9 99
-9  

  

 9-- 9--
9--- z9- ---    99 zz9-z9z9
z9 -z-

z
z
zzz

9
z
-9 zz9z9 
9

z9z
-9z

9
z9
z9z 
-
-
9
   
z9
9
9z 
z-
-9
 
  

---zz--zz
9
z


9z z 9z9 z zzzz
 --9
9- z-zz-z-9
  
zzz
  
 --
 
z9- 

9
9zz 9z9 zzzz 9-z z -- z-zz-

z
z
z 

z-z
9- z9

 
9z
 z 
z-9z9
9--99 9 
   -
341
9-9

99-

99-  -z9zzz -z9zz-z9 9z -9zz z9
9z999
z
--- z

  
  
- 9
- - -z9zzz -z9zz-z9 9z -9zz 
9-
zzz  -
 9999zz
 z99 -z9zzz -z9zz-z9 9z -9zz- z-
zz99-
zz-
-



-   z 
 --9- 
  9-z9  --9-

 

--zz-9

9
-z 9
 
 

-99 -9-99z9zzz99



 




z --9
-z
z


-

z-
-9z-
- -z9 --zz
--z9 99
-9  

  

 9-- 9--
9--- z9- ---    99 zz9-z9z9
z9 -z-

z
z
zzz

9
z
-9 zz9z9 
9

z9z
-9z

9
z9
z9z 
-
-
9
   
z9
9
9z 
z-
-9
 
  

---zz--zz
9
z


9z z 9z9 z zzzz
 --9
9- z-zz-z-9
  
zzz
  
 --
 
z9- 

9
9zz 9z9 zzzz 9-z z -- z-zz-

z
z
z 

z-z
9- z9

 
9z
 z 
z-9z9
9--99 9 
   
-
 -9
-z- 9



-
-
- 
-
 
9-9

99-

99-  -z9zzz -z9zz-z9 9z -9zz z9
9z999
z
--- z

  
  
- 9
- - -z9zzz -z9zz-z9 9z -9zz 
9-
zzz  -
 9999zz
 z99 -z9zzz -z9zz-z9 9z -9zz- z-
zz99-
zz-
-



-   z 
 --9- 
  9-z9  --9-

 

--zz-9

9
-z 9
 
 

-99 -9-99z9zzz99



 




z --9
-z
z


-

z-
-9z-
- -z9 --zz
--z9 99
-9  

  

 9-- 9--
9--- z9- ---    99 zz9-z9z9
z9 -z-

z
z
zzz

9
z
-9 zz9z9 
9

z9z
-9z

9
z9
z9z 
-
-
9
   
z9
9
9z 
z-
-9
 
  

---zz--zz
9
z


9z z 9z9 z zzzz
 --9
9- z-zz-z-9
  
zzz
  
 --
 
z9- 

9
9zz 9z9 zzzz 9-z z -- z-zz-

z
z
z 

z-z
9- z9

 
9z
 z 
z-9z9
9--99 9 
   
-
 -9
-z- 9



-
-
- 
-
zz-z-z9
 9-z-9

-
--z-  - 
9-9

99-

99-  -z9zzz -z9zz-z9 9z -9zz z9
9z999
z
--- z

  
  
- 9
- - -z9zzz -z9zz-z9 9z -9zz 
9-
zzz  -
 9999zz
 z99 -z9zzz -z9zz-z9 9z -9zz- z-
zz99-
zz-
-



-   z 
 --9- 
  9-z9  --9-

 

--zz-9

9
-z 9
 
 

-99 -9-99z9zzz99



 




z --9
-z
z


-

z-
-9z-
- -z9 --zz
--z9 99
-9  

  

 9-- 9--
9--- z9- ---    99 zz9-z9z9
z9 -z-

z
z
zzz

9
z
-9 zz9z9 
9

z9z
-9z

9
z9
z9z 
-
-
9
   
z9
9
9z 
z-
-9
 
  

---zz--zz
9
z


9z z 9z9 z zzzz
 --9
9- z-zz-z-9
  
zzz
  
 --
 
z9- 

9
9zz 9z9 zzzz 9-z z -- z-zz-

z
z
z 

z-z
9- z9

 
9z
 z 
z-9z9
9--99 9 
   
-
 -9
-z- 9



-
-
- 
-
zz-z-z9
 9-z-9
 

9-9

99-

99-  -z9zzz -z9zz-z9 9z -9zz z9
9z999
z
--- z

  
  
- 9
- - -z9zzz -z9zz-z9 9z -9zz 
9-
zzz  -
 9999zz
 z99 -z9zzz -z9zz-z9 9z -9zz- z-
zz99-
zz-
-



-   z 
 --9- 
  9-z9  --9-

 

--zz-9

9
-z 9
 
 

-99 -9-99z9zzz99



 




z --9
-z
z


-

z-
-9z-
- -z9 --zz
--z9 99
-9  

  

 9-- 9--
9--- z9- ---    99 zz9-z9z9
z9 -z-

z
z
zzz

9
z
-9 zz9z9 
9

z9z
-9z

9
z9
z9z 
-
-
9
   
z9
9
9z 
z-
-9
 
  

---zz--zz
9
z


9z z 9z9 z zzzz
 --9
9- z-zz-z-9
  
zzz
  
 --
 
z9- 

9
9zz 9z9 zzzz 9-z z -- z-zz-

z
z
z 

z-z
9- z9

 
9z
 z 
z-9z9
9--99 9 
   
-
 -9
-z- 9



-
-
- 
-
zz-z-z9
 9-z-9
 
9 9
zz-
9

 9z z
369
367
9-9

99-

99-  -z9zzz -z9zz-z9 9z -9zz z9
9z999
z
--- z

  
  
- 9
- - -z9zzz -z9zz-z9 9z -9zz 
9-
zzz  -
 9999zz
 z99 -z9zzz -z9zz-z9 9z -9zz- z-
zz99-
zz-
-



-   z 
 --9- 
  9-z9  --9-

 

--zz-9

9
-z 9
 
 

-99 -9-99z9zzz99



 




z --9
-z
z


-

z-
-9z-
- -z9 --zz
--z9 99
-9  

  

 9-- 9--
9--- z9- ---    99 zz9-z9z9
z9 -z-

z
z
zzz

9
z
-9 zz9z9 
9

z9z
-9z

9
z9
z9z 
-
-
9
   
z9
9
9z 
z-
-9
 
  

---zz--zz
9
z


9z z 9z9 z zzzz
 --9
9- z-zz-z-9
  
zzz
  
 --
 
z9- 

9
9zz 9z9 zzzz 9-z z -- z-zz-

z
z
z 

z-z
9- z9

 
9z
 z 
z-9z9
9--99 9 
   
-
 -9
-z- 9



-
-
- 
-
zz-z-z9
 9-z-9
 
9 9

 
9-z-zz-
 -

9-9

99-

99-  -z9zzz -z9zz-z9 9z -9zz z9
9z999
z
--- z

  
  
- 9
- - -z9zzz -z9zz-z9 9z -9zz 
9-
zzz  -
 9999zz
 z99 -z9zzz -z9zz-z9 9z -9zz- z-
zz99-
zz-
-



-   z 
 --9- 
  9-z9  --9-

 

--zz-9

9
-z 9
 
 

-99 -9-99z9zzz99



 




z --9
-z
z


-

z-
-9z-
- -z9 --zz
--z9 99
-9  

  

 9-- 9--
9--- z9- ---    99 zz9-z9z9
z9 -z-

z
z
zzz

9
z
-9 zz9z9 
9

z9z
-9z

9
z9
z9z 
-
-
9
   
z9
9
9z 
z-
-9
 
  

---zz--zz
9
z


9z z 9z9 z zzzz
 --9
9- z-zz-z-9
  
zzz
  
 --
 
z9- 

9
9zz 9z9 zzzz 9-z z -- z-zz-

z
z
z 

z-z
9- z9

 
9z
 z 
z-9z9
9--99 9 
   
-
 -9
-z- 9



-
-
- 
-
zz-z-z9
 9-z-9
 
9 9

 
9-z-zz-
 -

9-9

99-

99-  -z9zzz -z9zz-z9 9z -9zz z9
9z999
z
--- z

  
  
- 9
- - -z9zzz -z9zz-z9 9z -9zz 
9-
zzz  -
 9999zz
 z99 -z9zzz -z9zz-z9 9z -9zz- z-
zz99-
zz-
-



-   z 
 --9- 
  9-z9  --9-

 

--zz-9

9
-z 9
 
 

-99 -9-99z9zzz99



 




z --9
-z
z


-

z-
-9z-
- -z9 --zz
--z9 99
-9  

  

 9-- 9--
9--- z9- ---    99 zz9-z9z9
z9 -z-

z
z
zzz

9
z
-9 zz9z9 
9

z9z
-9z

9
z9
z9z 
-
-
9
   
z9
9
9z 
z-
-9
 
  

---zz--zz
9
z


9z z 9z9 z zzzz
 --9
9- z-zz-z-9
  
zzz
  
 --
 
z9- 

9
9zz 9z9 zzzz 9-z z -- z-zz-

z
z
z 

z-z
9- z9

 
9z
 z 
z-9z9
9--99 9 
   
-
 -9
-z- 9



-
-
- 
-
zz-z-z9
 9-z-9
 
9 9

 
9-z-zz-
 -
 
121
23
402
9-9

99-

99-  -z9zzz -z9zz-z9 9z -9zz z9
9z999
z
--- z

  
  
- 9
- - -z9zzz -z9zz-z9 9z -9zz 
9-
zzz  -
 9999zz
 z99 -z9zzz -z9zz-z9 9z -9zz- z-
zz99-
zz-
-



-   z 
 --9- 
  9-z9  --9-

 

--zz-9

9
-z 9
 
 

-99 -9-99z9zzz99



 




z --9
-z
z


-

z-
-9z-
- -z9 --zz
--z9 99
-9  

  

 9-- 9--
9--- z9- ---    99 zz9-z9z9
z9 -z-

z
z
zzz

9
z
-9 zz9z9 
9

z9z
-9z

9
z9
z9z 
-
-
9
   
z9
9
9z 
z-
-9
 
  

---zz--zz
9
z


9z z 9z9 z zzzz
 --9
9- z-zz-z-9
  
zzz
  
 --
 
z9- 

9
9zz 9z9 zzzz 9-z z -- z-zz-

z
z
z 

z-z
9- z9

 
9z
 z 
z-9z9
9--99 9 
   
-
 -9
-z- 9



-
-
- 
-
zz-z-z9
 9-z-9
 
9 9

 
9-z-zz-
 -
-zzzz


-
-9z
-9z-zz 9 --9 
z-

9z-  

z

 99z -9z-zz- 9-z
z-
-9z

-z---9 -9z-zz-z9 z
- z9z-zz-
12
443
443
22
9-9

99-

99-  -z9zzz -z9zz-z9 9z -9zz z9
9z999
z
--- z

  
  
- 9
- - -z9zzz -z9zz-z9 9z -9zz 
9-
zzz  -
 9999zz
 z99 -z9zzz -z9zz-z9 9z -9zz- z-
zz99-
zz-
-



-   z 
 --9- 
  9-z9  --9-

 

--zz-9

9
-z 9
 
 

-99 -9-99z9zzz99



 




z --9
-z
z


-

z-
-9z-
- -z9 --zz
--z9 99
-9  

  

 9-- 9--
9--- z9- ---    99 zz9-z9z9
z9 -z-

z
z
zzz

9
z
-9 zz9z9 
9

z9z
-9z

9
z9
z9z 
-
-
9
   
z9
9
9z 
z-
-9
 
  

---zz--zz
9
z


9z z 9z9 z zzzz
 --9
9- z-zz-z-9
  
zzz
  
 --
 
z9- 

9
9zz 9z9 zzzz 9-z z -- z-zz-

z
z
z 

z-z
9- z9

 
9z
 z 
z-9z9
9--99 9 
   
-
 -9
-z- 9



-
-
- 
-
zz-z-z9
 9-z-9
 
9 9

 
9-z-zz-
 -
-zzzz


-
-9z
-9z-zz 9 --9 
z-

9z-  

z

 99z -9z-zz- 9-z
z-
-9z

-z-z
--9 -z-9z -9z--z -9z-zz- -9z-z9 z
- z9z-zz-9- 9-
465
9-9

99-

99-  -z9zzz -z9zz-z9 9z -9zz z9
9z999
z
--- z

  
  
- 9
- - -z9zzz -z9zz-z9 9z -9zz 
9-
zzz  -
 9999zz
 z99 -z9zzz -z9zz-z9 9z -9zz- z-
zz99-
zz-
-



-   z 
 --9- 
  9-z9  --9-

 

--zz-9

9
-z 9
 
 

-99 -9-99z9zzz99



 




z --9
-z
z


-

z-
-9z-
- -z9 --zz
--z9 99
-9  

  

 9-- 9--
9--- z9- ---    99 zz9-z9z9
z9 -z-

z
z
zzz

9
z
-9 zz9z9 
9

z9z
-9z

9
z9
z9z 
-
-
9
   
z9
9
9z 
z-
-9
 
  

---zz--zz
9
z


9z z 9z9 z zzzz
 --9
9- z-zz-z-9
  
zzz
  
 --
 
z9- 

9
9zz 9z9 zzzz 9-z z -- z-zz-

z
z
z 

z-z
9- z9

 
9z
 z 
z-9z9
9--99 9 
   
-
 -9
-z- 9



-
-
- 
-
zz-z-z9
 9-z-9
 
9 9

 
9-z-zz-
 -
-zzzz


-
-9z
-9z-zz 9 --9 
z-

9z-  

z

 99z -9z-zz- 9-z
z-
-9z

-z-z
--9 -z-9z -9z--z -9z-zz- -9z9
--z9 
- z-99-z99z
z 

9-9

99-

99-  -z9zzz -z9zz-z9 9z -9zz z9
9z999
z
--- z

  
  
- 9
- - -z9zzz -z9zz-z9 9z -9zz 
9-
zzz  -
 9999zz
 z99 -z9zzz -z9zz-z9 9z -9zz- z-
zz99-
zz-
-



-   z 
 --9- 
  9-z9  --9-

 

--zz-9

9
-z 9
 
 

-99 -9-99z9zzz99



 




z --9
-z
z


-

z-
-9z-
- -z9 --zz
--z9 99
-9  

  

 9-- 9--
9--- z9- ---    99 zz9-z9z9
z9 -z-

z
z
zzz

9
z
-9 zz9z9 
9

z9z
-9z

9
z9
z9z 
-
-
9
   
z9
9
9z 
z-
-9
 
  

---zz--zz
9
z


9z z 9z9 z zzzz
 --9
9- z-zz-z-9
  
zzz
  
 --
 
z9- 

9
9zz 9z9 zzzz 9-z z -- z-zz-

z
z
z 

z-z
9- z9

 
9z
 z 
z-9z9
9--99 9 
   
-
 -9
-z- 9



-
-
- 
-
zz-z-z9
 9-z-9
 
9 9

 
9-z-zz-
 -
-zzzz


-
-9z
-9z-zz 9 --9 
z-

9z-  

z

 99z -9z-zz- 9-z
z-
-9z

-z-z
--9 -z-9z -9z--z -9z-zz- -9z9
--z9 
- z-99-z99z
z 
99 
9-9

99-

99-  -z9zzz -z9zz-z9 9z -9zz z9
9z999
z
--- z

  
  
- 9
- - -z9zzz -z9zz-z9 9z -9zz 
9-
zzz  -
 9999zz
 z99 -z9zzz -z9zz-z9 9z -9zz- z-
zz99-
zz-
-



-   z 
 --9- 
  9-z9  --9-

 

--zz-9

9
-z 9
 
 

-99 -9-99z9zzz99



 




z --9
-z
z


-

z-
-9z-
- -z9 --zz
--z9 99
-9  

  

 9-- 9--
9--- z9- ---    99 zz9-z9z9
z9 -z-

z
z
zzz

9
z
-9 zz9z9 
9

z9z
-9z

9
z9
z9z 
-
-
9
   
z9
9
9z 
z-
-9
 
  

---zz--zz
9
z


9z z 9z9 z zzzz
 --9
9- z-zz-z-9
  
zzz
  
 --
 
z9- 

9
9zz 9z9 zzzz 9-z z -- z-zz-

z
z
z 

z-z
9- z9

 
9z
 z 
z-9z9
9--99 9 
   
-
 -9
-z- 9



-
-
- 
-
zz-z-z9
 9-z-9
 
9 9

 
9-z-zz-
 -
-zzzz


-
-9z
-9z-zz 9 --9 
z-

9z-  

z

 99z -9z-zz- 9-z
z-
-9z

-z-z
--9 -z-9z -9z--z -9z-zz- -9z9
--z9 
- z-99-z99z
z 
9-z 9 
18
152
472
9-9

99-

99-  -z9zzz -z9zz-z9 9z -9zz z9
9z999
z
--- z

  
  
- 9
- - -z9zzz -z9zz-z9 9z -9zz 
9-
zzz  -
 9999zz
 z99 -z9zzz -z9zz-z9 9z -9zz- z-
zz99-
zz-
-



-   z 
 --9- 
  9-z9  --9-

 

--zz-9

9
-z 9
 
 

-99 -9-99z9zzz99



 




z --9
-z
z


-

z-
-9z-
- -z9 --zz
--z9 99
-9  

  

 9-- 9--
9--- z9- ---    99 zz9-z9z9
z9 -z-

z
z
zzz

9
z
-9 zz9z9 
9

z9z
-9z

9
z9
z9z 
-
-
9
   
z9
9
9z 
z-
-9
 
  

---zz--zz
9
z


9z z 9z9 z zzzz
 --9
9- z-zz-z-9
  
zzz
  
 --
 
z9- 

9
9zz 9z9 zzzz 9-z z -- z-zz-

z
z
z 

z-z
9- z9

 
9z
 z 
z-9z9
9--99 9 
   
-
 -9
-z- 9



-
-
- 
-
zz-z-z9
 9-z-9
 
9 9

 
9-z-zz-
 -
-zzzz


-
-9z
-9z-zz 9 --9 
z-

9z-  

z

 99z -9z-zz- 9-z
z-
-9z

-z-z
--9 -z-9z -9z--z -9z-zz- -9z9
--z9 
- z-99-z99z
z 
9-zzz 
-9z
-999 
43
9-9

99-

99-  -z9zzz -z9zz-z9 9z -9zz z9
9z999
z
--- z

  
  
- 9
- - -z9zzz -z9zz-z9 9z -9zz 
9-
zzz  -
 9999zz
 z99 -z9zzz -z9zz-z9 9z -9zz- z-
zz99-
zz-
-



-   z 
 --9- 
  9-z9  --9-

 

--zz-9

9
-z 9
 
 

-99 -9-99z9zzz99



 




z --9
-z
z


-

z-
-9z-
- -z9 --zz
--z9 99
-9  

  

 9-- 9--
9--- z9- ---    99 zz9-z9z9
z9 -z-

z
z
zzz

9
z
-9 zz9z9 
9

z9z
-9z

9
z9
z9z 
-
-
9
   
z9
9
9z 
z-
-9
 
  

---zz--zz
9
z


9z z 9z9 z zzzz
 --9
9- z-zz-z-9
  
zzz
  
 --
 
z9- 

9
9zz 9z9 zzzz 9-z z -- z-zz-

z
z
z 

z-z
9- z9

 
9z
 z 
z-9z9
9--99 9 
   
-
 -9
-z- 9



-
-
- 
-
zz-z-z9
 9-z-9
 
9 9

 
9-z-zz-
 -
-zzzz


-
-9z
-9z-zz 9 --9 
z-

9z-  

z

 99z -9z-zz- 9-z
z-
-9z

-z-z
--9 -z-9z -9z--z -9z-zz- -9z9
--z9 
- z-99-z99z
z 
9-zzz 
-9z
-99
9
z-

- 

9-9

99-

99-  -z9zzz -z9zz-z9 9z -9zz z9
9z999
z
--- z

  
  
- 9
- - -z9zzz -z9zz-z9 9z -9zz 
9-
zzz  -
 9999zz
 z99 -z9zzz -z9zz-z9 9z -9zz- z-
zz99-
zz-
-



-   z 
 --9- 
  9-z9  --9-

 

--zz-9

9
-z 9
 
 

-99 -9-99z9zzz99



 




z --9
-z
z


-

z-
-9z-
- -z9 --zz
--z9 99
-9  

  

 9-- 9--
9--- z9- ---    99 zz9-z9z9
z9 -z-

z
z
zzz

9
z
-9 zz9z9 
9

z9z
-9z

9
z9
z9z 
-
-
9
   
z9
9
9z 
z-
-9
 
  

---zz--zz
9
z


9z z 9z9 z zzzz
 --9
9- z-zz-z-9
  
zzz
  
 --
 
z9- 

9
9zz 9z9 zzzz 9-z z -- z-zz-

z
z
z 

z-z
9- z9

 
9z
 z 
z-9z9
9--99 9 
   
-
 -9
-z- 9



-
-
- 
-
zz-z-z9
 9-z-9
 
9 9

 
9-z-zz-
 -
-zzzz


-
-9z
-9z-zz 9 --9 
z-

9z-  

z

 99z -9z-zz- 9-z
z-
-9z

-z-z
--9 -z-9z -9z--z -9z-zz- -9z9
--z9 
- z-99-z99z
z 
9-zzz 
-9z
-99
9
z-

- 
9 z9-


9-9

99-

99-  -z9zzz -z9zz-z9 9z -9zz z9
9z999
z
--- z

  
  
- 9
- - -z9zzz -z9zz-z9 9z -9zz 
9-
zzz  -
 9999zz
 z99 -z9zzz -z9zz-z9 9z -9zz- z-
zz99-
zz-
-



-   z 
 --9- 
  9-z9  --9-

 

--zz-9

9
-z 9
 
 

-99 -9-99z9zzz99



 




z --9
-z
z


-

z-
-9z-
- -z9 --zz
--z9 99
-9  

  

 9-- 9--
9--- z9- ---    99 zz9-z9z9
z9 -z-

z
z
zzz

9
z
-9 zz9z9 
9

z9z
-9z

9
z9
z9z 
-
-
9
   
z9
9
9z 
z-
-9
 
  

---zz--zz
9
z


9z z 9z9 z zzzz
 --9
9- z-zz-z-9
  
zzz
  
 --
 
z9- 

9
9zz 9z9 zzzz 9-z z -- z-zz-

z
z
z 

z-z
9- z9

 
9z
 z 
z-9z9
9--99 9 
   
-
 -9
-z- 9



-
-
- 
-
zz-z-z9
 9-z-9
 
9 9

 
9-z-zz-
 -
-zzzz


-
-9z
-9z-zz 9 --9 
z-

9z-  

z

 99z -9z-zz- 9-z
z-
-9z

-z-z
--9 -z-9z -9z--z -9z-zz- -9z9
--z9 
- z-99-z99z
z 
9-zzz 
-9z
-99
9
z-

- 
9 z9-


482
9-9

99-

99-  -z9zzz -z9zz-z9 9z -9zz z9
9z999
z
--- z

  
  
- 9
- - -z9zzz -z9zz-z9 9z -9zz 
9-
zzz  -
 9999zz
 z99 -z9zzz -z9zz-z9 9z -9zz- z-
zz99-
zz-
-



-   z 
 --9- 
  9-z9  --9-

 

--zz-9

9
-z 9
 
 

-99 -9-99z9zzz99



 




z --9
-z
z


-

z-
-9z-
- -z9 --zz
--z9 99
-9  

  

 9-- 9--
9--- z9- ---    99 zz9-z9z9
z9 -z-

z
z
zzz

9
z
-9 zz9z9 
9

z9z
-9z

9
z9
z9z 
-
-
9
   
z9
9
9z 
z-
-9
 
  

---zz--zz
9
z


9z z 9z9 z zzzz
 --9
9- z-zz-z-9
  
zzz
  
 --
 
z9- 

9
9zz 9z9 zzzz 9-z z -- z-zz-

z
z
z 

z-z
9- z9

 
9z
 z 
z-9z9
9--99 9 
   
-
 -9
-z- 9



-
-
- 
-
zz-z-z9
 9-z-9
 
9 9

 
9-z-zz-
 -
-zzzz


-
-9z
-9z-zz 9 --9 
z-

9z-  

z

 99z -9z-zz- 9-z
z-
-9z

-z-z
--9 -z-9z -9z--z -9z-zz- -9z9
--z9 
- z-99-z99z
z 
9-zzz 
-9z
-99
9
z-

- 
9 z9-

z  --- 9 z9-99-- 9 z9-z 
9-9

99-

99-  -z9zzz -z9zz-z9 9z -9zz z9
9z999
z
--- z

  
  
- 9
- - -z9zzz -z9zz-z9 9z -9zz 
9-
zzz  -
 9999zz
 z99 -z9zzz -z9zz-z9 9z -9zz- z-
zz99-
zz-
-



-   z 
 --9- 
  9-z9  --9-

 

--zz-9

9
-z 9
 
 

-99 -9-99z9zzz99



 




z --9
-z
z


-

z-
-9z-
- -z9 --zz
--z9 99
-9  

  

 9-- 9--
9--- z9- ---    99 zz9-z9z9
z9 -z-

z
z
zzz

9
z
-9 zz9z9 
9

z9z
-9z

9
z9
z9z 
-
-
9
   
z9
9
9z 
z-
-9
 
  

---zz--zz
9
z


9z z 9z9 z zzzz
 --9
9- z-zz-z-9
  
zzz
  
 --
 
z9- 

9
9zz 9z9 zzzz 9-z z -- z-zz-

z
z
z 

z-z
9- z9

 
9z
 z 
z-9z9
9--99 9 
   
-
 -9
-z- 9



-
-
- 
-
zz-z-z9
 9-z-9
 
9 9

 
9-z-zz-
 -
-zzzz


-
-9z
-9z-zz 9 --9 
z-

9z-  

z

 99z -9z-zz- 9-z
z-
-9z

-z-z
--9 -z-9z -9z--z -9z-zz- -9z9
--z9 
- z-99-z99z
z 
9-zzz 
-9z
-99
9
z-

- 
9 z9-



  --- 9 z9-99-- 9 z9-z z
9-9

99-

99-  -z9zzz -z9zz-z9 9z -9zz z9
9z999
z
--- z

  
  
- 9
- - -z9zzz -z9zz-z9 9z -9zz 
9-
zzz  -
 9999zz
 z99 -z9zzz -z9zz-z9 9z -9zz- z-
zz99-
zz-
-



-   z 
 --9- 
  9-z9  --9-

 

--zz-9

9
-z 9
 
 

-99 -9-99z9zzz99



 




z --9
-z
z


-

z-
-9z-
- -z9 --zz
--z9 99
-9  

  

 9-- 9--
9--- z9- ---    99 zz9-z9z9
z9 -z-

z
z
zzz

9
z
-9 zz9z9 
9

z9z
-9z

9
z9
z9z 
-
-
9
   
z9
9
9z 
z-
-9
 
  

---zz--zz
9
z


9z z 9z9 z zzzz
 --9
9- z-zz-z-9
  
zzz
  
 --
 
z9- 

9
9zz 9z9 zzzz 9-z z -- z-zz-

z
z
z 

z-z
9- z9

 
9z
 z 
z-9z9
9--99 9 
   
-
 -9
-z- 9



-
-
- 
-
zz-z-z9
 9-z-9
 
9 9

 
9-z-zz-
 -
-zzzz


-
-9z
-9z-zz 9 --9 
z-

9z-  

z

 99z -9z-zz- 9-z
z-
-9z

-z-z
--9 -z-9z -9z--z -9z-zz- -9z9
--z9 
- z-99-z99z
z 
9-zzz 
-9z
-99
9
z-

- 
9 z9-


9--9 z9-- 9z
  --- 9 z9-99-- 9 z9-z 9- -
41
9-9

99-

99-  -z9zzz -z9zz-z9 9z -9zz z9
9z999
z
--- z

  
  
- 9
- - -z9zzz -z9zz-z9 9z -9zz 
9-
zzz  -
 9999zz
 z99 -z9zzz -z9zz-z9 9z -9zz- z-
zz99-
zz-
-



-   z 
 --9- 
  9-z9  --9-

 

--zz-9

9
-z 9
 
 

-99 -9-99z9zzz99



 




z --9
-z
z


-

z-
-9z-
- -z9 --zz
--z9 99
-9  

  

 9-- 9--
9--- z9- ---    99 zz9-z9z9
z9 -z-

z
z
zzz

9
z
-9 zz9z9 
9

z9z
-9z

9
z9
z9z 
-
-
9
   
z9
9
9z 
z-
-9
 
  

---zz--zz
9
z


9z z 9z9 z zzzz
 --9
9- z-zz-z-9
  
zzz
  
 --
 
z9- 

9
9zz 9z9 zzzz 9-z z -- z-zz-

z
z
z 

z-z
9- z9

 
9z
 z 
z-9z9
9--99 9 
   
-
 -9
-z- 9



-
-
- 
-
zz-z-z9
 9-z-9
 
9 9

 
9-z-zz-
 -
-zzzz


-
-9z
-9z-zz 9 --9 
z-

9z-  

z

 99z -9z-zz- 9-z
z-
-9z

-z-z
--9 -z-9z -9z--z -9z-zz- -9z9
--z9 
- z-99-z99z
z 
9-zzz 
-9z
-99
9
z-

- 
9 z9-
9-
-
z9z-- 9 z9-99-- 9 z9-z 9- -
9-9

99-

99-  -z9zzz -z9zz-z9 9z -9zz z9
9z999
z
--- z

  
  
- 9
- - -z9zzz -z9zz-z9 9z -9zz 
9-
zzz  -
 9999zz
 z99 -z9zzz -z9zz-z9 9z -9zz- z-
zz99-
zz-
-



-   z 
 --9- 
  9-z9  --9-

 

--zz-9

9
-z 9
 
 

-99 -9-99z9zzz99



 




z --9
-z
z


-

z-
-9z-
- -z9 --zz
--z9 99
-9  

  

 9-- 9--
9--- z9- ---    99 zz9-z9z9
z9 -z-

z
z
zzz

9
z
-9 zz9z9 
9

z9z
-9z

9
z9
z9z 
-
-
9
   
z9
9
9z 
z-
-9
 
  

---zz--zz
9
z


9z z 9z9 z zzzz
 --9
9- z-zz-z-9
  
zzz
  
 --
 
z9- 

9
9zz 9z9 zzzz 9-z z -- z-zz-

z
z
z 

z-z
9- z9

 
9z
 z 
z-9z9
9--99 9 
   
-
 -9
-z- 9



-
-
- 
-
zz-z-z9
 9-z-9
 
9 9

 
9-z-zz-
 -
-zzzz


-
-9z
-9z-zz 9 --9 
z-

9z-  

z

 99z -9z-zz- 9-z
z-
-9z

-z-z
--9 -z-9z -9z--z -9z-zz- -9z9
--z9 
- z-99-z99z
z 
9-zzz 
-9z
-99
9
z-

- 

-
 9  

9z9 -
24
9-9

99-

99-  -z9zzz -z9zz-z9 9z -9zz z9
9z999
z
--- z

  
  
- 9
- - -z9zzz -z9zz-z9 9z -9zz 
9-
zzz  -
 9999zz
 z99 -z9zzz -z9zz-z9 9z -9zz- z-
zz99-
zz-
-



-   z 
 --9- 
  9-z9  --9-

 

--zz-9

9
-z 9
 
 

-99 -9-99z9zzz99



 




z --9
-z
z


-

z-
-9z-
- -z9 --zz
--z9 99
-9  

  

 9-- 9--
9--- z9- ---    99 zz9-z9z9
z9 -z-

z
z
zzz

9
z
-9 zz9z9 
9

z9z
-9z

9
z9
z9z 
-
-
9
   
z9
9
9z 
z-
-9
 
  

---zz--zz
9
z


9z z 9z9 z zzzz
 --9
9- z-zz-z-9
  
zzz
  
 --
 
z9- 

9
9zz 9z9 zzzz 9-z z -- z-zz-

z
z
z 

z-z
9- z9

 
9z
 z 
z-9z9
9--99 9 
   
-
 -9
-z- 9



-
-
- 
-
zz-z-z9
 9-z-9
 
9 9

 
9-z-zz-
 -
-zzzz


-
-9z
-9z-zz 9 --9 
z-

9z-  

z

 99z -9z-zz- 9-z
z-
-9z

-z-z
--9 -z-9z -9z--z -9z-zz- -9z9
--z9 
- z-99-z99z
z 
9-zzz 
-9z
-99
9
z-

- 

-
 9  

9z9 -


9z9 9 z9--

9z -
496
490
9-9

99-

99-  -z9zzz -z9zz-z9 9z -9zz z9
9z999
z
--- z

  
  
- 9
- - -z9zzz -z9zz-z9 9z -9zz 
9-
zzz  -
 9999zz
 z99 -z9zzz -z9zz-z9 9z -9zz- z-
zz99-
zz-
-



-   z 
 --9- 
  9-z9  --9-

 

--zz-9

9
-z 9
 
 

-99 -9-99z9zzz99



 




z --9
-z
z


-

z-
-9z-
- -z9 --zz
--z9 99
-9  

  

 9-- 9--
9--- z9- ---    99 zz9-z9z9
z9 -z-

z
z
zzz

9
z
-9 zz9z9 
9

z9z
-9z

9
z9
z9z 
-
-
9
   
z9
9
9z 
z-
-9
 
  

---zz--zz
9
z


9z z 9z9 z zzzz
 --9
9- z-zz-z-9
  
zzz
  
 --
 
z9- 

9
9zz 9z9 zzzz 9-z z -- z-zz-

z
z
z 

z-z
9- z9

 
9z
 z 
z-9z9
9--99 9 
   
-
 -9
-z- 9



-
-
- 
-
zz-z-z9
 9-z-9
 
9 9

 
9-z-zz-
 -
-zzzz


-
-9z
-9z-zz 9 --9 
z-

9z-  

z

 99z -9z-zz- 9-z
z-
-9z

-z-z
--9 -z-9z -9z--z -9z-zz- -9z9
--z9 
- z-99-z99z
z 
9-zzz 
-9z
-99
9
z-

- 

-
 9  

9z9 -


9z9 9 z9-- 


  -
38
489
492
495
500
9-9

99-

99-  -z9zzz -z9zz-z9 9z -9zz z9
9z999
z
--- z

  
  
- 9
- - -z9zzz -z9zz-z9 9z -9zz 
9-
zzz  -
 9999zz
 z99 -z9zzz -z9zz-z9 9z -9zz- z-
zz99-
zz-
-



-   z 
 --9- 
  9-z9  --9-

 

--zz-9

9
-z 9
 
 

-99 -9-99z9zzz99



 




z --9
-z
z


-

z-
-9z-
- -z9 --zz
--z9 99
-9  

  

 9-- 9--
9--- z9- ---    99 zz9-z9z9
z9 -z-

z
z
zzz

9
z
-9 zz9z9 
9

z9z
-9z

9
z9
z9z 
-
-
9
   
z9
9
9z 
z-
-9
 
  

---zz--zz
9
z


9z z 9z9 z zzzz
 --9
9- z-zz-z-9
  
zzz
  
 --
 
z9- 

9
9zz 9z9 zzzz 9-z z -- z-zz-

z
z
z 

z-z
9- z9

 
9z
 z 
z-9z9
9--99 9 
   
-
 -9
-z- 9



-
-
- 
-
zz-z-z9
 9-z-9
 
9 9

 
9-z-zz-
 -
-zzzz


-
-9z
-9z-zz 9 --9 
z-

9z-  

z

 99z -9z-zz- 9-z
z-
-9z

-z-z
--9 -z-9z -9z--z -9z-zz- -9z9
--z9 
- z-99-z99z
z 
9-zzz 
-9z
-99
9
z-

- 

-
 9  

9z9 -


9z9 9 z9-- 

 9z999 z 
z9
9   -   
 z

511
507
9-9

99-

99-  -z9zzz -z9zz-z9 9z -9zz z9
9z999
z
--- z

  
  
- 9
- - -z9zzz -z9zz-z9 9z -9zz 
9-
zzz  -
 9999zz
 z99 -z9zzz -z9zz-z9 9z -9zz- z-
zz99-
zz-
-



-   z 
 --9- 
  9-z9  --9-

 

--zz-9

9
-z 9
 
 

-99 -9-99z9zzz99



 




z --9
-z
z


-

z-
-9z-
- -z9 --zz
--z9 99
-9  

  

 9-- 9--
9--- z9- ---    99 zz9-z9z9
z9 -z-

z
z
zzz

9
z
-9 zz9z9 
9

z9z
-9z

9
z9
z9z 
-
-
9
   
z9
9
9z 
z-
-9
 
  

---zz--zz
9
z


9z z 9z9 z zzzz
 --9
9- z-zz-z-9
  
zzz
  
 --
 
z9- 

9
9zz 9z9 zzzz 9-z z -- z-zz-

z
z
z 

z-z
9- z9

 
9z
 z 
z-9z9
9--99 9 
   
-
 -9
-z- 9



-
-
- 
-
zz-z-z9
 9-z-9
 
9 9

 
9-z-zz-
 -
-zzzz


-
-9z
-9z-zz 9 --9 
z-

9z-  

z

 99z -9z-zz- 9-z
z-
-9z

-z-z
--9 -z-9z -9z--z -9z-zz- -9z9
--z9 
- z-99-z99z
z 
9-zzz 
-9z
-99
9
z-

- 

-
 9  

9z9 -


9z9 9 z9-- 

 9z999 z 
z9
9   -   9
zz-z
 z-

 9
zz
9-9

99-

99-  -z9zzz -z9zz-z9 9z -9zz z9
9z999
z
--- z

  
  
- 9
- - -z9zzz -z9zz-z9 9z -9zz 
9-
zzz  -
 9999zz
 z99 -z9zzz -z9zz-z9 9z -9zz- z-
zz99-
zz-
-



-   z 
 --9- 
  9-z9  --9-

 

--zz-9

9
-z 9
 
 

-99 -9-99z9zzz99



 




z --9
-z
z


-

z-
-9z-
- -z9 --zz
--z9 99
-9  

  

 9-- 9--
9--- z9- ---    99 zz9-z9z9
z9 -z-

z
z
zzz

9
z
-9 zz9z9 
9

z9z
-9z

9
z9
z9z 
-
-
9
   
z9
9
9z 
z-
-9
 
  

---zz--zz
9
z


9z z 9z9 z zzzz
 --9
9- z-zz-z-9
  
zzz
  
 --
 
z9- 

9
9zz 9z9 zzzz 9-z z -- z-zz-

z
z
z 

z-z
9- z9

 
9z
 z 
z-9z9
9--99 9 
   
-
 -9
-z- 9



-
-
- 
-
zz-z-z9
 9-z-9
 
9 9

 
9-z-zz-
 -
-zzzz


-
-9z
-9z-zz 9 --9 
z-

9z-  

z

 99z -9z-zz- 9-z
z-
-9z

-z-z
--9 -z-9z -9z--z -9z-zz- -9z9
--z9 
- z-99-z99z
z 
9-zzz 
-9z
-99
9
z-

- 

-
 9  

9z9 -


9z9 9 z9-- 

 9z999 z 
z9
9   -   9
zz-z
 z-

 9
zz


9-9
512
44
9-9

99-

99-  -z9zzz -z9zz-z9 9z -9zz z9
9z999
z
--- z

  
  
- 9
- - -z9zzz -z9zz-z9 9z -9zz 
9-
zzz  -
 9999zz
 z99 -z9zzz -z9zz-z9 9z -9zz- z-
zz99-
zz-
-



-   z 
 --9- 
  9-z9  --9-

 

--zz-9

9
-z 9
 
 

-99 -9-99z9zzz99



 




z --9
-z
z


-

z-
-9z-
- -z9 --zz
--z9 99
-9  

  

 9-- 9--
9--- z9- ---    99 zz9-z9z9
z9 -z-

z
z
zzz

9
z
-9 zz9z9 
9

z9z
-9z

9
z9
z9z 
-
-
9
   
z9
9
9z 
z-
-9
 
  

---zz--zz
9
z


9z z 9z9 z zzzz
 --9
9- z-zz-z-9
  
zzz
  
 --
 
z9- 

9
9zz 9z9 zzzz 9-z z -- z-zz-

z
z
z 

z-z
9- z9

 
9z
 z 
z-9z9
9--99 9 
   
-
 -9
-z- 9



-
-
- 
-
zz-z-z9
 9-z-9
 
9 9

 
9-z-zz-
 -
-zzzz


-
-9z
-9z-zz 9 --9 
z-

9z-  

z

 99z -9z-zz- 9-z
z-
-9z

-z-z
--9 -z-9z -9z--z -9z-zz- -9z9
--z9 
- z-99-z99z
z 
9-zzz 
-9z
-99
9
z-

- 

-
 9  

9z9 -


9z9 9 z9-- 

 9z999 z 
z9
9   -   9
zz-z
 z-

 9
zz

99- 9
zz 9
9- --9
9-9

99-

99-  -z9zzz -z9zz-z9 9z -9zz z9
9z999
z
--- z

  
  
- 9
- - -z9zzz -z9zz-z9 9z -9zz 
9-
zzz  -
 9999zz
 z99 -z9zzz -z9zz-z9 9z -9zz- z-
zz99-
zz-
-



-   z 
 --9- 
  9-z9  --9-

 

--zz-9

9
-z 9
 
 

-99 -9-99z9zzz99



 




z --9
-z
z


-

z-
-9z-
- -z9 --zz
--z9 99
-9  

  

 9-- 9--
9--- z9- ---    99 zz9-z9z9
z9 -z-

z
z
zzz

9
z
-9 zz9z9 
9

z9z
-9z

9
z9
z9z 
-
-
9
   
z9
9
9z 
z-
-9
 
  

---zz--zz
9
z


9z z 9z9 z zzzz
 --9
9- z-zz-z-9
  
zzz
  
 --
 
z9- 

9
9zz 9z9 zzzz 9-z z -- z-zz-

z
z
z 

z-z
9- z9

 
9z
 z 
z-9z9
9--99 9 
   
-
 -9
-z- 9



-
-
- 
-
zz-z-z9
 9-z-9
 
9 9

 
9-z-zz-
 -
-zzzz


-
-9z
-9z-zz 9 --9 
z-

9z-  

z

 99z -9z-zz- 9-z
z-
-9z

-z-z
--9 -z-9z -9z--z -9z-zz- -9z9
--z9 
- z-99-z99z
z 
9-zzz 
-9z
-99
9
z-

- 

-
 9  

9z9 -


9z9 9 z9-- 

 9z999 z 
z9
9   -   9
zz-z
 z-

 9
zz

99- 9
zz 9   z9
z9- --9
197
9-9

99-

99-  -z9zzz -z9zz-z9 9z -9zz z9
9z999
z
--- z

  
  
- 9
- - -z9zzz -z9zz-z9 9z -9zz 
9-
zzz  -
 9999zz
 z99 -z9zzz -z9zz-z9 9z -9zz- z-
zz99-
zz-
-



-   z 
 --9- 
  9-z9  --9-

 

--zz-9

9
-z 9
 
 

-99 -9-99z9zzz99



 




z --9
-z
z


-

z-
-9z-
- -z9 --zz
--z9 99
-9  

  

 9-- 9--
9--- z9- ---    99 zz9-z9z9
z9 -z-

z
z
zzz

9
z
-9 zz9z9 
9

z9z
-9z

9
z9
z9z 
-
-
9
   
z9
9
9z 
z-
-9
 
  

---zz--zz
9
z


9z z 9z9 z zzzz
 --9
9- z-zz-z-9
  
zzz
  
 --
 
z9- 

9
9zz 9z9 zzzz 9-z z -- z-zz-

z
z
z 

z-z
9- z9

 
9z
 z 
z-9z9
9--99 9 
   
-
 -9
-z- 9



-
-
- 
-
zz-z-z9
 9-z-9
 
9 9

 
9-z-zz-
 -
-zzzz


-
-9z
-9z-zz 9 --9 
z-

9z-  

z

 99z -9z-zz- 9-z
z-
-9z

-z-z
--9 -z-9z -9z--z -9z-zz- -9z9
--z9 
- z-99-z99z
z 
9-zzz 
-9z
-99
9
z-

- 

-
 9  

9z9 -


9z9 9 z9-- 

 9z999 z 
z9
9   -   9
zz-z
 z-

 9
zz

99- 9
zz 9   z9

z9 
9 9 --z-9
-  zz z   9- --9
9-9

99-

99-  -z9zzz -z9zz-z9 9z -9zz z9
9z999
z
--- z

  
  
- 9
- - -z9zzz -z9zz-z9 9z -9zz 
9-
zzz  -
 9999zz
 z99 -z9zzz -z9zz-z9 9z -9zz- z-
zz99-
zz-
-



-   z 
 --9- 
  9-z9  --9-

 

--zz-9

9
-z 9
 
 

-99 -9-99z9zzz99



 




z --9
-z
z


-

z-
-9z-
- -z9 --zz
--z9 99
-9  

  

 9-- 9--
9--- z9- ---    99 zz9-z9z9
z9 -z-

z
z
zzz

9
z
-9 zz9z9 
9

z9z
-9z

9
z9
z9z 
-
-
9
   
z9
9
9z 
z-
-9
 
  

---zz--zz
9
z


9z z 9z9 z zzzz
 --9
9- z-zz-z-9
  
zzz
  
 --
 
z9- 

9
9zz 9z9 zzzz 9-z z -- z-zz-

z
z
z 

z-z
9- z9

 
9z
 z 
z-9z9
9--99 9 
   
-
 -9
-z- 9



-
-
- 
-
zz-z-z9
 9-z-9
 
9 9

 
9-z-zz-
 -
-zzzz


-
-9z
-9z-zz 9 --9 
z-

9z-  

z

 99z -9z-zz- 9-z
z-
-9z

-z-z
--9 -z-9z -9z--z -9z-zz- -9z9
--z9 
- z-99-z99z
z 
9-zzz 
-9z
-99
9
z-

- 

-
 9  

9z9 -


9z9 9 z9-- 

 9z999 z 
z9
9   -   9
zz-z
 z-

 9
zz

99- 9
zz 9   z9

z9 
9 9 --z-9--
9- 99- 
9-9

99-

99-  -z9zzz -z9zz-z9 9z -9zz z9
9z999
z
--- z

  
  
- 9
- - -z9zzz -z9zz-z9 9z -9zz 
9-
zzz  -
 9999zz
 z99 -z9zzz -z9zz-z9 9z -9zz- z-
zz99-
zz-
-



-   z 
 --9- 
  9-z9  --9-

 

--zz-9

9
-z 9
 
 

-99 -9-99z9zzz99



 




z --9
-z
z


-

z-
-9z-
- -z9 --zz
--z9 99
-9  

  

 9-- 9--
9--- z9- ---    99 zz9-z9z9
z9 -z-

z
z
zzz

9
z
-9 zz9z9 
9

z9z
-9z

9
z9
z9z 
-
-
9
   
z9
9
9z 
z-
-9
 
  

---zz--zz
9
z


9z z 9z9 z zzzz
 --9
9- z-zz-z-9
  
zzz
  
 --
 
z9- 

9
9zz 9z9 zzzz 9-z z -- z-zz-

z
z
z 

z-z
9- z9

 
9z
 z 
z-9z9
9--99 9 
   
-
 -9
-z- 9



-
-
- 
-
zz-z-z9
 9-z-9
 
9 9

 
9-z-zz-
 -
-zzzz


-
-9z
-9z-zz 9 --9 
z-

9z-  

z

 99z -9z-zz- 9-z
z-
-9z

-z-z
--9 -z-9z -9z--z -9z-zz- -9z9
--z9 
- z-99-z99z
z 
9-zzz 
-9z
-99
9
z-

- 

-
 9  

9z9 -


9z9 9 z9-- 

 9z999 z 
z9
9   -   9
zz-z
 z-

 9
zz

99- 9
zz 9   z9 z9 
9 9 --z-9--
9- 99- 
9-9

99-

99-  -z9zzz -z9zz-z9 9z -9zz z9
9z999
z
--- z

  
  
- 9
- - -z9zzz -z9zz-z9 9z -9zz 
9-
zzz  -
 9999zz
 z99 -z9zzz -z9zz-z9 9z -9zz- z-
zz99-
zz-
-



-   z 
 --9- 
  9-z9  --9-

 

--zz-9

9
-z 9
 
 

-99 -9-99z9zzz99



 




z --9
-z
z


-

z-
-9z-
- -z9 --zz
--z9 99
-9  

  

 9-- 9--
9--- z9- ---    99 zz9-z9z9
z9 -z-

z
z
zzz

9
z
-9 zz9z9 
9

z9z
-9z

9
z9
z9z 
-
-
9
   
z9
9
9z 
z-
-9
 
  

---zz--zz
9
z


9z z 9z9 z zzzz
 --9
9- z-zz-z-9
  
zzz
  
 --
 
z9- 

9
9zz 9z9 zzzz 9-z z -- z-zz-

z
z
z 

z-z
9- z9

 
9z
 z 
z-9z9
9--99 9 
   
-
 -9
-z- 9



-
-
- 
-
zz-z-z9
 9-z-9
 
9 9

 
9-z-zz-
 -
-zzzz


-
-9z
-9z-zz 9 --9 
z-

9z-  

z

 99z -9z-zz- 9-z
z-
-9z

-z-z
--9 -z-9z -9z--z -9z-zz- -9z9
--z9 
- z-99-z99z
z 
9-zzz 
-9z
-99
9
z-

- 

-
 9  

9z9 -


9z9 9 z9-- 

 9z999 z 
z9
9   -   9
zz-z
 z-

 9
zz

99- 9
zz 9   z9 z 
  -
 ---
9- 99- 
542
9-9

99-

99-  -z9zzz -z9zz-z9 9z -9zz z9
9z999
z
--- z

  
  
- 9
- - -z9zzz -z9zz-z9 9z -9zz 
9-
zzz  -
 9999zz
 z99 -z9zzz -z9zz-z9 9z -9zz- z-
zz99-
zz-
-



-   z 
 --9- 
  9-z9  --9-

 

--zz-9

9
-z 9
 
 

-99 -9-99z9zzz99



 




z --9
-z
z


-

z-
-9z-
- -z9 --zz
--z9 99
-9  

  

 9-- 9--
9--- z9- ---    99 zz9-z9z9
z9 -z-

z
z
zzz

9
z
-9 zz9z9 
9

z9z
-9z

9
z9
z9z 
-
-
9
   
z9
9
9z 
z-
-9
 
  

---zz--zz
9
z


9z z 9z9 z zzzz
 --9
9- z-zz-z-9
  
zzz
  
 --
 
z9- 

9
9zz 9z9 zzzz 9-z z -- z-zz-

z
z
z 

z-z
9- z9

 
9z
 z 
z-9z9
9--99 9 
   
-
 -9
-z- 9



-
-
- 
-
zz-z-z9
 9-z-9
 
9 9

 
9-z-zz-
 -
-zzzz


-
-9z
-9z-zz 9 --9 
z-

9z-  

z

 99z -9z-zz- 9-z
z-
-9z

-z-z
--9 -z-9z -9z--z -9z-zz- -9z9
--z9 
- z-99-z99z
z 
9-zzz 
-9z
-99
9
z-

- 

-
 9  

9z9 -


9z9 9 z9-- 

 9z999 z 
z9
9   -   9
zz-z
 z-

 9
zz

99- 9
zz 9   z9 z 
  -
 -9--
-zz 9   z9 9 


zz-z
--
z
99
9zzz

  9z--  99- 
1
11
9-9

99-

99-  -z9zzz -z9zz-z9 9z -9zz z9
9z999
z
--- z

  
  
- 9
- - -z9zzz -z9zz-z9 9z -9zz 
9-
zzz  -
 9999zz
 z99 -z9zzz -z9zz-z9 9z -9zz- z-
zz99-
zz-
-



-   z 
 --9- 
  9-z9  --9-

 

--zz-9

9
-z 9
 
 

-99 -9-99z9zzz99



 




z --9
-z
z


-

z-
-9z-
- -z9 --zz
--z9 99
-9  

  

 9-- 9--
9--- z9- ---    99 zz9-z9z9
z9 -z-

z
z
zzz

9
z
-9 zz9z9 
9

z9z
-9z

9
z9
z9z 
-
-
9
   
z9
9
9z 
z-
-9
 
  

---zz--zz
9
z


9z z 9z9 z zzzz
 --9
9- z-zz-z-9
  
zzz
  
 --
 
z9- 

9
9zz 9z9 zzzz 9-z z -- z-zz-

z
z
z 

z-z
9- z9

 
9z
 z 
z-9z9
9--99 9 
   
-
 -9
-z- 9



-
-
- 
-
zz-z-z9
 9-z-9
 
9 9

 
9-z-zz-
 -
-zzzz


-
-9z
-9z-zz 9 --9 
z-

9z-  

z

 99z -9z-zz- 9-z
z-
-9z

-z-z
--9 -z-9z -9z--z -9z-zz- -9z9
--z9 
- z-99-z99z
z 
9-zzz 
-9z
-99
9
z-

- 

-
 9  

9z9 -


9z9 9 z9-- 

 9z999 z 
z9
9   -   9
zz-z
 z-

 9
zz

99- 9
zz 9   z9 z 
  -
 -9--
-zz 9   z9 9 


zz-z
--
z
99
9zzz
 zz9-  9z--  99- 
9
--

z
9-9

99-

99-  -z9zzz -z9zz-z9 9z -9zz z9
9z999
z
--- z

  
  
- 9
- - -z9zzz -z9zz-z9 9z -9zz 
9-
zzz  -
 9999zz
 z99 -z9zzz -z9zz-z9 9z -9zz- z-
zz99-
zz-
-



-   z 
 --9- 
  9-z9  --9-

 

--zz-9

9
-z 9
 
 

-99 -9-99z9zzz99



 




z --9
-z
z


-

z-
-9z-
- -z9 --zz
--z9 99
-9  

  

 9-- 9--
9--- z9- ---    99 zz9-z9z9
z9 -z-

z
z
zzz

9
z
-9 zz9z9 
9

z9z
-9z

9
z9
z9z 
-
-
9
   
z9
9
9z 
z-
-9
 
  

---zz--zz
9
z


9z z 9z9 z zzzz
 --9
9- z-zz-z-9
  
zzz
  
 --
 
z9- 

9
9zz 9z9 zzzz 9-z z -- z-zz-

z
z
z 

z-z
9- z9

 
9z
 z 
z-9z9
9--99 9 
   
-
 -9
-z- 9



-
-
- 
-
zz-z-z9
 9-z-9
 
9 9

 
9-z-zz-
 -
-zzzz


-
-9z
-9z-zz 9 --9 
z-

9z-  

z

 99z -9z-zz- 9-z
z-
-9z

-z-z
--9 -z-9z -9z--z -9z-zz- -9z9
--z9 
- z-99-z99z
z 
9-zzz 
-9z
-99
9
z-

- 

-
 9  

9z9 -


9z9 9 z9-- 

 9z999 z 
z9
9   -   9
zz-z
 z-

 9
zz

99- 9
zz 9   z9 z 
  -
 -9--
-zz 9   z9 9 


zz-z
--
z
99
9zzz
 zz9-  9z--  99- 
9
- 
  99 z9
 z-9
z

zz9-  9z--  99- 
z
574
9-9

99-

99-  -z9zzz -z9zz-z9 9z -9zz z9
9z999
z
--- z

  
  
- 9
- - -z9zzz -z9zz-z9 9z -9zz 
9-
zzz  -
 9999zz
 z99 -z9zzz -z9zz-z9 9z -9zz- z-
zz99-
zz-
-



-   z 
 --9- 
  9-z9  --9-

 

--zz-9

9
-z 9
 
 

-99 -9-99z9zzz99



 




z --9
-z
z


-

z-
-9z-
- -z9 --zz
--z9 99
-9  

  

 9-- 9--
9--- z9- ---    99 zz9-z9z9
z9 -z-

z
z
zzz

9
z
-9 zz9z9 
9

z9z
-9z

9
z9
z9z 
-
-
9
   
z9
9
9z 
z-
-9
 
  

---zz--zz
9
z


9z z 9z9 z zzzz
 --9
9- z-zz-z-9
  
zzz
  
 --
 
z9- 

9
9zz 9z9 zzzz 9-z z -- z-zz-

z
z
z 

z-z
9- z9

 
9z
 z 
z-9z9
9--99 9 
   
-
 -9
-z- 9



-
-
- 
-
zz-z-z9
 9-z-9
 
9 9

 
9-z-zz-
 -
-zzzz


-
-9z
-9z-zz 9 --9 
z-

9z-  

z

 99z -9z-zz- 9-z
z-
-9z

-z-z
--9 -z-9z -9z--z -9z-zz- -9z9
--z9 
- z-99-z99z
z 
9-zzz 
-9z
-99
9
z-

- 

-
 9  

9z9 -


9z9 9 z9-- 

 9z999 z 
z9
9   -   9
zz-z
 z-

 9
zz

99- 9
zz 9   z9 z 
  -
 -9--
-zz 9   z9 9 


zz-z
--
z
99
9zzz
 zz9-  9z--  99- 
9
- 

--
 
 z
z
-
zz9-  9z--  99- 
z
9-9

99-

99-  -z9zzz -z9zz-z9 9z -9zz z9
9z999
z
--- z

  
  
- 9
- - -z9zzz -z9zz-z9 9z -9zz 
9-
zzz  -
 9999zz
 z99 -z9zzz -z9zz-z9 9z -9zz- z-
zz99-
zz-
-



-   z 
 --9- 
  9-z9  --9-

 

--zz-9

9
-z 9
 
 

-99 -9-99z9zzz99



 




z --9
-z
z


-

z-
-9z-
- -z9 --zz
--z9 99
-9  

  

 9-- 9--
9--- z9- ---    99 zz9-z9z9
z9 -z-

z
z
zzz

9
z
-9 zz9z9 
9

z9z
-9z

9
z9
z9z 
-
-
9
   
z9
9
9z 
z-
-9
 
  

---zz--zz
9
z


9z z 9z9 z zzzz
 --9
9- z-zz-z-9
  
zzz
  
 --
 
z9- 

9
9zz 9z9 zzzz 9-z z -- z-zz-

z
z
z 

z-z
9- z9

 
9z
 z 
z-9z9
9--99 9 
   
-
 -9
-z- 9



-
-
- 
-
zz-z-z9
 9-z-9
 
9 9

 
9-z-zz-
 -
-zzzz


-
-9z
-9z-zz 9 --9 
z-

9z-  

z

 99z -9z-zz- 9-z
z-
-9z

-z-z
--9 -z-9z -9z--z -9z-zz- -9z9
--z9 
- z-99-z99z
z 
9-zzz 
-9z
-99
9
z-

- 

-
 9  

9z9 -


9z9 9 z9-- 

 9z999 z 
z9
9   -   9
zz-z
 z-

 9
zz

99- 9
zz 9   z9 z 
  -
 -9--
-zz 9   z9 9 


zz-z
--
z
99
9zzz
 zz9-  9z--  99- 
9
- 

--
 
 z
z
-
zz9-  9z--  99- 
z
9-9

99-

99-  -z9zzz -z9zz-z9 9z -9zz z9
9z999
z
--- z

  
  
- 9
- - -z9zzz -z9zz-z9 9z -9zz 
9-
zzz  -
 9999zz
 z99 -z9zzz -z9zz-z9 9z -9zz- z-
zz99-
zz-
-



-   z 
 --9- 
  9-z9  --9-

 

--zz-9

9
-z 9
 
 

-99 -9-99z9zzz99



 




z --9
-z
z


-

z-
-9z-
- -z9 --zz
--z9 99
-9  

  

 9-- 9--
9--- z9- ---    99 zz9-z9z9
z9 -z-

z
z
zzz

9
z
-9 zz9z9 
9

z9z
-9z

9
z9
z9z 
-
-
9
   
z9
9
9z 
z-
-9
 
  

---zz--zz
9
z


9z z 9z9 z zzzz
 --9
9- z-zz-z-9
  
zzz
  
 --
 
z9- 

9
9zz 9z9 zzzz 9-z z -- z-zz-

z
z
z 

z-z
9- z9

 
9z
 z 
z-9z9
9--99 9 
   
-
 -9
-z- 9



-
-
- 
-
zz-z-z9
 9-z-9
 
9 9

 
9-z-zz-
 -
-zzzz


-
-9z
-9z-zz 9 --9 
z-

9z-  

z

 99z -9z-zz- 9-z
z-
-9z

-z-z
--9 -z-9z -9z--z -9z-zz- -9z9
--z9 
- z-99-z99z
z 
9-zzz 
-9z
-99
9
z-

- 

-
 9  

9z9 -


9z9 9 z9-- 

 9z999 z 
z9
9   -   9
zz-z
 z-

 9
zz

99- 9
zz 9   z9 z 
  -
 -9--
-zz 9   z9 9 


zz-z
--
z
99
9zzz
 zz9-  9z--  99- 
9
-z-
-  9  z- 9
-
zz9-  9z--  99- 
z
9-9

99-

99-  -z9zzz -z9zz-z9 9z -9zz z9
9z999
z
--- z

  
  
- 9
- - -z9zzz -z9zz-z9 9z -9zz 
9-
zzz  -
 9999zz
 z99 -z9zzz -z9zz-z9 9z -9zz- z-
zz99-
zz-
-



-   z 
 --9- 
  9-z9  --9-

 

--zz-9

9
-z 9
 
 

-99 -9-99z9zzz99



 




z --9
-z
z


-

z-
-9z-
- -z9 --zz
--z9 99
-9  

  

 9-- 9--
9--- z9- ---    99 zz9-z9z9
z9 -z-

z
z
zzz

9
z
-9 zz9z9 
9

z9z
-9z

9
z9
z9z 
-
-
9
   
z9
9
9z 
z-
-9
 
  

---zz--zz
9
z


9z z 9z9 z zzzz
 --9
9- z-zz-z-9
  
zzz
  
 --
 
z9- 

9
9zz 9z9 zzzz 9-z z -- z-zz-

z
z
z 

z-z
9- z9

 
9z
 z 
z-9z9
9--99 9 
   
-
 -9
-z- 9



-
-
- 
-
zz-z-z9
 9-z-9
 
9 9

 
9-z-zz-
 -
-zzzz


-
-9z
-9z-zz 9 --9 
z-

9z-  

z

 99z -9z-zz- 9-z
z-
-9z

-z-z
--9 -z-9z -9z--z -9z-zz- -9z9
--z9 
- z-99-z99z
z 
9-zzz 
-9z
-99
9
z-

- 

-
 9  

9z9 -


9z9 9 z9-- 

 9z999 z 
z9
9   -   9
zz-z
 z-

 9
zz

99- 9
zz 9   z9 z 
  -
 -9--
-zz 9   z9 9 


zz-z
--
z
99
9zzz
 zz9-  9z--  99- 
9
-z-z  9  z- 9
-zz9-  9z--  99-9-
- -9--zz
9-9

99-

99-  -z9zzz -z9zz-z9 9z -9zz z9
9z999
z
--- z

  
  
- 9
- - -z9zzz -z9zz-z9 9z -9zz 
9-
zzz  -
 9999zz
 z99 -z9zzz -z9zz-z9 9z -9zz- z-
zz99-
zz-
-



-   z 
 --9- 
  9-z9  --9-

 

--zz-9

9
-z 9
 
 

-99 -9-99z9zzz99



 




z --9
-z
z


-

z-
-9z-
- -z9 --zz
--z9 99
-9  

  

 9-- 9--
9--- z9- ---    99 zz9-z9z9
z9 -z-

z
z
zzz

9
z
-9 zz9z9 
9

z9z
-9z

9
z9
z9z 
-
-
9
   
z9
9
9z 
z-
-9
 
  

---zz--zz
9
z


9z z 9z9 z zzzz
 --9
9- z-zz-z-9
  
zzz
  
 --
 
z9- 

9
9zz 9z9 zzzz 9-z z -- z-zz-

z
z
z 

z-z
9- z9

 
9z
 z 
z-9z9
9--99 9 
   
-
 -9
-z- 9



-
-
- 
-
zz-z-z9
 9-z-9
 
9 9

 
9-z-zz-
 -
-zzzz


-
-9z
-9z-zz 9 --9 
z-

9z-  

z

 99z -9z-zz- 9-z
z-
-9z

-z-z
--9 -z-9z -9z--z -9z-zz- -9z9
--z9 
- z-99-z99z
z 
9-zzz 
-9z
-99
9
z-

- 

-
 9  

9z9 -


9z9 9 z9-- 

 9z999 z 
z9
9   -   9
zz-z
 z-

 9
zz

99- 9
zz 9   z9 z 
  -
 -9--
-zz 9   z9 9 


zz-z
--
z
99
9zzz
 zz9-  9z--  99- 
9
-z-z  9  z- 9
-zz9-  9z--  99-9-z- z
9-9

99-

99-  -z9zzz -z9zz-z9 9z -9zz z9
9z999
z
--- z

  
  
- 9
- - -z9zzz -z9zz-z9 9z -9zz 
9-
zzz  -
 9999zz
 z99 -z9zzz -z9zz-z9 9z -9zz- z-
zz99-
zz-
-



-   z 
 --9- 
  9-z9  --9-

 

--zz-9

9
-z 9
 
 

-99 -9-99z9zzz99



 




z --9
-z
z


-

z-
-9z-
- -z9 --zz
--z9 99
-9  

  

 9-- 9--
9--- z9- ---    99 zz9-z9z9
z9 -z-

z
z
zzz

9
z
-9 zz9z9 
9

z9z
-9z

9
z9
z9z 
-
-
9
   
z9
9
9z 
z-
-9
 
  

---zz--zz
9
z


9z z 9z9 z zzzz
 --9
9- z-zz-z-9
  
zzz
  
 --
 
z9- 

9
9zz 9z9 zzzz 9-z z -- z-zz-

z
z
z 

z-z
9- z9

 
9z
 z 
z-9z9
9--99 9 
   
-
 -9
-z- 9



-
-
- 
-
zz-z-z9
 9-z-9
 
9 9

 
9-z-zz-
 -
-zzzz


-
-9z
-9z-zz 9 --9 
z-

9z-  

z

 99z -9z-zz- 9-z
z-
-9z

-z-z
--9 -z-9z -9z--z -9z-zz- -9z9
--z9 
- z-99-z99z
z 
9-zzz 
-9z
-99
9
z-

- 

-
 9  

9z9 -


9z9 9 z9-- 

 9z999 z 
z9
9   -   9
zz-z
 z-

 9
zz

99- 9
zz 9   z9 z 
  -
 -9--
-zz 9   z9 9 


zz-z
--
z
99
9zzz
 zz9-  9z--  99- 
9
-z-z  9  z- 9
-zz9-  9z--  99-9-z- 
zz9-  9z--  99-z
0
9-9

99-

99-  -z9zzz -z9zz-z9 9z -9zz z9
9z999
z
--- z

  
  
- 9
- - -z9zzz -z9zz-z9 9z -9zz 
9-
zzz  -
 9999zz
 z99 -z9zzz -z9zz-z9 9z -9zz- z-
zz99-
zz-
-



-   z 
 --9- 
  9-z9  --9-

 

--zz-9

9
-z 9
 
 

-99 -9-99z9zzz99



 




z --9
-z
z


-

z-
-9z-
- -z9 --zz
--z9 99
-9  

  

 9-- 9--
9--- z9- ---    99 zz9-z9z9
z9 -z-

z
z
zzz

9
z
-9 zz9z9 
9

z9z
-9z

9
z9
z9z 
-
-
9
   
z9
9
9z 
z-
-9
 
  

---zz--zz
9
z


9z z 9z9 z zzzz
 --9
9- z-zz-z-9
  
zzz
  
 --
 
z9- 

9
9zz 9z9 zzzz 9-z z -- z-zz-

z
z
z 

z-z
9- z9

 
9z
 z 
z-9z9
9--99 9 
   
-
 -9
-z- 9



-
-
- 
-
zz-z-z9
 9-z-9
 
9 9

 
9-z-zz-
 -
-zzzz


-
-9z
-9z-zz 9 --9 
z-

9z-  

z

 99z -9z-zz- 9-z
z-
-9z

-z-z
--9 -z-9z -9z--z -9z-zz- -9z9
--z9 
- z-99-z99z
z 
9-zzz 
-9z
-99
9
z-

- 

-
 9  

9z9 -


9z9 9 z9-- 

 9z999 z 
z9
9   -   9
zz-z
 z-

 9
zz

99- 9
zz 9   z9 z 
  -
 -9--
-zz 9   z9 9 


zz-z
--
z
99
9zzz
 zz9-  9z--  99- 
9
-z-z  9  z- 9

-z9zz9-  9z--  99-9-z - 
zz9-  9z--  99-99z 
9-9

99-

99-  -z9zzz -z9zz-z9 9z -9zz z9
9z999
z
--- z

  
  
- 9
- - -z9zzz -z9zz-z9 9z -9zz 
9-
zzz  -
 9999zz
 z99 -z9zzz -z9zz-z9 9z -9zz- z-
zz99-
zz-
-



-   z 
 --9- 
  9-z9  --9-

 

--zz-9

9
-z 9
 
 

-99 -9-99z9zzz99



 




z --9
-z
z


-

z-
-9z-
- -z9 --zz
--z9 99
-9  

  

 9-- 9--
9--- z9- ---    99 zz9-z9z9
z9 -z-

z
z
zzz

9
z
-9 zz9z9 
9

z9z
-9z

9
z9
z9z 
-
-
9
   
z9
9
9z 
z-
-9
 
  

---zz--zz
9
z


9z z 9z9 z zzzz
 --9
9- z-zz-z-9
  
zzz
  
 --
 
z9- 

9
9zz 9z9 zzzz 9-z z -- z-zz-

z
z
z 

z-z
9- z9

 
9z
 z 
z-9z9
9--99 9 
   
-
 -9
-z- 9



-
-
- 
-
zz-z-z9
 9-z-9
 
9 9

 
9-z-zz-
 -
-zzzz


-
-9z
-9z-zz 9 --9 
z-

9z-  

z

 99z -9z-zz- 9-z
z-
-9z

-z-z
--9 -z-9z -9z--z -9z-zz- -9z9
--z9 
- z-99-z99z
z 
9-zzz 
-9z
-99
9
z-

- 

-
 9  

9z9 -


9z9 9 z9-- 

 9z999 z 
z9
9   -   9
zz-z
 z-

 9
zz

99- 9
zz 9   z9 z 
  -
 -9--
-zz 9   z9 9 


zz-z
--
z
99
9zzz
 zz9-  9z--  99- 
9
-z-z  9  z- 9



9
zzz9-  9z--  99- zz z
9zz9-  9z--  99-9-z - 
zz9-  9z--  99-99z 
9-9

99-

99-  -z9zzz -z9zz-z9 9z -9zz z9
9z999
z
--- z

  
  
- 9
- - -z9zzz -z9zz-z9 9z -9zz 
9-
zzz  -
 9999zz
 z99 -z9zzz -z9zz-z9 9z -9zz- z-
zz99-
zz-
-



-   z 
 --9- 
  9-z9  --9-

 

--zz-9

9
-z 9
 
 

-99 -9-99z9zzz99



 




z --9
-z
z


-

z-
-9z-
- -z9 --zz
--z9 99
-9  

  

 9-- 9--
9--- z9- ---    99 zz9-z9z9
z9 -z-

z
z
zzz

9
z
-9 zz9z9 
9

z9z
-9z

9
z9
z9z 
-
-
9
   
z9
9
9z 
z-
-9
 
  

---zz--zz
9
z


9z z 9z9 z zzzz
 --9
9- z-zz-z-9
  
zzz
  
 --
 
z9- 

9
9zz 9z9 zzzz 9-z z -- z-zz-

z
z
z 

z-z
9- z9

 
9z
 z 
z-9z9
9--99 9 
   
-
 -9
-z- 9



-
-
- 
-
zz-z-z9
 9-z-9
 
9 9

 
9-z-zz-
 -
-zzzz


-
-9z
-9z-zz 9 --9 
z-

9z-  

z

 99z -9z-zz- 9-z
z-
-9z

-z-z
--9 -z-9z -9z--z -9z-zz- -9z9
--z9 
- z-99-z99z
z 
9-zzz 
-9z
-99
9
z-

- 

-
 9  

9z9 -


9z9 9 z9-- 

 9z999 z 
z9
9   -   9
zz-z
 z-

 9
zz

99- 9
zz 9   z9 z 
  -
 -9--
-zz 9   z9 9 


zz-z
--
z
99
9zzz
 zz9-  9z--  99- 
9
-z-z  9  z- 9



9
zzz9-  9z--  99- zz z
9zz9-  9z--  99-9-z -
z9
zz - 
9-zz
9 
9-9

99-

99-  -z9zzz -z9zz-z9 9z -9zz z9
9z999
z
--- z

  
  
- 9
- - -z9zzz -z9zz-z9 9z -9zz 
9-
zzz  -
 9999zz
 z99 -z9zzz -z9zz-z9 9z -9zz- z-
zz99-
zz-
-



-   z 
 --9- 
  9-z9  --9-

 

--zz-9

9
-z 9
 
 

-99 -9-99z9zzz99



 




z --9
-z
z


-

z-
-9z-
- -z9 --zz
--z9 99
-9  

  

 9-- 9--
9--- z9- ---    99 zz9-z9z9
z9 -z-

z
z
zzz

9
z
-9 zz9z9 
9

z9z
-9z

9
z9
z9z 
-
-
9
   
z9
9
9z 
z-
-9
 
  

---zz--zz
9
z


9z z 9z9 z zzzz
 --9
9- z-zz-z-9
  
zzz
  
 --
 
z9- 

9
9zz 9z9 zzzz 9-z z -- z-zz-

z
z
z 

z-z
9- z9

 
9z
 z 
z-9z9
9--99 9 
   
-
 -9
-z- 9



-
-
- 
-
zz-z-z9
 9-z-9
 
9 9

 
9-z-zz-
 -
-zzzz


-
-9z
-9z-zz 9 --9 
z-

9z-  

z

 99z -9z-zz- 9-z
z-
-9z

-z-z
--9 -z-9z -9z--z -9z-zz- -9z9
--z9 
- z-99-z99z
z 
9-zzz 
-9z
-99
9
z-

- 

-
 9  

9z9 -


9z9 9 z9-- 

 9z999 z 
z9
9   -   9
zz-z
 z-

 9
zz

99- 9
zz 9   z9 z 
  -
 -9--
-zz 9   z9 9 


zz-z
--
z
99
9zzz
 zz9-  9z--  99- 
9
-z-z  9  z- 9



9
zzz9-  9z--  99- zz z
9zz9-  9z--  99-9-z -
z9
zz - 
9-zz

 
610
36
9-9

99-

99-  -z9zzz -z9zz-z9 9z -9zz z9
9z999
z
--- z

  
  
- 9
- - -z9zzz -z9zz-z9 9z -9zz 
9-
zzz  -
 9999zz
 z99 -z9zzz -z9zz-z9 9z -9zz- z-
zz99-
zz-
-



-   z 
 --9- 
  9-z9  --9-

 

--zz-9

9
-z 9
 
 

-99 -9-99z9zzz99



 




z --9
-z
z


-

z-
-9z-
- -z9 --zz
--z9 99
-9  

  

 9-- 9--
9--- z9- ---    99 zz9-z9z9
z9 -z-

z
z
zzz

9
z
-9 zz9z9 
9

z9z
-9z

9
z9
z9z 
-
-
9
   
z9
9
9z 
z-
-9
 
  

---zz--zz
9
z


9z z 9z9 z zzzz
 --9
9- z-zz-z-9
  
zzz
  
 --
 
z9- 

9
9zz 9z9 zzzz 9-z z -- z-zz-

z
z
z 

z-z
9- z9

 
9z
 z 
z-9z9
9--99 9 
   
-
 -9
-z- 9



-
-
- 
-
zz-z-z9
 9-z-9
 
9 9

 
9-z-zz-
 -
-zzzz


-
-9z
-9z-zz 9 --9 
z-

9z-  

z

 99z -9z-zz- 9-z
z-
-9z

-z-z
--9 -z-9z -9z--z -9z-zz- -9z9
--z9 
- z-99-z99z
z 
9-zzz 
-9z
-99
9
z-

- 

-
 9  

9z9 -


9z9 9 z9-- 

 9z999 z 
z9
9   -   9
zz-z
 z-

 9
zz

99- 9
zz 9   z9 z 
  -
 -9--
-zz 9   z9 9 


zz-z
--
z
99
9zzz
 zz9-  9z--  99- 
9
-z-z  9  z- 9



9
zzz9-  9z--  99- zz z
9zz9-  9z--  99-9-z -
z9
zz - 
9-zz

9  -99
-
9-9--z
9-9

99-

99-  -z9zzz -z9zz-z9 9z -9zz z9
9z999
z
--- z

  
  
- 9
- - -z9zzz -z9zz-z9 9z -9zz 
9-
zzz  -
 9999zz
 z99 -z9zzz -z9zz-z9 9z -9zz- z-
zz99-
zz-
-



-   z 
 --9- 
  9-z9  --9-

 

--zz-9

9
-z 9
 
 

-99 -9-99z9zzz99



 




z --9
-z
z


-

z-
-9z-
- -z9 --zz
--z9 99
-9  

  

 9-- 9--
9--- z9- ---    99 zz9-z9z9
z9 -z-

z
z
zzz

9
z
-9 zz9z9 
9

z9z
-9z

9
z9
z9z 
-
-
9
   
z9
9
9z 
z-
-9
 
  

---zz--zz
9
z


9z z 9z9 z zzzz
 --9
9- z-zz-z-9
  
zzz
  
 --
 
z9- 

9
9zz 9z9 zzzz 9-z z -- z-zz-

z
z
z 

z-z
9- z9

 
9z
 z 
z-9z9
9--99 9 
   
-
 -9
-z- 9



-
-
- 
-
zz-z-z9
 9-z-9
 
9 9

 
9-z-zz-
 -
-zzzz


-
-9z
-9z-zz 9 --9 
z-

9z-  

z

 99z -9z-zz- 9-z
z-
-9z

-z-z
--9 -z-9z -9z--z -9z-zz- -9z9
--z9 
- z-99-z99z
z 
9-zzz 
-9z
-99
9
z-

- 

-
 9  

9z9 -


9z9 9 z9-- 

 9z999 z 
z9
9   -   9
zz-z
 z-

 9
zz

99- 9
zz 9   z9 z 
  -
 -9--
-zz 9   z9 9 


zz-z
--
z
99
9zzz
 zz9-  9z--  99- 
9
-z-z  9  z- 9



9
zzz9-  9z--  99- zz z
9zz9-  9z--  99-9-z -
z9
zz - 
-
99-9-zz- z9
-
z-

9-9

99-

99-  -z9zzz -z9zz-z9 9z -9zz z9
9z999
z
--- z

  
  
- 9
- - -z9zzz -z9zz-z9 9z -9zz 
9-
zzz  -
 9999zz
 z99 -z9zzz -z9zz-z9 9z -9zz- z-
zz99-
zz-
-



-   z 
 --9- 
  9-z9  --9-

 

--zz-9

9
-z 9
 
 

-99 -9-99z9zzz99



 




z --9
-z
z


-

z-
-9z-
- -z9 --zz
--z9 99
-9  

  

 9-- 9--
9--- z9- ---    99 zz9-z9z9
z9 -z-

z
z
zzz

9
z
-9 zz9z9 
9

z9z
-9z

9
z9
z9z 
-
-
9
   
z9
9
9z 
z-
-9
 
  

---zz--zz
9
z


9z z 9z9 z zzzz
 --9
9- z-zz-z-9
  
zzz
  
 --
 
z9- 

9
9zz 9z9 zzzz 9-z z -- z-zz-

z
z
z 

z-z
9- z9

 
9z
 z 
z-9z9
9--99 9 
   
-
 -9
-z- 9



-
-
- 
-
zz-z-z9
 9-z-9
 
9 9

 
9-z-zz-
 -
-zzzz


-
-9z
-9z-zz 9 --9 
z-

9z-  

z

 99z -9z-zz- 9-z
z-
-9z

-z-z
--9 -z-9z -9z--z -9z-zz- -9z9
--z9 
- z-99-z99z
z 
9-zzz 
-9z
-99
9
z-

- 

-
 9  

9z9 -


9z9 9 z9-- 

 9z999 z 
z9
9   -   9
zz-z
 z-

 9
zz

99- 9
zz 9   z9 z 
  -
 -9--
-zz 9   z9 9 


zz-z
--
z
99
9zzz
 zz9-  9z--  99- 
9
-z-z  9  z- 9



9
zzz9-  9z--  99- zz z
9zz9-  9z--  99-9-z -
z9
zz - 
-
99-9-zz- z9
-
z-
-
-9 9z-
622
632
9-9

99-

99-  -z9zzz -z9zz-z9 9z -9zz z9
9z999
z
--- z

  
  
- 9
- - -z9zzz -z9zz-z9 9z -9zz 
9-
zzz  -
 9999zz
 z99 -z9zzz -z9zz-z9 9z -9zz- z-
zz99-
zz-
-



-   z 
 --9- 
  9-z9  --9-

 

--zz-9

9
-z 9
 
 

-99 -9-99z9zzz99



 




z --9
-z
z


-

z-
-9z-
- -z9 --zz
--z9 99
-9  

  

 9-- 9--
9--- z9- ---    99 zz9-z9z9
z9 -z-

z
z
zzz

9
z
-9 zz9z9 
9

z9z
-9z

9
z9
z9z 
-
-
9
   
z9
9
9z 
z-
-9
 
  

---zz--zz
9
z


9z z 9z9 z zzzz
 --9
9- z-zz-z-9
  
zzz
  
 --
 
z9- 

9
9zz 9z9 zzzz 9-z z -- z-zz-

z
z
z 

z-z
9- z9

 
9z
 z 
z-9z9
9--99 9 
   
-
 -9
-z- 9



-
-
- 
-
zz-z-z9
 9-z-9
 
9 9

 
9-z-zz-
 -
-zzzz


-
-9z
-9z-zz 9 --9 
z-

9z-  

z

 99z -9z-zz- 9-z
z-
-9z

-z-z
--9 -z-9z -9z--z -9z-zz- -9z9
--z9 
- z-99-z99z
z 
9-zzz 
-9z
-99
9
z-

- 

-
 9  

9z9 -


9z9 9 z9-- 

 9z999 z 
z9
9   -   9
zz-z
 z-

 9
zz

99- 9
zz 9   z9 z 
  -
 -9--
-zz 9   z9 9 


zz-z
--
z
99
9zzz
 zz9-  9z--  99- 
9
-z-z  9  z- 9



9
zzz9-  9z--  99- zz z
9zz9-  9z--  99-9-z -
z9
zz - 
-
99-9-zz- z9
-
z-
---9 z-
 
z
----z9- 99z
z
4
9-9

99-

99-  -z9zzz -z9zz-z9 9z -9zz z9
9z999
z
--- z

  
  
- 9
- - -z9zzz -z9zz-z9 9z -9zz 
9-
zzz  -
 9999zz
 z99 -z9zzz -z9zz-z9 9z -9zz- z-
zz99-
zz-
-



-   z 
 --9- 
  9-z9  --9-

 

--zz-9

9
-z 9
 
 

-99 -9-99z9zzz99



 




z --9
-z
z


-

z-
-9z-
- -z9 --zz
--z9 99
-9  

  

 9-- 9--
9--- z9- ---    99 zz9-z9z9
z9 -z-

z
z
zzz

9
z
-9 zz9z9 
9

z9z
-9z

9
z9
z9z 
-
-
9
   
z9
9
9z 
z-
-9
 
  

---zz--zz
9
z


9z z 9z9 z zzzz
 --9
9- z-zz-z-9
  
zzz
  
 --
 
z9- 

9
9zz 9z9 zzzz 9-z z -- z-zz-

z
z
z 

z-z
9- z9

 
9z
 z 
z-9z9
9--99 9 
   
-
 -9
-z- 9



-
-
- 
-
zz-z-z9
 9-z-9
 
9 9

 
9-z-zz-
 -
-zzzz


-
-9z
-9z-zz 9 --9 
z-

9z-  

z

 99z -9z-zz- 9-z
z-
-9z

-z-z
--9 -z-9z -9z--z -9z-zz- -9z9
--z9 
- z-99-z99z
z 
9-zzz 
-9z
-99
9
z-

- 

-
 9  

9z9 -


9z9 9 z9-- 

 9z999 z 
z9
9   -   9
zz-z
 z-

 9
zz

99- 9
zz 9   z9 z 
  -
 -9--
-zz 9   z9 9 


zz-z
--
z
99
9zzz
 zz9-  9z--  99- 
9
-z-z  9  z- 9



9
zzz9-  9z--  99- zz z
9zz9-  9z--  99-9-z -
z9
zz - 
-
99-9-zz- z9
-
z-
---9 z-
 
z
--z9- 99zz-9 
--z9- 99z
z
9-9

99-

99-  -z9zzz -z9zz-z9 9z -9zz z9
9z999
z
--- z

  
  
- 9
- - -z9zzz -z9zz-z9 9z -9zz 
9-
zzz  -
 9999zz
 z99 -z9zzz -z9zz-z9 9z -9zz- z-
zz99-
zz-
-



-   z 
 --9- 
  9-z9  --9-

 

--zz-9

9
-z 9
 
 

-99 -9-99z9zzz99



 




z --9
-z
z


-

z-
-9z-
- -z9 --zz
--z9 99
-9  

  

 9-- 9--
9--- z9- ---    99 zz9-z9z9
z9 -z-

z
z
zzz

9
z
-9 zz9z9 
9

z9z
-9z

9
z9
z9z 
-
-
9
   
z9
9
9z 
z-
-9
 
  

---zz--zz
9
z


9z z 9z9 z zzzz
 --9
9- z-zz-z-9
  
zzz
  
 --
 
z9- 

9
9zz 9z9 zzzz 9-z z -- z-zz-

z
z
z 

z-z
9- z9

 
9z
 z 
z-9z9
9--99 9 
   
-
 -9
-z- 9



-
-
- 
-
zz-z-z9
 9-z-9
 
9 9

 
9-z-zz-
 -
-zzzz


-
-9z
-9z-zz 9 --9 
z-

9z-  

z

 99z -9z-zz- 9-z
z-
-9z

-z-z
--9 -z-9z -9z--z -9z-zz- -9z9
--z9 
- z-99-z99z
z 
9-zzz 
-9z
-99
9
z-

- 

-
 9  

9z9 -


9z9 9 z9-- 

 9z999 z 
z9
9   -   9
zz-z
 z-

 9
zz

99- 9
zz 9   z9 z 
  -
 -9--
-zz 9   z9 9 


zz-z
--
z
99
9zzz
 zz9-  9z--  99- 
9
-z-z  9  z- 9



9
zzz9-  9z--  99- zz z
9zz9-  9z--  99-9-z -
z9
zz - 
-
99-9-zz- z9
-
z-
---9 z-
 
z
--z9- 99zz-9 
9
9zz-z9- 99z
z
9
20
9-9

99-

99-  -z9zzz -z9zz-z9 9z -9zz z9
9z999
z
--- z

  
  
- 9
- - -z9zzz -z9zz-z9 9z -9zz 
9-
zzz  -
 9999zz
 z99 -z9zzz -z9zz-z9 9z -9zz- z-
zz99-
zz-
-



-   z 
 --9- 
  9-z9  --9-

 

--zz-9

9
-z 9
 
 

-99 -9-99z9zzz99



 




z --9
-z
z


-

z-
-9z-
- -z9 --zz
--z9 99
-9  

  

 9-- 9--
9--- z9- ---    99 zz9-z9z9
z9 -z-

z
z
zzz

9
z
-9 zz9z9 
9

z9z
-9z

9
z9
z9z 
-
-
9
   
z9
9
9z 
z-
-9
 
  

---zz--zz
9
z


9z z 9z9 z zzzz
 --9
9- z-zz-z-9
  
zzz
  
 --
 
z9- 

9
9zz 9z9 zzzz 9-z z -- z-zz-

z
z
z 

z-z
9- z9

 
9z
 z 
z-9z9
9--99 9 
   
-
 -9
-z- 9



-
-
- 
-
zz-z-z9
 9-z-9
 
9 9

 
9-z-zz-
 -
-zzzz


-
-9z
-9z-zz 9 --9 
z-

9z-  

z

 99z -9z-zz- 9-z
z-
-9z

-z-z
--9 -z-9z -9z--z -9z-zz- -9z9
--z9 
- z-99-z99z
z 
9-zzz 
-9z
-99
9
z-

- 

-
 9  

9z9 -


9z9 9 z9-- 

 9z999 z 
z9
9   -   9
zz-z
 z-

 9
zz

99- 9
zz 9   z9 z 
  -
 -9--
-zz 9   z9 9 


zz-z
--
z
99
9zzz
 zz9-  9z--  99- 
9
-z-z  9  z- 9



9
zzz9-  9z--  99- zz z
9zz9-  9z--  99-9-z -
z9
zz - 
-
99-9-zz- z9
-
z-
---9 z-
 
z
--z9- 99zz-9 
9


9
9zz-z9- 99z
zz
 -z9- 99z

9 9zz-z9- 99z
z


9-9

99-

99-  -z9zzz -z9zz-z9 9z -9zz z9
9z999
z
--- z

  
  
- 9
- - -z9zzz -z9zz-z9 9z -9zz 
9-
zzz  -
 9999zz
 z99 -z9zzz -z9zz-z9 9z -9zz- z-
zz99-
zz-
-



-   z 
 --9- 
  9-z9  --9-

 

--zz-9

9
-z 9
 
 

-99 -9-99z9zzz99



 




z --9
-z
z


-

z-
-9z-
- -z9 --zz
--z9 99
-9  

  

 9-- 9--
9--- z9- ---    99 zz9-z9z9
z9 -z-

z
z
zzz

9
z
-9 zz9z9 
9

z9z
-9z

9
z9
z9z 
-
-
9
   
z9
9
9z 
z-
-9
 
  

---zz--zz
9
z


9z z 9z9 z zzzz
 --9
9- z-zz-z-9
  
zzz
  
 --
 
z9- 

9
9zz 9z9 zzzz 9-z z -- z-zz-

z
z
z 

z-z
9- z9

 
9z
 z 
z-9z9
9--99 9 
   
-
 -9
-z- 9



-
-
- 
-
zz-z-z9
 9-z-9
 
9 9

 
9-z-zz-
 -
-zzzz


-
-9z
-9z-zz 9 --9 
z-

9z-  

z

 99z -9z-zz- 9-z
z-
-9z

-z-z
--9 -z-9z -9z--z -9z-zz- -9z9
--z9 
- z-99-z99z
z 
9-zzz 
-9z
-99
9
z-

- 

-
 9  

9z9 -


9z9 9 z9-- 

 9z999 z 
z9
9   -   9
zz-z
 z-

 9
zz

99- 9
zz 9   z9 z 
  -
 -9--
-zz 9   z9 9 


zz-z
--
z
99
9zzz
 zz9-  9z--  99- 
9
-z-z  9  z- 9



9
zzz9-  9z--  99- zz z
9zz9-  9z--  99-9-z -
z9
zz - 
-
99-9-zz- z9
-
z-
---9 z-
 
z
--z9- 99zz-9 
9


9 


9zz-z9- 99z
zz
 -z9- 99z

9 9zz-z9- 99z
z


9-9

99-

99-  -z9zzz -z9zz-z9 9z -9zz z9
9z999
z
--- z

  
  
- 9
- - -z9zzz -z9zz-z9 9z -9zz 
9-
zzz  -
 9999zz
 z99 -z9zzz -z9zz-z9 9z -9zz- z-
zz99-
zz-
-



-   z 
 --9- 
  9-z9  --9-

 

--zz-9

9
-z 9
 
 

-99 -9-99z9zzz99



 




z --9
-z
z


-

z-
-9z-
- -z9 --zz
--z9 99
-9  

  

 9-- 9--
9--- z9- ---    99 zz9-z9z9
z9 -z-

z
z
zzz

9
z
-9 zz9z9 
9

z9z
-9z

9
z9
z9z 
-
-
9
   
z9
9
9z 
z-
-9
 
  

---zz--zz
9
z


9z z 9z9 z zzzz
 --9
9- z-zz-z-9
  
zzz
  
 --
 
z9- 

9
9zz 9z9 zzzz 9-z z -- z-zz-

z
z
z 

z-z
9- z9

 
9z
 z 
z-9z9
9--99 9 
   
-
 -9
-z- 9



-
-
- 
-
zz-z-z9
 9-z-9
 
9 9

 
9-z-zz-
 -
-zzzz


-
-9z
-9z-zz 9 --9 
z-

9z-  

z

 99z -9z-zz- 9-z
z-
-9z

-z-z
--9 -z-9z -9z--z -9z-zz- -9z9
--z9 
- z-99-z99z
z 
9-zzz 
-9z
-99
9
z-

- 

-
 9  

9z9 -


9z9 9 z9-- 

 9z999 z 
z9
9   -   9
zz-z
 z-

 9
zz

99- 9
zz 9   z9 z 
  -
 -9--
-zz 9   z9 9 


zz-z
--
z
99
9zzz
 zz9-  9z--  99- 
9
-z-z  9  z- 9



9
zzz9-  9z--  99- zz z
9zz9-  9z--  99-9-z -
z9
zz - 
-
99-9-zz- z9
-
z-
---9 z-
 
z
--z9- 99zz-9 
9


9 

9
9zz-z9- 99z
-9-z9- 99z9 
zz

 9--z9- 99z

z
9 9zz-z9- 99z
z


9-9

99-

99-  -z9zzz -z9zz-z9 9z -9zz z9
9z999
z
--- z

  
  
- 9
- - -z9zzz -z9zz-z9 9z -9zz 
9-
zzz  -
 9999zz
 z99 -z9zzz -z9zz-z9 9z -9zz- z-
zz99-
zz-
-



-   z 
 --9- 
  9-z9  --9-

 

--zz-9

9
-z 9
 
 

-99 -9-99z9zzz99



 




z --9
-z
z


-

z-
-9z-
- -z9 --zz
--z9 99
-9  

  

 9-- 9--
9--- z9- ---    99 zz9-z9z9
z9 -z-

z
z
zzz

9
z
-9 zz9z9 
9

z9z
-9z

9
z9
z9z 
-
-
9
   
z9
9
9z 
z-
-9
 
  

---zz--zz
9
z


9z z 9z9 z zzzz
 --9
9- z-zz-z-9
  
zzz
  
 --
 
z9- 

9
9zz 9z9 zzzz 9-z z -- z-zz-

z
z
z 

z-z
9- z9

 
9z
 z 
z-9z9
9--99 9 
   
-
 -9
-z- 9



-
-
- 
-
zz-z-z9
 9-z-9
 
9 9

 
9-z-zz-
 -
-zzzz


-
-9z
-9z-zz 9 --9 
z-

9z-  

z

 99z -9z-zz- 9-z
z-
-9z

-z-z
--9 -z-9z -9z--z -9z-zz- -9z9
--z9 
- z-99-z99z
z 
9-zzz 
-9z
-99
9
z-

- 

-
 9  

9z9 -


9z9 9 z9-- 

 9z999 z 
z9
9   -   9
zz-z
 z-

 9
zz

99- 9
zz 9   z9 z 
  -
 -9--
-zz 9   z9 9 


zz-z
--
z
99
9zzz
 zz9-  9z--  99- 
9
-z-z  9  z- 9



9
zzz9-  9z--  99- zz z
9zz9-  9z--  99-9-z -
z9
zz - 
-
99-9-zz- z9
-
z-
---9 z-
 
z
--z9- 99zz-9 
9


9 

9
9zz-z9- 99z
-9-z9- 99z9 
zz

 9--z9- 99z

z
9z 9 9zz-z9- 99z
z


9-9

99-

99-  -z9zzz -z9zz-z9 9z -9zz z9
9z999
z
--- z

  
  
- 9
- - -z9zzz -z9zz-z9 9z -9zz 
9-
zzz  -
 9999zz
 z99 -z9zzz -z9zz-z9 9z -9zz- z-
zz99-
zz-
-



-   z 
 --9- 
  9-z9  --9-

 

--zz-9

9
-z 9
 
 

-99 -9-99z9zzz99



 




z --9
-z
z


-

z-
-9z-
- -z9 --zz
--z9 99
-9  

  

 9-- 9--
9--- z9- ---    99 zz9-z9z9
z9 -z-

z
z
zzz

9
z
-9 zz9z9 
9

z9z
-9z

9
z9
z9z 
-
-
9
   
z9
9
9z 
z-
-9
 
  

---zz--zz
9
z


9z z 9z9 z zzzz
 --9
9- z-zz-z-9
  
zzz
  
 --
 
z9- 

9
9zz 9z9 zzzz 9-z z -- z-zz-

z
z
z 

z-z
9- z9

 
9z
 z 
z-9z9
9--99 9 
   
-
 -9
-z- 9



-
-
- 
-
zz-z-z9
 9-z-9
 
9 9

 
9-z-zz-
 -
-zzzz


-
-9z
-9z-zz 9 --9 
z-

9z-  

z

 99z -9z-zz- 9-z
z-
-9z

-z-z
--9 -z-9z -9z--z -9z-zz- -9z9
--z9 
- z-99-z99z
z 
9-zzz 
-9z
-99
9
z-

- 

-
 9  

9z9 -


9z9 9 z9-- 

 9z999 z 
z9
9   -   9
zz-z
 z-

 9
zz

99- 9
zz 9   z9 z 
  -
 -9--
-zz 9   z9 9 


zz-z
--
z
99
9zzz
 zz9-  9z--  99- 
9
-z-z  9  z- 9



9
zzz9-  9z--  99- zz z
9zz9-  9z--  99-9-z -
z9
zz - 
-
99-9-zz- z9
-
z-
---9 z-
 
z
--z9- 99zz-9 
9


9 

9
9zz-z9- 99z
-9-z9- 99z9 
zz

 9--z9- 99z

z
z-z 9 9zz-z9- 99z
9z


9-9

99-

99-  -z9zzz -z9zz-z9 9z -9zz z9
9z999
z
--- z

  
  
- 9
- - -z9zzz -z9zz-z9 9z -9zz 
9-
zzz  -
 9999zz
 z99 -z9zzz -z9zz-z9 9z -9zz- z-
zz99-
zz-
-



-   z 
 --9- 
  9-z9  --9-

 

--zz-9

9
-z 9
 
 

-99 -9-99z9zzz99



 




z --9
-z
z


-

z-
-9z-
- -z9 --zz
--z9 99
-9  

  

 9-- 9--
9--- z9- ---    99 zz9-z9z9
z9 -z-

z
z
zzz

9
z
-9 zz9z9 
9

z9z
-9z

9
z9
z9z 
-
-
9
   
z9
9
9z 
z-
-9
 
  

---zz--zz
9
z


9z z 9z9 z zzzz
 --9
9- z-zz-z-9
  
zzz
  
 --
 
z9- 

9
9zz 9z9 zzzz 9-z z -- z-zz-

z
z
z 

z-z
9- z9

 
9z
 z 
z-9z9
9--99 9 
   
-
 -9
-z- 9



-
-
- 
-
zz-z-z9
 9-z-9
 
9 9

 
9-z-zz-
 -
-zzzz


-
-9z
-9z-zz 9 --9 
z-

9z-  

z

 99z -9z-zz- 9-z
z-
-9z

-z-z
--9 -z-9z -9z--z -9z-zz- -9z9
--z9 
- z-99-z99z
z 
9-zzz 
-9z
-99
9
z-

- 

-
 9  

9z9 -


9z9 9 z9-- 

 9z999 z 
z9
9   -   9
zz-z
 z-

 9
zz

99- 9
zz 9   z9 z 
  -
 -9--
-zz 9   z9 9 


zz-z
--
z
99
9zzz
 zz9-  9z--  99- 
9
-z-z  9  z- 9



9
zzz9-  9z--  99- zz z
9zz9-  9z--  99-9-z -
z9
zz - 
-
99-9-zz- z9
-
z-
---9 z-
 
z
--z9- 99zz-9 
9


9 

9
9zz-z9- 99z
-9-z9- 99z9 
zz

 9--z9- 99z

z
zz 9 9zz-z9- 99z
9z


9-9

99-

99-  -z9zzz -z9zz-z9 9z -9zz z9
9z999
z
--- z

  
  
- 9
- - -z9zzz -z9zz-z9 9z -9zz 
9-
zzz  -
 9999zz
 z99 -z9zzz -z9zz-z9 9z -9zz- z-
zz99-
zz-
-



-   z 
 --9- 
  9-z9  --9-

 

--zz-9

9
-z 9
 
 

-99 -9-99z9zzz99



 




z --9
-z
z


-

z-
-9z-
- -z9 --zz
--z9 99
-9  

  

 9-- 9--
9--- z9- ---    99 zz9-z9z9
z9 -z-

z
z
zzz

9
z
-9 zz9z9 
9

z9z
-9z

9
z9
z9z 
-
-
9
   
z9
9
9z 
z-
-9
 
  

---zz--zz
9
z


9z z 9z9 z zzzz
 --9
9- z-zz-z-9
  
zzz
  
 --
 
z9- 

9
9zz 9z9 zzzz 9-z z -- z-zz-

z
z
z 

z-z
9- z9

 
9z
 z 
z-9z9
9--99 9 
   
-
 -9
-z- 9



-
-
- 
-
zz-z-z9
 9-z-9
 
9 9

 
9-z-zz-
 -
-zzzz


-
-9z
-9z-zz 9 --9 
z-

9z-  

z

 99z -9z-zz- 9-z
z-
-9z

-z-z
--9 -z-9z -9z--z -9z-zz- -9z9
--z9 
- z-99-z99z
z 
9-zzz 
-9z
-99
9
z-

- 

-
 9  

9z9 -


9z9 9 z9-- 

 9z999 z 
z9
9   -   9
zz-z
 z-

 9
zz

99- 9
zz 9   z9 z 
  -
 -9--
-zz 9   z9 9 


zz-z
--
z
99
9zzz
 zz9-  9z--  99- 
9
-z-z  9  z- 9



9
zzz9-  9z--  99- zz z
9zz9-  9z--  99-9-z -
z9
zz - 
-
99-9-zz- z9
-
z-
---9 z-
 
z
--z9- 99zz-9 
9


9 

9
9zz-z9- 99z
-9-z9- 99z9 
zz

 9--z9- 99z

z
-
9 -
- 9 9zz-z9- 99z --9
 zz z
 
9z


