5

.77.7Y
1
 .Yee7Y
0
 . Y7e4Yi

0
 . Y7e4Yi
Y4.

0
12
30
0
 . Y7e4Yi
Y47ee.i

7e 4
7. Y YY7 Y

.i
Ye i 44iYi  ie4i
38
 . Y7e4Yi
Y47ee.i

7e 4
7. Y YY7 Y
.
7
Ye i 44iYi  ie4i
40
 . Y7e4Yi
Y47ee.i

7e 4
7. Y YY7 Y
.
4
7
ii
e.iY

iYi.Y
eYY7i7Yie i 44iYi  ie4i
1
101
106
 . Y7e4Yi
Y47ee.i

7e 4
7. Y YY7 Y
.
4
7
ii
e. 4

eY.  
4Y4
eY4
eie.iiYi.Y
eYY7i7Yie i
.7.

.7.7. 
 44ie74ei .Ye
7

i. 44eeYi4..iYe


.i
 . Y7e4Yi
Y47ee.i

7e 4
7. Y YY7 Y
.
4
7
ii
e. 4

eY.  
4Y4
eY4
eie.iiYi.Y
eYY7i7Yie i
.7.

.7.7. 
 44ie74ei .Ye
7

i. 44eeYi4..iYe


.i
 . Y7e4Yi
Y47ee.i

7e 4
7. Y YY7 Y
.
4
7
ii
e. 4

eY.  
4Y4
eY4
eie.iiYi.Y
eYY7i7Yie i
.7.

.7.7. 
 44ie74ei .Ye
7

i. 44eeYi4..iYe

4ii. ei.
 .74e7e7YeiiY.Y .
120
 . Y7e4Yi
Y47ee.i

7e 4
7. Y YY7 Y
.
4
7
ii
e. 4

eY.  
4Y4
eY4
eie.iiYi.Y
eYY7i7Yie i
.7.

.7.7. 
 44ie74ei .Ye
7

i. 44eeYi4..iYe

Y.4
4i.  i. ei.
 .74e7e7YeiiY.Y .
15
 . Y7e4Yi
Y47ee.i

7e 4
7. Y YY7 Y
.
4
7
ii
e. 4

eY.  
4Y4
eY4
eie.iiYi.Y
eYY7i7Yie i
.7.

.7.7. 
 44ie74ei .Ye
7

7ie.Y
Y.4
4i.  i. ei.
 .74e7e7YeiiY.Y .
0
117
 . Y7e4Yi
Y47ee.i

7e 4
7. Y YY7 Y
.
4
7
ii
e. 4

eY.  
4Y4
eY4
eie.iiYi.Y
eYY7i7Yie i
.7.

.7.7. 
 44ie74ei .Ye
7
7.
 e4Y4
7
YY
4Y74 Ye
Y.4
4i.  i. ei.
 .74e7e7YeiiY.Y .
0
142
 . Y7e4Yi
Y47ee.i

7e 4
7. Y YY7 Y
.
4
7
ii
e. 4

eY.  
4Y4
eY4
eie.iiYi.Y
eYY7i7Yie i
.7.

.7.7. 
 44ie74ei .Ye
7
7.
 e4Y4
7
YY
4Yei
 4Y7i. 44eeYi4..iYe.

774 Ye

44e.4
e
i

4i.  i. ei.
 .74e7e7YeiiY.Y .
 . Y7e4Yi
Y47ee.i

7e 4
7. Y YY7 Y
.
4
7
ii
e. 4

eY.  
4Y4
eY4
eie.iiYi.Y
eYY7i7Yie i
.7.

.7.7. 
 44ie74ei .Ye
7
7.
 e4Y4
7
YY
4Yei
 4Y7i. 44eeYi4..iYe.

774 Ye

44e.4
e
i

47i. 44eeYi4..iYe4i.  i. ei.
 .74e7e7YeiiY.Y .
178
 . Y7e4Yi
Y47ee.i

7e 4
7. Y YY7 Y
.
4
7
ii
e. 4

eY.  
4Y4
eY4
eie.iiYi.Y
eYY7i7Yie i
.7.

.7.7. 
 44ie74ei .Ye
7
7.
 e4Y4
7
YY
4Yei
 4Y7i. 44eeYi4..iYe.

774 Ye

44e.4
e
i

. 44eeYi4..iY7i. 44eeYi4..iYee
4i.  i. ei.e  YieY474e7e7YeiiY.Y .
183
216
249
 . Y7e4Yi
Y47ee.i

7e 4
7. Y YY7 Y
.
4
7
ii
e. 4

eY.  
4Y4
eY4
eie.iiYi.Y
eYY7i7Yie i
.7.

.7.7. 
 44ie74ei .Ye
7
7.
 e4Y4
7
YY
4Yei
 4Y7i. 44eeYi4..iYe.

774 Ye

44e.4
e
i

i. 44eeYi4..iY7i. 44eeYi4..iYee
4i.  i. ei.e  YieY474e7e7YeiiY.Y .Y Y7
 4e.4Y.44i.  i. ei.e  YieY474e7e7YeiiY.Y .Y Y
4i.  i. ei.e  YieY474e7e7YeiiY.  i7
 . Y7e4Yi
Y47ee.i

7e 4
7. Y YY7 Y
.
4
7
ii
e. 4

eY.  
4Y4
eY4
eie.iiYi.Y
eYY7i7Yie i
.7.

.7.7. 
 44ie74ei .Ye
7
7.
 e4Y4
7
YY
4Yei
 4Y7i. 44eeYi4..iYe.

774 Ye

44e.4
e
i

i. 44eeYi4..iY7i. 44eeYi4..iYee
4i.  i. ei.e  YieY474e7e7YeiiY.Y .Y Y7

4i4Y7i  i. ei.e  YieY474e7e7YeiiY.  i7
1
47
 . Y7e4Yi
Y47ee.i

7e 4
7. Y YY7 Y
.
4
7
ii
e. 4

eY.  
4Y4
eY4
eie.iiYi.Y
eYY7i7Yie i
.7.

.7.7. 
 44ie74ei .Ye
7
7.
 e4Y4
7
YY
4Yei
 4Y7i. 44eeYi4..iYe.

774 Ye

44e.4
e
i

i. 44eeYi4..iY7i. 44eeYi4..iYee
4i.  i. ei.e  YieY474e7e7YeiiY.Y .Y Y7

4i4Y7ii4i.  i. ei.e  YieY474e7e7YeiiY.Y .Y Y
74.i 
i.e7i7Y  i. ei.e  YieY474e7e7YeiiY.  i7
 . Y7e4Yi
Y47ee.i

7e 4
7. Y YY7 Y
.
4
7
ii
e. 4

eY.  
4Y4
eY4
eie.iiYi.Y
eYY7i7Yie i
.7.

.7.7. 
 44ie74ei .Ye
7
7.
 e4Y4
7
YY
4Yei
 4Y7i. 44eeYi4..iYe.

774 Ye

44e.4
e
i

i. 44eeYi4..iY7i. 44eeYi4..iYee
4i.  i. ei.e  YieY474e7e7YeiiY.Y .Y Y7

4i4Y7ii4i.  i. ei.e  YieY474e7e7YeiiY.Y .Y Y
74.i 
i.e7i7Yi7.  4i.  i. ei.e  YieY474e7e7YeiiY.Y .Y Y.iii. ei.e  YieY474e7e7YeiiY.  i7
 . Y7e4Yi
Y47ee.i

7e 4
7. Y YY7 Y
.
4
7
ii
e. 4

eY.  
4Y4
eY4
eie.iiYi.Y
eYY7i7Yie i
.7.

.7.7. 
 44ie74ei .Ye
7
7.
 e4Y4
7
YY
4Yei
 4Y7i. 44eeYi4..iYe.

774 Ye

44e.4
e
i

i. 44eeYi4..iY7i. 44eeYi4..iYee
4i.  i. ei.e  YieY474e7e7YeiiY.Y .Y Y7

4i4Y7ii4i.  i. ei.e  YieY474e7e7YeiiY.Y .Y Y
74.i 
i.e7i7Yi7.  4i.  i. ei.e  YieY474e7e7YeiiY.Y .Y Y.i
ii. ei.e  YieY474e7e7YeiiY.  i7 4Y
Y ii i7ie
 . Y7e4Yi
Y47ee.i

7e 4
7. Y YY7 Y
.
4
7
ii
e. 4

eY.  
4Y4
eY4
eie.iiYi.Y
eYY7i7Yie i
.7.

.7.7. 
 44ie74ei .Ye
7
7.
 e4Y4
7
YY
4Yei
 4Y7i. 44eeYi4..iYe.

774 Ye

44e.4
e
i

i. 44eeYi4..iY7i. 44eeYi4..iYee
4i.  i. ei.e  YieY474e7e7YeiiY.Y .Y Y7

4i4Y7ii4i.  i. ei.e  YieY474e7e7YeiiY.Y .Y Y
74.i 
i.e7i7Yi7.  4i.  i. ei.e  YieY474e7e7YeiiY.Y .Y Y.i
ii. ei.e  YieY474e7e7YeiiY.  i7 4Y
Y ii i7ieiYee.
 . Y7e4Yi
Y47ee.i

7e 4
7. Y YY7 Y
.
4
7
ii
e. 4

eY.  
4Y4
eY4
eie.iiYi.Y
eYY7i7Yie i
.7.

.7.7. 
 44ie74ei .Ye
7
7.
 e4Y4
7
YY
4Yei
 4Y7i. 44eeYi4..iYe.

774 Ye

44e.4
e
i

i. 44eeYi4..iY7i. 44eeYi4..iYee
4i.  i. ei.e  YieY474e7e7YeiiY.Y .Y Y7

4i4Y7ii4i.  i. ei.e  YieY474e7e7YeiiY.Y .Y Y
74.i 
i.e7i7Yi7.  4i.  i. ei.e  YieY474e7e7YeiiY.Y .Y Y.i
ii. ei.e  YieY474e7e7YeiiY.  i7 4Y
4Y ii i7ieiYee.ii7 Y

.Y4i
 . Y7e4Yi
Y47ee.i

7e 4
7. Y YY7 Y
.
4
7
ii
e. 4

eY.  
4Y4
eY4
eie.iiYi.Y
eYY7i7Yie i
.7.

.7.7. 
 44ie74ei .Ye
7
7.
 e4Y4
7
YY
4Yei
 4Y7i. 44eeYi4..iYe.

774 Ye

44e.4
e
i

i. 44eeYi4..iY7i. 44eeYi4..iYee
4i.  i. ei.e  YieY474e7e7YeiiY.Y .Y Y7

4i4Y7ii4i.  i. ei.e  YieY474e7e7YeiiY.Y .Y Y
74.i 
i.e7i7Yi7.  4i.  i. ei.e  YieY474e7e7YeiiY.Y .Y Y.i
ii. ei.e  YieY474e7e7YeiiY.  i7 4Y
4Y ii i7ieiYee.ii7 Y
Y
i
.i4.i.7
 e


.4
2
323
 . Y7e4Yi
Y47ee.i

7e 4
7. Y YY7 Y
.
4
7
ii
e. 4

eY.  
4Y4
eY4
eie.iiYi.Y
eYY7i7Yie i
.7.

.7.7. 
 44ie74ei .Ye
7
7.
 e4Y4
7
YY
4Yei
 4Y7i. 44eeYi4..iYe.

774 Ye

44e.4
e
i

i. 44eeYi4..iY7i. 44eeYi4..iYee
4i.  i. ei.e  YieY474e7e7YeiiY.Y .Y Y7

4i4Y7ii4i.  i. ei.e  YieY474e7e7YeiiY.Y .Y Y
74.i 
i.e7i7Yi7.  4i.  i. ei.e  YieY474e7e7YeiiY.Y .Y Y.i
ii. ei.e  YieY474e7e7YeiiY.  i7 4Y
4Y ii i7ieiYee.ii7 Y
Y
i
Y77
e
320
0
6
 . Y7e4Yi
Y47ee.i

7e 4
7. Y YY7 Y
.
4
7
ii
e. 4

eY.  
4Y4
eY4
eie.iiYi.Y
eYY7i7Yie i
.7.

.7.7. 
 44ie74ei .Ye
7
7.
 e4Y4
7
YY
4Yei
 4Y7i. 44eeYi4..iYe.

774 Ye

44e.4
e
i

i. 44eeYi4..iY7i. 44eeYi4..iYee
4i.  i. ei.e  YieY474e7e7YeiiY.Y .Y Y7

4i4Y7ii4i.  i. ei.e  YieY474e7e7YeiiY.Y .Y Y
74.i 
i.e7i7Yi7.  4i.  i. ei.e  YieY474e7e7YeiiY.Y .Y Y.i
ii. ei.e  YieY474e7e7YeiiY.  i7 4Y
4Y ii i7ieiYee.ii7 Y
Y
i
Y77
i
.i7
 . Y7e4Yi
Y47ee.i

7e 4
7. Y YY7 Y
.
4
7
ii
e. 4

eY.  
4Y4
eY4
eie.iiYi.Y
eYY7i7Yie i
.7.

.7.7. 
 44ie74ei .Ye
7
7.
 e4Y4
7
YY
4Yei
 4Y7i. 44eeYi4..iYe.

774 Ye

44e.4
e
i

i. 44eeYi4..iY7i. 44eeYi4..iYee
4i.  i. ei.e  YieY474e7e7YeiiY.Y .Y Y7

4i4Y7ii4i.  i. ei.e  YieY474e7e7YeiiY.Y .Y Y
74.i 
i.e7i7Yi7.  4i.  i. ei.e  YieY474e7e7YeiiY.Y .Y Y.i
ii. ei.e  YieY474e7e7YeiiY.  i7 4Y
4Y ii i7ieiYee.ii7 Y
Y
i
Y77
i
4.eY

 . Y7e4Yi
Y47ee.i

7e 4
7. Y YY7 Y
.
4
7
ii
e. 4

eY.  
4Y4
eY4
eie.iiYi.Y
eYY7i7Yie i
.7.

.7.7. 
 44ie74ei .Ye
7
7.
 e4Y4
7
YY
4Yei
 4Y7i. 44eeYi4..iYe.

774 Ye

44e.4
e
i

i. 44eeYi4..iY7i. 44eeYi4..iYee
4i.  i. ei.e  YieY474e7e7YeiiY.Y .Y Y7

4i4Y7ii4i.  i. ei.e  YieY474e7e7YeiiY.Y .Y Y
74.i 
i.e7i7Yi7.  4i.  i. ei.e  YieY474e7e7YeiiY.Y .Y Y.i
ii. ei.e  YieY474e7e7YeiiY.  i7 4Y
4Y ii i7ieiYee.ii7 Y
Y
i
Y77
i
4.eY


7Y 47  
eeYY.i4.i.7Y
 . Y7e4Yi
Y47ee.i

7e 4
7. Y YY7 Y
.
4
7
ii
e. 4

eY.  
4Y4
eY4
eie.iiYi.Y
eYY7i7Yie i
.7.

.7.7. 
 44ie74ei .Ye
7
7.
 e4Y4
7
YY
4Yei
 4Y7i. 44eeYi4..iYe.

774 Ye

44e.4
e
i

i. 44eeYi4..iY7i. 44eeYi4..iYee
4i.  i. ei.e  YieY474e7e7YeiiY.Y .Y Y7

4i4Y7ii4i.  i. ei.e  YieY474e7e7YeiiY.Y .Y Y
74.i 
i.e7i7Yi7.  4i.  i. ei.e  YieY474e7e7YeiiY.Y .Y Y.i
ii. ei.e  YieY474e7e7YeiiY.  i7 4Y
4Y ii i7ieiYee.ii7 Y
Y
i
Y77
i
4.eY


7Y 47  
eeYY.i4.i.7Y4 4
335
338
8
 . Y7e4Yi
Y47ee.i

7e 4
7. Y YY7 Y
.
4
7
ii
e. 4

eY.  
4Y4
eY4
eie.iiYi.Y
eYY7i7Yie i
.7.

.7.7. 
 44ie74ei .Ye
7
7.
 e4Y4
7
YY
4Yei
 4Y7i. 44eeYi4..iYe.

774 Ye

44e.4
e
i

i. 44eeYi4..iY7i. 44eeYi4..iYee
4i.  i. ei.e  YieY474e7e7YeiiY.Y .Y Y7

4i4Y7ii4i.  i. ei.e  YieY474e7e7YeiiY.Y .Y Y
74.i 
i.e7i7Yi7.  4i.  i. ei.e  YieY474e7e7YeiiY.Y .Y Y.i
ii. ei.e  YieY474e7e7YeiiY.  i7 4Y
4Y ii i7ieiYee.ii7 Y
Y
i
Y77
i
4.eY


7Y 47  
.ee
4i44
 
e
774
e
eYYe.
7.
7
 . Y7e4Yi
Y47ee.i

7e 4
7. Y YY7 Y
.
4
7
ii
e. 4

eY.  
4Y4
eY4
eie.iiYi.Y
eYY7i7Yie i
.7.

.7.7. 
 44ie74ei .Ye
7
7.
 e4Y4
7
YY
4Yei
 4Y7i. 44eeYi4..iYe.

774 Ye

44e.4
e
i

i. 44eeYi4..iY7i. 44eeYi4..iYee
4i.  i. ei.e  YieY474e7e7YeiiY.Y .Y Y7

4i4Y7ii4i.  i. ei.e  YieY474e7e7YeiiY.Y .Y Y
74.i 
i.e7i7Yi7.  4i.  i. ei.e  YieY474e7e7YeiiY.Y .Y Y.i
ii. ei.e  YieY474e7e7YeiiY.  i7 4Y
4Y ii i7ieiYee.ii7 Y
Y
i
Y77
i
4.eY


7Y 47  
.ee
4i44
 
e
774
e
eYYe.
7Yi.Y 4
1
349
360
 . Y7e4Yi
Y47ee.i

7e 4
7. Y YY7 Y
.
4
7
ii
e. 4

eY.  
4Y4
eY4
eie.iiYi.Y
eYY7i7Yie i
.7.

.7.7. 
 44ie74ei .Ye
7
7.
 e4Y4
7
YY
4Yei
 4Y7i. 44eeYi4..iYe.

774 Ye

44e.4
e
i

i. 44eeYi4..iY7i. 44eeYi4..iYee
4i.  i. ei.e  YieY474e7e7YeiiY.Y .Y Y7

4i4Y7ii4i.  i. ei.e  YieY474e7e7YeiiY.Y .Y Y
74.i 
i.e7i7Yi7.  4i.  i. ei.e  YieY474e7e7YeiiY.Y .Y Y.i
ii. ei.e  YieY474e7e7YeiiY.  i7 4Y
4Y ii i7ieiYee.ii7 Y
Y
i
Y77
i
4.eY


7Y 47  
.ee
4i44
 
e
774
e
eYYe.
7Y ..e4iYi
Y
Yei
 Ye7i
Y7Y.
364
 . Y7e4Yi
Y47ee.i

7e 4
7. Y YY7 Y
.
4
7
ii
e. 4

eY.  
4Y4
eY4
eie.iiYi.Y
eYY7i7Yie i
.7.

.7.7. 
 44ie74ei .Ye
7
7.
 e4Y4
7
YY
4Yei
 4Y7i. 44eeYi4..iYe.

774 Ye

44e.4
e
i

i. 44eeYi4..iY7i. 44eeYi4..iYee
4i.  i. ei.e  YieY474e7e7YeiiY.Y .Y Y7

4i4Y7ii4i.  i. ei.e  YieY474e7e7YeiiY.Y .Y Y
74.i 
i.e7i7Yi7.  4i.  i. ei.e  YieY474e7e7YeiiY.Y .Y Y.i
ii. ei.e  YieY474e7e7YeiiY.  i7 4Y
4Y ii i7ieiYee.ii7 Y
Y
i
Y77
i
4.eY


7Y 47  
.ee
4i44
 
e
774
e
eYYe.
7Y ..e4iYi
Y
Yei
 Ye7i
iY7Y.
 . Y7e4Yi
Y47ee.i

7e 4
7. Y YY7 Y
.
4
7
ii
e. 4

eY.  
4Y4
eY4
eie.iiYi.Y
eYY7i7Yie i
.7.

.7.7. 
 44ie74ei .Ye
7
7.
 e4Y4
7
YY
4Yei
 4Y7i. 44eeYi4..iYe.

774 Ye

44e.4
e
i

i. 44eeYi4..iY7i. 44eeYi4..iYee
4i.  i. ei.e  YieY474e7e7YeiiY.Y .Y Y7

4i4Y7ii4i.  i. ei.e  YieY474e7e7YeiiY.Y .Y Y
74.i 
i.e7i7Yi7.  4i.  i. ei.e  YieY474e7e7YeiiY.Y .Y Y.i
ii. ei.e  YieY474e7e7YeiiY.  i7 4Y
4Y ii i7ieiYee.ii7 Y
Y
i
Y77
i
4.eY


7Y 47  
.ee
4i44
 
e
774
e
eYYe.
7Y ..e4iYi
Y
Yei
 Ye7i
iei74YY44.
 44.
374
 . Y7e4Yi
Y47ee.i

7e 4
7. Y YY7 Y
.
4
7
ii
e. 4

eY.  
4Y4
eY4
eie.iiYi.Y
eYY7i7Yie i
.7.

.7.7. 
 44ie74ei .Ye
7
7.
 e4Y4
7
YY
4Yei
 4Y7i. 44eeYi4..iYe.

774 Ye

44e.4
e
i

i. 44eeYi4..iY7i. 44eeYi4..iYee
4i.  i. ei.e  YieY474e7e7YeiiY.Y .Y Y7

4i4Y7ii4i.  i. ei.e  YieY474e7e7YeiiY.Y .Y Y
74.i 
i.e7i7Yi7.  4i.  i. ei.e  YieY474e7e7YeiiY.Y .Y Y.i
ii. ei.e  YieY474e7e7YeiiY.  i7 4Y
4Y ii i7ieiYee.ii7 Y
Y
i
Y77
i
4.eY


7Y 47  
.ee
4i44
 
e
774
e
eYYe.
7Y ..e4iYi
Y
Yei
 Ye7i
iei74YY44.
Y4 
..
376
 . Y7e4Yi
Y47ee.i

7e 4
7. Y YY7 Y
.
4
7
ii
e. 4

eY.  
4Y4
eY4
eie.iiYi.Y
eYY7i7Yie i
.7.

.7.7. 
 44ie74ei .Ye
7
7.
 e4Y4
7
YY
4Yei
 4Y7i. 44eeYi4..iYe.

774 Ye

44e.4
e
i

i. 44eeYi4..iY7i. 44eeYi4..iYee
4i.  i. ei.e  YieY474e7e7YeiiY.Y .Y Y7

4i4Y7ii4i.  i. ei.e  YieY474e7e7YeiiY.Y .Y Y
74.i 
i.e7i7Yi7.  4i.  i. ei.e  YieY474e7e7YeiiY.Y .Y Y.i
ii. ei.e  YieY474e7e7YeiiY.  i7 4Y
4Y ii i7ieiYee.ii7 Y
Y
i
Y77
i
4.eY


7Y 47  
.ee
4i44
 
e
774
e
eYYe.
7Y ..e4iYi
Y
Yei
 Ye7i

Ye7
 i
e
 . Y7e4Yi
Y47ee.i

7e 4
7. Y YY7 Y
.
4
7
ii
e. 4

eY.  
4Y4
eY4
eie.iiYi.Y
eYY7i7Yie i
.7.

.7.7. 
 44ie74ei .Ye
7
7.
 e4Y4
7
YY
4Yei
 4Y7i. 44eeYi4..iYe.

774 Ye

44e.4
e
i

i. 44eeYi4..iY7i. 44eeYi4..iYee
4i.  i. ei.e  YieY474e7e7YeiiY.Y .Y Y7

4i4Y7ii4i.  i. ei.e  YieY474e7e7YeiiY.Y .Y Y
74.i 
i.e7i7Yi7.  4i.  i. ei.e  YieY474e7e7YeiiY.Y .Y Y.i
ii. ei.e  YieY474e7e7YeiiY.  i7 4Y
4Y ii i7ieiYee.ii7 Y
Y
i
Y77
i
4.eY


7Y 47  
.ee
4i44
 
e
774
e
eYYe.
7Y ..e4iYi
Y
Yei
 Ye7i

Ye7
 i

4ee7e e.
 . Y7e4Yi
Y47ee.i

7e 4
7. Y YY7 Y
.
4
7
ii
e. 4

eY.  
4Y4
eY4
eie.iiYi.Y
eYY7i7Yie i
.7.

.7.7. 
 44ie74ei .Ye
7
7.
 e4Y4
7
YY
4Yei
 4Y7i. 44eeYi4..iYe.

774 Ye

44e.4
e
i

i. 44eeYi4..iY7i. 44eeYi4..iYee
4i.  i. ei.e  YieY474e7e7YeiiY.Y .Y Y7

4i4Y7ii4i.  i. ei.e  YieY474e7e7YeiiY.Y .Y Y
74.i 
i.e7i7Yi7.  4i.  i. ei.e  YieY474e7e7YeiiY.Y .Y Y.i
ii. ei.e  YieY474e7e7YeiiY.  i7 4Y
4Y ii i7ieiYee.ii7 Y
Y
i
Y77
i
4.eY


7Y 47  
.ee
4i44
 
e
774
e
eYYe.
7Y ..e4iYi
Y
Yei
 Ye7i

Ye7
 i

4ee7e e.4 .
366
366
74
368
8
0
378
 . Y7e4Yi
Y47ee.i

7e 4
7. Y YY7 Y
.
4
7
ii
e. 4

eY.  
4Y4
eY4
eie.iiYi.Y
eYY7i7Yie i
.7.

.7.7. 
 44ie74ei .Ye
7
7.
 e4Y4
7
YY
4Yei
 4Y7i. 44eeYi4..iYe.

774 Ye

44e.4
e
i

i. 44eeYi4..iY7i. 44eeYi4..iYee
4i.  i. ei.e  YieY474e7e7YeiiY.Y .Y Y7

4i4Y7ii4i.  i. ei.e  YieY474e7e7YeiiY.Y .Y Y
74.i 
i.e7i7Yi7.  4i.  i. ei.e  YieY474e7e7YeiiY.Y .Y Y.i
ii. ei.e  YieY474e7e7YeiiY.  i7 4Y
4Y ii i7ieiYee.ii7 Y
Y
i
Y77
i
4.eY


7Y 47  
.ee
4i44
 
e
774
e
eYYe.
7Y ..e4iYi
Y
Yei
 Ye7i


7iYi.7e4 
44e
YY.4Y7.i.e7..
 7
e
387
389
 . Y7e4Yi
Y47ee.i

7e 4
7. Y YY7 Y
.
4
7
ii
e. 4

eY.  
4Y4
eY4
eie.iiYi.Y
eYY7i7Yie i
.7.

.7.7. 
 44ie74ei .Ye
7
7.
 e4Y4
7
YY
4Yei
 4Y7i. 44eeYi4..iYe.

774 Ye

44e.4
e
i

i. 44eeYi4..iY7i. 44eeYi4..iYee
4i.  i. ei.e  YieY474e7e7YeiiY.Y .Y Y7

4i4Y7ii4i.  i. ei.e  YieY474e7e7YeiiY.Y .Y Y
74.i 
i.e7i7Yi7.  4i.  i. ei.e  YieY474e7e7YeiiY.Y .Y Y.i
ii. ei.e  YieY474e7e7YeiiY.  i7 4Y
4Y ii i7ieiYee.ii7 Y
Y
i
Y77
i
4.eY


7Y 47  
.ee
4i44
 
e
774
e
eYYe.
7Y ..e4iYi
Y
Yei
 Ye7i


7iYi.7e4 
44e
YY.4Y7.i.e7..Y.
i4 7
  
Y
390
 . Y7e4Yi
Y47ee.i

7e 4
7. Y YY7 Y
.
4
7
ii
e. 4

eY.  
4Y4
eY4
eie.iiYi.Y
eYY7i7Yie i
.7.

.7.7. 
 44ie74ei .Ye
7
7.
 e4Y4
7
YY
4Yei
 4Y7i. 44eeYi4..iYe.

774 Ye

44e.4
e
i

i. 44eeYi4..iY7i. 44eeYi4..iYee
4i.  i. ei.e  YieY474e7e7YeiiY.Y .Y Y7

4i4Y7ii4i.  i. ei.e  YieY474e7e7YeiiY.Y .Y Y
74.i 
i.e7i7Yi7.  4i.  i. ei.e  YieY474e7e7YeiiY.Y .Y Y.i
ii. ei.e  YieY474e7e7YeiiY.  i7 4Y
4Y ii i7ieiYee.ii7 Y
Y
i
Y77
i
4.eY


7Y 47  
.ee
4i44
 
e
774
e
eYYe.
7Y ..e4iYi
Y
Yei
 Ye7i


7iYi.7e4 
44e
YY.4Y7.i.e7..Y.
i4 7
  
Y
403
 . Y7e4Yi
Y47ee.i

7e 4
7. Y YY7 Y
.
4
7
ii
e. 4

eY.  
4Y4
eY4
eie.iiYi.Y
eYY7i7Yie i
.7.

.7.7. 
 44ie74ei .Ye
7
7.
 e4Y4
7
YY
4Yei
 4Y7i. 44eeYi4..iYe.

774 Ye

44e.4
e
i

i. 44eeYi4..iY7i. 44eeYi4..iYee
4i.  i. ei.e  YieY474e7e7YeiiY.Y .Y Y7

4i4Y7ii4i.  i. ei.e  YieY474e7e7YeiiY.Y .Y Y
74.i 
i.e7i7Yi7.  4i.  i. ei.e  YieY474e7e7YeiiY.Y .Y Y.i
ii. ei.e  YieY474e7e7YeiiY.  i7 4Y
4Y ii i7ieiYee.ii7 Y
Y
i
Y77
i
4.eY


7Y 47  
.ee
4i44
 
e
774
e
eYYe.
7Y ..e4iYi
Y
Yei
 Ye7i


7iYi.7e4 
44e
YY.4Y7.i.e7..Y.
i4 Ye
ei77
 . 

eY.Y47
4

e7
9
18
410
8
 . Y7e4Yi
Y47ee.i

7e 4
7. Y YY7 Y
.
4
7
ii
e. 4

eY.  
4Y4
eY4
eie.iiYi.Y
eYY7i7Yie i
.7.

.7.7. 
 44ie74ei .Ye
7
7.
 e4Y4
7
YY
4Yei
 4Y7i. 44eeYi4..iYe.

774 Ye

44e.4
e
i

i. 44eeYi4..iY7i. 44eeYi4..iYee
4i.  i. ei.e  YieY474e7e7YeiiY.Y .Y Y7

4i4Y7ii4i.  i. ei.e  YieY474e7e7YeiiY.Y .Y Y
74.i 
i.e7i7Yi7.  4i.  i. ei.e  YieY474e7e7YeiiY.Y .Y Y.i
ii. ei.e  YieY474e7e7YeiiY.  i7 4Y
4Y ii i7ieiYee.ii7 Y
Y
i
Y77
i
4.eY


7Y 47  
.ee
4i44
 
e
774
e
eYYe.
7Y ..e4iYi
Y
Yei
 Ye7i


7iYi.7e4 
44e
YY.4Y7.i.e7..Y.
i4 Ye
ei77
 . 

eY.Y47
4e 
Y7Y.
7.
Y7Y.e
7e.
iY
YeY.7i.
Y7Y.eYe.4.

7
 . Y7e4Yi
Y47ee.i

7e 4
7. Y YY7 Y
.
4
7
ii
e. 4

eY.  
4Y4
eY4
eie.iiYi.Y
eYY7i7Yie i
.7.

.7.7. 
 44ie74ei .Ye
7
7.
 e4Y4
7
YY
4Yei
 4Y7i. 44eeYi4..iYe.

774 Ye

44e.4
e
i

i. 44eeYi4..iY7i. 44eeYi4..iYee
4i.  i. ei.e  YieY474e7e7YeiiY.Y .Y Y7

4i4Y7ii4i.  i. ei.e  YieY474e7e7YeiiY.Y .Y Y
74.i 
i.e7i7Yi7.  4i.  i. ei.e  YieY474e7e7YeiiY.Y .Y Y.i
ii. ei.e  YieY474e7e7YeiiY.  i7 4Y
4Y ii i7ieiYee.ii7 Y
Y
i
Y77
i
4.eY


7Y 47  
.ee
4i44
 
e
774
e
eYYe.
7Y ..e4iYi
Y
Yei
 Ye7i


7iYi.7e4 
44e
YY.4Y7.i.e7..Y.
i4 Ye
ei77
 . 

eY.Y47
4e 
Y7Y.
7.
Y7YiY
YeY.
Y7Y.eYe.4.

7
 . Y7e4Yi
Y47ee.i

7e 4
7. Y YY7 Y
.
4
7
ii
e. 4

eY.  
4Y4
eY4
eie.iiYi.Y
eYY7i7Yie i
.7.

.7.7. 
 44ie74ei .Ye
7
7.
 e4Y4
7
YY
4Yei
 4Y7i. 44eeYi4..iYe.

774 Ye

44e.4
e
i

i. 44eeYi4..iY7i. 44eeYi4..iYee
4i.  i. ei.e  YieY474e7e7YeiiY.Y .Y Y7

4i4Y7ii4i.  i. ei.e  YieY474e7e7YeiiY.Y .Y Y
74.i 
i.e7i7Yi7.  4i.  i. ei.e  YieY474e7e7YeiiY.Y .Y Y.i
ii. ei.e  YieY474e7e7YeiiY.  i7 4Y
4Y ii i7ieiYee.ii7 Y
Y
i
Y77
i
4.eY


7Y 47  
.ee
4i44
 
e
774
e
eYYe.
7Y ..e4iYi
Y
Yei
 Ye7i


7iYi.7e4 
44e
YY.4Y7.i.e7..Y.
i4 Ye
ei77
 . 

eY.Y47
4e 
Y7Y.
7.
Y7YiY
.4. 7 iY7Y. ie

7
 . Y7e4Yi
Y47ee.i

7e 4
7. Y YY7 Y
.
4
7
ii
e. 4

eY.  
4Y4
eY4
eie.iiYi.Y
eYY7i7Yie i
.7.

.7.7. 
 44ie74ei .Ye
7
7.
 e4Y4
7
YY
4Yei
 4Y7i. 44eeYi4..iYe.

774 Ye

44e.4
e
i

i. 44eeYi4..iY7i. 44eeYi4..iYee
4i.  i. ei.e  YieY474e7e7YeiiY.Y .Y Y7

4i4Y7ii4i.  i. ei.e  YieY474e7e7YeiiY.Y .Y Y
74.i 
i.e7i7Yi7.  4i.  i. ei.e  YieY474e7e7YeiiY.Y .Y Y.i
ii. ei.e  YieY474e7e7YeiiY.  i7 4Y
4Y ii i7ieiYee.ii7 Y
Y
i
Y77
i
4.eY


7Y 47  
.ee
4i44
 
e
774
e
eYYe.
7Y ..e4iYi
Y
Yei
 Ye7i


7iYi.7e4 
44e
YY.4Y7.i.e7..Y.
i4 Ye
ei77
 . 

eY.Y47
4e 
Y7Y.
7.
Y7YiY7.
eieiY
.4. 7 iY7Y. i7ie

7
3
0
4
 . Y7e4Yi
Y47ee.i

7e 4
7. Y YY7 Y
.
4
7
ii
e. 4

eY.  
4Y4
eY4
eie.iiYi.Y
eYY7i7Yie i
.7.

.7.7. 
 44ie74ei .Ye
7
7.
 e4Y4
7
YY
4Yei
 4Y7i. 44eeYi4..iYe.

774 Ye

44e.4
e
i

i. 44eeYi4..iY7i. 44eeYi4..iYee
4i.  i. ei.e  YieY474e7e7YeiiY.Y .Y Y7

4i4Y7ii4i.  i. ei.e  YieY474e7e7YeiiY.Y .Y Y
74.i 
i.e7i7Yi7.  4i.  i. ei.e  YieY474e7e7YeiiY.Y .Y Y.i
ii. ei.e  YieY474e7e7YeiiY.  i7 4Y
4Y ii i7ieiYee.ii7 Y
Y
i
Y77
i
4.eY


7Y 47  
.ee
4i44
 
e
774
e
eYYe.
7Y ..e4iYi
Y
Yei
 Ye7i


7iYi.7e4 
44e
YY.4Y7.i.e7..Y.
i4 Ye
ei77
 . 

eY.Y47
4e 
Y7Y.
7.
Y7YiY7.
ei


4

 44
.i747eeiY
 Y.4. 74Y iY7Y. i7ie

7
15
4
466
 . Y7e4Yi
Y47ee.i

7e 4
7. Y YY7 Y
.
4
7
ii
e. 4

eY.  
4Y4
eY4
eie.iiYi.Y
eYY7i7Yie i
.7.

.7.7. 
 44ie74ei .Ye
7
7.
 e4Y4
7
YY
4Yei
 4Y7i. 44eeYi4..iYe.

774 Ye

44e.4
e
i

i. 44eeYi4..iY7i. 44eeYi4..iYee
4i.  i. ei.e  YieY474e7e7YeiiY.Y .Y Y7

4i4Y7ii4i.  i. ei.e  YieY474e7e7YeiiY.Y .Y Y
74.i 
i.e7i7Yi7.  4i.  i. ei.e  YieY474e7e7YeiiY.Y .Y Y.i
ii. ei.e  YieY474e7e7YeiiY.  i7 4Y
4Y ii i7ieiYee.ii7 Y
Y
i
Y77
i
4.eY


7Y 47  
.ee
4i44
 
e
774
e
eYYe.
7Y ..e4iYi
Y
Yei
 Ye7i


7iYi.7e4 
44e
YY.4Y7.i.e7..Y.
i4 Ye
ei77
 . 

eY.Y47
4e 
Y7Y.
7.
Y7YiY7.
ei


4

 44
.7
 
4 
.Y .7eeYe.Y.4. 74Y iY7Y. i7ie
iY7
44i747eeiYi474.7ei7
 . Y7e4Yi
Y47ee.i

7e 4
7. Y YY7 Y
.
4
7
ii
e. 4

eY.  
4Y4
eY4
eie.iiYi.Y
eYY7i7Yie i
.7.

.7.7. 
 44ie74ei .Ye
7
7.
 e4Y4
7
YY
4Yei
 4Y7i. 44eeYi4..iYe.

774 Ye

44e.4
e
i

i. 44eeYi4..iY7i. 44eeYi4..iYee
4i.  i. ei.e  YieY474e7e7YeiiY.Y .Y Y7

4i4Y7ii4i.  i. ei.e  YieY474e7e7YeiiY.Y .Y Y
74.i 
i.e7i7Yi7.  4i.  i. ei.e  YieY474e7e7YeiiY.Y .Y Y.i
ii. ei.e  YieY474e7e7YeiiY.  i7 4Y
4Y ii i7ieiYee.ii7 Y
Y
i
Y77
i
4.eY


7Y 47  
.ee
4i44
 
e
774
e
eYYe.
7Y ..e4iYi
Y
Yei
 Ye7i


7iYi.7e4 
44e
YY.4Y7.i.e7..Y.
i4 Ye
ei77
 . 

eY.Y47
4e 
Y7Y.
7.
Y7YiY7.
ei


4

 44
.7
 
4 
.Y .7eeYe.Y.4. 74Y iY7Y. i7ie
iY7

7

iYi
.i44i747eeiYi474.7ei7
 . Y7e4Yi
Y47ee.i

7e 4
7. Y YY7 Y
.
4
7
ii
e. 4

eY.  
4Y4
eY4
eie.iiYi.Y
eYY7i7Yie i
.7.

.7.7. 
 44ie74ei .Ye
7
7.
 e4Y4
7
YY
4Yei
 4Y7i. 44eeYi4..iYe.

774 Ye

44e.4
e
i

i. 44eeYi4..iY7i. 44eeYi4..iYee
4i.  i. ei.e  YieY474e7e7YeiiY.Y .Y Y7

4i4Y7ii4i.  i. ei.e  YieY474e7e7YeiiY.Y .Y Y
74.i 
i.e7i7Yi7.  4i.  i. ei.e  YieY474e7e7YeiiY.Y .Y Y.i
ii. ei.e  YieY474e7e7YeiiY.  i7 4Y
4Y ii i7ieiYee.ii7 Y
Y
i
Y77
i
4.eY


7Y 47  
.ee
4i44
 
e
774
e
eYYe.
7Y ..e4iYi
Y
Yei
 Ye7i


7iYi.7e4 
44e
YY.4Y7.i.e7..Y.
i4 Ye
ei77
 . 

eY.Y47
4e 
Y7Y.
7.
Y7YiY7.
ei


4

 44
.7
 
4 
.Y .7eeYe.Y.4. 74Y iY7Y. i7ie
iY7

7

iYi
4Y.i44i747eeiYi474.7ei7
499
8
 . Y7e4Yi
Y47ee.i

7e 4
7. Y YY7 Y
.
4
7
ii
e. 4

eY.  
4Y4
eY4
eie.iiYi.Y
eYY7i7Yie i
.7.

.7.7. 
 44ie74ei .Ye
7
7.
 e4Y4
7
YY
4Yei
 4Y7i. 44eeYi4..iYe.

774 Ye

44e.4
e
i

i. 44eeYi4..iY7i. 44eeYi4..iYee
4i.  i. ei.e  YieY474e7e7YeiiY.Y .Y Y7

4i4Y7ii4i.  i. ei.e  YieY474e7e7YeiiY.Y .Y Y
74.i 
i.e7i7Yi7.  4i.  i. ei.e  YieY474e7e7YeiiY.Y .Y Y.i
ii. ei.e  YieY474e7e7YeiiY.  i7 4Y
4Y ii i7ieiYee.ii7 Y
Y
i
Y77
i
4.eY


7Y 47  
.ee
4i44
 
e
774
e
eYYe.
7Y ..e4iYi
Y
Yei
 Ye7i


7iYi.7e4 
44e
YY.4Y7.i.e7..Y.
i4 Ye
ei77
 . 

eY.Y47
4e 
Y7Y.
7.
Y7YiY7.
ei


4

 44
.7
 
4 
.Y .7eeYe.Y.4. 74Y iY7Y. i7ie
iY7

7

iYi
4Y4e7e
.i 
7i
4.e e i
YYi

i
e7Y7YiYi44i747eeiYi474.7ei7.
503
 . Y7e4Yi
Y47ee.i

7e 4
7. Y YY7 Y
.
4
7
ii
e. 4

eY.  
4Y4
eY4
eie.iiYi.Y
eYY7i7Yie i
.7.

.7.7. 
 44ie74ei .Ye
7
7.
 e4Y4
7
YY
4Yei
 4Y7i. 44eeYi4..iYe.

774 Ye

44e.4
e
i

i. 44eeYi4..iY7i. 44eeYi4..iYee
4i.  i. ei.e  YieY474e7e7YeiiY.Y .Y Y7

4i4Y7ii4i.  i. ei.e  YieY474e7e7YeiiY.Y .Y Y
74.i 
i.e7i7Yi7.  4i.  i. ei.e  YieY474e7e7YeiiY.Y .Y Y.i
ii. ei.e  YieY474e7e7YeiiY.  i7 4Y
4Y ii i7ieiYee.ii7 Y
Y
i
Y77
i
4.eY


7Y 47  
.ee
4i44
 
e
774
e
eYYe.
7Y ..e4iYi
Y
Yei
 Ye7i


7iYi.7e4 
44e
YY.4Y7.i.e7..Y.
i4 Ye
ei77
 . 

eY.Y47
4e 
Y7Y.
7.
Y7YiY7.
ei


4

 44
.7
 
4 
.Y .7eeYe.Y.4. 74Y iY7Y. i7ie
iY7

7

iYi
4Y4e7e
.i 
7i
4.e e i
YYi

i
e7Y7YiYi44i747eeiYi474.7ei7.
7
 . Y7e4Yi
Y47ee.i

7e 4
7. Y YY7 Y
.
4
7
ii
e. 4

eY.  
4Y4
eY4
eie.iiYi.Y
eYY7i7Yie i
.7.

.7.7. 
 44ie74ei .Ye
7
7.
 e4Y4
7
YY
4Yei
 4Y7i. 44eeYi4..iYe.

774 Ye

44e.4
e
i

i. 44eeYi4..iY7i. 44eeYi4..iYee
4i.  i. ei.e  YieY474e7e7YeiiY.Y .Y Y7

4i4Y7ii4i.  i. ei.e  YieY474e7e7YeiiY.Y .Y Y
74.i 
i.e7i7Yi7.  4i.  i. ei.e  YieY474e7e7YeiiY.Y .Y Y.i
ii. ei.e  YieY474e7e7YeiiY.  i7 4Y
4Y ii i7ieiYee.ii7 Y
Y
i
Y77
i
4.eY


7Y 47  
.ee
4i44
 
e
774
e
eYYe.
7Y ..e4iYi
Y
Yei
 Ye7i


7iYi.7e4 
44e
YY.4Y7.i.e7..Y.
i4 Ye
ei77
 . 

eY.Y47
4e 
Y7Y.
7.
Y7YiY7.
ei


4

 44
.7
 
4 
.Y .7eeYe.Y.4. 74Y iY7Y. i7ie
iY7

7

iYi
4Y4e7e
.i 
7i
4.e e i
YYi

i

YYi
.i4e e7i77Y

e
1
 . Y7e4Yi
Y47ee.i

7e 4
7. Y YY7 Y
.
4
7
ii
e. 4

eY.  
4Y4
eY4
eie.iiYi.Y
eYY7i7Yie i
.7.

.7.7. 
 44ie74ei .Ye
7
7.
 e4Y4
7
YY
4Yei
 4Y7i. 44eeYi4..iYe.

774 Ye

44e.4
e
i

i. 44eeYi4..iY7i. 44eeYi4..iYee
4i.  i. ei.e  YieY474e7e7YeiiY.Y .Y Y7

4i4Y7ii4i.  i. ei.e  YieY474e7e7YeiiY.Y .Y Y
74.i 
i.e7i7Yi7.  4i.  i. ei.e  YieY474e7e7YeiiY.Y .Y Y.i
ii. ei.e  YieY474e7e7YeiiY.  i7 4Y
4Y ii i7ieiYee.ii7 Y
Y
i
Y77
i
4.eY


7Y 47  
.ee
4i44
 
e
774
e
eYYe.
7Y ..e4iYi
Y
Yei
 Ye7i


7iYi.7e4 
44e
YY.4Y7.i.e7..Y.
i4 Ye
ei77
 . 

eY.Y47
4e 
Y7Y.
7.
Y7YiY7.
ei


4

 44
.7
 
4 
.Y .7eeYe.Y.4. 74Y iY7Y. i7ie
iY7

7

iYi
4Y4e7e
.i 
7i
4.e e i
YYi

i

YYi
.i4e e7i77Y
7

i
Y.4
e
 . Y7e4Yi
Y47ee.i

7e 4
7. Y YY7 Y
.
4
7
ii
e. 4

eY.  
4Y4
eY4
eie.iiYi.Y
eYY7i7Yie i
.7.

.7.7. 
 44ie74ei .Ye
7
7.
 e4Y4
7
YY
4Yei
 4Y7i. 44eeYi4..iYe.

774 Ye

44e.4
e
i

i. 44eeYi4..iY7i. 44eeYi4..iYee
4i.  i. ei.e  YieY474e7e7YeiiY.Y .Y Y7

4i4Y7ii4i.  i. ei.e  YieY474e7e7YeiiY.Y .Y Y
74.i 
i.e7i7Yi7.  4i.  i. ei.e  YieY474e7e7YeiiY.Y .Y Y.i
ii. ei.e  YieY474e7e7YeiiY.  i7 4Y
4Y ii i7ieiYee.ii7 Y
Y
i
Y77
i
4.eY


7Y 47  
.ee
4i44
 
e
774
e
eYYe.
7Y ..e4iYi
Y
Yei
 Ye7i


7iYi.7e4 
44e
YY.4Y7.i.e7..Y.
i4 Ye
ei77
 . 

eY.Y47
4e 
Y7Y.
7.
Y7YiY7.
ei


4

 44
.7
 
4 
.Y .7eeYe.Y.4. 74Y iY7Y. i7ie
iY7

7

iYi
4Y4e7e
.i 
7i
4.e e i
YYi

i

YYi
.i4e e7i77Y
7

i
e
4

 Y.4
e
502
 . Y7e4Yi
Y47ee.i

7e 4
7. Y YY7 Y
.
4
7
ii
e. 4

eY.  
4Y4
eY4
eie.iiYi.Y
eYY7i7Yie i
.7.

.7.7. 
 44ie74ei .Ye
7
7.
 e4Y4
7
YY
4Yei
 4Y7i. 44eeYi4..iYe.

774 Ye

44e.4
e
i

i. 44eeYi4..iY7i. 44eeYi4..iYee
4i.  i. ei.e  YieY474e7e7YeiiY.Y .Y Y7

4i4Y7ii4i.  i. ei.e  YieY474e7e7YeiiY.Y .Y Y
74.i 
i.e7i7Yi7.  4i.  i. ei.e  YieY474e7e7YeiiY.Y .Y Y.i
ii. ei.e  YieY474e7e7YeiiY.  i7 4Y
4Y ii i7ieiYee.ii7 Y
Y
i
Y77
i
4.eY


7Y 47  
.ee
4i44
 
e
774
e
eYYe.
7Y ..e4iYi
Y
Yei
 Ye7i


7iYi.7e4 
44e
YY.4Y7.i.e7..Y.
i4 Ye
ei77
 . 

eY.Y47
4e 
Y7Y.
7.
Y7YiY7.
ei


4

 44
.7
 
4 
.Y .7eeYe.Y.4. 74Y iY7Y. i7ie
iY7

7

iYi
4Y4e7e
.i 
7i
4.e e i
YYi

i

YYi
.i4e e7i77Y
7

i
e
4
iYYi
 YeY7e.4
e
504
507
508
90
4
505
7
9
0
 . Y7e4Yi
Y47ee.i

7e 4
7. Y YY7 Y
.
4
7
ii
e. 4

eY.  
4Y4
eY4
eie.iiYi.Y
eYY7i7Yie i
.7.

.7.7. 
 44ie74ei .Ye
7
7.
 e4Y4
7
YY
4Yei
 4Y7i. 44eeYi4..iYe.

774 Ye

44e.4
e
i

i. 44eeYi4..iY7i. 44eeYi4..iYee
4i.  i. ei.e  YieY474e7e7YeiiY.Y .Y Y7

4i4Y7ii4i.  i. ei.e  YieY474e7e7YeiiY.Y .Y Y
74.i 
i.e7i7Yi7.  4i.  i. ei.e  YieY474e7e7YeiiY.Y .Y Y.i
ii. ei.e  YieY474e7e7YeiiY.  i7 4Y
4Y ii i7ieiYee.ii7 Y
Y
i
Y77
i
4.eY


7Y 47  
.ee
4i44
 
e
774
e
eYYe.
7Y ..e4iYi
Y
Yei
 Ye7i


7iYi.7e4 
44e
YY.4Y7.i.e7..Y.
i4 Ye
ei77
 . 

eY.Y47
4e 
Y7Y.
7.
Y7YiY7.
ei


4

 44
.7
 
4 
.Y .7eeYe.Y.4. 74Y iY7Y. i7ie
iY7

7

iYi
4Y4e7e
.i 
7i
4.e e i
YYi

i

YYi
.i4e e7i77Y
7

i
e
4
4eeiYYi
iY
7e
7.iiY
i 
i4 
47i
 Yee e  e.i44


 . Y7e4Yi
Y47ee.i

7e 4
7. Y YY7 Y
.
4
7
ii
e. 4

eY.  
4Y4
eY4
eie.iiYi.Y
eYY7i7Yie i
.7.

.7.7. 
 44ie74ei .Ye
7
7.
 e4Y4
7
YY
4Yei
 4Y7i. 44eeYi4..iYe.

774 Ye

44e.4
e
i

i. 44eeYi4..iY7i. 44eeYi4..iYee
4i.  i. ei.e  YieY474e7e7YeiiY.Y .Y Y7

4i4Y7ii4i.  i. ei.e  YieY474e7e7YeiiY.Y .Y Y
74.i 
i.e7i7Yi7.  4i.  i. ei.e  YieY474e7e7YeiiY.Y .Y Y.i
ii. ei.e  YieY474e7e7YeiiY.  i7 4Y
4Y ii i7ieiYee.ii7 Y
Y
i
Y77
i
4.eY


7Y 47  
.ee
4i44
 
e
774
e
eYYe.
7Y ..e4iYi
Y
Yei
 Ye7i


7iYi.7e4 
44e
YY.4Y7.i.e7..Y.
i4 Ye
ei77
 . 

eY.Y47
4e 
Y7Y.
7.
Y7YiY7.
ei


4

 44
.7
 
4 
.Y .7eeYe.Y.4. 74Y iY7Y. i7ie
iY7

7

iYi
4Y4e7e
.i 
7i
4.e e i
YYi

i

YYi
.i4e e7i77Y
7

i
e
4
4eeiYYi
iY
7e
7.iiY
i 
i4 
47i


7
 Yee e  e.i44


4
 . Y7e4Yi
Y47ee.i

7e 4
7. Y YY7 Y
.
4
7
ii
e. 4

eY.  
4Y4
eY4
eie.iiYi.Y
eYY7i7Yie i
.7.

.7.7. 
 44ie74ei .Ye
7
7.
 e4Y4
7
YY
4Yei
 4Y7i. 44eeYi4..iYe.

774 Ye

44e.4
e
i

i. 44eeYi4..iY7i. 44eeYi4..iYee
4i.  i. ei.e  YieY474e7e7YeiiY.Y .Y Y7

4i4Y7ii4i.  i. ei.e  YieY474e7e7YeiiY.Y .Y Y
74.i 
i.e7i7Yi7.  4i.  i. ei.e  YieY474e7e7YeiiY.Y .Y Y.i
ii. ei.e  YieY474e7e7YeiiY.  i7 4Y
4Y ii i7ieiYee.ii7 Y
Y
i
Y77
i
4.eY


7Y 47  
.ee
4i44
 
e
774
e
eYYe.
7Y ..e4iYi
Y
Yei
 Ye7i


7iYi.7e4 
44e
YY.4Y7.i.e7..Y.
i4 Ye
ei77
 . 

eY.Y47
4e 
Y7Y.
7.
Y7YiY7.
ei


4

 44
.7
 
4 
.Y .7eeYe.Y.4. 74Y iY7Y. i7ie
iY7

7

iYi
4Y4e7e
.i 
7i
4.e e i
YYi

i

YYi
.i4e e7i77Y
7

i
e
4
4eeiYYi
iY
7e
7.iiY
i 
i4 
47i


7
7Yi

i77

Y Yee e  e.i44i
Y4

. .

.Y
.
.7
.
 . Y7e4Yi
Y47ee.i

7e 4
7. Y YY7 Y
.
4
7
ii
e. 4

eY.  
4Y4
eY4
eie.iiYi.Y
eYY7i7Yie i
.7.

.7.7. 
 44ie74ei .Ye
7
7.
 e4Y4
7
YY
4Yei
 4Y7i. 44eeYi4..iYe.

774 Ye

44e.4
e
i

i. 44eeYi4..iY7i. 44eeYi4..iYee
4i.  i. ei.e  YieY474e7e7YeiiY.Y .Y Y7

4i4Y7ii4i.  i. ei.e  YieY474e7e7YeiiY.Y .Y Y
74.i 
i.e7i7Yi7.  4i.  i. ei.e  YieY474e7e7YeiiY.Y .Y Y.i
ii. ei.e  YieY474e7e7YeiiY.  i7 4Y
4Y ii i7ieiYee.ii7 Y
Y
i
Y77
i
4.eY


7Y 47  
.ee
4i44
 
e
774
e
eYYe.
7Y ..e4iYi
Y
Yei
 Ye7i


7iYi.7e4 
44e
YY.4Y7.i.e7..Y.
i4 Ye
ei77
 . 

eY.Y47
4e 
Y7Y.
7.
Y7YiY7.
ei


4

 44
.7
 
4 
.Y .7eeYe.Y.4. 74Y iY7Y. i7ie
iY7

7

iYi
4Y4e7e
.i 
7i
4.e e i
YYi

i

YYi
.i4e e7i77Y
7

i
e
4
4eeiYYi
iY
7e
7.iiY
i 
i4 
47i


7
7Yi

i77

Y Yee e  e.i44i
Y4

. .

.Y
.

74.7
.
 . Y7e4Yi
Y47ee.i

7e 4
7. Y YY7 Y
.
4
7
ii
e. 4

eY.  
4Y4
eY4
eie.iiYi.Y
eYY7i7Yie i
.7.

.7.7. 
 44ie74ei .Ye
7
7.
 e4Y4
7
YY
4Yei
 4Y7i. 44eeYi4..iYe.

774 Ye

44e.4
e
i

i. 44eeYi4..iY7i. 44eeYi4..iYee
4i.  i. ei.e  YieY474e7e7YeiiY.Y .Y Y7

4i4Y7ii4i.  i. ei.e  YieY474e7e7YeiiY.Y .Y Y
74.i 
i.e7i7Yi7.  4i.  i. ei.e  YieY474e7e7YeiiY.Y .Y Y.i
ii. ei.e  YieY474e7e7YeiiY.  i7 4Y
4Y ii i7ieiYee.ii7 Y
Y
i
Y77
i
4.eY


7Y 47  
.ee
4i44
 
e
774
e
eYYe.
7Y ..e4iYi
Y
Yei
 Ye7i


7iYi.7e4 
44e
YY.4Y7.i.e7..Y.
i4 Ye
ei77
 . 

eY.Y47
4e 
Y7Y.
7.
Y7YiY7.
ei


4

 44
.7
 
4 
.Y .7eeYe.Y.4. 74Y iY7Y. i7ie
iY7

7

iYi
4Y4e7e
.i 
7i
4.e e i
YYi

i

YYi
.i4e e7i77Y
7

i
e
4
4eeiYYi
iY
7e
7.iiY
i 
i4 
47i


7
7Yi

i77

Y Yee e  e.i44i
Y4

. .

.Y
.

74Y.7
.
14
557
 . Y7e4Yi
Y47ee.i

7e 4
7. Y YY7 Y
.
4
7
ii
e. 4

eY.  
4Y4
eY4
eie.iiYi.Y
eYY7i7Yie i
.7.

.7.7. 
 44ie74ei .Ye
7
7.
 e4Y4
7
YY
4Yei
 4Y7i. 44eeYi4..iYe.

774 Ye

44e.4
e
i

i. 44eeYi4..iY7i. 44eeYi4..iYee
4i.  i. ei.e  YieY474e7e7YeiiY.Y .Y Y7

4i4Y7ii4i.  i. ei.e  YieY474e7e7YeiiY.Y .Y Y
74.i 
i.e7i7Yi7.  4i.  i. ei.e  YieY474e7e7YeiiY.Y .Y Y.i
ii. ei.e  YieY474e7e7YeiiY.  i7 4Y
4Y ii i7ieiYee.ii7 Y
Y
i
Y77
i
4.eY


7Y 47  
.ee
4i44
 
e
774
e
eYYe.
7Y ..e4iYi
Y
Yei
 Ye7i


7iYi.7e4 
44e
YY.4Y7.i.e7..Y.
i4 Ye
ei77
 . 

eY.Y47
4e 
Y7Y.
7.
Y7YiY7.
ei


4

 44
.7
 
4 
.Y .7eeYe.Y.4. 74Y iY7Y. i7ie
iY7

7

iYi
4Y4e7e
.i 
7i
4.e e i
YYi

i

YYi
.i4e e7i77Y
7

i
e
4
4eeiYYi
iY
7e
7.iiY
i 
i4 
47i


7
7Yi

i77

Y Yee e  e.i44i
Y4

. .

.Y
.

74YY.7
.e
4

.4i.47 Y
 i Yee e  e.i444 Y.ie
 . Y7e4Yi
Y47ee.i

7e 4
7. Y YY7 Y
.
4
7
ii
e. 4

eY.  
4Y4
eY4
eie.iiYi.Y
eYY7i7Yie i
.7.

.7.7. 
 44ie74ei .Ye
7
7.
 e4Y4
7
YY
4Yei
 4Y7i. 44eeYi4..iYe.

774 Ye

44e.4
e
i

i. 44eeYi4..iY7i. 44eeYi4..iYee
4i.  i. ei.e  YieY474e7e7YeiiY.Y .Y Y7

4i4Y7ii4i.  i. ei.e  YieY474e7e7YeiiY.Y .Y Y
74.i 
i.e7i7Yi7.  4i.  i. ei.e  YieY474e7e7YeiiY.Y .Y Y.i
ii. ei.e  YieY474e7e7YeiiY.  i7 4Y
4Y ii i7ieiYee.ii7 Y
Y
i
Y77
i
4.eY


7Y 47  
.ee
4i44
 
e
774
e
eYYe.
7Y ..e4iYi
Y
Yei
 Ye7i


7iYi.7e4 
44e
YY.4Y7.i.e7..Y.
i4 Ye
ei77
 . 

eY.Y47
4e 
Y7Y.
7.
Y7YiY7.
ei


4

 44
.7
 
4 
.Y .7eeYe.Y.4. 74Y iY7Y. i7ie
iY7

7

iYi
4Y4e7e
.i 
7i
4.e e i
YYi

i

YYi
.i4e e7i77Y
7

i
e
4
4eeiYYi
iY
7e
7.iiY
i 
i4 
47i


7
7Yi

i77

Y Yee e  e.i44i
Y4

. .

.Y
.

74YY.7
.e
4

i
i Yee e  e.i44Y
.4i.47 Y

 i Yee e  e.i444 Y.i7 
.
.eiY
7
83
 . Y7e4Yi
Y47ee.i

7e 4
7. Y YY7 Y
.
4
7
ii
e. 4

eY.  
4Y4
eY4
eie.iiYi.Y
eYY7i7Yie i
.7.

.7.7. 
 44ie74ei .Ye
7
7.
 e4Y4
7
YY
4Yei
 4Y7i. 44eeYi4..iYe.

774 Ye

44e.4
e
i

i. 44eeYi4..iY7i. 44eeYi4..iYee
4i.  i. ei.e  YieY474e7e7YeiiY.Y .Y Y7

4i4Y7ii4i.  i. ei.e  YieY474e7e7YeiiY.Y .Y Y
74.i 
i.e7i7Yi7.  4i.  i. ei.e  YieY474e7e7YeiiY.Y .Y Y.i
ii. ei.e  YieY474e7e7YeiiY.  i7 4Y
4Y ii i7ieiYee.ii7 Y
Y
i
Y77
i
4.eY


7Y 47  
.ee
4i44
 
e
774
e
eYYe.
7Y ..e4iYi
Y
Yei
 Ye7i


7iYi.7e4 
44e
YY.4Y7.i.e7..Y.
i4 Ye
ei77
 . 

eY.Y47
4e 
Y7Y.
7.
Y7YiY7.
ei


4

 44
.7
 
4 
.Y .7eeYe.Y.4. 74Y iY7Y. i7ie
iY7

7

iYi
4Y4e7e
.i 
7i
4.e e i
YYi

i

YYi
.i4e e7i77Y
7

i
e
4
4eeiYYi
iY
7e
7.iiY
i 
i4 
47i


7
7Yi

i77

Y Yee e  e.i44i
Y4

. .

.Y
.

74YY.7
.e
4

i
i Yee e  e.i44Y
.4i.47 Y

 i Yee e  e.i444 Y.i7 
.
.ee4Y
 . Y7e4Yi
Y47ee.i

7e 4
7. Y YY7 Y
.
4
7
ii
e. 4

eY.  
4Y4
eY4
eie.iiYi.Y
eYY7i7Yie i
.7.

.7.7. 
 44ie74ei .Ye
7
7.
 e4Y4
7
YY
4Yei
 4Y7i. 44eeYi4..iYe.

774 Ye

44e.4
e
i

i. 44eeYi4..iY7i. 44eeYi4..iYee
4i.  i. ei.e  YieY474e7e7YeiiY.Y .Y Y7

4i4Y7ii4i.  i. ei.e  YieY474e7e7YeiiY.Y .Y Y
74.i 
i.e7i7Yi7.  4i.  i. ei.e  YieY474e7e7YeiiY.Y .Y Y.i
ii. ei.e  YieY474e7e7YeiiY.  i7 4Y
4Y ii i7ieiYee.ii7 Y
Y
i
Y77
i
4.eY


7Y 47  
.ee
4i44
 
e
774
e
eYYe.
7Y ..e4iYi
Y
Yei
 Ye7i


7iYi.7e4 
44e
YY.4Y7.i.e7..Y.
i4 Ye
ei77
 . 

eY.Y47
4e 
Y7Y.
7.
Y7YiY7.
ei


4

 44
.7
 
4 
.Y .7eeYe.Y.4. 74Y iY7Y. i7ie
iY7

7

iYi
4Y4e7e
.i 
7i
4.e e i
YYi

i

YYi
.i4e e7i77Y
7

i
e
4
4eeiYYi
iY
7e
7.iiY
i 
i4 
47i


7
7Yi

i77

Y Yee e  e.i44i
Y4

. .

.Y
.

74YY.7
.e
4

i
i Yee e  e.i44Y
.4i.47 Y

 i Yee e  e.i444 Y.i7 
.
.Y
2
 . Y7e4Yi
Y47ee.i

7e 4
7. Y YY7 Y
.
4
7
ii
e. 4

eY.  
4Y4
eY4
eie.iiYi.Y
eYY7i7Yie i
.7.

.7.7. 
 44ie74ei .Ye
7
7.
 e4Y4
7
YY
4Yei
 4Y7i. 44eeYi4..iYe.

774 Ye

44e.4
e
i

i. 44eeYi4..iY7i. 44eeYi4..iYee
4i.  i. ei.e  YieY474e7e7YeiiY.Y .Y Y7

4i4Y7ii4i.  i. ei.e  YieY474e7e7YeiiY.Y .Y Y
74.i 
i.e7i7Yi7.  4i.  i. ei.e  YieY474e7e7YeiiY.Y .Y Y.i
ii. ei.e  YieY474e7e7YeiiY.  i7 4Y
4Y ii i7ieiYee.ii7 Y
Y
i
Y77
i
4.eY


7Y 47  
.ee
4i44
 
e
774
e
eYYe.
7Y ..e4iYi
Y
Yei
 Ye7i


7iYi.7e4 
44e
YY.4Y7.i.e7..Y.
i4 Ye
ei77
 . 

eY.Y47
4e 
Y7Y.
7.
Y7YiY7.
ei


4

 44
.7
 
4 
.Y .7eeYe.Y.4. 74Y iY7Y. i7ie
iY7

7

iYi
4Y4e7e
.i 
7i
4.e e i
YYi

i

YYi
.i4e e7i77Y
7

i
e
4
4eeiYYi
iY
7e
7.iiY
i 
i4 
47i


7
7Yi

i77

Y Yee e  e.i44i
Y4

. .

.Y
.

74YY.7
.e
4

i
i Yee e  e.i44Y
.4i.47 Y

 i Yee e  e.i444 Y.i7 
.
.
iYeYe.7ii
i i
i.4
.Y


7eY7Y

.i Yee e  e.i44Y

Y Y e
 . Y7e4Yi
Y47ee.i

7e 4
7. Y YY7 Y
.
4
7
ii
e. 4

eY.  
4Y4
eY4
eie.iiYi.Y
eYY7i7Yie i
.7.

.7.7. 
 44ie74ei .Ye
7
7.
 e4Y4
7
YY
4Yei
 4Y7i. 44eeYi4..iYe.

774 Ye

44e.4
e
i

i. 44eeYi4..iY7i. 44eeYi4..iYee
4i.  i. ei.e  YieY474e7e7YeiiY.Y .Y Y7

4i4Y7ii4i.  i. ei.e  YieY474e7e7YeiiY.Y .Y Y
74.i 
i.e7i7Yi7.  4i.  i. ei.e  YieY474e7e7YeiiY.Y .Y Y.i
ii. ei.e  YieY474e7e7YeiiY.  i7 4Y
4Y ii i7ieiYee.ii7 Y
Y
i
Y77
i
4.eY


7Y 47  
.ee
4i44
 
e
774
e
eYYe.
7Y ..e4iYi
Y
Yei
 Ye7i


7iYi.7e4 
44e
YY.4Y7.i.e7..Y.
i4 Ye
ei77
 . 

eY.Y47
4e 
Y7Y.
7.
Y7YiY7.
ei


4

 44
.7
 
4 
.Y .7eeYe.Y.4. 74Y iY7Y. i7ie
iY7

7

iYi
4Y4e7e
.i 
7i
4.e e i
YYi

i

YYi
.i4e e7i77Y
7

i
e
4
4eeiYYi
iY
7e
7.iiY
i 
i4 
47i


7
7Yi

i77

Y Yee e  e.i44i
Y4

. .

.Y
.

74YY.7
.e
4

i
i Yee e  e.i44Y
.4i.47 Y

 i Yee e  e.i444 Y.i7 
.
.
iYeYe.7ii
i i
i.4
.Y


7eY7Y

77Y
4.4.i Yee e  e.i44Y77.4.  e
14
 . Y7e4Yi
Y47ee.i

7e 4
7. Y YY7 Y
.
4
7
ii
e. 4

eY.  
4Y4
eY4
eie.iiYi.Y
eYY7i7Yie i
.7.

.7.7. 
 44ie74ei .Ye
7
7.
 e4Y4
7
YY
4Yei
 4Y7i. 44eeYi4..iYe.

774 Ye

44e.4
e
i

i. 44eeYi4..iY7i. 44eeYi4..iYee
4i.  i. ei.e  YieY474e7e7YeiiY.Y .Y Y7

4i4Y7ii4i.  i. ei.e  YieY474e7e7YeiiY.Y .Y Y
74.i 
i.e7i7Yi7.  4i.  i. ei.e  YieY474e7e7YeiiY.Y .Y Y.i
ii. ei.e  YieY474e7e7YeiiY.  i7 4Y
4Y ii i7ieiYee.ii7 Y
Y
i
Y77
i
4.eY


7Y 47  
.ee
4i44
 
e
774
e
eYYe.
7Y ..e4iYi
Y
Yei
 Ye7i


7iYi.7e4 
44e
YY.4Y7.i.e7..Y.
i4 Ye
ei77
 . 

eY.Y47
4e 
Y7Y.
7.
Y7YiY7.
ei


4

 44
.7
 
4 
.Y .7eeYe.Y.4. 74Y iY7Y. i7ie
iY7

7

iYi
4Y4e7e
.i 
7i
4.e e i
YYi

i

YYi
.i4e e7i77Y
7

i
e
4
4eeiYYi
iY
7e
7.iiY
i 
i4 
47i


7
7Yi

i77

Y Yee e  e.i44i
Y4

. .

.Y
.

74YY.7
.e
4

i
i Yee e  e.i44Y
.4i.47 Y

 i Yee e  e.i444 Y.i7 
.
.
iYeYe.7ii
i i
i.4
.Y


7eY7Y

77Y4
4.4.i Yee e  e.i44Y77.4.  e
5
1
10
 . Y7e4Yi
Y47ee.i

7e 4
7. Y YY7 Y
.
4
7
ii
e. 4

eY.  
4Y4
eY4
eie.iiYi.Y
eYY7i7Yie i
.7.

.7.7. 
 44ie74ei .Ye
7
7.
 e4Y4
7
YY
4Yei
 4Y7i. 44eeYi4..iYe.

774 Ye

44e.4
e
i

i. 44eeYi4..iY7i. 44eeYi4..iYee
4i.  i. ei.e  YieY474e7e7YeiiY.Y .Y Y7

4i4Y7ii4i.  i. ei.e  YieY474e7e7YeiiY.Y .Y Y
74.i 
i.e7i7Yi7.  4i.  i. ei.e  YieY474e7e7YeiiY.Y .Y Y.i
ii. ei.e  YieY474e7e7YeiiY.  i7 4Y
4Y ii i7ieiYee.ii7 Y
Y
i
Y77
i
4.eY


7Y 47  
.ee
4i44
 
e
774
e
eYYe.
7Y ..e4iYi
Y
Yei
 Ye7i


7iYi.7e4 
44e
YY.4Y7.i.e7..Y.
i4 Ye
ei77
 . 

eY.Y47
4e 
Y7Y.
7.
Y7YiY7.
ei


4

 44
.7
 
4 
.Y .7eeYe.Y.4. 74Y iY7Y. i7ie
iY7

7

iYi
4Y4e7e
.i 
7i
4.e e i
YYi

i

YYi
.i4e e7i77Y
7

i
e
4
4eeiYYi
iY
7e
7.iiY
i 
i4 
47i


7
7Yi

i77

Y Yee e  e.i44i
Y4

. .

.Y
.

74YY.7
.e
4

i
i Yee e  e.i44Y
.4i.47 Y

 i Yee e  e.i444 Y.i7 
.
.
iYeYe.7ii
i i
i.4
.Y


i
4 

e


 4.i Yee e  e.i44Y77.4.  eY.i Yee e  e.i44Y77.4.  ee
115
 . Y7e4Yi
Y47ee.i

7e 4
7. Y YY7 Y
.
4
7
ii
e. 4

eY.  
4Y4
eY4
eie.iiYi.Y
eYY7i7Yie i
.7.

.7.7. 
 44ie74ei .Ye
7
7.
 e4Y4
7
YY
4Yei
 4Y7i. 44eeYi4..iYe.

774 Ye

44e.4
e
i

i. 44eeYi4..iY7i. 44eeYi4..iYee
4i.  i. ei.e  YieY474e7e7YeiiY.Y .Y Y7

4i4Y7ii4i.  i. ei.e  YieY474e7e7YeiiY.Y .Y Y
74.i 
i.e7i7Yi7.  4i.  i. ei.e  YieY474e7e7YeiiY.Y .Y Y.i
ii. ei.e  YieY474e7e7YeiiY.  i7 4Y
4Y ii i7ieiYee.ii7 Y
Y
i
Y77
i
4.eY


7Y 47  
.ee
4i44
 
e
774
e
eYYe.
7Y ..e4iYi
Y
Yei
 Ye7i


7iYi.7e4 
44e
YY.4Y7.i.e7..Y.
i4 Ye
ei77
 . 

eY.Y47
4e 
Y7Y.
7.
Y7YiY7.
ei


4

 44
.7
 
4 
.Y .7eeYe.Y.4. 74Y iY7Y. i7ie
iY7

7

iYi
4Y4e7e
.i 
7i
4.e e i
YYi

i

YYi
.i4e e7i77Y
7

i
e
4
4eeiYYi
iY
7e
7.iiY
i 
i4 
47i


7
7Yi

i77

Y Yee e  e.i44i
Y4

. .

.Y
.

74YY.7
.e
4

i
i Yee e  e.i44Y
.4i.47 Y

 i Yee e  e.i444 Y.i7 
.
.
iYeYe.7ii
i i
i.4
.Y


i
4 

e



.e
4 4.i Yee e  e.i44Y77.4.  e 4.i Yee e  e.i44Y77.4.  eY.i Yee e  e.i44Y77.4.  ee
14
648
 . Y7e4Yi
Y47ee.i

7e 4
7. Y YY7 Y
.
4
7
ii
e. 4

eY.  
4Y4
eY4
eie.iiYi.Y
eYY7i7Yie i
.7.

.7.7. 
 44ie74ei .Ye
7
7.
 e4Y4
7
YY
4Yei
 4Y7i. 44eeYi4..iYe.

774 Ye

44e.4
e
i

i. 44eeYi4..iY7i. 44eeYi4..iYee
4i.  i. ei.e  YieY474e7e7YeiiY.Y .Y Y7

4i4Y7ii4i.  i. ei.e  YieY474e7e7YeiiY.Y .Y Y
74.i 
i.e7i7Yi7.  4i.  i. ei.e  YieY474e7e7YeiiY.Y .Y Y.i
ii. ei.e  YieY474e7e7YeiiY.  i7 4Y
4Y ii i7ieiYee.ii7 Y
Y
i
Y77
i
4.eY


7Y 47  
.ee
4i44
 
e
774
e
eYYe.
7Y ..e4iYi
Y
Yei
 Ye7i


7iYi.7e4 
44e
YY.4Y7.i.e7..Y.
i4 Ye
ei77
 . 

eY.Y47
4e 
Y7Y.
7.
Y7YiY7.
ei


4

 44
.7
 
4 
.Y .7eeYe.Y.4. 74Y iY7Y. i7ie
iY7

7

iYi
4Y4e7e
.i 
7i
4.e e i
YYi

i

YYi
.i4e e7i77Y
7

i
e
4
4eeiYYi
iY
7e
7.iiY
i 
i4 
47i


7
7Yi

i77

Y Yee e  e.i44i
Y4

. .

.Y
.

74YY.7
.e
4

i
i Yee e  e.i44Y
.4i.47 Y

 i Yee e  e.i444 Y.i7 
.
.
iYeYe.7ii
i i
i.4
.Y


i
4 

e

..i Yee e  e.i44Y77.4.  ee7  e.Yi.e4 4.i Yee e  e.i44Y77.4.  e7
..i Yee e  e.i44Y77.4.  ee  

4
4e..
 7Y..eY7...i Yee e  e.i44Y77.4.  ee.Y.Y.i Yee e  e.i44Y77.4.  ee.e4
730
 . Y7e4Yi
Y47ee.i

7e 4
7. Y YY7 Y
.
4
7
ii
e. 4

eY.  
4Y4
eY4
eie.iiYi.Y
eYY7i7Yie i
.7.

.7.7. 
 44ie74ei .Ye
7
7.
 e4Y4
7
YY
4Yei
 4Y7i. 44eeYi4..iYe.

774 Ye

44e.4
e
i

i. 44eeYi4..iY7i. 44eeYi4..iYee
4i.  i. ei.e  YieY474e7e7YeiiY.Y .Y Y7

4i4Y7ii4i.  i. ei.e  YieY474e7e7YeiiY.Y .Y Y
74.i 
i.e7i7Yi7.  4i.  i. ei.e  YieY474e7e7YeiiY.Y .Y Y.i
ii. ei.e  YieY474e7e7YeiiY.  i7 4Y
4Y ii i7ieiYee.ii7 Y
Y
i
Y77
i
4.eY


7Y 47  
.ee
4i44
 
e
774
e
eYYe.
7Y ..e4iYi
Y
Yei
 Ye7i


7iYi.7e4 
44e
YY.4Y7.i.e7..Y.
i4 Ye
ei77
 . 

eY.Y47
4e 
Y7Y.
7.
Y7YiY7.
ei


4

 44
.7
 
4 
.Y .7eeYe.Y.4. 74Y iY7Y. i7ie
iY7

7

iYi
4Y4e7e
.i 
7i
4.e e i
YYi

i

YYi
.i4e e7i77Y
7

i
e
4
4eeiYYi
iY
7e
7.iiY
i 
i4 
47i


7
7Yi

i77

Y Yee e  e.i44i
Y4

. .

.Y
.

74YY.7
.e
4

i
i Yee e  e.i44Y
.4i.47 Y

 i Yee e  e.i444 Y.i7 
.
.
iYeYe.7ii
i i
i.4
.Y


i
4 

e

..i Yee e  e.i44Y77.4.  ee7  e.Yi.e4 4.i Yee e  e.i44Y77.4.  e7
..i Yee e  e.i44Y77.4.  ee  

4
4e....i Yee e  e.i44Y77.4.  ee. .
Y
ee.ee..i Yee e  e.i44Y77.4.  eeY7.Y..  .4e4eY
 
 . Y7e4Yi
Y47ee.i

7e 4
7. Y YY7 Y
.
4
7
ii
e. 4

eY.  
4Y4
eY4
eie.iiYi.Y
eYY7i7Yie i
.7.

.7.7. 
 44ie74ei .Ye
7
7.
 e4Y4
7
YY
4Yei
 4Y7i. 44eeYi4..iYe.

774 Ye

44e.4
e
i

i. 44eeYi4..iY7i. 44eeYi4..iYee
4i.  i. ei.e  YieY474e7e7YeiiY.Y .Y Y7

4i4Y7ii4i.  i. ei.e  YieY474e7e7YeiiY.Y .Y Y
74.i 
i.e7i7Yi7.  4i.  i. ei.e  YieY474e7e7YeiiY.Y .Y Y.i
ii. ei.e  YieY474e7e7YeiiY.  i7 4Y
4Y ii i7ieiYee.ii7 Y
Y
i
Y77
i
4.eY


7Y 47  
.ee
4i44
 
e
774
e
eYYe.
7Y ..e4iYi
Y
Yei
 Ye7i


7iYi.7e4 
44e
YY.4Y7.i.e7..Y.
i4 Ye
ei77
 . 

eY.Y47
4e 
Y7Y.
7.
Y7YiY7.
ei


4

 44
.7
 
4 
.Y .7eeYe.Y.4. 74Y iY7Y. i7ie
iY7

7

iYi
4Y4e7e
.i 
7i
4.e e i
YYi

i

YYi
.i4e e7i77Y
7

i
e
4
4eeiYYi
iY
7e
7.iiY
i 
i4 
47i


7
7Yi

i77

Y Yee e  e.i44i
Y4

. .

.Y
.

74YY.7
.e
4

i
i Yee e  e.i44Y
.4i.47 Y

 i Yee e  e.i444 Y.i7 
.
.
iYeYe.7ii
i i
i.4
.Y


i
4 

e

..i Yee e  e.i44Y77.4.  ee7  e.Yi.e4 4.i Yee e  e.i44Y77.4.  e7
..i Yee e  e.i44Y77.4.  ee  

4
4e....i Yee e  e.i44Y77.4.  ee. .
Y
ee.ee..i Yee e  e.i44Y77.4.  eeY7.Y..  .4e4eY
 
Yi47Ye
 . Y7e4Yi
Y47ee.i

7e 4
7. Y YY7 Y
.
4
7
ii
e. 4

eY.  
4Y4
eY4
eie.iiYi.Y
eYY7i7Yie i
.7.

.7.7. 
 44ie74ei .Ye
7
7.
 e4Y4
7
YY
4Yei
 4Y7i. 44eeYi4..iYe.

774 Ye

44e.4
e
i

i. 44eeYi4..iY7i. 44eeYi4..iYee
4i.  i. ei.e  YieY474e7e7YeiiY.Y .Y Y7

4i4Y7ii4i.  i. ei.e  YieY474e7e7YeiiY.Y .Y Y
74.i 
i.e7i7Yi7.  4i.  i. ei.e  YieY474e7e7YeiiY.Y .Y Y.i
ii. ei.e  YieY474e7e7YeiiY.  i7 4Y
4Y ii i7ieiYee.ii7 Y
Y
i
Y77
i
4.eY


7Y 47  
.ee
4i44
 
e
774
e
eYYe.
7Y ..e4iYi
Y
Yei
 Ye7i


7iYi.7e4 
44e
YY.4Y7.i.e7..Y.
i4 Ye
ei77
 . 

eY.Y47
4e 
Y7Y.
7.
Y7YiY7.
ei


4

 44
.7
 
4 
.Y .7eeYe.Y.4. 74Y iY7Y. i7ie
iY7

7

iYi
4Y4e7e
.i 
7i
4.e e i
YYi

i

YYi
.i4e e7i77Y
7

i
e
4
4eeiYYi
iY
7e
7.iiY
i 
i4 
47i


7
7Yi

i77

Y Yee e  e.i44i
Y4

. .

.Y
.

74YY.7
.e
4

i
i Yee e  e.i44Y
.4i.47 Y

 i Yee e  e.i444 Y.i7 
.
.
iYeYe.7ii
i i
i.4
.Y


i
4 

e

..i Yee e  e.i44Y77.4.  ee7  e.Yi.e4 4.i Yee e  e.i44Y77.4.  e7
..i Yee e  e.i44Y77.4.  ee  

4
4e....i Yee e  e.i44Y77.4.  ee. .
Y
ee.ee..i Yee e  e.i44Y77.4.  eeY7.Y..  .4e4eY
 
Yi47Ye
ii
Y
748
1
 . Y7e4Yi
Y47ee.i

7e 4
7. Y YY7 Y
.
4
7
ii
e. 4

eY.  
4Y4
eY4
eie.iiYi.Y
eYY7i7Yie i
.7.

.7.7. 
 44ie74ei .Ye
7
7.
 e4Y4
7
YY
4Yei
 4Y7i. 44eeYi4..iYe.

774 Ye

44e.4
e
i

i. 44eeYi4..iY7i. 44eeYi4..iYee
4i.  i. ei.e  YieY474e7e7YeiiY.Y .Y Y7

4i4Y7ii4i.  i. ei.e  YieY474e7e7YeiiY.Y .Y Y
74.i 
i.e7i7Yi7.  4i.  i. ei.e  YieY474e7e7YeiiY.Y .Y Y.i
ii. ei.e  YieY474e7e7YeiiY.  i7 4Y
4Y ii i7ieiYee.ii7 Y
Y
i
Y77
i
4.eY


7Y 47  
.ee
4i44
 
e
774
e
eYYe.
7Y ..e4iYi
Y
Yei
 Ye7i


7iYi.7e4 
44e
YY.4Y7.i.e7..Y.
i4 Ye
ei77
 . 

eY.Y47
4e 
Y7Y.
7.
Y7YiY7.
ei


4

 44
.7
 
4 
.Y .7eeYe.Y.4. 74Y iY7Y. i7ie
iY7

7

iYi
4Y4e7e
.i 
7i
4.e e i
YYi

i

YYi
.i4e e7i77Y
7

i
e
4
4eeiYYi
iY
7e
7.iiY
i 
i4 
47i


7
7Yi

i77

Y Yee e  e.i44i
Y4

. .

.Y
.

74YY.7
.e
4

i
i Yee e  e.i44Y
.4i.47 Y

 i Yee e  e.i444 Y.i7 
.
.
iYeYe.7ii
i i
i.4
.Y


i
4 

e

..i Yee e  e.i44Y77.4.  ee7  e.Yi.e4 4.i Yee e  e.i44Y77.4.  e7
..i Yee e  e.i44Y77.4.  ee  

4
4e....i Yee e  e.i44Y77.4.  ee. .
Y
ee.ee..i Yee e  e.i44Y77.4.  eeY7.Y..  .4e4eY
 
Yi47Ye
iiYe
Y44.
 . Y7e4Yi
Y47ee.i

7e 4
7. Y YY7 Y
.
4
7
ii
e. 4

eY.  
4Y4
eY4
eie.iiYi.Y
eYY7i7Yie i
.7.

.7.7. 
 44ie74ei .Ye
7
7.
 e4Y4
7
YY
4Yei
 4Y7i. 44eeYi4..iYe.

774 Ye

44e.4
e
i

i. 44eeYi4..iY7i. 44eeYi4..iYee
4i.  i. ei.e  YieY474e7e7YeiiY.Y .Y Y7

4i4Y7ii4i.  i. ei.e  YieY474e7e7YeiiY.Y .Y Y
74.i 
i.e7i7Yi7.  4i.  i. ei.e  YieY474e7e7YeiiY.Y .Y Y.i
ii. ei.e  YieY474e7e7YeiiY.  i7 4Y
4Y ii i7ieiYee.ii7 Y
Y
i
Y77
i
4.eY


7Y 47  
.ee
4i44
 
e
774
e
eYYe.
7Y ..e4iYi
Y
Yei
 Ye7i


7iYi.7e4 
44e
YY.4Y7.i.e7..Y.
i4 Ye
ei77
 . 

eY.Y47
4e 
Y7Y.
7.
Y7YiY7.
ei


4

 44
.7
 
4 
.Y .7eeYe.Y.4. 74Y iY7Y. i7ie
iY7

7

iYi
4Y4e7e
.i 
7i
4.e e i
YYi

i

YYi
.i4e e7i77Y
7

i
e
4
4eeiYYi
iY
7e
7.iiY
i 
i4 
47i


7
7Yi

i77

Y Yee e  e.i44i
Y4

. .

.Y
.

74YY.7
.e
4

i
i Yee e  e.i44Y
.4i.47 Y

 i Yee e  e.i444 Y.i7 
.
.
iYeYe.7ii
i i
i.4
.Y


i
4 

e

..i Yee e  e.i44Y77.4.  ee7  e.Yi.e4 4.i Yee e  e.i44Y77.4.  e7
..i Yee e  e.i44Y77.4.  ee  

4
4e....i Yee e  e.i44Y77.4.  ee. .
Y
ee.ee..i Yee e  e.i44Y77.4.  eeY7.Y..  .4e4eY
 
Yi47Ye
iiYe
Y44.
ei

4Yii
757
764
 . Y7e4Yi
Y47ee.i

7e 4
7. Y YY7 Y
.
4
7
ii
e. 4

eY.  
4Y4
eY4
eie.iiYi.Y
eYY7i7Yie i
.7.

.7.7. 
 44ie74ei .Ye
7
7.
 e4Y4
7
YY
4Yei
 4Y7i. 44eeYi4..iYe.

774 Ye

44e.4
e
i

i. 44eeYi4..iY7i. 44eeYi4..iYee
4i.  i. ei.e  YieY474e7e7YeiiY.Y .Y Y7

4i4Y7ii4i.  i. ei.e  YieY474e7e7YeiiY.Y .Y Y
74.i 
i.e7i7Yi7.  4i.  i. ei.e  YieY474e7e7YeiiY.Y .Y Y.i
ii. ei.e  YieY474e7e7YeiiY.  i7 4Y
4Y ii i7ieiYee.ii7 Y
Y
i
Y77
i
4.eY


7Y 47  
.ee
4i44
 
e
774
e
eYYe.
7Y ..e4iYi
Y
Yei
 Ye7i


7iYi.7e4 
44e
YY.4Y7.i.e7..Y.
i4 Ye
ei77
 . 

eY.Y47
4e 
Y7Y.
7.
Y7YiY7.
ei


4

 44
.7
 
4 
.Y .7eeYe.Y.4. 74Y iY7Y. i7ie
iY7

7

iYi
4Y4e7e
.i 
7i
4.e e i
YYi

i

YYi
.i4e e7i77Y
7

i
e
4
4eeiYYi
iY
7e
7.iiY
i 
i4 
47i


7
7Yi

i77

Y Yee e  e.i44i
Y4

. .

.Y
.

74YY.7
.e
4

i
i Yee e  e.i44Y
.4i.47 Y

 i Yee e  e.i444 Y.i7 
.
.
iYeYe.7ii
i i
i.4
.Y


i
4 

e

..i Yee e  e.i44Y77.4.  ee7  e.Yi.e4 4.i Yee e  e.i44Y77.4.  e7
..i Yee e  e.i44Y77.4.  ee  

4
4e....i Yee e  e.i44Y77.4.  ee. .
Y
ee.ee..i Yee e  e.i44Y77.4.  eeY7.Y..  .4e4eY
 
Yi47Ye
iiYe
Y44.
i 
ii
4
.i4..44.i.
 . Y7e4Yi
Y47ee.i

7e 4
7. Y YY7 Y
.
4
7
ii
e. 4

eY.  
4Y4
eY4
eie.iiYi.Y
eYY7i7Yie i
.7.

.7.7. 
 44ie74ei .Ye
7
7.
 e4Y4
7
YY
4Yei
 4Y7i. 44eeYi4..iYe.

774 Ye

44e.4
e
i

i. 44eeYi4..iY7i. 44eeYi4..iYee
4i.  i. ei.e  YieY474e7e7YeiiY.Y .Y Y7

4i4Y7ii4i.  i. ei.e  YieY474e7e7YeiiY.Y .Y Y
74.i 
i.e7i7Yi7.  4i.  i. ei.e  YieY474e7e7YeiiY.Y .Y Y.i
ii. ei.e  YieY474e7e7YeiiY.  i7 4Y
4Y ii i7ieiYee.ii7 Y
Y
i
Y77
i
4.eY


7Y 47  
.ee
4i44
 
e
774
e
eYYe.
7Y ..e4iYi
Y
Yei
 Ye7i


7iYi.7e4 
44e
YY.4Y7.i.e7..Y.
i4 Ye
ei77
 . 

eY.Y47
4e 
Y7Y.
7.
Y7YiY7.
ei


4

 44
.7
 
4 
.Y .7eeYe.Y.4. 74Y iY7Y. i7ie
iY7

7

iYi
4Y4e7e
.i 
7i
4.e e i
YYi

i

YYi
.i4e e7i77Y
7

i
e
4
4eeiYYi
iY
7e
7.iiY
i 
i4 
47i


7
7Yi

i77

Y Yee e  e.i44i
Y4

. .

.Y
.

74YY.7
.e
4

i
i Yee e  e.i44Y
.4i.47 Y

 i Yee e  e.i444 Y.i7 
.
.
iYeYe.7ii
i i
i.4
.Y


i
4 

e

..i Yee e  e.i44Y77.4.  ee7  e.Yi.e4 4.i Yee e  e.i44Y77.4.  e7
..i Yee e  e.i44Y77.4.  ee  

4
4e....i Yee e  e.i44Y77.4.  ee. .
Y
ee.ee..i Yee e  e.i44Y77.4.  eeY7.Y..  .4e4eY
 
Yi47Ye
iiYe
Y44.
i 
ii
i 
4

e47i4..44.i.
 . Y7e4Yi
Y47ee.i

7e 4
7. Y YY7 Y
.
4
7
ii
e. 4

eY.  
4Y4
eY4
eie.iiYi.Y
eYY7i7Yie i
.7.

.7.7. 
 44ie74ei .Ye
7
7.
 e4Y4
7
YY
4Yei
 4Y7i. 44eeYi4..iYe.

774 Ye

44e.4
e
i

i. 44eeYi4..iY7i. 44eeYi4..iYee
4i.  i. ei.e  YieY474e7e7YeiiY.Y .Y Y7

4i4Y7ii4i.  i. ei.e  YieY474e7e7YeiiY.Y .Y Y
74.i 
i.e7i7Yi7.  4i.  i. ei.e  YieY474e7e7YeiiY.Y .Y Y.i
ii. ei.e  YieY474e7e7YeiiY.  i7 4Y
4Y ii i7ieiYee.ii7 Y
Y
i
Y77
i
4.eY


7Y 47  
.ee
4i44
 
e
774
e
eYYe.
7Y ..e4iYi
Y
Yei
 Ye7i


7iYi.7e4 
44e
YY.4Y7.i.e7..Y.
i4 Ye
ei77
 . 

eY.Y47
4e 
Y7Y.
7.
Y7YiY7.
ei


4

 44
.7
 
4 
.Y .7eeYe.Y.4. 74Y iY7Y. i7ie
iY7

7

iYi
4Y4e7e
.i 
7i
4.e e i
YYi

i

YYi
.i4e e7i77Y
7

i
e
4
4eeiYYi
iY
7e
7.iiY
i 
i4 
47i


7
7Yi

i77

Y Yee e  e.i44i
Y4

. .

.Y
.

74YY.7
.e
4

i
i Yee e  e.i44Y
.4i.47 Y

 i Yee e  e.i444 Y.i7 
.
.
iYeYe.7ii
i i
i.4
.Y


i
4 

e

..i Yee e  e.i44Y77.4.  ee7  e.Yi.e4 4.i Yee e  e.i44Y77.4.  e7
..i Yee e  e.i44Y77.4.  ee  

4
4e....i Yee e  e.i44Y77.4.  ee. .
Y
ee.ee..i Yee e  e.i44Y77.4.  eeY7.Y..  .4e4eY
 
Yi47Ye
iiYe
Y44.
i 
ii
i  
4

e47i4..44.i.
767
15
 . Y7e4Yi
Y47ee.i

7e 4
7. Y YY7 Y
.
4
7
ii
e. 4

eY.  
4Y4
eY4
eie.iiYi.Y
eYY7i7Yie i
.7.

.7.7. 
 44ie74ei .Ye
7
7.
 e4Y4
7
YY
4Yei
 4Y7i. 44eeYi4..iYe.

774 Ye

44e.4
e
i

i. 44eeYi4..iY7i. 44eeYi4..iYee
4i.  i. ei.e  YieY474e7e7YeiiY.Y .Y Y7

4i4Y7ii4i.  i. ei.e  YieY474e7e7YeiiY.Y .Y Y
74.i 
i.e7i7Yi7.  4i.  i. ei.e  YieY474e7e7YeiiY.Y .Y Y.i
ii. ei.e  YieY474e7e7YeiiY.  i7 4Y
4Y ii i7ieiYee.ii7 Y
Y
i
Y77
i
4.eY


7Y 47  
.ee
4i44
 
e
774
e
eYYe.
7Y ..e4iYi
Y
Yei
 Ye7i


7iYi.7e4 
44e
YY.4Y7.i.e7..Y.
i4 Ye
ei77
 . 

eY.Y47
4e 
Y7Y.
7.
Y7YiY7.
ei


4

 44
.7
 
4 
.Y .7eeYe.Y.4. 74Y iY7Y. i7ie
iY7

7

iYi
4Y4e7e
.i 
7i
4.e e i
YYi

i

YYi
.i4e e7i77Y
7

i
e
4
4eeiYYi
iY
7e
7.iiY
i 
i4 
47i


7
7Yi

i77

Y Yee e  e.i44i
Y4

. .

.Y
.

74YY.7
.e
4

i
i Yee e  e.i44Y
.4i.47 Y

 i Yee e  e.i444 Y.i7 
.
.
iYeYe.7ii
i i
i.4
.Y


i
4 

e

..i Yee e  e.i44Y77.4.  ee7  e.Yi.e4 4.i Yee e  e.i44Y77.4.  e7
..i Yee e  e.i44Y77.4.  ee  

4
4e....i Yee e  e.i44Y77.4.  ee. .
Y
ee.ee..i Yee e  e.i44Y77.4.  eeY7.Y..  .4e4eY
 
Yi47Ye
iiYe
Y44.
i 
ii
i  

4Y
7.
.i
4
 74 .44i
YY7
Y777.ii
.
4

e47i4..44.i.
 . Y7e4Yi
Y47ee.i

7e 4
7. Y YY7 Y
.
4
7
ii
e. 4

eY.  
4Y4
eY4
eie.iiYi.Y
eYY7i7Yie i
.7.

.7.7. 
 44ie74ei .Ye
7
7.
 e4Y4
7
YY
4Yei
 4Y7i. 44eeYi4..iYe.

774 Ye

44e.4
e
i

i. 44eeYi4..iY7i. 44eeYi4..iYee
4i.  i. ei.e  YieY474e7e7YeiiY.Y .Y Y7

4i4Y7ii4i.  i. ei.e  YieY474e7e7YeiiY.Y .Y Y
74.i 
i.e7i7Yi7.  4i.  i. ei.e  YieY474e7e7YeiiY.Y .Y Y.i
ii. ei.e  YieY474e7e7YeiiY.  i7 4Y
4Y ii i7ieiYee.ii7 Y
Y
i
Y77
i
4.eY


7Y 47  
.ee
4i44
 
e
774
e
eYYe.
7Y ..e4iYi
Y
Yei
 Ye7i


7iYi.7e4 
44e
YY.4Y7.i.e7..Y.
i4 Ye
ei77
 . 

eY.Y47
4e 
Y7Y.
7.
Y7YiY7.
ei


4

 44
.7
 
4 
.Y .7eeYe.Y.4. 74Y iY7Y. i7ie
iY7

7

iYi
4Y4e7e
.i 
7i
4.e e i
YYi

i

YYi
.i4e e7i77Y
7

i
e
4
4eeiYYi
iY
7e
7.iiY
i 
i4 
47i


7
7Yi

i77

Y Yee e  e.i44i
Y4

. .

.Y
.

74YY.7
.e
4

i
i Yee e  e.i44Y
.4i.47 Y

 i Yee e  e.i444 Y.i7 
.
.
iYeYe.7ii
i i
i.4
.Y


i
4 

e

..i Yee e  e.i44Y77.4.  ee7  e.Yi.e4 4.i Yee e  e.i44Y77.4.  e7
..i Yee e  e.i44Y77.4.  ee  

4
4e....i Yee e  e.i44Y77.4.  ee. .
Y
ee.ee..i Yee e  e.i44Y77.4.  eeY7.Y..  .4e4eY
 
Yi47Ye
iiYe
Y44.
i 
ii
i  

4Y
7.
.i
4
 74 .44i
YY7
Y777.iiiY
Y

.
4

e47i4..44.i.
7
 . Y7e4Yi
Y47ee.i

7e 4
7. Y YY7 Y
.
4
7
ii
e. 4

eY.  
4Y4
eY4
eie.iiYi.Y
eYY7i7Yie i
.7.

.7.7. 
 44ie74ei .Ye
7
7.
 e4Y4
7
YY
4Yei
 4Y7i. 44eeYi4..iYe.

774 Ye

44e.4
e
i

i. 44eeYi4..iY7i. 44eeYi4..iYee
4i.  i. ei.e  YieY474e7e7YeiiY.Y .Y Y7

4i4Y7ii4i.  i. ei.e  YieY474e7e7YeiiY.Y .Y Y
74.i 
i.e7i7Yi7.  4i.  i. ei.e  YieY474e7e7YeiiY.Y .Y Y.i
ii. ei.e  YieY474e7e7YeiiY.  i7 4Y
4Y ii i7ieiYee.ii7 Y
Y
i
Y77
i
4.eY


7Y 47  
.ee
4i44
 
e
774
e
eYYe.
7Y ..e4iYi
Y
Yei
 Ye7i


7iYi.7e4 
44e
YY.4Y7.i.e7..Y.
i4 Ye
ei77
 . 

eY.Y47
4e 
Y7Y.
7.
Y7YiY7.
ei


4

 44
.7
 
4 
.Y .7eeYe.Y.4. 74Y iY7Y. i7ie
iY7

7

iYi
4Y4e7e
.i 
7i
4.e e i
YYi

i

YYi
.i4e e7i77Y
7

i
e
4
4eeiYYi
iY
7e
7.iiY
i 
i4 
47i


7
7Yi

i77

Y Yee e  e.i44i
Y4

. .

.Y
.

74YY.7
.e
4

i
i Yee e  e.i44Y
.4i.47 Y

 i Yee e  e.i444 Y.i7 
.
.
iYeYe.7ii
i i
i.4
.Y


i
4 

e

..i Yee e  e.i44Y77.4.  ee7  e.Yi.e4 4.i Yee e  e.i44Y77.4.  e7
..i Yee e  e.i44Y77.4.  ee  

4
4e....i Yee e  e.i44Y77.4.  ee. .
Y
ee.ee..i Yee e  e.i44Y77.4.  eeY7.Y..  .4e4eY
 
Yi47Ye
iiYe
Y44.
i 
ii
i  

4Y
7.
.i
4
 74 .44i
YY7
Y777.iiiY
Yi
4 
.i  YiYe
e i
YY4
ie 

.
4

e47i4..44.i.
 . Y7e4Yi
Y47ee.i

7e 4
7. Y YY7 Y
.
4
7
ii
e. 4

eY.  
4Y4
eY4
eie.iiYi.Y
eYY7i7Yie i
.7.

.7.7. 
 44ie74ei .Ye
7
7.
 e4Y4
7
YY
4Yei
 4Y7i. 44eeYi4..iYe.

774 Ye

44e.4
e
i

i. 44eeYi4..iY7i. 44eeYi4..iYee
4i.  i. ei.e  YieY474e7e7YeiiY.Y .Y Y7

4i4Y7ii4i.  i. ei.e  YieY474e7e7YeiiY.Y .Y Y
74.i 
i.e7i7Yi7.  4i.  i. ei.e  YieY474e7e7YeiiY.Y .Y Y.i
ii. ei.e  YieY474e7e7YeiiY.  i7 4Y
4Y ii i7ieiYee.ii7 Y
Y
i
Y77
i
4.eY


7Y 47  
.ee
4i44
 
e
774
e
eYYe.
7Y ..e4iYi
Y
Yei
 Ye7i


7iYi.7e4 
44e
YY.4Y7.i.e7..Y.
i4 Ye
ei77
 . 

eY.Y47
4e 
Y7Y.
7.
Y7YiY7.
ei


4

 44
.7
 
4 
.Y .7eeYe.Y.4. 74Y iY7Y. i7ie
iY7

7

iYi
4Y4e7e
.i 
7i
4.e e i
YYi

i

YYi
.i4e e7i77Y
7

i
e
4
4eeiYYi
iY
7e
7.iiY
i 
i4 
47i


7
7Yi

i77

Y Yee e  e.i44i
Y4

. .

.Y
.

74YY.7
.e
4

i
i Yee e  e.i44Y
.4i.47 Y

 i Yee e  e.i444 Y.i7 
.
.
iYeYe.7ii
i i
i.4
.Y


i
4 

e

..i Yee e  e.i44Y77.4.  ee7  e.Yi.e4 4.i Yee e  e.i44Y77.4.  e7
..i Yee e  e.i44Y77.4.  ee  

4
4e....i Yee e  e.i44Y77.4.  ee. .
Y
ee.ee..i Yee e  e.i44Y77.4.  eeY7.Y..  .4e4eY
 
Yi47Ye
iiYe
Y44.
i 
ii
i  

4Y
7.
.i
4
 74 .44i
YY7
Y777.iiiY
Yi
4 
.i  YiYe
e i
YY4
ie
 
.i7e.
4

e47i4..44.i.
813
818
822
16
825
 . Y7e4Yi
Y47ee.i

7e 4
7. Y YY7 Y
.
4
7
ii
e. 4

eY.  
4Y4
eY4
eie.iiYi.Y
eYY7i7Yie i
.7.

.7.7. 
 44ie74ei .Ye
7
7.
 e4Y4
7
YY
4Yei
 4Y7i. 44eeYi4..iYe.

774 Ye

44e.4
e
i

i. 44eeYi4..iY7i. 44eeYi4..iYee
4i.  i. ei.e  YieY474e7e7YeiiY.Y .Y Y7

4i4Y7ii4i.  i. ei.e  YieY474e7e7YeiiY.Y .Y Y
74.i 
i.e7i7Yi7.  4i.  i. ei.e  YieY474e7e7YeiiY.Y .Y Y.i
ii. ei.e  YieY474e7e7YeiiY.  i7 4Y
4Y ii i7ieiYee.ii7 Y
Y
i
Y77
i
4.eY


7Y 47  
.ee
4i44
 
e
774
e
eYYe.
7Y ..e4iYi
Y
Yei
 Ye7i


7iYi.7e4 
44e
YY.4Y7.i.e7..Y.
i4 Ye
ei77
 . 

eY.Y47
4e 
Y7Y.
7.
Y7YiY7.
ei


4

 44
.7
 
4 
.Y .7eeYe.Y.4. 74Y iY7Y. i7ie
iY7

7

iYi
4Y4e7e
.i 
7i
4.e e i
YYi

i

YYi
.i4e e7i77Y
7

i
e
4
4eeiYYi
iY
7e
7.iiY
i 
i4 
47i


7
7Yi

i77

Y Yee e  e.i44i
Y4

. .

.Y
.

74YY.7
.e
4

i
i Yee e  e.i44Y
.4i.47 Y

 i Yee e  e.i444 Y.i7 
.
.
iYeYe.7ii
i i
i.4
.Y


i
4 

e

..i Yee e  e.i44Y77.4.  ee7  e.Yi.e4 4.i Yee e  e.i44Y77.4.  e7
..i Yee e  e.i44Y77.4.  ee  

4
4e....i Yee e  e.i44Y77.4.  ee. .
Y
ee.ee..i Yee e  e.i44Y77.4.  eeY7.Y..  .4e4eY
 
Yi47Ye
iiYe
Y44.
i 
ii
i  

4Y
7.
.i
4
 74 .44i
YY7
Y777.iiiY
Yi
4 
.i  YiYe
e i
YY4
ie
 
.i7ei744Y.

i.4
Y
Y
i 
i7Y
7ii7i4..44.i. 
e
 . Y7e4Yi
Y47ee.i

7e 4
7. Y YY7 Y
.
4
7
ii
e. 4

eY.  
4Y4
eY4
eie.iiYi.Y
eYY7i7Yie i
.7.

.7.7. 
 44ie74ei .Ye
7
7.
 e4Y4
7
YY
4Yei
 4Y7i. 44eeYi4..iYe.

774 Ye

44e.4
e
i

i. 44eeYi4..iY7i. 44eeYi4..iYee
4i.  i. ei.e  YieY474e7e7YeiiY.Y .Y Y7

4i4Y7ii4i.  i. ei.e  YieY474e7e7YeiiY.Y .Y Y
74.i 
i.e7i7Yi7.  4i.  i. ei.e  YieY474e7e7YeiiY.Y .Y Y.i
ii. ei.e  YieY474e7e7YeiiY.  i7 4Y
4Y ii i7ieiYee.ii7 Y
Y
i
Y77
i
4.eY


7Y 47  
.ee
4i44
 
e
774
e
eYYe.
7Y ..e4iYi
Y
Yei
 Ye7i


7iYi.7e4 
44e
YY.4Y7.i.e7..Y.
i4 Ye
ei77
 . 

eY.Y47
4e 
Y7Y.
7.
Y7YiY7.
ei


4

 44
.7
 
4 
.Y .7eeYe.Y.4. 74Y iY7Y. i7ie
iY7

7

iYi
4Y4e7e
.i 
7i
4.e e i
YYi

i

YYi
.i4e e7i77Y
7

i
e
4
4eeiYYi
iY
7e
7.iiY
i 
i4 
47i


7
7Yi

i77

Y Yee e  e.i44i
Y4

. .

.Y
.

74YY.7
.e
4

i
i Yee e  e.i44Y
.4i.47 Y

 i Yee e  e.i444 Y.i7 
.
.
iYeYe.7ii
i i
i.4
.Y


i
4 

e

..i Yee e  e.i44Y77.4.  ee7  e.Yi.e4 4.i Yee e  e.i44Y77.4.  e7
..i Yee e  e.i44Y77.4.  ee  

4
4e....i Yee e  e.i44Y77.4.  ee. .
Y
ee.ee..i Yee e  e.i44Y77.4.  eeY7.Y..  .4e4eY
 
Yi47Ye
iiYe
Y44.
i 
ii
i  

4Y
7.
.i
4
 74 .44i
YY7
Y777.iiiY
Yi
4 
.i  YiYe
e i
YY4
ie
 
.i7ei744Y.

i.4
Y
Y
i 
i7Y4i Y  
ei7i4..44.i. 
e
 . Y7e4Yi
Y47ee.i

7e 4
7. Y YY7 Y
.
4
7
ii
e. 4

eY.  
4Y4
eY4
eie.iiYi.Y
eYY7i7Yie i
.7.

.7.7. 
 44ie74ei .Ye
7
7.
 e4Y4
7
YY
4Yei
 4Y7i. 44eeYi4..iYe.

774 Ye

44e.4
e
i

i. 44eeYi4..iY7i. 44eeYi4..iYee
4i.  i. ei.e  YieY474e7e7YeiiY.Y .Y Y7

4i4Y7ii4i.  i. ei.e  YieY474e7e7YeiiY.Y .Y Y
74.i 
i.e7i7Yi7.  4i.  i. ei.e  YieY474e7e7YeiiY.Y .Y Y.i
ii. ei.e  YieY474e7e7YeiiY.  i7 4Y
4Y ii i7ieiYee.ii7 Y
Y
i
Y77
i
4.eY


7Y 47  
.ee
4i44
 
e
774
e
eYYe.
7Y ..e4iYi
Y
Yei
 Ye7i


7iYi.7e4 
44e
YY.4Y7.i.e7..Y.
i4 Ye
ei77
 . 

eY.Y47
4e 
Y7Y.
7.
Y7YiY7.
ei


4

 44
.7
 
4 
.Y .7eeYe.Y.4. 74Y iY7Y. i7ie
iY7

7

iYi
4Y4e7e
.i 
7i
4.e e i
YYi

i

YYi
.i4e e7i77Y
7

i
e
4
4eeiYYi
iY
7e
7.iiY
i 
i4 
47i


7
7Yi

i77

Y Yee e  e.i44i
Y4

. .

.Y
.

74YY.7
.e
4

i
i Yee e  e.i44Y
.4i.47 Y

 i Yee e  e.i444 Y.i7 
.
.
iYeYe.7ii
i i
i.4
.Y


i
4 

e

..i Yee e  e.i44Y77.4.  ee7  e.Yi.e4 4.i Yee e  e.i44Y77.4.  e7
..i Yee e  e.i44Y77.4.  ee  

4
4e....i Yee e  e.i44Y77.4.  ee. .
Y
ee.ee..i Yee e  e.i44Y77.4.  eeY7.Y..  .4e4eY
 
Yi47Ye
iiYe
Y44.
i 
ii
i  

4Y
7.
.i
4
 74 .44i
YY7
Y777.iiiY
Yi
4 
.i  YiYe
e i
YY4
ie
 
.i7ei744Y.

i.4
Y
Y
i 
i7Y4i Y  
ei7i4..44.i. 
e
844
 . Y7e4Yi
Y47ee.i

7e 4
7. Y YY7 Y
.
4
7
ii
e. 4

eY.  
4Y4
eY4
eie.iiYi.Y
eYY7i7Yie i
.7.

.7.7. 
 44ie74ei .Ye
7
7.
 e4Y4
7
YY
4Yei
 4Y7i. 44eeYi4..iYe.

774 Ye

44e.4
e
i

i. 44eeYi4..iY7i. 44eeYi4..iYee
4i.  i. ei.e  YieY474e7e7YeiiY.Y .Y Y7

4i4Y7ii4i.  i. ei.e  YieY474e7e7YeiiY.Y .Y Y
74.i 
i.e7i7Yi7.  4i.  i. ei.e  YieY474e7e7YeiiY.Y .Y Y.i
ii. ei.e  YieY474e7e7YeiiY.  i7 4Y
4Y ii i7ieiYee.ii7 Y
Y
i
Y77
i
4.eY


7Y 47  
.ee
4i44
 
e
774
e
eYYe.
7Y ..e4iYi
Y
Yei
 Ye7i


7iYi.7e4 
44e
YY.4Y7.i.e7..Y.
i4 Ye
ei77
 . 

eY.Y47
4e 
Y7Y.
7.
Y7YiY7.
ei


4

 44
.7
 
4 
.Y .7eeYe.Y.4. 74Y iY7Y. i7ie
iY7

7

iYi
4Y4e7e
.i 
7i
4.e e i
YYi

i

YYi
.i4e e7i77Y
7

i
e
4
4eeiYYi
iY
7e
7.iiY
i 
i4 
47i


7
7Yi

i77

Y Yee e  e.i44i
Y4

. .

.Y
.

74YY.7
.e
4

i
i Yee e  e.i44Y
.4i.47 Y

 i Yee e  e.i444 Y.i7 
.
.
iYeYe.7ii
i i
i.4
.Y


i
4 

e

..i Yee e  e.i44Y77.4.  ee7  e.Yi.e4 4.i Yee e  e.i44Y77.4.  e7
..i Yee e  e.i44Y77.4.  ee  

4
4e....i Yee e  e.i44Y77.4.  ee. .
Y
ee.ee..i Yee e  e.i44Y77.4.  eeY7.Y..  .4e4eY
 
Yi47Ye
iiYe
Y44.
i 
ii
i  

4Y
7.
.i
4
 74 .44i
YY7
Y777.iiiY
Yi
4 
.i  YiYe
e i
YY4
ie
 
.i7ei744Y.

i.4
Y
Y
i 
i7Y4i Y  
ei7i4..4YY.Y47..
iee..i. 

 4
7

77. 4e 
 . Y7e4Yi
Y47ee.i

7e 4
7. Y YY7 Y
.
4
7
ii
e. 4

eY.  
4Y4
eY4
eie.iiYi.Y
eYY7i7Yie i
.7.

.7.7. 
 44ie74ei .Ye
7
7.
 e4Y4
7
YY
4Yei
 4Y7i. 44eeYi4..iYe.

774 Ye

44e.4
e
i

i. 44eeYi4..iY7i. 44eeYi4..iYee
4i.  i. ei.e  YieY474e7e7YeiiY.Y .Y Y7

4i4Y7ii4i.  i. ei.e  YieY474e7e7YeiiY.Y .Y Y
74.i 
i.e7i7Yi7.  4i.  i. ei.e  YieY474e7e7YeiiY.Y .Y Y.i
ii. ei.e  YieY474e7e7YeiiY.  i7 4Y
4Y ii i7ieiYee.ii7 Y
Y
i
Y77
i
4.eY


7Y 47  
.ee
4i44
 
e
774
e
eYYe.
7Y ..e4iYi
Y
Yei
 Ye7i


7iYi.7e4 
44e
YY.4Y7.i.e7..Y.
i4 Ye
ei77
 . 

eY.Y47
4e 
Y7Y.
7.
Y7YiY7.
ei


4

 44
.7
 
4 
.Y .7eeYe.Y.4. 74Y iY7Y. i7ie
iY7

7

iYi
4Y4e7e
.i 
7i
4.e e i
YYi

i

YYi
.i4e e7i77Y
7

i
e
4
4eeiYYi
iY
7e
7.iiY
i 
i4 
47i


7
7Yi

i77

Y Yee e  e.i44i
Y4

. .

.Y
.

74YY.7
.e
4

i
i Yee e  e.i44Y
.4i.47 Y

 i Yee e  e.i444 Y.i7 
.
.
iYeYe.7ii
i i
i.4
.Y


i
4 

e

..i Yee e  e.i44Y77.4.  ee7  e.Yi.e4 4.i Yee e  e.i44Y77.4.  e7
..i Yee e  e.i44Y77.4.  ee  

4
4e....i Yee e  e.i44Y77.4.  ee. .
Y
ee.ee..i Yee e  e.i44Y77.4.  eeY7.Y..  .4e4eY
 
Yi47Ye
iiYe
Y44.
i 
ii
i  

4Y
7.
.i
4
 74 .44i
YY7
Y777.iiiY
Yi
4 
.i  YiYe
e i
YY4
ie
 
.i7ei744Y.

i.4
Y
Y
i 
i7Y4i Y  
ei7i4..4YY.Y47..
iee..i. 

 4
7

77. 4Y

e
e 
858
3
 . Y7e4Yi
Y47ee.i

7e 4
7. Y YY7 Y
.
4
7
ii
e. 4

eY.  
4Y4
eY4
eie.iiYi.Y
eYY7i7Yie i
.7.

.7.7. 
 44ie74ei .Ye
7
7.
 e4Y4
7
YY
4Yei
 4Y7i. 44eeYi4..iYe.

774 Ye

44e.4
e
i

i. 44eeYi4..iY7i. 44eeYi4..iYee
4i.  i. ei.e  YieY474e7e7YeiiY.Y .Y Y7

4i4Y7ii4i.  i. ei.e  YieY474e7e7YeiiY.Y .Y Y
74.i 
i.e7i7Yi7.  4i.  i. ei.e  YieY474e7e7YeiiY.Y .Y Y.i
ii. ei.e  YieY474e7e7YeiiY.  i7 4Y
4Y ii i7ieiYee.ii7 Y
Y
i
Y77
i
4.eY


7Y 47  
.ee
4i44
 
e
774
e
eYYe.
7Y ..e4iYi
Y
Yei
 Ye7i


7iYi.7e4 
44e
YY.4Y7.i.e7..Y.
i4 Ye
ei77
 . 

eY.Y47
4e 
Y7Y.
7.
Y7YiY7.
ei


4

 44
.7
 
4 
.Y .7eeYe.Y.4. 74Y iY7Y. i7ie
iY7

7

iYi
4Y4e7e
.i 
7i
4.e e i
YYi

i

YYi
.i4e e7i77Y
7

i
e
4
4eeiYYi
iY
7e
7.iiY
i 
i4 
47i


7
7Yi

i77

Y Yee e  e.i44i
Y4

. .

.Y
.

74YY.7
.e
4

i
i Yee e  e.i44Y
.4i.47 Y

 i Yee e  e.i444 Y.i7 
.
.
iYeYe.7ii
i i
i.4
.Y


i
4 

e

..i Yee e  e.i44Y77.4.  ee7  e.Yi.e4 4.i Yee e  e.i44Y77.4.  e7
..i Yee e  e.i44Y77.4.  ee  

4
4e....i Yee e  e.i44Y77.4.  ee. .
Y
ee.ee..i Yee e  e.i44Y77.4.  eeY7.Y..  .4e4eY
 
Yi47Ye
iiYe
Y44.
i 
ii
i  

4Y
7.
.i
4
 74 .44i
YY7
Y777.iiiY
Yi
4 
.i  YiYe
e i
YY4
ie
 
.i7ei744Y.

i.4
Y
Y
i 
i7Y4i Y  
ei7i4..4YY.Y47..
iee..i. 

 4
7

77. 4Y

e

Ye4.. 7  e4 Yee  
 .Y.

i 
7

874
130
0
 . Y7e4Yi
Y47ee.i

7e 4
7. Y YY7 Y
.
4
7
ii
e. 4

eY.  
4Y4
eY4
eie.iiYi.Y
eYY7i7Yie i
.7.

.7.7. 
 44ie74ei .Ye
7
7.
 e4Y4
7
YY
4Yei
 4Y7i. 44eeYi4..iYe.

774 Ye

44e.4
e
i

i. 44eeYi4..iY7i. 44eeYi4..iYee
4i.  i. ei.e  YieY474e7e7YeiiY.Y .Y Y7

4i4Y7ii4i.  i. ei.e  YieY474e7e7YeiiY.Y .Y Y
74.i 
i.e7i7Yi7.  4i.  i. ei.e  YieY474e7e7YeiiY.Y .Y Y.i
ii. ei.e  YieY474e7e7YeiiY.  i7 4Y
4Y ii i7ieiYee.ii7 Y
Y
i
Y77
i
4.eY


7Y 47  
.ee
4i44
 
e
774
e
eYYe.
7Y ..e4iYi
Y
Yei
 Ye7i


7iYi.7e4 
44e
YY.4Y7.i.e7..Y.
i4 Ye
ei77
 . 

eY.Y47
4e 
Y7Y.
7.
Y7YiY7.
ei


4

 44
.7
 
4 
.Y .7eeYe.Y.4. 74Y iY7Y. i7ie
iY7

7

iYi
4Y4e7e
.i 
7i
4.e e i
YYi

i

YYi
.i4e e7i77Y
7

i
e
4
4eeiYYi
iY
7e
7.iiY
i 
i4 
47i


7
7Yi

i77

Y Yee e  e.i44i
Y4

. .

.Y
.

74YY.7
.e
4

i
i Yee e  e.i44Y
.4i.47 Y

 i Yee e  e.i444 Y.i7 
.
.
iYeYe.7ii
i i
i.4
.Y


i
4 

e

..i Yee e  e.i44Y77.4.  ee7  e.Yi.e4 4.i Yee e  e.i44Y77.4.  e7
..i Yee e  e.i44Y77.4.  ee  

4
4e....i Yee e  e.i44Y77.4.  ee. .
Y
ee.ee..i Yee e  e.i44Y77.4.  eeY7.Y..  .4e4eY
 
Yi47Ye
iiYe
Y44.
i 
ii
i  

4Y
7.
.i
4
 74 .44i
YY7
Y777.iiiY
Yi
4 
.i  YiYe
e i
YY4
ie
 
.i7ei744Y.

i.4
Y
Y
i 
i7Y4i Y  
ei7i4..4YY.Y47..
iee..i. 

 4
7

77. 4Y

e

Ye4.. 7  e4 Yee  
 .Y.

i 
7
iiY 7 
Y4Y
4i

iiee
 4e  
7 Yeeii4Y.Y
iei
 . Y7e4Yi
Y47ee.i

7e 4
7. Y YY7 Y
.
4
7
ii
e. 4

eY.  
4Y4
eY4
eie.iiYi.Y
eYY7i7Yie i
.7.

.7.7. 
 44ie74ei .Ye
7
7.
 e4Y4
7
YY
4Yei
 4Y7i. 44eeYi4..iYe.

774 Ye

44e.4
e
i

i. 44eeYi4..iY7i. 44eeYi4..iYee
4i.  i. ei.e  YieY474e7e7YeiiY.Y .Y Y7

4i4Y7ii4i.  i. ei.e  YieY474e7e7YeiiY.Y .Y Y
74.i 
i.e7i7Yi7.  4i.  i. ei.e  YieY474e7e7YeiiY.Y .Y Y.i
ii. ei.e  YieY474e7e7YeiiY.  i7 4Y
4Y ii i7ieiYee.ii7 Y
Y
i
Y77
i
4.eY


7Y 47  
.ee
4i44
 
e
774
e
eYYe.
7Y ..e4iYi
Y
Yei
 Ye7i


7iYi.7e4 
44e
YY.4Y7.i.e7..Y.
i4 Ye
ei77
 . 

eY.Y47
4e 
Y7Y.
7.
Y7YiY7.
ei


4

 44
.7
 
4 
.Y .7eeYe.Y.4. 74Y iY7Y. i7ie
iY7

7

iYi
4Y4e7e
.i 
7i
4.e e i
YYi

i

YYi
.i4e e7i77Y
7

i
e
4
4eeiYYi
iY
7e
7.iiY
i 
i4 
47i


7
7Yi

i77

Y Yee e  e.i44i
Y4

. .

.Y
.

74YY.7
.e
4

i
i Yee e  e.i44Y
.4i.47 Y

 i Yee e  e.i444 Y.i7 
.
.
iYeYe.7ii
i i
i.4
.Y


i
4 

e

..i Yee e  e.i44Y77.4.  ee7  e.Yi.e4 4.i Yee e  e.i44Y77.4.  e7
..i Yee e  e.i44Y77.4.  ee  

4
4e....i Yee e  e.i44Y77.4.  ee. .
Y
ee.ee..i Yee e  e.i44Y77.4.  eeY7.Y..  .4e4eY
 
Yi47Ye
iiYe
Y44.
i 
ii
i  

4Y
7.
.i
4
 74 .44i
YY7
Y777.iiiY
Yi
4 
.i  YiYe
e i
YY4
ie
 
.i7ei744Y.

i.4
Y
Y
i 
i7Y4i Y  
ei7i4..4YY.Y47..
iee..i. 

 4
7

77. 4Y

e

Ye4.. 7  e4 Yee  
 .Y.

i 
7
iiY 7 
Y4Y
4i

i4

eee
 4.e  
7 Yeeii4Y.Y
iei
 . Y7e4Yi
Y47ee.i

7e 4
7. Y YY7 Y
.
4
7
ii
e. 4

eY.  
4Y4
eY4
eie.iiYi.Y
eYY7i7Yie i
.7.

.7.7. 
 44ie74ei .Ye
7
7.
 e4Y4
7
YY
4Yei
 4Y7i. 44eeYi4..iYe.

774 Ye

44e.4
e
i

i. 44eeYi4..iY7i. 44eeYi4..iYee
4i.  i. ei.e  YieY474e7e7YeiiY.Y .Y Y7

4i4Y7ii4i.  i. ei.e  YieY474e7e7YeiiY.Y .Y Y
74.i 
i.e7i7Yi7.  4i.  i. ei.e  YieY474e7e7YeiiY.Y .Y Y.i
ii. ei.e  YieY474e7e7YeiiY.  i7 4Y
4Y ii i7ieiYee.ii7 Y
Y
i
Y77
i
4.eY


7Y 47  
.ee
4i44
 
e
774
e
eYYe.
7Y ..e4iYi
Y
Yei
 Ye7i


7iYi.7e4 
44e
YY.4Y7.i.e7..Y.
i4 Ye
ei77
 . 

eY.Y47
4e 
Y7Y.
7.
Y7YiY7.
ei


4

 44
.7
 
4 
.Y .7eeYe.Y.4. 74Y iY7Y. i7ie
iY7

7

iYi
4Y4e7e
.i 
7i
4.e e i
YYi

i

YYi
.i4e e7i77Y
7

i
e
4
4eeiYYi
iY
7e
7.iiY
i 
i4 
47i


7
7Yi

i77

Y Yee e  e.i44i
Y4

. .

.Y
.

74YY.7
.e
4

i
i Yee e  e.i44Y
.4i.47 Y

 i Yee e  e.i444 Y.i7 
.
.
iYeYe.7ii
i i
i.4
.Y


i
4 

e

..i Yee e  e.i44Y77.4.  ee7  e.Yi.e4 4.i Yee e  e.i44Y77.4.  e7
..i Yee e  e.i44Y77.4.  ee  

4
4e....i Yee e  e.i44Y77.4.  ee. .
Y
ee.ee..i Yee e  e.i44Y77.4.  eeY7.Y..  .4e4eY
 
Yi47Ye
iiYe
Y44.
i 
ii
i  

4Y
7.
.i
4
 74 .44i
YY7
Y777.iiiY
Yi
4 
.i  YiYe
e i
YY4
ie
 
.i7ei744Y.

i.4
Y
Y
i 
i7Y4i Y  
ei7i4..4YY.Y47..
iee..i. 

 4
7

77. 4Y

e

Ye4.. 7  e4 Yee  
 .Y.

i 
7
iiY 7 
Y4Y
4i

i4

eee
e
4e
iei4.  4..e  
7 Yeeii4Y.Y
iei
896
117
 . Y7e4Yi
Y47ee.i

7e 4
7. Y YY7 Y
.
4
7
ii
e. 4

eY.  
4Y4
eY4
eie.iiYi.Y
eYY7i7Yie i
.7.

.7.7. 
 44ie74ei .Ye
7
7.
 e4Y4
7
YY
4Yei
 4Y7i. 44eeYi4..iYe.

774 Ye

44e.4
e
i

i. 44eeYi4..iY7i. 44eeYi4..iYee
4i.  i. ei.e  YieY474e7e7YeiiY.Y .Y Y7

4i4Y7ii4i.  i. ei.e  YieY474e7e7YeiiY.Y .Y Y
74.i 
i.e7i7Yi7.  4i.  i. ei.e  YieY474e7e7YeiiY.Y .Y Y.i
ii. ei.e  YieY474e7e7YeiiY.  i7 4Y
4Y ii i7ieiYee.ii7 Y
Y
i
Y77
i
4.eY


7Y 47  
.ee
4i44
 
e
774
e
eYYe.
7Y ..e4iYi
Y
Yei
 Ye7i


7iYi.7e4 
44e
YY.4Y7.i.e7..Y.
i4 Ye
ei77
 . 

eY.Y47
4e 
Y7Y.
7.
Y7YiY7.
ei


4

 44
.7
 
4 
.Y .7eeYe.Y.4. 74Y iY7Y. i7ie
iY7

7

iYi
4Y4e7e
.i 
7i
4.e e i
YYi

i

YYi
.i4e e7i77Y
7

i
e
4
4eeiYYi
iY
7e
7.iiY
i 
i4 
47i


7
7Yi

i77

Y Yee e  e.i44i
Y4

. .

.Y
.

74YY.7
.e
4

i
i Yee e  e.i44Y
.4i.47 Y

 i Yee e  e.i444 Y.i7 
.
.
iYeYe.7ii
i i
i.4
.Y


i
4 

e

..i Yee e  e.i44Y77.4.  ee7  e.Yi.e4 4.i Yee e  e.i44Y77.4.  e7
..i Yee e  e.i44Y77.4.  ee  

4
4e....i Yee e  e.i44Y77.4.  ee. .
Y
ee.ee..i Yee e  e.i44Y77.4.  eeY7.Y..  .4e4eY
 
Yi47Ye
iiYe
Y44.
i 
ii
i  

4Y
7.
.i
4
 74 .44i
YY7
Y777.iiiY
Yi
4 
.i  YiYe
e i
YY4
ie
 
.i7ei744Y.

i.4
Y
Y
i 
i7Y4i Y  
ei7i4..4YY.Y47..
iee..i. 

 4
7

77. 4Y

e

Ye4.. 7  e4 Yee  
 .Y.

i 
7
iiY 7 
Y4Y
4i

i4

eeeY
4.7.YeYe iiYY44Y4e7 Yeeii4Y.Y
iei
14
 . Y7e4Yi
Y47ee.i

7e 4
7. Y YY7 Y
.
4
7
ii
e. 4

eY.  
4Y4
eY4
eie.iiYi.Y
eYY7i7Yie i
.7.

.7.7. 
 44ie74ei .Ye
7
7.
 e4Y4
7
YY
4Yei
 4Y7i. 44eeYi4..iYe.

774 Ye

44e.4
e
i

i. 44eeYi4..iY7i. 44eeYi4..iYee
4i.  i. ei.e  YieY474e7e7YeiiY.Y .Y Y7

4i4Y7ii4i.  i. ei.e  YieY474e7e7YeiiY.Y .Y Y
74.i 
i.e7i7Yi7.  4i.  i. ei.e  YieY474e7e7YeiiY.Y .Y Y.i
ii. ei.e  YieY474e7e7YeiiY.  i7 4Y
4Y ii i7ieiYee.ii7 Y
Y
i
Y77
i
4.eY


7Y 47  
.ee
4i44
 
e
774
e
eYYe.
7Y ..e4iYi
Y
Yei
 Ye7i


7iYi.7e4 
44e
YY.4Y7.i.e7..Y.
i4 Ye
ei77
 . 

eY.Y47
4e 
Y7Y.
7.
Y7YiY7.
ei


4

 44
.7
 
4 
.Y .7eeYe.Y.4. 74Y iY7Y. i7ie
iY7

7

iYi
4Y4e7e
.i 
7i
4.e e i
YYi

i

YYi
.i4e e7i77Y
7

i
e
4
4eeiYYi
iY
7e
7.iiY
i 
i4 
47i


7
7Yi

i77

Y Yee e  e.i44i
Y4

. .

.Y
.

74YY.7
.e
4

i
i Yee e  e.i44Y
.4i.47 Y

 i Yee e  e.i444 Y.i7 
.
.
iYeYe.7ii
i i
i.4
.Y


i
4 

e

..i Yee e  e.i44Y77.4.  ee7  e.Yi.e4 4.i Yee e  e.i44Y77.4.  e7
..i Yee e  e.i44Y77.4.  ee  

4
4e....i Yee e  e.i44Y77.4.  ee. .
Y
ee.ee..i Yee e  e.i44Y77.4.  eeY7.Y..  .4e4eY
 
Yi47Ye
iiYe
Y44.
i 
ii
i  

4Y
7.
.i
4
 74 .44i
YY7
Y777.iiiY
Yi
4 
.i  YiYe
e i
YY4
ie
 
.i7ei744Y.

i.4
Y
Y
i 
i7Y4i Y  
ei7i4..4YY.Y47..
iee..i. 

 4
7

77. 4Y

e

Ye4.. 7  e4 Yee  
 .Y.

i 
7
iiY 7 
Y4Y
4i

i4

eeeY
4e4e.7.YeYe74Y4e7 Yeeii4Y.Y
 .7.7.YeYe iiYY44Y4e7 Yeeii4Y.Y
iei
183
969
970
 . Y7e4Yi
Y47ee.i

7e 4
7. Y YY7 Y
.
4
7
ii
e. 4

eY.  
4Y4
eY4
eie.iiYi.Y
eYY7i7Yie i
.7.

.7.7. 
 44ie74ei .Ye
7
7.
 e4Y4
7
YY
4Yei
 4Y7i. 44eeYi4..iYe.

774 Ye

44e.4
e
i

i. 44eeYi4..iY7i. 44eeYi4..iYee
4i.  i. ei.e  YieY474e7e7YeiiY.Y .Y Y7

4i4Y7ii4i.  i. ei.e  YieY474e7e7YeiiY.Y .Y Y
74.i 
i.e7i7Yi7.  4i.  i. ei.e  YieY474e7e7YeiiY.Y .Y Y.i
ii. ei.e  YieY474e7e7YeiiY.  i7 4Y
4Y ii i7ieiYee.ii7 Y
Y
i
Y77
i
4.eY


7Y 47  
.ee
4i44
 
e
774
e
eYYe.
7Y ..e4iYi
Y
Yei
 Ye7i


7iYi.7e4 
44e
YY.4Y7.i.e7..Y.
i4 Ye
ei77
 . 

eY.Y47
4e 
Y7Y.
7.
Y7YiY7.
ei


4

 44
.7
 
4 
.Y .7eeYe.Y.4. 74Y iY7Y. i7ie
iY7

7

iYi
4Y4e7e
.i 
7i
4.e e i
YYi

i

YYi
.i4e e7i77Y
7

i
e
4
4eeiYYi
iY
7e
7.iiY
i 
i4 
47i


7
7Yi

i77

Y Yee e  e.i44i
Y4

. .

.Y
.

74YY.7
.e
4

i
i Yee e  e.i44Y
.4i.47 Y

 i Yee e  e.i444 Y.i7 
.
.
iYeYe.7ii
i i
i.4
.Y


i
4 

e

..i Yee e  e.i44Y77.4.  ee7  e.Yi.e4 4.i Yee e  e.i44Y77.4.  e7
..i Yee e  e.i44Y77.4.  ee  

4
4e....i Yee e  e.i44Y77.4.  ee. .
Y
ee.ee..i Yee e  e.i44Y77.4.  eeY7.Y..  .4e4eY
 
Yi47Ye
iiYe
Y44.
i 
ii
i  

4Y
7.
.i
4
 74 .44i
YY7
Y777.iiiY
Yi
4 
.i  YiYe
e i
YY4
ie
 
.i7ei744Y.

i.4
Y
Y
i 
i7Y4i Y  
ei7i4..4YY.Y47..
iee..i. 

 4
7

77. 4Y

e

Ye4.. 7  e4 Yee  
 .Y.

i 
7
iiY 7 
Y4Y
4i

i4

eeeY
4e4e.7.YeYe74Y4e7 Yeeii4Y.Y
 ..7.7.YeYe iiYY44Y4e7 Yeeii4Y.Y
Yiii ee 7
 . Y7e4Yi
Y47ee.i

7e 4
7. Y YY7 Y
.
4
7
ii
e. 4

eY.  
4Y4
eY4
eie.iiYi.Y
eYY7i7Yie i
.7.

.7.7. 
 44ie74ei .Ye
7
7.
 e4Y4
7
YY
4Yei
 4Y7i. 44eeYi4..iYe.

774 Ye

44e.4
e
i

i. 44eeYi4..iY7i. 44eeYi4..iYee
4i.  i. ei.e  YieY474e7e7YeiiY.Y .Y Y7

4i4Y7ii4i.  i. ei.e  YieY474e7e7YeiiY.Y .Y Y
74.i 
i.e7i7Yi7.  4i.  i. ei.e  YieY474e7e7YeiiY.Y .Y Y.i
ii. ei.e  YieY474e7e7YeiiY.  i7 4Y
4Y ii i7ieiYee.ii7 Y
Y
i
Y77
i
4.eY


7Y 47  
.ee
4i44
 
e
774
e
eYYe.
7Y ..e4iYi
Y
Yei
 Ye7i


7iYi.7e4 
44e
YY.4Y7.i.e7..Y.
i4 Ye
ei77
 . 

eY.Y47
4e 
Y7Y.
7.
Y7YiY7.
ei


4

 44
.7
 
4 
.Y .7eeYe.Y.4. 74Y iY7Y. i7ie
iY7

7

iYi
4Y4e7e
.i 
7i
4.e e i
YYi

i

YYi
.i4e e7i77Y
7

i
e
4
4eeiYYi
iY
7e
7.iiY
i 
i4 
47i


7
7Yi

i77

Y Yee e  e.i44i
Y4

. .

.Y
.

74YY.7
.e
4

i
i Yee e  e.i44Y
.4i.47 Y

 i Yee e  e.i444 Y.i7 
.
.
iYeYe.7ii
i i
i.4
.Y


i
4 

e

..i Yee e  e.i44Y77.4.  ee7  e.Yi.e4 4.i Yee e  e.i44Y77.4.  e7
..i Yee e  e.i44Y77.4.  ee  

4
4e....i Yee e  e.i44Y77.4.  ee. .
Y
ee.ee..i Yee e  e.i44Y77.4.  eeY7.Y..  .4e4eY
 
Yi47Ye
iiYe
Y44.
i 
ii
i  

4Y
7.
.i
4
 74 .44i
YY7
Y777.iiiY
Yi
4 
.i  YiYe
e i
YY4
ie
 
.i7ei744Y.

i.4
Y
Y
i 
i7Y4i Y  
ei7i4..4YY.Y47..
iee..i. 

 4
7

77. 4Y

e

Ye4.. 7  e4 Yee  
 .Y.

i 
7
iiY 7 
Y4Y
4i

i4

eeeY
4e4e.7.YeYe74Y4e7 Yeeii4Y.Y
 ..7.7.YeYe iiYY44Y4e7 Yeeii4Y.Y

 e7Y 4
 . Y7e4Yi
Y47ee.i

7e 4
7. Y YY7 Y
.
4
7
ii
e. 4

eY.  
4Y4
eY4
eie.iiYi.Y
eYY7i7Yie i
.7.

.7.7. 
 44ie74ei .Ye
7
7.
 e4Y4
7
YY
4Yei
 4Y7i. 44eeYi4..iYe.

774 Ye

44e.4
e
i

i. 44eeYi4..iY7i. 44eeYi4..iYee
4i.  i. ei.e  YieY474e7e7YeiiY.Y .Y Y7

4i4Y7ii4i.  i. ei.e  YieY474e7e7YeiiY.Y .Y Y
74.i 
i.e7i7Yi7.  4i.  i. ei.e  YieY474e7e7YeiiY.Y .Y Y.i
ii. ei.e  YieY474e7e7YeiiY.  i7 4Y
4Y ii i7ieiYee.ii7 Y
Y
i
Y77
i
4.eY


7Y 47  
.ee
4i44
 
e
774
e
eYYe.
7Y ..e4iYi
Y
Yei
 Ye7i


7iYi.7e4 
44e
YY.4Y7.i.e7..Y.
i4 Ye
ei77
 . 

eY.Y47
4e 
Y7Y.
7.
Y7YiY7.
ei


4

 44
.7
 
4 
.Y .7eeYe.Y.4. 74Y iY7Y. i7ie
iY7

7

iYi
4Y4e7e
.i 
7i
4.e e i
YYi

i

YYi
.i4e e7i77Y
7

i
e
4
4eeiYYi
iY
7e
7.iiY
i 
i4 
47i


7
7Yi

i77

Y Yee e  e.i44i
Y4

. .

.Y
.

74YY.7
.e
4

i
i Yee e  e.i44Y
.4i.47 Y

 i Yee e  e.i444 Y.i7 
.
.
iYeYe.7ii
i i
i.4
.Y


i
4 

e

..i Yee e  e.i44Y77.4.  ee7  e.Yi.e4 4.i Yee e  e.i44Y77.4.  e7
..i Yee e  e.i44Y77.4.  ee  

4
4e....i Yee e  e.i44Y77.4.  ee. .
Y
ee.ee..i Yee e  e.i44Y77.4.  eeY7.Y..  .4e4eY
 
Yi47Ye
iiYe
Y44.
i 
ii
i  

4Y
7.
.i
4
 74 .44i
YY7
Y777.iiiY
Yi
4 
.i  YiYe
e i
YY4
ie
 
.i7ei744Y.

i.4
Y
Y
i 
i7Y4i Y  
ei7i4..4YY.Y47..
iee..i. 

 4
7

77. 4Y

e

Ye4.. 7  e4 Yee  
 .Y.

i 
7
iiY 7 
Y4Y
4i

i4

eeeY
4e4e.7.YeYe74Y4e7 Yeeii4Y.Y
 Yiii ee 7ii
 e74Y 4
 . Y7e4Yi
Y47ee.i

7e 4
7. Y YY7 Y
.
4
7
ii
e. 4

eY.  
4Y4
eY4
eie.iiYi.Y
eYY7i7Yie i
.7.

.7.7. 
 44ie74ei .Ye
7
7.
 e4Y4
7
YY
4Yei
 4Y7i. 44eeYi4..iYe.

774 Ye

44e.4
e
i

i. 44eeYi4..iY7i. 44eeYi4..iYee
4i.  i. ei.e  YieY474e7e7YeiiY.Y .Y Y7

4i4Y7ii4i.  i. ei.e  YieY474e7e7YeiiY.Y .Y Y
74.i 
i.e7i7Yi7.  4i.  i. ei.e  YieY474e7e7YeiiY.Y .Y Y.i
ii. ei.e  YieY474e7e7YeiiY.  i7 4Y
4Y ii i7ieiYee.ii7 Y
Y
i
Y77
i
4.eY


7Y 47  
.ee
4i44
 
e
774
e
eYYe.
7Y ..e4iYi
Y
Yei
 Ye7i


7iYi.7e4 
44e
YY.4Y7.i.e7..Y.
i4 Ye
ei77
 . 

eY.Y47
4e 
Y7Y.
7.
Y7YiY7.
ei


4

 44
.7
 
4 
.Y .7eeYe.Y.4. 74Y iY7Y. i7ie
iY7

7

iYi
4Y4e7e
.i 
7i
4.e e i
YYi

i

YYi
.i4e e7i77Y
7

i
e
4
4eeiYYi
iY
7e
7.iiY
i 
i4 
47i


7
7Yi

i77

Y Yee e  e.i44i
Y4

. .

.Y
.

74YY.7
.e
4

i
i Yee e  e.i44Y
.4i.47 Y

 i Yee e  e.i444 Y.i7 
.
.
iYeYe.7ii
i i
i.4
.Y


i
4 

e

..i Yee e  e.i44Y77.4.  ee7  e.Yi.e4 4.i Yee e  e.i44Y77.4.  e7
..i Yee e  e.i44Y77.4.  ee  

4
4e....i Yee e  e.i44Y77.4.  ee. .
Y
ee.ee..i Yee e  e.i44Y77.4.  eeY7.Y..  .4e4eY
 
Yi47Ye
iiYe
Y44.
i 
ii
i  

4Y
7.
.i
4
 74 .44i
YY7
Y777.iiiY
Yi
4 
.i  YiYe
e i
YY4
ie
 
.i7ei744Y.

i.4
Y
Y
i 
i7Y4i Y  
ei7i4..4YY.Y47..
iee..i. 

 4
7

77. 4Y

e

Ye4.. 7  e4 Yee  
 .Y.

i 
7
iiY 7 
Y4Y
4i

i4

eeeY
4e4e.7.YeYe74Y4e7 Yeeii4Y.Y
 Y.e7i ee 7ii
 e74Y 4
 . Y7e4Yi
Y47ee.i

7e 4
7. Y YY7 Y
.
4
7
ii
e. 4

eY.  
4Y4
eY4
eie.iiYi.Y
eYY7i7Yie i
.7.

.7.7. 
 44ie74ei .Ye
7
7.
 e4Y4
7
YY
4Yei
 4Y7i. 44eeYi4..iYe.

774 Ye

44e.4
e
i

i. 44eeYi4..iY7i. 44eeYi4..iYee
4i.  i. ei.e  YieY474e7e7YeiiY.Y .Y Y7

4i4Y7ii4i.  i. ei.e  YieY474e7e7YeiiY.Y .Y Y
74.i 
i.e7i7Yi7.  4i.  i. ei.e  YieY474e7e7YeiiY.Y .Y Y.i
ii. ei.e  YieY474e7e7YeiiY.  i7 4Y
4Y ii i7ieiYee.ii7 Y
Y
i
Y77
i
4.eY


7Y 47  
.ee
4i44
 
e
774
e
eYYe.
7Y ..e4iYi
Y
Yei
 Ye7i


7iYi.7e4 
44e
YY.4Y7.i.e7..Y.
i4 Ye
ei77
 . 

eY.Y47
4e 
Y7Y.
7.
Y7YiY7.
ei


4

 44
.7
 
4 
.Y .7eeYe.Y.4. 74Y iY7Y. i7ie
iY7

7

iYi
4Y4e7e
.i 
7i
4.e e i
YYi

i

YYi
.i4e e7i77Y
7

i
e
4
4eeiYYi
iY
7e
7.iiY
i 
i4 
47i


7
7Yi

i77

Y Yee e  e.i44i
Y4

. .

.Y
.

74YY.7
.e
4

i
i Yee e  e.i44Y
.4i.47 Y

 i Yee e  e.i444 Y.i7 
.
.
iYeYe.7ii
i i
i.4
.Y


i
4 

e

..i Yee e  e.i44Y77.4.  ee7  e.Yi.e4 4.i Yee e  e.i44Y77.4.  e7
..i Yee e  e.i44Y77.4.  ee  

4
4e....i Yee e  e.i44Y77.4.  ee. .
Y
ee.ee..i Yee e  e.i44Y77.4.  eeY7.Y..  .4e4eY
 
Yi47Ye
iiYe
Y44.
i 
ii
i  

4Y
7.
.i
4
 74 .44i
YY7
Y777.iiiY
Yi
4 
.i  YiYe
e i
YY4
ie
 
.i7ei744Y.

i.4
Y
Y
i 
i7Y4i Y  
ei7i4..4YY.Y47..
iee..i. 

 4
7

77. 4Y

e

Ye4.. 7  e4 Yee  
 .Y.

i 
7
iiY 7 
Y4Y
4i

i4

eeeY
4e4e.7.YeYe74Y4e7 Yeeii4Y.Y
 Y.e7eY ee 7ii
 e74Y 4
 . Y7e4Yi
Y47ee.i

7e 4
7. Y YY7 Y
.
4
7
ii
e. 4

eY.  
4Y4
eY4
eie.iiYi.Y
eYY7i7Yie i
.7.

.7.7. 
 44ie74ei .Ye
7
7.
 e4Y4
7
YY
4Yei
 4Y7i. 44eeYi4..iYe.

774 Ye

44e.4
e
i

i. 44eeYi4..iY7i. 44eeYi4..iYee
4i.  i. ei.e  YieY474e7e7YeiiY.Y .Y Y7

4i4Y7ii4i.  i. ei.e  YieY474e7e7YeiiY.Y .Y Y
74.i 
i.e7i7Yi7.  4i.  i. ei.e  YieY474e7e7YeiiY.Y .Y Y.i
ii. ei.e  YieY474e7e7YeiiY.  i7 4Y
4Y ii i7ieiYee.ii7 Y
Y
i
Y77
i
4.eY


7Y 47  
.ee
4i44
 
e
774
e
eYYe.
7Y ..e4iYi
Y
Yei
 Ye7i


7iYi.7e4 
44e
YY.4Y7.i.e7..Y.
i4 Ye
ei77
 . 

eY.Y47
4e 
Y7Y.
7.
Y7YiY7.
ei


4

 44
.7
 
4 
.Y .7eeYe.Y.4. 74Y iY7Y. i7ie
iY7

7

iYi
4Y4e7e
.i 
7i
4.e e i
YYi

i

YYi
.i4e e7i77Y
7

i
e
4
4eeiYYi
iY
7e
7.iiY
i 
i4 
47i


7
7Yi

i77

Y Yee e  e.i44i
Y4

. .

.Y
.

74YY.7
.e
4

i
i Yee e  e.i44Y
.4i.47 Y

 i Yee e  e.i444 Y.i7 
.
.
iYeYe.7ii
i i
i.4
.Y


i
4 

e

..i Yee e  e.i44Y77.4.  ee7  e.Yi.e4 4.i Yee e  e.i44Y77.4.  e7
..i Yee e  e.i44Y77.4.  ee  

4
4e....i Yee e  e.i44Y77.4.  ee. .
Y
ee.ee..i Yee e  e.i44Y77.4.  eeY7.Y..  .4e4eY
 
Yi47Ye
iiYe
Y44.
i 
ii
i  

4Y
7.
.i
4
 74 .44i
YY7
Y777.iiiY
Yi
4 
.i  YiYe
e i
YY4
ie
 
.i7ei744Y.

i.4
Y
Y
i 
i7Y4i Y  
ei7i4..4YY.Y47..
iee..i. 

 4
7

77. 4Y

e

Ye4.. 7  e4 Yee  
 .Y.

i 
7
iiY 7 
Y4Y
4i

i4

eeeY
4e4e.7.YeYe74Y4e7 Yeeii4Y.Y
 Y Y.e7eYeee 7ii
 e74Y 744Y
939
 . Y7e4Yi
Y47ee.i

7e 4
7. Y YY7 Y
.
4
7
ii
e. 4

eY.  
4Y4
eY4
eie.iiYi.Y
eYY7i7Yie i
.7.

.7.7. 
 44ie74ei .Ye
7
7.
 e4Y4
7
YY
4Yei
 4Y7i. 44eeYi4..iYe.

774 Ye

44e.4
e
i

i. 44eeYi4..iY7i. 44eeYi4..iYee
4i.  i. ei.e  YieY474e7e7YeiiY.Y .Y Y7

4i4Y7ii4i.  i. ei.e  YieY474e7e7YeiiY.Y .Y Y
74.i 
i.e7i7Yi7.  4i.  i. ei.e  YieY474e7e7YeiiY.Y .Y Y.i
ii. ei.e  YieY474e7e7YeiiY.  i7 4Y
4Y ii i7ieiYee.ii7 Y
Y
i
Y77
i
4.eY


7Y 47  
.ee
4i44
 
e
774
e
eYYe.
7Y ..e4iYi
Y
Yei
 Ye7i


7iYi.7e4 
44e
YY.4Y7.i.e7..Y.
i4 Ye
ei77
 . 

eY.Y47
4e 
Y7Y.
7.
Y7YiY7.
ei


4

 44
.7
 
4 
.Y .7eeYe.Y.4. 74Y iY7Y. i7ie
iY7

7

iYi
4Y4e7e
.i 
7i
4.e e i
YYi

i

YYi
.i4e e7i77Y
7

i
e
4
4eeiYYi
iY
7e
7.iiY
i 
i4 
47i


7
7Yi

i77

Y Yee e  e.i44i
Y4

. .

.Y
.

74YY.7
.e
4

i
i Yee e  e.i44Y
.4i.47 Y

 i Yee e  e.i444 Y.i7 
.
.
iYeYe.7ii
i i
i.4
.Y


i
4 

e

..i Yee e  e.i44Y77.4.  ee7  e.Yi.e4 4.i Yee e  e.i44Y77.4.  e7
..i Yee e  e.i44Y77.4.  ee  

4
4e....i Yee e  e.i44Y77.4.  ee. .
Y
ee.ee..i Yee e  e.i44Y77.4.  eeY7.Y..  .4e4eY
 
Yi47Ye
iiYe
Y44.
i 
ii
i  

4Y
7.
.i
4
 74 .44i
YY7
Y777.iiiY
Yi
4 
.i  YiYe
e i
YY4
ie
 
.i7ei744Y.

i.4
Y
Y
i 
i7Y4i Y  
ei7i4..4YY.Y47..
iee..i. 

 4
7

77. 4Y

e

Ye4.. 7  e4 Yee  
 .Y.

i 
7
iiY 7 
Y4Y
4i

i4

eeeY
4e4e.7.YeYe74Y4e7 Yeeii4Y.Y
Yi
Y
i Yiii ee 7.4i
4Yiii ee 7i. .Y.e7eYeee 7ii
 e74Y 744Y
 . Y7e4Yi
Y47ee.i

7e 4
7. Y YY7 Y
.
4
7
ii
e. 4

eY.  
4Y4
eY4
eie.iiYi.Y
eYY7i7Yie i
.7.

.7.7. 
 44ie74ei .Ye
7
7.
 e4Y4
7
YY
4Yei
 4Y7i. 44eeYi4..iYe.

774 Ye

44e.4
e
i

i. 44eeYi4..iY7i. 44eeYi4..iYee
4i.  i. ei.e  YieY474e7e7YeiiY.Y .Y Y7

4i4Y7ii4i.  i. ei.e  YieY474e7e7YeiiY.Y .Y Y
74.i 
i.e7i7Yi7.  4i.  i. ei.e  YieY474e7e7YeiiY.Y .Y Y.i
ii. ei.e  YieY474e7e7YeiiY.  i7 4Y
4Y ii i7ieiYee.ii7 Y
Y
i
Y77
i
4.eY


7Y 47  
.ee
4i44
 
e
774
e
eYYe.
7Y ..e4iYi
Y
Yei
 Ye7i


7iYi.7e4 
44e
YY.4Y7.i.e7..Y.
i4 Ye
ei77
 . 

eY.Y47
4e 
Y7Y.
7.
Y7YiY7.
ei


4

 44
.7
 
4 
.Y .7eeYe.Y.4. 74Y iY7Y. i7ie
iY7

7

iYi
4Y4e7e
.i 
7i
4.e e i
YYi

i

YYi
.i4e e7i77Y
7

i
e
4
4eeiYYi
iY
7e
7.iiY
i 
i4 
47i


7
7Yi

i77

Y Yee e  e.i44i
Y4

. .

.Y
.

74YY.7
.e
4

i
i Yee e  e.i44Y
.4i.47 Y

 i Yee e  e.i444 Y.i7 
.
.
iYeYe.7ii
i i
i.4
.Y


i
4 

e

..i Yee e  e.i44Y77.4.  ee7  e.Yi.e4 4.i Yee e  e.i44Y77.4.  e7
..i Yee e  e.i44Y77.4.  ee  

4
4e....i Yee e  e.i44Y77.4.  ee. .
Y
ee.ee..i Yee e  e.i44Y77.4.  eeY7.Y..  .4e4eY
 
Yi47Ye
iiYe
Y44.
i 
ii
i  

4Y
7.
.i
4
 74 .44i
YY7
Y777.iiiY
Yi
4 
.i  YiYe
e i
YY4
ie
 
.i7ei744Y.

i.4
Y
Y
i 
i7Y4i Y  
ei7i4..4YY.Y47..
iee..i. 

 4
7

77. 4Y

e

Ye4.. 7  e4 Yee  
 .Y.

i 
7
iiY 7 
Y4Y
4i

i4

eeeY
4e4e.7.YeYe74Y4e7 Yeeii4Y.Y
Yi
Y
i Yiii ee 7.4i
4Yiii ee 7i. .
Y
Ye
7e74Y 744Y
 . Y7e4Yi
Y47ee.i

7e 4
7. Y YY7 Y
.
4
7
ii
e. 4

eY.  
4Y4
eY4
eie.iiYi.Y
eYY7i7Yie i
.7.

.7.7. 
 44ie74ei .Ye
7
7.
 e4Y4
7
YY
4Yei
 4Y7i. 44eeYi4..iYe.

774 Ye

44e.4
e
i

i. 44eeYi4..iY7i. 44eeYi4..iYee
4i.  i. ei.e  YieY474e7e7YeiiY.Y .Y Y7

4i4Y7ii4i.  i. ei.e  YieY474e7e7YeiiY.Y .Y Y
74.i 
i.e7i7Yi7.  4i.  i. ei.e  YieY474e7e7YeiiY.Y .Y Y.i
ii. ei.e  YieY474e7e7YeiiY.  i7 4Y
4Y ii i7ieiYee.ii7 Y
Y
i
Y77
i
4.eY


7Y 47  
.ee
4i44
 
e
774
e
eYYe.
7Y ..e4iYi
Y
Yei
 Ye7i


7iYi.7e4 
44e
YY.4Y7.i.e7..Y.
i4 Ye
ei77
 . 

eY.Y47
4e 
Y7Y.
7.
Y7YiY7.
ei


4

 44
.7
 
4 
.Y .7eeYe.Y.4. 74Y iY7Y. i7ie
iY7

7

iYi
4Y4e7e
.i 
7i
4.e e i
YYi

i

YYi
.i4e e7i77Y
7

i
e
4
4eeiYYi
iY
7e
7.iiY
i 
i4 
47i


7
7Yi

i77

Y Yee e  e.i44i
Y4

. .

.Y
.

74YY.7
.e
4

i
i Yee e  e.i44Y
.4i.47 Y

 i Yee e  e.i444 Y.i7 
.
.
iYeYe.7ii
i i
i.4
.Y


i
4 

e

..i Yee e  e.i44Y77.4.  ee7  e.Yi.e4 4.i Yee e  e.i44Y77.4.  e7
..i Yee e  e.i44Y77.4.  ee  

4
4e....i Yee e  e.i44Y77.4.  ee. .
Y
ee.ee..i Yee e  e.i44Y77.4.  eeY7.Y..  .4e4eY
 
Yi47Ye
iiYe
Y44.
i 
ii
i  

4Y
7.
.i
4
 74 .44i
YY7
Y777.iiiY
Yi
4 
.i  YiYe
e i
YY4
ie
 
.i7ei744Y.

i.4
Y
Y
i 
i7Y4i Y  
ei7i4..4YY.Y47..
iee..i. 

 4
7

77. 4Y

e

Ye4.. 7  e4 Yee  
 .Y.

i 
7
iiY 7 
Y4Y
4i

i4

eeeY
4e4e.7.YeYe74Y4e7 Yeeii4Y.Y
Yi
Y
i Yiii ee 7.4i
4Yiii ee 7i. .
Y
Ye 4.
.
74Y 744Y
 . Y7e4Yi
Y47ee.i

7e 4
7. Y YY7 Y
.
4
7
ii
e. 4

eY.  
4Y4
eY4
eie.iiYi.Y
eYY7i7Yie i
.7.

.7.7. 
 44ie74ei .Ye
7
7.
 e4Y4
7
YY
4Yei
 4Y7i. 44eeYi4..iYe.

774 Ye

44e.4
e
i

i. 44eeYi4..iY7i. 44eeYi4..iYee
4i.  i. ei.e  YieY474e7e7YeiiY.Y .Y Y7

4i4Y7ii4i.  i. ei.e  YieY474e7e7YeiiY.Y .Y Y
74.i 
i.e7i7Yi7.  4i.  i. ei.e  YieY474e7e7YeiiY.Y .Y Y.i
ii. ei.e  YieY474e7e7YeiiY.  i7 4Y
4Y ii i7ieiYee.ii7 Y
Y
i
Y77
i
4.eY


7Y 47  
.ee
4i44
 
e
774
e
eYYe.
7Y ..e4iYi
Y
Yei
 Ye7i


7iYi.7e4 
44e
YY.4Y7.i.e7..Y.
i4 Ye
ei77
 . 

eY.Y47
4e 
Y7Y.
7.
Y7YiY7.
ei


4

 44
.7
 
4 
.Y .7eeYe.Y.4. 74Y iY7Y. i7ie
iY7

7

iYi
4Y4e7e
.i 
7i
4.e e i
YYi

i

YYi
.i4e e7i77Y
7

i
e
4
4eeiYYi
iY
7e
7.iiY
i 
i4 
47i


7
7Yi

i77

Y Yee e  e.i44i
Y4

. .

.Y
.

74YY.7
.e
4

i
i Yee e  e.i44Y
.4i.47 Y

 i Yee e  e.i444 Y.i7 
.
.
iYeYe.7ii
i i
i.4
.Y


i
4 

e

..i Yee e  e.i44Y77.4.  ee7  e.Yi.e4 4.i Yee e  e.i44Y77.4.  e7
..i Yee e  e.i44Y77.4.  ee  

4
4e....i Yee e  e.i44Y77.4.  ee. .
Y
ee.ee..i Yee e  e.i44Y77.4.  eeY7.Y..  .4e4eY
 
Yi47Ye
iiYe
Y44.
i 
ii
i  

4Y
7.
.i
4
 74 .44i
YY7
Y777.iiiY
Yi
4 
.i  YiYe
e i
YY4
ie
 
.i7ei744Y.

i.4
Y
Y
i 
i7Y4i Y  
ei7i4..4YY.Y47..
iee..i. 

 4
7

77. 4Y

e

Ye4.. 7  e4 Yee  
 .Y.

i 
7
iiY 7 
Y4Y
4i

i4

eeeY
4e4e.7.YeYe74Y4e7 Yeeii4Y.Y
Yi
Y
i Yiii ee 7.4i
4Yiii ee 7i. .
Y
74Y 744Y
 . Y7e4Yi
Y47ee.i

7e 4
7. Y YY7 Y
.
4
7
ii
e. 4

eY.  
4Y4
eY4
eie.iiYi.Y
eYY7i7Yie i
.7.

.7.7. 
 44ie74ei .Ye
7
7.
 e4Y4
7
YY
4Yei
 4Y7i. 44eeYi4..iYe.

774 Ye

44e.4
e
i

i. 44eeYi4..iY7i. 44eeYi4..iYee
4i.  i. ei.e  YieY474e7e7YeiiY.Y .Y Y7

4i4Y7ii4i.  i. ei.e  YieY474e7e7YeiiY.Y .Y Y
74.i 
i.e7i7Yi7.  4i.  i. ei.e  YieY474e7e7YeiiY.Y .Y Y.i
ii. ei.e  YieY474e7e7YeiiY.  i7 4Y
4Y ii i7ieiYee.ii7 Y
Y
i
Y77
i
4.eY


7Y 47  
.ee
4i44
 
e
774
e
eYYe.
7Y ..e4iYi
Y
Yei
 Ye7i


7iYi.7e4 
44e
YY.4Y7.i.e7..Y.
i4 Ye
ei77
 . 

eY.Y47
4e 
Y7Y.
7.
Y7YiY7.
ei


4

 44
.7
 
4 
.Y .7eeYe.Y.4. 74Y iY7Y. i7ie
iY7

7

iYi
4Y4e7e
.i 
7i
4.e e i
YYi

i

YYi
.i4e e7i77Y
7

i
e
4
4eeiYYi
iY
7e
7.iiY
i 
i4 
47i


7
7Yi

i77

Y Yee e  e.i44i
Y4

. .

.Y
.

74YY.7
.e
4

i
i Yee e  e.i44Y
.4i.47 Y

 i Yee e  e.i444 Y.i7 
.
.
iYeYe.7ii
i i
i.4
.Y


i
4 

e

..i Yee e  e.i44Y77.4.  ee7  e.Yi.e4 4.i Yee e  e.i44Y77.4.  e7
..i Yee e  e.i44Y77.4.  ee  

4
4e....i Yee e  e.i44Y77.4.  ee. .
Y
ee.ee..i Yee e  e.i44Y77.4.  eeY7.Y..  .4e4eY
 
Yi47Ye
iiYe
Y44.
i 
ii
i  

4Y
7.
.i
4
 74 .44i
YY7
Y777.iiiY
Yi
4 
.i  YiYe
e i
YY4
ie
 
.i7ei744Y.

i.4
Y
Y
i 
i7Y4i Y  
ei7i4..4YY.Y47..
iee..i. 

 4
7

77. 4Y

e

Ye4.. 7  e4 Yee  
 .Y.

i 
7
iiY 7 
Y4Y
4i

i4

eeeY
4e4e.7.YeYe74Y4e7 Yeeii4Y.Y
Yi
Y
i Yiii ee 7.4i
4Yiii ee 7i. .
Y

74Y 744Y
944
160
950
946
 . Y7e4Yi
Y47ee.i

7e 4
7. Y YY7 Y
.
4
7
ii
e. 4

eY.  
4Y4
eY4
eie.iiYi.Y
eYY7i7Yie i
.7.

.7.7. 
 44ie74ei .Ye
7
7.
 e4Y4
7
YY
4Yei
 4Y7i. 44eeYi4..iYe.

774 Ye

44e.4
e
i

i. 44eeYi4..iY7i. 44eeYi4..iYee
4i.  i. ei.e  YieY474e7e7YeiiY.Y .Y Y7

4i4Y7ii4i.  i. ei.e  YieY474e7e7YeiiY.Y .Y Y
74.i 
i.e7i7Yi7.  4i.  i. ei.e  YieY474e7e7YeiiY.Y .Y Y.i
ii. ei.e  YieY474e7e7YeiiY.  i7 4Y
4Y ii i7ieiYee.ii7 Y
Y
i
Y77
i
4.eY


7Y 47  
.ee
4i44
 
e
774
e
eYYe.
7Y ..e4iYi
Y
Yei
 Ye7i


7iYi.7e4 
44e
YY.4Y7.i.e7..Y.
i4 Ye
ei77
 . 

eY.Y47
4e 
Y7Y.
7.
Y7YiY7.
ei


4

 44
.7
 
4 
.Y .7eeYe.Y.4. 74Y iY7Y. i7ie
iY7

7

iYi
4Y4e7e
.i 
7i
4.e e i
YYi

i

YYi
.i4e e7i77Y
7

i
e
4
4eeiYYi
iY
7e
7.iiY
i 
i4 
47i


7
7Yi

i77

Y Yee e  e.i44i
Y4

. .

.Y
.

74YY.7
.e
4

i
i Yee e  e.i44Y
.4i.47 Y

 i Yee e  e.i444 Y.i7 
.
.
iYeYe.7ii
i i
i.4
.Y


i
4 

e

..i Yee e  e.i44Y77.4.  ee7  e.Yi.e4 4.i Yee e  e.i44Y77.4.  e7
..i Yee e  e.i44Y77.4.  ee  

4
4e....i Yee e  e.i44Y77.4.  ee. .
Y
ee.ee..i Yee e  e.i44Y77.4.  eeY7.Y..  .4e4eY
 
Yi47Ye
iiYe
Y44.
i 
ii
i  

4Y
7.
.i
4
 74 .44i
YY7
Y777.iiiY
Yi
4 
.i  YiYe
e i
YY4
ie
 
.i7ei744Y.

i.4
Y
Y
i 
i7Y4i Y  
ei7i4..4YY.Y47..
iee..i. 

 4
7

77. 4Y

e

Ye4.. 7  e4 Yee  
 .Y.

i 
7
iiY 7 
Y4Y
4i

i4

eeeY
4e4e.7.YeYe74Y4e7 Yeeii4Y.Y
Yi
Y
i Yiii ee 7.4i
4Yiii ee 7i. .
Y
74Y747Y744Y. .iie
949
 . Y7e4Yi
Y47ee.i

7e 4
7. Y YY7 Y
.
4
7
ii
e. 4

eY.  
4Y4
eY4
eie.iiYi.Y
eYY7i7Yie i
.7.

.7.7. 
 44ie74ei .Ye
7
7.
 e4Y4
7
YY
4Yei
 4Y7i. 44eeYi4..iYe.

774 Ye

44e.4
e
i

i. 44eeYi4..iY7i. 44eeYi4..iYee
4i.  i. ei.e  YieY474e7e7YeiiY.Y .Y Y7

4i4Y7ii4i.  i. ei.e  YieY474e7e7YeiiY.Y .Y Y
74.i 
i.e7i7Yi7.  4i.  i. ei.e  YieY474e7e7YeiiY.Y .Y Y.i
ii. ei.e  YieY474e7e7YeiiY.  i7 4Y
4Y ii i7ieiYee.ii7 Y
Y
i
Y77
i
4.eY


7Y 47  
.ee
4i44
 
e
774
e
eYYe.
7Y ..e4iYi
Y
Yei
 Ye7i


7iYi.7e4 
44e
YY.4Y7.i.e7..Y.
i4 Ye
ei77
 . 

eY.Y47
4e 
Y7Y.
7.
Y7YiY7.
ei


4

 44
.7
 
4 
.Y .7eeYe.Y.4. 74Y iY7Y. i7ie
iY7

7

iYi
4Y4e7e
.i 
7i
4.e e i
YYi

i

YYi
.i4e e7i77Y
7

i
e
4
4eeiYYi
iY
7e
7.iiY
i 
i4 
47i


7
7Yi

i77

Y Yee e  e.i44i
Y4

. .

.Y
.

74YY.7
.e
4

i
i Yee e  e.i44Y
.4i.47 Y

 i Yee e  e.i444 Y.i7 
.
.
iYeYe.7ii
i i
i.4
.Y


i
4 

e

..i Yee e  e.i44Y77.4.  ee7  e.Yi.e4 4.i Yee e  e.i44Y77.4.  e7
..i Yee e  e.i44Y77.4.  ee  

4
4e....i Yee e  e.i44Y77.4.  ee. .
Y
ee.ee..i Yee e  e.i44Y77.4.  eeY7.Y..  .4e4eY
 
Yi47Ye
iiYe
Y44.
i 
ii
i  

4Y
7.
.i
4
 74 .44i
YY7
Y777.iiiY
Yi
4 
.i  YiYe
e i
YY4
ie
 
.i7ei744Y.

i.4
Y
Y
i 
i7Y4i Y  
ei7i4..4YY.Y47..
iee..i. 

 4
7

77. 4Y

e

Ye4.. 7  e4 Yee  
 .Y.

i 
7
iiY 7 
Y4Y
4i

i4

eeeY
4e4e.7.YeYe74Y4e7 Yeeii4Y.Y
Yi
Y
i Yiii ee 7.4i
4Yiii ee 7i. .
Y
747
Y
eY747Y744Y. .iie

5
 . Y7e4Yi
Y47ee.i

7e 4
7. Y YY7 Y
.
4
7
ii
e. 4

eY.  
4Y4
eY4
eie.iiYi.Y
eYY7i7Yie i
.7.

.7.7. 
 44ie74ei .Ye
7
7.
 e4Y4
7
YY
4Yei
 4Y7i. 44eeYi4..iYe.

774 Ye

44e.4
e
i

i. 44eeYi4..iY7i. 44eeYi4..iYee
4i.  i. ei.e  YieY474e7e7YeiiY.Y .Y Y7

4i4Y7ii4i.  i. ei.e  YieY474e7e7YeiiY.Y .Y Y
74.i 
i.e7i7Yi7.  4i.  i. ei.e  YieY474e7e7YeiiY.Y .Y Y.i
ii. ei.e  YieY474e7e7YeiiY.  i7 4Y
4Y ii i7ieiYee.ii7 Y
Y
i
Y77
i
4.eY


7Y 47  
.ee
4i44
 
e
774
e
eYYe.
7Y ..e4iYi
Y
Yei
 Ye7i


7iYi.7e4 
44e
YY.4Y7.i.e7..Y.
i4 Ye
ei77
 . 

eY.Y47
4e 
Y7Y.
7.
Y7YiY7.
ei


4

 44
.7
 
4 
.Y .7eeYe.Y.4. 74Y iY7Y. i7ie
iY7

7

iYi
4Y4e7e
.i 
7i
4.e e i
YYi

i

YYi
.i4e e7i77Y
7

i
e
4
4eeiYYi
iY
7e
7.iiY
i 
i4 
47i


7
7Yi

i77

Y Yee e  e.i44i
Y4

. .

.Y
.

74YY.7
.e
4

i
i Yee e  e.i44Y
.4i.47 Y

 i Yee e  e.i444 Y.i7 
.
.
iYeYe.7ii
i i
i.4
.Y


i
4 

e

..i Yee e  e.i44Y77.4.  ee7  e.Yi.e4 4.i Yee e  e.i44Y77.4.  e7
..i Yee e  e.i44Y77.4.  ee  

4
4e....i Yee e  e.i44Y77.4.  ee. .
Y
ee.ee..i Yee e  e.i44Y77.4.  eeY7.Y..  .4e4eY
 
Yi47Ye
iiYe
Y44.
i 
ii
i  

4Y
7.
.i
4
 74 .44i
YY7
Y777.iiiY
Yi
4 
.i  YiYe
e i
YY4
ie
 
.i7ei744Y.

i.4
Y
Y
i 
i7Y4i Y  
ei7i4..4YY.Y47..
iee..i. 

 4
7

77. 4Y

e

Ye4.. 7  e4 Yee  
 .Y.

i 
7
iiY 7 
Y4Y
4i

i4

eeeY
4e4e.7.YeYe74Y4e7 Yeeii4Y.Y
Yi
Y
i Yiii ee 7.4i
4Yiii ee 7i. .
Y
747
Y
 e4.Y747Y744Y..Y747Y744Y. .i 4

77
ie
eY747Y744Y. .iiee
Y


 . Y7e4Yi
Y47ee.i

7e 4
7. Y YY7 Y
.
4
7
ii
e. 4

eY.  
4Y4
eY4
eie.iiYi.Y
eYY7i7Yie i
.7.

.7.7. 
 44ie74ei .Ye
7
7.
 e4Y4
7
YY
4Yei
 4Y7i. 44eeYi4..iYe.

774 Ye

44e.4
e
i

i. 44eeYi4..iY7i. 44eeYi4..iYee
4i.  i. ei.e  YieY474e7e7YeiiY.Y .Y Y7

4i4Y7ii4i.  i. ei.e  YieY474e7e7YeiiY.Y .Y Y
74.i 
i.e7i7Yi7.  4i.  i. ei.e  YieY474e7e7YeiiY.Y .Y Y.i
ii. ei.e  YieY474e7e7YeiiY.  i7 4Y
4Y ii i7ieiYee.ii7 Y
Y
i
Y77
i
4.eY


7Y 47  
.ee
4i44
 
e
774
e
eYYe.
7Y ..e4iYi
Y
Yei
 Ye7i


7iYi.7e4 
44e
YY.4Y7.i.e7..Y.
i4 Ye
ei77
 . 

eY.Y47
4e 
Y7Y.
7.
Y7YiY7.
ei


4

 44
.7
 
4 
.Y .7eeYe.Y.4. 74Y iY7Y. i7ie
iY7

7

iYi
4Y4e7e
.i 
7i
4.e e i
YYi

i

YYi
.i4e e7i77Y
7

i
e
4
4eeiYYi
iY
7e
7.iiY
i 
i4 
47i


7
7Yi

i77

Y Yee e  e.i44i
Y4

. .

.Y
.

74YY.7
.e
4

i
i Yee e  e.i44Y
.4i.47 Y

 i Yee e  e.i444 Y.i7 
.
.
iYeYe.7ii
i i
i.4
.Y


i
4 

e

..i Yee e  e.i44Y77.4.  ee7  e.Yi.e4 4.i Yee e  e.i44Y77.4.  e7
..i Yee e  e.i44Y77.4.  ee  

4
4e....i Yee e  e.i44Y77.4.  ee. .
Y
ee.ee..i Yee e  e.i44Y77.4.  eeY7.Y..  .4e4eY
 
Yi47Ye
iiYe
Y44.
i 
ii
i  

4Y
7.
.i
4
 74 .44i
YY7
Y777.iiiY
Yi
4 
.i  YiYe
e i
YY4
ie
 
.i7ei744Y.

i.4
Y
Y
i 
i7Y4i Y  
ei7i4..4YY.Y47..
iee..i. 

 4
7

77. 4Y

e

Ye4.. 7  e4 Yee  
 .Y.

i 
7
iiY 7 
Y4Y
4i

i4

eeeY
4e4e.7.YeYe74Y4e7 Yeeii4Y.Y
Yi
Y
i Yiii ee 7.4i
4Yiii ee 7i. .
Y
747
Y
 e4.Y747Y744Y..Y747Y744Y. .i 4

77
ie
eY747Y744Y. .iiee
.4e7e i.
e4.Y747Y744Y..Y747Y744Y. .iieY.

2
 . Y7e4Yi
Y47ee.i

7e 4
7. Y YY7 Y
.
4
7
ii
e. 4

eY.  
4Y4
eY4
eie.iiYi.Y
eYY7i7Yie i
.7.

.7.7. 
 44ie74ei .Ye
7
7.
 e4Y4
7
YY
4Yei
 4Y7i. 44eeYi4..iYe.

774 Ye

44e.4
e
i

i. 44eeYi4..iY7i. 44eeYi4..iYee
4i.  i. ei.e  YieY474e7e7YeiiY.Y .Y Y7

4i4Y7ii4i.  i. ei.e  YieY474e7e7YeiiY.Y .Y Y
74.i 
i.e7i7Yi7.  4i.  i. ei.e  YieY474e7e7YeiiY.Y .Y Y.i
ii. ei.e  YieY474e7e7YeiiY.  i7 4Y
4Y ii i7ieiYee.ii7 Y
Y
i
Y77
i
4.eY


7Y 47  
.ee
4i44
 
e
774
e
eYYe.
7Y ..e4iYi
Y
Yei
 Ye7i


7iYi.7e4 
44e
YY.4Y7.i.e7..Y.
i4 Ye
ei77
 . 

eY.Y47
4e 
Y7Y.
7.
Y7YiY7.
ei


4

 44
.7
 
4 
.Y .7eeYe.Y.4. 74Y iY7Y. i7ie
iY7

7

iYi
4Y4e7e
.i 
7i
4.e e i
YYi

i

YYi
.i4e e7i77Y
7

i
e
4
4eeiYYi
iY
7e
7.iiY
i 
i4 
47i


7
7Yi

i77

Y Yee e  e.i44i
Y4

. .

.Y
.

74YY.7
.e
4

i
i Yee e  e.i44Y
.4i.47 Y

 i Yee e  e.i444 Y.i7 
.
.
iYeYe.7ii
i i
i.4
.Y


i
4 

e

..i Yee e  e.i44Y77.4.  ee7  e.Yi.e4 4.i Yee e  e.i44Y77.4.  e7
..i Yee e  e.i44Y77.4.  ee  

4
4e....i Yee e  e.i44Y77.4.  ee. .
Y
ee.ee..i Yee e  e.i44Y77.4.  eeY7.Y..  .4e4eY
 
Yi47Ye
iiYe
Y44.
i 
ii
i  

4Y
7.
.i
4
 74 .44i
YY7
Y777.iiiY
Yi
4 
.i  YiYe
e i
YY4
ie
 
.i7ei744Y.

i.4
Y
Y
i 
i7Y4i Y  
ei7i4..4YY.Y47..
iee..i. 

 4
7

77. 4Y

e

Ye4.. 7  e4 Yee  
 .Y.

i 
7
iiY 7 
Y4Y
4i

i4

eeeY
4e4e.7.YeYe74Y4e7 Yeeii4Y.Y
Yi
Y
i Yiii ee 7.4i
4Yiii ee 7i. .
Y
747
Y
 e4.Y747Y744Y..Y747Y744Y. .i 4

77
ie
eY747Y744Y. .iiee
.4e7e i.
4ii
  
 . Y7e4Yi
Y47ee.i

7e 4
7. Y YY7 Y
.
4
7
ii
e. 4

eY.  
4Y4
eY4
eie.iiYi.Y
eYY7i7Yie i
.7.

.7.7. 
 44ie74ei .Ye
7
7.
 e4Y4
7
YY
4Yei
 4Y7i. 44eeYi4..iYe.

774 Ye

44e.4
e
i

i. 44eeYi4..iY7i. 44eeYi4..iYee
4i.  i. ei.e  YieY474e7e7YeiiY.Y .Y Y7

4i4Y7ii4i.  i. ei.e  YieY474e7e7YeiiY.Y .Y Y
74.i 
i.e7i7Yi7.  4i.  i. ei.e  YieY474e7e7YeiiY.Y .Y Y.i
ii. ei.e  YieY474e7e7YeiiY.  i7 4Y
4Y ii i7ieiYee.ii7 Y
Y
i
Y77
i
4.eY


7Y 47  
.ee
4i44
 
e
774
e
eYYe.
7Y ..e4iYi
Y
Yei
 Ye7i


7iYi.7e4 
44e
YY.4Y7.i.e7..Y.
i4 Ye
ei77
 . 

eY.Y47
4e 
Y7Y.
7.
Y7YiY7.
ei


4

 44
.7
 
4 
.Y .7eeYe.Y.4. 74Y iY7Y. i7ie
iY7

7

iYi
4Y4e7e
.i 
7i
4.e e i
YYi

i

YYi
.i4e e7i77Y
7

i
e
4
4eeiYYi
iY
7e
7.iiY
i 
i4 
47i


7
7Yi

i77

Y Yee e  e.i44i
Y4

. .

.Y
.

74YY.7
.e
4

i
i Yee e  e.i44Y
.4i.47 Y

 i Yee e  e.i444 Y.i7 
.
.
iYeYe.7ii
i i
i.4
.Y


i
4 

e

..i Yee e  e.i44Y77.4.  ee7  e.Yi.e4 4.i Yee e  e.i44Y77.4.  e7
..i Yee e  e.i44Y77.4.  ee  

4
4e....i Yee e  e.i44Y77.4.  ee. .
Y
ee.ee..i Yee e  e.i44Y77.4.  eeY7.Y..  .4e4eY
 
Yi47Ye
iiYe
Y44.
i 
ii
i  

4Y
7.
.i
4
 74 .44i
YY7
Y777.iiiY
Yi
4 
.i  YiYe
e i
YY4
ie
 
.i7ei744Y.

i.4
Y
Y
i 
i7Y4i Y  
ei7i4..4YY.Y47..
iee..i. 

 4
7

77. 4Y

e

Ye4.. 7  e4 Yee  
 .Y.

i 
7
iiY 7 
Y4Y
4i

i4

eeeY
4e4e.7.YeYe74Y4e7 Yeeii4Y.Y
Yi
Y
i Yiii ee 7.4i
4Yiii ee 7i. .
Y
747
Y
 e4.Y747Y744Y..Y747Y744Y. .i 4

77
ie
eY747Y744Y. .iiee
.4e7.
ee

7Y e i.
4ii4  
i





1028
 . Y7e4Yi
Y47ee.i

7e 4
7. Y YY7 Y
.
4
7
ii
e. 4

eY.  
4Y4
eY4
eie.iiYi.Y
eYY7i7Yie i
.7.

.7.7. 
 44ie74ei .Ye
7
7.
 e4Y4
7
YY
4Yei
 4Y7i. 44eeYi4..iYe.

774 Ye

44e.4
e
i

i. 44eeYi4..iY7i. 44eeYi4..iYee
4i.  i. ei.e  YieY474e7e7YeiiY.Y .Y Y7

4i4Y7ii4i.  i. ei.e  YieY474e7e7YeiiY.Y .Y Y
74.i 
i.e7i7Yi7.  4i.  i. ei.e  YieY474e7e7YeiiY.Y .Y Y.i
ii. ei.e  YieY474e7e7YeiiY.  i7 4Y
4Y ii i7ieiYee.ii7 Y
Y
i
Y77
i
4.eY


7Y 47  
.ee
4i44
 
e
774
e
eYYe.
7Y ..e4iYi
Y
Yei
 Ye7i


7iYi.7e4 
44e
YY.4Y7.i.e7..Y.
i4 Ye
ei77
 . 

eY.Y47
4e 
Y7Y.
7.
Y7YiY7.
ei


4

 44
.7
 
4 
.Y .7eeYe.Y.4. 74Y iY7Y. i7ie
iY7

7

iYi
4Y4e7e
.i 
7i
4.e e i
YYi

i

YYi
.i4e e7i77Y
7

i
e
4
4eeiYYi
iY
7e
7.iiY
i 
i4 
47i


7
7Yi

i77

Y Yee e  e.i44i
Y4

. .

.Y
.

74YY.7
.e
4

i
i Yee e  e.i44Y
.4i.47 Y

 i Yee e  e.i444 Y.i7 
.
.
iYeYe.7ii
i i
i.4
.Y


i
4 

e

..i Yee e  e.i44Y77.4.  ee7  e.Yi.e4 4.i Yee e  e.i44Y77.4.  e7
..i Yee e  e.i44Y77.4.  ee  

4
4e....i Yee e  e.i44Y77.4.  ee. .
Y
ee.ee..i Yee e  e.i44Y77.4.  eeY7.Y..  .4e4eY
 
Yi47Ye
iiYe
Y44.
i 
ii
i  

4Y
7.
.i
4
 74 .44i
YY7
Y777.iiiY
Yi
4 
.i  YiYe
e i
YY4
ie
 
.i7ei744Y.

i.4
Y
Y
i 
i7Y4i Y  
ei7i4..4YY.Y47..
iee..i. 

 4
7

77. 4Y

e

Ye4.. 7  e4 Yee  
 .Y.

i 
7
iiY 7 
Y4Y
4i

i4

eeeY
4e4e.7.YeYe74Y4e7 Yeeii4Y.Y
Yi
Y
i Yiii ee 7.4i
4Yiii ee 7i. .
Y
747
Y
 e4.Y747Y744Y..Y747Y744Y. .i 4

77
ie
eY747Y744Y. .iiee
.4e7.
ee

7Y e i.
4ii4  
i




e4.Y747Y744Y..Y747Y744Y. .iie
i
Y
19
 . Y7e4Yi
Y47ee.i

7e 4
7. Y YY7 Y
.
4
7
ii
e. 4

eY.  
4Y4
eY4
eie.iiYi.Y
eYY7i7Yie i
.7.

.7.7. 
 44ie74ei .Ye
7
7.
 e4Y4
7
YY
4Yei
 4Y7i. 44eeYi4..iYe.

774 Ye

44e.4
e
i

i. 44eeYi4..iY7i. 44eeYi4..iYee
4i.  i. ei.e  YieY474e7e7YeiiY.Y .Y Y7

4i4Y7ii4i.  i. ei.e  YieY474e7e7YeiiY.Y .Y Y
74.i 
i.e7i7Yi7.  4i.  i. ei.e  YieY474e7e7YeiiY.Y .Y Y.i
ii. ei.e  YieY474e7e7YeiiY.  i7 4Y
4Y ii i7ieiYee.ii7 Y
Y
i
Y77
i
4.eY


7Y 47  
.ee
4i44
 
e
774
e
eYYe.
7Y ..e4iYi
Y
Yei
 Ye7i


7iYi.7e4 
44e
YY.4Y7.i.e7..Y.
i4 Ye
ei77
 . 

eY.Y47
4e 
Y7Y.
7.
Y7YiY7.
ei


4

 44
.7
 
4 
.Y .7eeYe.Y.4. 74Y iY7Y. i7ie
iY7

7

iYi
4Y4e7e
.i 
7i
4.e e i
YYi

i

YYi
.i4e e7i77Y
7

i
e
4
4eeiYYi
iY
7e
7.iiY
i 
i4 
47i


7
7Yi

i77

Y Yee e  e.i44i
Y4

. .

.Y
.

74YY.7
.e
4

i
i Yee e  e.i44Y
.4i.47 Y

 i Yee e  e.i444 Y.i7 
.
.
iYeYe.7ii
i i
i.4
.Y


i
4 

e

..i Yee e  e.i44Y77.4.  ee7  e.Yi.e4 4.i Yee e  e.i44Y77.4.  e7
..i Yee e  e.i44Y77.4.  ee  

4
4e....i Yee e  e.i44Y77.4.  ee. .
Y
ee.ee..i Yee e  e.i44Y77.4.  eeY7.Y..  .4e4eY
 
Yi47Ye
iiYe
Y44.
i 
ii
i  

4Y
7.
.i
4
 74 .44i
YY7
Y777.iiiY
Yi
4 
.i  YiYe
e i
YY4
ie
 
.i7ei744Y.

i.4
Y
Y
i 
i7Y4i Y  
ei7i4..4YY.Y47..
iee..i. 

 4
7

77. 4Y

e

Ye4.. 7  e4 Yee  
 .Y.

i 
7
iiY 7 
Y4Y
4i

i4

eeeY
4e4e.7.YeYe74Y4e7 Yeeii4Y.Y
Yi
Y
i Yiii ee 7.4i
4Yiii ee 7i. .
Y
747
Y
 e4.Y747Y744Y..Y747Y744Y. .i 4

77
ie
eY747Y744Y. .iiee
.4e7.
ee

7Y e i.
4ii4  
i




e4.Y747Y744Y..Y747Y744Y. .iie
i
Y
7. iYi 7i
4ee

 . Y7e4Yi
Y47ee.i

7e 4
7. Y YY7 Y
.
4
7
ii
e. 4

eY.  
4Y4
eY4
eie.iiYi.Y
eYY7i7Yie i
.7.

.7.7. 
 44ie74ei .Ye
7
7.
 e4Y4
7
YY
4Yei
 4Y7i. 44eeYi4..iYe.

774 Ye

44e.4
e
i

i. 44eeYi4..iY7i. 44eeYi4..iYee
4i.  i. ei.e  YieY474e7e7YeiiY.Y .Y Y7

4i4Y7ii4i.  i. ei.e  YieY474e7e7YeiiY.Y .Y Y
74.i 
i.e7i7Yi7.  4i.  i. ei.e  YieY474e7e7YeiiY.Y .Y Y.i
ii. ei.e  YieY474e7e7YeiiY.  i7 4Y
4Y ii i7ieiYee.ii7 Y
Y
i
Y77
i
4.eY


7Y 47  
.ee
4i44
 
e
774
e
eYYe.
7Y ..e4iYi
Y
Yei
 Ye7i


7iYi.7e4 
44e
YY.4Y7.i.e7..Y.
i4 Ye
ei77
 . 

eY.Y47
4e 
Y7Y.
7.
Y7YiY7.
ei


4

 44
.7
 
4 
.Y .7eeYe.Y.4. 74Y iY7Y. i7ie
iY7

7

iYi
4Y4e7e
.i 
7i
4.e e i
YYi

i

YYi
.i4e e7i77Y
7

i
e
4
4eeiYYi
iY
7e
7.iiY
i 
i4 
47i


7
7Yi

i77

Y Yee e  e.i44i
Y4

. .

.Y
.

74YY.7
.e
4

i
i Yee e  e.i44Y
.4i.47 Y

 i Yee e  e.i444 Y.i7 
.
.
iYeYe.7ii
i i
i.4
.Y


i
4 

e

..i Yee e  e.i44Y77.4.  ee7  e.Yi.e4 4.i Yee e  e.i44Y77.4.  e7
..i Yee e  e.i44Y77.4.  ee  

4
4e....i Yee e  e.i44Y77.4.  ee. .
Y
ee.ee..i Yee e  e.i44Y77.4.  eeY7.Y..  .4e4eY
 
Yi47Ye
iiYe
Y44.
i 
ii
i  

4Y
7.
.i
4
 74 .44i
YY7
Y777.iiiY
Yi
4 
.i  YiYe
e i
YY4
ie
 
.i7ei744Y.

i.4
Y
Y
i 
i7Y4i Y  
ei7i4..4YY.Y47..
iee..i. 

 4
7

77. 4Y

e

Ye4.. 7  e4 Yee  
 .Y.

i 
7
iiY 7 
Y4Y
4i

i4

eeeY
4e4e.7.YeYe74Y4e7 Yeeii4Y.Y
Yi
Y
i Yiii ee 7.4i
4Yiii ee 7i. .
Y
747
Y
 e4.Y747Y744Y..Y747Y744Y. .i 4

77
ie
eY747Y744Y. .iiee
.4e7.
ee

7Y e i.
4ii4  
i




e4.Y747Y744Y..Y747Y744Y. .iie
i
Y
7. iYi 7i
4eYYee

1042
19
5
19
1063
2
14
187
21
18
1064
 . Y7e4Yi
Y47ee.i

7e 4
7. Y YY7 Y
.
4
7
ii
e. 4

eY.  
4Y4
eY4
eie.iiYi.Y
eYY7i7Yie i
.7.

.7.7. 
 44ie74ei .Ye
7
7.
 e4Y4
7
YY
4Yei
 4Y7i. 44eeYi4..iYe.

774 Ye

44e.4
e
i

i. 44eeYi4..iY7i. 44eeYi4..iYee
4i.  i. ei.e  YieY474e7e7YeiiY.Y .Y Y7

4i4Y7ii4i.  i. ei.e  YieY474e7e7YeiiY.Y .Y Y
74.i 
i.e7i7Yi7.  4i.  i. ei.e  YieY474e7e7YeiiY.Y .Y Y.i
ii. ei.e  YieY474e7e7YeiiY.  i7 4Y
4Y ii i7ieiYee.ii7 Y
Y
i
Y77
i
4.eY


7Y 47  
.ee
4i44
 
e
774
e
eYYe.
7Y ..e4iYi
Y
Yei
 Ye7i


7iYi.7e4 
44e
YY.4Y7.i.e7..Y.
i4 Ye
ei77
 . 

eY.Y47
4e 
Y7Y.
7.
Y7YiY7.
ei


4

 44
.7
 
4 
.Y .7eeYe.Y.4. 74Y iY7Y. i7ie
iY7

7

iYi
4Y4e7e
.i 
7i
4.e e i
YYi

i

YYi
.i4e e7i77Y
7

i
e
4
4eeiYYi
iY
7e
7.iiY
i 
i4 
47i


7
7Yi

i77

Y Yee e  e.i44i
Y4

. .

.Y
.

74YY.7
.e
4

i
i Yee e  e.i44Y
.4i.47 Y

 i Yee e  e.i444 Y.i7 
.
.
iYeYe.7ii
i i
i.4
.Y


i
4 

e

..i Yee e  e.i44Y77.4.  ee7  e.Yi.e4 4.i Yee e  e.i44Y77.4.  e7
..i Yee e  e.i44Y77.4.  ee  

4
4e....i Yee e  e.i44Y77.4.  ee. .
Y
ee.ee..i Yee e  e.i44Y77.4.  eeY7.Y..  .4e4eY
 
Yi47Ye
iiYe
Y44.
i 
ii
i  

4Y
7.
.i
4
 74 .44i
YY7
Y777.iiiY
Yi
4 
.i  YiYe
e i
YY4
ie
 
.i7ei744Y.

i.4
Y
Y
i 
i7Y4i Y  
ei7i4..4YY.Y47..
iee..i. 

 4
7

77. 4Y

e

Ye4.. 7  e4 Yee  
 .Y.

i 
7
iiY 7 
Y4Y
4i

i4

eeeY
4e4e.7.YeYe74Y4e7 Yeeii4Y.Y
Yi
Y
i Yiii ee 7.4i
4Yiii ee 7i. .
Y
747
Y
 e4.Y747Y744Y..Y747Y744Y. .i 4

77
ie
eY747Y744Y. .iiee
.4e7.
ee

7Y e i.
4ii4  
i




e4.Y747Y744Y..Y747Y744Y. .iie
i
Y
7. iYi 7i
4e7


e
ie4i4.   . ee..44e
.44 7Yi. i i4Y44eYY.7Y7
